{"client_ip":"::1","level":"info","msg":"","req_method":"POST","req_uri":"/admin/findAll","status_code":401,"time":"2024-06-12 15:01:33"}
{"client_ip":"::1","level":"info","msg":"","req_method":"POST","req_uri":"/appointment/getdoctorschedule","status_code":200,"time":"2024-06-12 15:01:33"}
{"client_ip":"::1","level":"info","msg":"","req_method":"POST","req_uri":"/admin/findAll","status_code":401,"time":"2024-06-12 15:01:43"}
{"client_ip":"::1","level":"info","msg":"","req_method":"POST","req_uri":"/appointment/getdoctorschedule","status_code":200,"time":"2024-06-12 15:01:43"}
{"client_ip":"::1","level":"info","msg":"","req_method":"POST","req_uri":"/admin/findAll","status_code":401,"time":"2024-06-12 15:02:24"}
{"client_ip":"::1","level":"info","msg":"","req_method":"POST","req_uri":"/appointment/getdoctorschedule","status_code":200,"time":"2024-06-12 15:02:24"}
{"client_ip":"::1","level":"info","msg":"","req_method":"POST","req_uri":"/admin/findAll","status_code":200,"time":"2024-06-12 15:03:10"}
{"client_ip":"::1","level":"info","msg":"","req_method":"POST","req_uri":"/appointment/getdoctorschedule","status_code":200,"time":"2024-06-12 15:03:10"}
{"client_ip":"::1","level":"info","msg":"","req_method":"POST","req_uri":"/admin/register","status_code":200,"time":"2024-06-12 15:03:30"}
{"client_ip":"::1","level":"info","msg":"","req_method":"POST","req_uri":"/admin/schedule/getdoctorschedule","status_code":200,"time":"2024-06-12 15:03:35"}
{"client_ip":"::1","level":"info","msg":"","req_method":"GET","req_uri":"/admin/schedule/intelligentScheduling","status_code":200,"time":"2024-06-12 15:03:39"}
{"client_ip":"::1","level":"info","msg":"","req_method":"POST","req_uri":"/admin/schedule/finfdoctorschedule","status_code":200,"time":"2024-06-12 15:03:39"}
{"client_ip":"::1","level":"info","msg":"","req_method":"POST","req_uri":"/admin/findAll","status_code":200,"time":"2024-06-12 15:04:10"}
{"client_ip":"::1","level":"info","msg":"","req_method":"POST","req_uri":"/appointment/getdoctorschedule","status_code":200,"time":"2024-06-12 15:04:10"}
{"client_ip":"::1","level":"info","msg":"","req_method":"GET","req_uri":"/patient/getimg?imageName=static/images/20240601/1717209120.png","status_code":200,"time":"2024-06-12 15:04:11"}
{"client_ip":"::1","level":"info","msg":"","req_method":"GET","req_uri":"/patient/getimg?imageName=static/images/20240601/1717209120.png","status_code":200,"time":"2024-06-12 15:04:11"}
{"client_ip":"::1","level":"info","msg":"","req_method":"POST","req_uri":"/appointment/getdoctorschedule","status_code":200,"time":"2024-06-12 15:04:13"}
{"client_ip":"::1","level":"info","msg":"","req_method":"POST","req_uri":"/appointment/getdoctorschedule","status_code":200,"time":"2024-06-12 15:04:15"}
{"client_ip":"::1","level":"info","msg":"","req_method":"POST","req_uri":"/appointment/getdoctorschedule","status_code":200,"time":"2024-06-12 15:04:17"}
{"client_ip":"::1","level":"info","msg":"","req_method":"POST","req_uri":"/appointment/getdoctorschedule","status_code":200,"time":"2024-06-12 15:04:24"}
{"client_ip":"::1","level":"info","msg":"","req_method":"POST","req_uri":"/admin/register","status_code":200,"time":"2024-06-12 16:07:50"}
{"client_ip":"::1","level":"info","msg":"","req_method":"POST","req_uri":"/admin/schedule/getdoctorschedule","status_code":200,"time":"2024-06-12 16:07:55"}
{"client_ip":"::1","level":"info","msg":"","req_method":"POST","req_uri":"/patient/forgotPassword","status_code":404,"time":"2024-06-12 16:19:31"}
{"client_ip":"::1","level":"info","msg":"","req_method":"POST","req_uri":"/patient/forgotPassword","status_code":200,"time":"2024-06-12 16:20:31"}
{"client_ip":"::1","level":"info","msg":"","req_method":"POST","req_uri":"/patient/forgotPassword","status_code":200,"time":"2024-06-12 16:20:38"}
{"client_ip":"::1","level":"info","msg":"","req_method":"POST","req_uri":"/patient/forgotPassword","status_code":200,"time":"2024-06-12 16:20:48"}
{"client_ip":"::1","level":"info","msg":"","req_method":"POST","req_uri":"/patient/forgotPassword","status_code":200,"time":"2024-06-12 16:21:18"}
{"client_ip":"::1","level":"info","msg":"","req_method":"POST","req_uri":"/patient/forgotPassword","status_code":200,"time":"2024-06-12 16:22:48"}
{"client_ip":"::1","level":"info","msg":"","req_method":"POST","req_uri":"/patient/forgotPassword","status_code":200,"time":"2024-06-12 16:22:54"}
{"client_ip":"::1","level":"info","msg":"","req_method":"POST","req_uri":"/patient/forgotPassword","status_code":200,"time":"2024-06-12 16:27:41"}
{"client_ip":"::1","level":"info","msg":"","req_method":"POST","req_uri":"/patient/forgotPassword","status_code":200,"time":"2024-06-12 16:30:32"}
{"client_ip":"::1","level":"info","msg":"","req_method":"POST","req_uri":"/patient/forgotPassword","status_code":200,"time":"2024-06-12 16:30:40"}
{"client_ip":"::1","level":"info","msg":"","req_method":"POST","req_uri":"/patient/forgotPassword","status_code":200,"time":"2024-06-12 16:30:45"}
{"client_ip":"::1","level":"info","msg":"","req_method":"POST","req_uri":"/patient/forgotPassword","status_code":200,"time":"2024-06-12 16:30:48"}
{"client_ip":"::1","level":"info","msg":"","req_method":"POST","req_uri":"/patient/forgotPassword","status_code":200,"time":"2024-06-12 16:32:35"}
{"client_ip":"::1","level":"info","msg":"","req_method":"POST","req_uri":"/patient/forgotPassword","status_code":200,"time":"2024-06-12 16:32:42"}
{"client_ip":"::1","level":"info","msg":"","req_method":"POST","req_uri":"/patient/forgotPassword","status_code":200,"time":"2024-06-12 16:32:51"}
{"client_ip":"::1","level":"info","msg":"","req_method":"POST","req_uri":"/patient/forgotPassword","status_code":200,"time":"2024-06-12 16:33:01"}
{"client_ip":"::1","level":"info","msg":"","req_method":"POST","req_uri":"/patient/forgotPassword","status_code":200,"time":"2024-06-12 16:35:10"}
{"client_ip":"::1","level":"info","msg":"","req_method":"POST","req_uri":"/patient/forgotPassword","status_code":200,"time":"2024-06-12 16:39:20"}
{"client_ip":"::1","level":"info","msg":"","req_method":"POST","req_uri":"/patient/forgotPassword","status_code":200,"time":"2024-06-12 16:39:35"}
{"client_ip":"::1","level":"info","msg":"","req_method":"POST","req_uri":"/patient/forgotPassword","status_code":200,"time":"2024-06-12 16:52:27"}
{"client_ip":"::1","level":"info","msg":"","req_method":"POST","req_uri":"/patient/update","status_code":401,"time":"2024-06-12 16:52:33"}
{"client_ip":"::1","level":"info","msg":"","req_method":"POST","req_uri":"/patient/update","status_code":401,"time":"2024-06-12 16:52:48"}
{"client_ip":"::1","level":"info","msg":"","req_method":"POST","req_uri":"/patient/update","status_code":200,"time":"2024-06-12 16:54:05"}
{"client_ip":"::1","level":"info","msg":"","req_method":"POST","req_uri":"/patient/forgotPassword","status_code":200,"time":"2024-06-12 16:59:20"}
{"client_ip":"::1","level":"info","msg":"","req_method":"POST","req_uri":"/patient/forgotPassword","status_code":200,"time":"2024-06-12 17:00:23"}
{"client_ip":"::1","level":"info","msg":"","req_method":"POST","req_uri":"/patient/forgotPassword","status_code":200,"time":"2024-06-12 17:00:27"}
{"client_ip":"::1","level":"info","msg":"","req_method":"POST","req_uri":"/patient/forgotPassword","status_code":200,"time":"2024-06-12 17:33:54"}
{"client_ip":"::1","level":"info","msg":"","req_method":"POST","req_uri":"/patient/forgotPassword","status_code":200,"time":"2024-06-12 17:34:04"}
{"client_ip":"::1","level":"info","msg":"","req_method":"POST","req_uri":"/patient/forgotPassword","status_code":200,"time":"2024-06-12 17:34:16"}
{"client_ip":"::1","level":"info","msg":"","req_method":"POST","req_uri":"/patient/forgotPassword","status_code":200,"time":"2024-06-12 17:34:20"}
{"client_ip":"::1","level":"info","msg":"","req_method":"POST","req_uri":"/admin/findAll","status_code":200,"time":"2024-06-12 19:01:59"}
{"client_ip":"::1","level":"info","msg":"","req_method":"POST","req_uri":"/appointment/getdoctorschedule","status_code":200,"time":"2024-06-12 19:01:59"}
{"client_ip":"::1","level":"info","msg":"","req_method":"GET","req_uri":"/patient/getimg?imageName=static/images/20240601/1717209120.png","status_code":200,"time":"2024-06-12 19:02:00"}
{"client_ip":"::1","level":"info","msg":"","req_method":"POST","req_uri":"/admin/register","status_code":200,"time":"2024-06-12 19:02:28"}
{"client_ip":"::1","level":"info","msg":"","req_method":"POST","req_uri":"/admin/find","status_code":200,"time":"2024-06-12 19:02:34"}
{"client_ip":"::1","level":"info","msg":"","req_method":"POST","req_uri":"/admin/find","status_code":200,"time":"2024-06-12 19:02:38"}
{"client_ip":"::1","level":"info","msg":"","req_method":"POST","req_uri":"/admin/find","status_code":200,"time":"2024-06-12 19:02:39"}
{"client_ip":"::1","level":"info","msg":"","req_method":"POST","req_uri":"/admin/schedule/getdoctorschedule","status_code":200,"time":"2024-06-12 19:02:54"}
{"client_ip":"::1","level":"info","msg":"","req_method":"POST","req_uri":"/appointment/getappointment","status_code":200,"time":"2024-06-12 19:03:38"}
{"client_ip":"::1","level":"info","msg":"","req_method":"POST","req_uri":"/appointment/getappointment","status_code":200,"time":"2024-06-12 19:03:42"}
{"client_ip":"::1","level":"info","msg":"","req_method":"POST","req_uri":"/appointment/getappointment","status_code":200,"time":"2024-06-12 19:03:43"}
{"client_ip":"::1","level":"info","msg":"","req_method":"POST","req_uri":"/appointment/getappointment","status_code":200,"time":"2024-06-12 19:03:44"}
{"client_ip":"::1","level":"info","msg":"","req_method":"POST","req_uri":"/appointment/getappointment","status_code":200,"time":"2024-06-12 19:03:45"}
{"client_ip":"::1","level":"info","msg":"","req_method":"POST","req_uri":"/appointment/getappointment","status_code":200,"time":"2024-06-12 19:03:48"}
{"client_ip":"::1","level":"info","msg":"","req_method":"POST","req_uri":"/appointment/getappointment","status_code":200,"time":"2024-06-12 19:03:50"}
{"client_ip":"::1","level":"info","msg":"","req_method":"POST","req_uri":"/appointment/getappointment","status_code":200,"time":"2024-06-12 19:04:00"}
{"client_ip":"::1","level":"info","msg":"","req_method":"POST","req_uri":"/appointment/getappointment","status_code":200,"time":"2024-06-12 19:12:41"}
{"client_ip":"::1","level":"info","msg":"","req_method":"POST","req_uri":"/appointment/getappointment","status_code":200,"time":"2024-06-12 19:12:47"}
{"client_ip":"::1","level":"info","msg":"","req_method":"POST","req_uri":"/appointment/getappointment","status_code":200,"time":"2024-06-12 19:12:47"}
{"client_ip":"::1","level":"info","msg":"","req_method":"POST","req_uri":"/admin/findAll","status_code":200,"time":"2024-06-12 19:12:49"}
{"client_ip":"::1","level":"info","msg":"","req_method":"POST","req_uri":"/admin/alldoctor","status_code":200,"time":"2024-06-12 19:12:49"}
{"client_ip":"::1","level":"info","msg":"","req_method":"GET","req_uri":"/patient/getimg?imageName=static/images/20240602/1717320564.png","status_code":200,"time":"2024-06-12 19:12:49"}
{"client_ip":"::1","level":"info","msg":"","req_method":"GET","req_uri":"/patient/getimg?imageName=static/images/20240602/1717320564.png","status_code":200,"time":"2024-06-12 19:12:49"}
{"client_ip":"::1","level":"info","msg":"","req_method":"POST","req_uri":"/admin/alldoctor","status_code":200,"time":"2024-06-12 19:12:53"}
{"client_ip":"::1","level":"info","msg":"","req_method":"GET","req_uri":"/patient/getimg?imageName=static/images/20240604/1717498980.png","status_code":200,"time":"2024-06-12 19:12:53"}
{"client_ip":"::1","level":"info","msg":"","req_method":"GET","req_uri":"/patient/getimg?imageName=static/images/20240604/1717498980.png","status_code":200,"time":"2024-06-12 19:12:53"}
{"client_ip":"::1","level":"info","msg":"","req_method":"POST","req_uri":"/admin/alldoctor","status_code":200,"time":"2024-06-12 19:12:55"}
{"client_ip":"::1","level":"info","msg":"","req_method":"POST","req_uri":"/admin/patient/patientList","status_code":200,"time":"2024-06-12 19:12:57"}
{"client_ip":"::1","level":"info","msg":"","req_method":"POST","req_uri":"/admin/patient/patientList","status_code":200,"time":"2024-06-12 19:13:03"}
{"client_ip":"::1","level":"info","msg":"","req_method":"GET","req_uri":"/patient/getimg?imageName=static/images/20240606/1717658865.png","status_code":200,"time":"2024-06-12 19:13:03"}
{"client_ip":"::1","level":"info","msg":"","req_method":"POST","req_uri":"/admin/patient/patientList","status_code":200,"time":"2024-06-12 19:13:05"}
{"client_ip":"::1","level":"info","msg":"","req_method":"POST","req_uri":"/admin/patient/patientList","status_code":200,"time":"2024-06-12 19:13:10"}
{"client_ip":"::1","level":"info","msg":"","req_method":"POST","req_uri":"/admin/patient/patientList","status_code":200,"time":"2024-06-12 19:13:11"}
{"client_ip":"::1","level":"info","msg":"","req_method":"POST","req_uri":"/doctor/application/get","status_code":200,"time":"2024-06-12 19:13:13"}
{"client_ip":"::1","level":"info","msg":"","req_method":"POST","req_uri":"/doctor/application/get","status_code":200,"time":"2024-06-12 19:13:18"}
{"client_ip":"::1","level":"info","msg":"","req_method":"POST","req_uri":"/admin/schedule/getdoctorschedule","status_code":200,"time":"2024-06-12 19:13:27"}
{"client_ip":"::1","level":"info","msg":"","req_method":"POST","req_uri":"/doctor/register","status_code":200,"time":"2024-06-12 19:13:43"}
{"client_ip":"::1","level":"info","msg":"","req_method":"POST","req_uri":"/doctor/gtepatient","status_code":200,"time":"2024-06-12 19:13:45"}
{"client_ip":"::1","level":"info","msg":"","req_method":"POST","req_uri":"/doctor/gtepatient","status_code":200,"time":"2024-06-12 19:14:01"}
{"client_ip":"::1","level":"info","msg":"","req_method":"POST","req_uri":"/doctor/gtepatient","status_code":200,"time":"2024-06-12 19:14:03"}
{"client_ip":"::1","level":"info","msg":"","req_method":"POST","req_uri":"/doctor/gtepatient","status_code":200,"time":"2024-06-12 19:14:04"}
{"client_ip":"::1","level":"info","msg":"","req_method":"POST","req_uri":"/doctor/gtepatient","status_code":200,"time":"2024-06-12 19:14:05"}
{"client_ip":"::1","level":"info","msg":"","req_method":"GET","req_uri":"/patient/getimg?imageName=static/images/20240602/1717320564.png","status_code":200,"time":"2024-06-12 19:15:03"}
{"client_ip":"::1","level":"info","msg":"","req_method":"POST","req_uri":"/doctor/gtepatient","status_code":200,"time":"2024-06-12 19:15:03"}
{"client_ip":"::1","level":"info","msg":"","req_method":"GET","req_uri":"/patient/getimg?imageName=static/images/20240602/1717320564.png","status_code":200,"time":"2024-06-12 19:15:04"}
{"client_ip":"::1","level":"info","msg":"","req_method":"POST","req_uri":"/doctor/application/get","status_code":200,"time":"2024-06-12 19:15:19"}
{"client_ip":"::1","level":"info","msg":"","req_method":"POST","req_uri":"/doctor/gtedoctorschedule","status_code":200,"time":"2024-06-12 19:15:20"}
{"client_ip":"::1","level":"info","msg":"","req_method":"POST","req_uri":"/admin/findAll","status_code":200,"time":"2024-06-12 19:15:21"}
{"client_ip":"::1","level":"info","msg":"","req_method":"POST","req_uri":"/doctor/gtedoctorschedule","status_code":200,"time":"2024-06-12 19:15:21"}
{"client_ip":"::1","level":"info","msg":"","req_method":"POST","req_uri":"/admin/findAll","status_code":200,"time":"2024-06-12 19:15:22"}
{"client_ip":"::1","level":"info","msg":"","req_method":"POST","req_uri":"/doctor/gtedoctorschedule","status_code":200,"time":"2024-06-12 19:15:23"}
{"client_ip":"::1","level":"info","msg":"","req_method":"POST","req_uri":"/doctor/application/get","status_code":200,"time":"2024-06-12 19:15:25"}
{"client_ip":"::1","level":"info","msg":"","req_method":"POST","req_uri":"/admin/findAll","status_code":200,"time":"2024-06-12 19:15:56"}
{"client_ip":"::1","level":"info","msg":"","req_method":"POST","req_uri":"/patient/register","status_code":200,"time":"2024-06-12 19:16:55"}
{"client_ip":"::1","level":"info","msg":"","req_method":"POST","req_uri":"/patient/update","status_code":200,"time":"2024-06-12 19:17:07"}
{"client_ip":"::1","level":"info","msg":"","req_method":"POST","req_uri":"/patient/doupload","status_code":200,"time":"2024-06-12 19:18:01"}
{"client_ip":"::1","level":"info","msg":"","req_method":"GET","req_uri":"/patient/getimg?imageName=static/images/20240612/1718191081.png","status_code":200,"time":"2024-06-12 19:18:01"}
{"client_ip":"::1","level":"info","msg":"","req_method":"POST","req_uri":"/patient/update","status_code":200,"time":"2024-06-12 19:18:03"}
{"client_ip":"::1","level":"info","msg":"","req_method":"POST","req_uri":"/appointment/getappointment","status_code":200,"time":"2024-06-12 19:18:07"}
{"client_ip":"::1","level":"info","msg":"","req_method":"POST","req_uri":"/admin/findAll","status_code":200,"time":"2024-06-12 19:18:12"}
{"client_ip":"::1","level":"info","msg":"","req_method":"POST","req_uri":"/appointment/getdoctorschedule","status_code":200,"time":"2024-06-12 19:18:12"}
{"client_ip":"::1","level":"info","msg":"","req_method":"GET","req_uri":"/patient/getimg?imageName=static/images/20240601/1717209120.png","status_code":200,"time":"2024-06-12 19:18:12"}
{"client_ip":"::1","level":"info","msg":"","req_method":"POST","req_uri":"/appointment/getappointment","status_code":200,"time":"2024-06-12 19:18:14"}
