{"client_ip":"::1","level":"info","msg":"","req_method":"POST","req_uri":"/admin/findAll","status_code":200,"time":"2024-06-04 08:33:36"}
{"client_ip":"::1","level":"info","msg":"","req_method":"POST","req_uri":"/appointment/getdoctorschedule","status_code":200,"time":"2024-06-04 08:33:36"}
{"client_ip":"::1","level":"info","msg":"","req_method":"GET","req_uri":"/patient/getimg?imageName=static/images/20240601/1717209120.png","status_code":200,"time":"2024-06-04 08:33:36"}
{"client_ip":"::1","level":"info","msg":"","req_method":"POST","req_uri":"/doctor/register","status_code":200,"time":"2024-06-04 08:33:47"}
{"client_ip":"::1","level":"info","msg":"","req_method":"POST","req_uri":"/admin/findAll","status_code":200,"time":"2024-06-04 08:33:47"}
{"client_ip":"::1","level":"info","msg":"","req_method":"GET","req_uri":"/patient/getimg?imageName=static/images/20240602/1717320564.png","status_code":200,"time":"2024-06-04 08:33:47"}
{"client_ip":"::1","level":"info","msg":"","req_method":"POST","req_uri":"/doctor/application/get","status_code":200,"time":"2024-06-04 08:33:49"}
{"client_ip":"::1","level":"info","msg":"","req_method":"POST","req_uri":"/doctor/application/get","status_code":200,"time":"2024-06-04 08:38:31"}
{"client_ip":"::1","level":"info","msg":"","req_method":"POST","req_uri":"/doctor/application/get","status_code":200,"time":"2024-06-04 08:40:23"}
{"client_ip":"::1","level":"info","msg":"","req_method":"POST","req_uri":"/doctor/application/get","status_code":200,"time":"2024-06-04 08:48:55"}
{"client_ip":"::1","level":"info","msg":"","req_method":"POST","req_uri":"/doctor/application/get","status_code":200,"time":"2024-06-04 08:49:57"}
{"client_ip":"::1","level":"info","msg":"","req_method":"POST","req_uri":"/doctor/application/get","status_code":200,"time":"2024-06-04 08:50:24"}
{"client_ip":"::1","level":"info","msg":"","req_method":"POST","req_uri":"/doctor/application/set","status_code":200,"time":"2024-06-04 08:50:32"}
{"client_ip":"::1","level":"info","msg":"","req_method":"POST","req_uri":"/doctor/application/get","status_code":200,"time":"2024-06-04 08:50:32"}
{"client_ip":"::1","level":"info","msg":"","req_method":"GET","req_uri":"/patient/getimg?imageName=static/images/20240602/1717320564.png","status_code":200,"time":"2024-06-04 08:50:39"}
{"client_ip":"::1","level":"info","msg":"","req_method":"POST","req_uri":"/doctor/application/get","status_code":200,"time":"2024-06-04 08:50:39"}
{"client_ip":"::1","level":"info","msg":"","req_method":"POST","req_uri":"/doctor/application/set","status_code":200,"time":"2024-06-04 08:51:26"}
{"client_ip":"::1","level":"info","msg":"","req_method":"POST","req_uri":"/doctor/application/get","status_code":200,"time":"2024-06-04 08:51:26"}
{"client_ip":"::1","level":"info","msg":"","req_method":"POST","req_uri":"/admin/findAll","status_code":200,"time":"2024-06-04 08:54:09"}
{"client_ip":"::1","level":"info","msg":"","req_method":"POST","req_uri":"/doctor/application/get","status_code":200,"time":"2024-06-04 08:54:13"}
{"client_ip":"::1","level":"info","msg":"","req_method":"POST","req_uri":"/doctor/application/get","status_code":200,"time":"2024-06-04 08:56:46"}
{"client_ip":"::1","level":"info","msg":"","req_method":"POST","req_uri":"/doctor/application/get","status_code":200,"time":"2024-06-04 09:00:50"}
{"client_ip":"::1","level":"info","msg":"","req_method":"POST","req_uri":"/doctor/application/get","status_code":200,"time":"2024-06-04 09:02:27"}
{"client_ip":"::1","level":"info","msg":"","req_method":"POST","req_uri":"/doctor/application/set","status_code":200,"time":"2024-06-04 09:03:04"}
{"client_ip":"::1","level":"info","msg":"","req_method":"POST","req_uri":"/doctor/application/get","status_code":200,"time":"2024-06-04 09:03:04"}
{"client_ip":"::1","level":"info","msg":"","req_method":"GET","req_uri":"/patient/getimg?imageName=static/images/20240602/1717320564.png","status_code":200,"time":"2024-06-04 09:03:08"}
{"client_ip":"::1","level":"info","msg":"","req_method":"POST","req_uri":"/doctor/application/get","status_code":200,"time":"2024-06-04 09:03:08"}
{"client_ip":"::1","level":"info","msg":"","req_method":"POST","req_uri":"/doctor/application/get","status_code":200,"time":"2024-06-04 09:03:44"}
{"client_ip":"::1","level":"info","msg":"","req_method":"GET","req_uri":"/patient/getimg?imageName=static/images/20240602/1717320564.png","status_code":200,"time":"2024-06-04 09:12:44"}
{"client_ip":"::1","level":"info","msg":"","req_method":"POST","req_uri":"/doctor/application/get","status_code":200,"time":"2024-06-04 09:12:44"}
{"client_ip":"::1","level":"info","msg":"","req_method":"POST","req_uri":"/doctor/application/get","status_code":200,"time":"2024-06-04 09:13:23"}
{"client_ip":"::1","level":"info","msg":"","req_method":"POST","req_uri":"/doctor/gtedoctorschedule","status_code":401,"time":"2024-06-04 09:15:20"}
{"client_ip":"::1","level":"info","msg":"","req_method":"GET","req_uri":"/patient/getimg?imageName=static/images/20240602/1717320564.png","status_code":200,"time":"2024-06-04 09:16:44"}
{"client_ip":"::1","level":"info","msg":"","req_method":"POST","req_uri":"/doctor/application/get","status_code":200,"time":"2024-06-04 09:16:44"}
{"client_ip":"::1","level":"info","msg":"","req_method":"GET","req_uri":"/patient/getimg?imageName=static/images/20240602/1717320564.png","status_code":200,"time":"2024-06-04 09:16:44"}
{"client_ip":"::1","level":"info","msg":"","req_method":"POST","req_uri":"/doctor/gtedoctorschedule","status_code":200,"time":"2024-06-04 09:17:04"}
{"client_ip":"::1","level":"info","msg":"","req_method":"POST","req_uri":"/doctor/gtedoctorschedule","status_code":200,"time":"2024-06-04 09:26:16"}
{"client_ip":"::1","level":"info","msg":"","req_method":"POST","req_uri":"/doctor/gtedoctorschedule","status_code":200,"time":"2024-06-04 09:31:19"}
{"client_ip":"::1","level":"info","msg":"","req_method":"POST","req_uri":"/doctor/gtedoctorschedule","status_code":200,"time":"2024-06-04 09:31:22"}
{"client_ip":"::1","level":"info","msg":"","req_method":"POST","req_uri":"/doctor/gtedoctorschedule","status_code":200,"time":"2024-06-04 09:31:25"}
{"client_ip":"::1","level":"info","msg":"","req_method":"POST","req_uri":"/doctor/gtedoctorschedule","status_code":200,"time":"2024-06-04 09:34:28"}
{"client_ip":"::1","level":"info","msg":"","req_method":"POST","req_uri":"/doctor/gtedoctorschedule","status_code":200,"time":"2024-06-04 09:34:29"}
{"client_ip":"::1","level":"info","msg":"","req_method":"POST","req_uri":"/doctor/gtedoctorschedule","status_code":200,"time":"2024-06-04 09:34:31"}
{"client_ip":"::1","level":"info","msg":"","req_method":"POST","req_uri":"/doctor/application/get","status_code":200,"time":"2024-06-04 09:34:47"}
{"client_ip":"::1","level":"info","msg":"","req_method":"POST","req_uri":"/doctor/gtedoctorschedule","status_code":200,"time":"2024-06-04 09:34:49"}
{"client_ip":"::1","level":"info","msg":"","req_method":"POST","req_uri":"/doctor/application/get","status_code":200,"time":"2024-06-04 09:34:50"}
{"client_ip":"::1","level":"info","msg":"","req_method":"POST","req_uri":"/doctor/gtedoctorschedule","status_code":200,"time":"2024-06-04 09:34:52"}
{"client_ip":"::1","level":"info","msg":"","req_method":"POST","req_uri":"/doctor/application/get","status_code":200,"time":"2024-06-04 09:34:57"}
{"client_ip":"::1","level":"info","msg":"","req_method":"POST","req_uri":"/doctor/gtedoctorschedule","status_code":200,"time":"2024-06-04 09:34:58"}
{"client_ip":"::1","level":"info","msg":"","req_method":"POST","req_uri":"/doctor/application/get","status_code":200,"time":"2024-06-04 09:35:00"}
{"client_ip":"::1","level":"info","msg":"","req_method":"POST","req_uri":"/doctor/gtedoctorschedule","status_code":200,"time":"2024-06-04 09:35:04"}
{"client_ip":"::1","level":"info","msg":"","req_method":"POST","req_uri":"/doctor/gtedoctorschedule","status_code":200,"time":"2024-06-04 09:35:31"}
{"client_ip":"::1","level":"info","msg":"","req_method":"POST","req_uri":"/doctor/gtedoctorschedule","status_code":200,"time":"2024-06-04 09:35:35"}
{"client_ip":"::1","level":"info","msg":"","req_method":"POST","req_uri":"/doctor/gtedoctorschedule","status_code":200,"time":"2024-06-04 09:36:25"}
{"client_ip":"::1","level":"info","msg":"","req_method":"POST","req_uri":"/doctor/gtedoctorschedule","status_code":200,"time":"2024-06-04 09:36:38"}
{"client_ip":"::1","level":"info","msg":"","req_method":"GET","req_uri":"/patient/getimg?imageName=static/images/20240602/1717320564.png","status_code":200,"time":"2024-06-04 09:36:41"}
{"client_ip":"::1","level":"info","msg":"","req_method":"POST","req_uri":"/doctor/gtedoctorschedule","status_code":200,"time":"2024-06-04 09:36:41"}
{"client_ip":"::1","level":"info","msg":"","req_method":"POST","req_uri":"/doctor/gtedoctorschedule","status_code":200,"time":"2024-06-04 09:37:03"}
{"client_ip":"::1","level":"info","msg":"","req_method":"POST","req_uri":"/doctor/gtedoctorschedule","status_code":200,"time":"2024-06-04 09:37:04"}
{"client_ip":"::1","level":"info","msg":"","req_method":"POST","req_uri":"/doctor/gtedoctorschedule","status_code":200,"time":"2024-06-04 09:37:14"}
{"client_ip":"::1","level":"info","msg":"","req_method":"POST","req_uri":"/doctor/gtedoctorschedule","status_code":200,"time":"2024-06-04 09:37:16"}
{"client_ip":"::1","level":"info","msg":"","req_method":"POST","req_uri":"/doctor/gtepatient","status_code":200,"time":"2024-06-04 09:39:34"}
{"client_ip":"::1","level":"info","msg":"","req_method":"POST","req_uri":"/doctor/application/get","status_code":200,"time":"2024-06-04 09:39:35"}
{"client_ip":"::1","level":"info","msg":"","req_method":"POST","req_uri":"/doctor/gtedoctorschedule","status_code":200,"time":"2024-06-04 09:39:35"}
{"client_ip":"::1","level":"info","msg":"","req_method":"POST","req_uri":"/admin/findAll","status_code":200,"time":"2024-06-04 09:39:36"}
{"client_ip":"::1","level":"info","msg":"","req_method":"POST","req_uri":"/doctor/gtedoctorschedule","status_code":200,"time":"2024-06-04 09:39:38"}
{"client_ip":"::1","level":"info","msg":"","req_method":"POST","req_uri":"/doctor/gtepatient","status_code":200,"time":"2024-06-04 09:39:41"}
{"client_ip":"::1","level":"info","msg":"","req_method":"POST","req_uri":"/doctor/application/get","status_code":200,"time":"2024-06-04 09:41:54"}
{"client_ip":"::1","level":"info","msg":"","req_method":"POST","req_uri":"/doctor/gtedoctorschedule","status_code":200,"time":"2024-06-04 09:41:55"}
{"client_ip":"::1","level":"info","msg":"","req_method":"POST","req_uri":"/admin/findAll","status_code":200,"time":"2024-06-04 09:41:56"}
{"client_ip":"::1","level":"info","msg":"","req_method":"POST","req_uri":"/doctor/gtedoctorschedule","status_code":200,"time":"2024-06-04 09:41:57"}
{"client_ip":"::1","level":"info","msg":"","req_method":"POST","req_uri":"/admin/register","status_code":200,"time":"2024-06-04 09:42:37"}
{"client_ip":"::1","level":"info","msg":"","req_method":"POST","req_uri":"/admin/findAll","status_code":200,"time":"2024-06-04 09:42:42"}
{"client_ip":"::1","level":"info","msg":"","req_method":"POST","req_uri":"/admin/schedule/getdoctorschedule","status_code":200,"time":"2024-06-04 09:42:44"}
{"client_ip":"::1","level":"info","msg":"","req_method":"POST","req_uri":"/appointment/getappointment","status_code":200,"time":"2024-06-04 09:42:46"}
{"client_ip":"::1","level":"info","msg":"","req_method":"POST","req_uri":"/admin/findAll","status_code":200,"time":"2024-06-04 09:42:49"}
{"client_ip":"::1","level":"info","msg":"","req_method":"POST","req_uri":"/admin/alldoctor","status_code":200,"time":"2024-06-04 09:42:49"}
{"client_ip":"::1","level":"info","msg":"","req_method":"GET","req_uri":"/patient/getimg?imageName=static/images/20240601/1717209120.png","status_code":200,"time":"2024-06-04 09:42:49"}
{"client_ip":"::1","level":"info","msg":"","req_method":"POST","req_uri":"/admin/patient/patientList","status_code":200,"time":"2024-06-04 09:42:51"}
{"client_ip":"::1","level":"info","msg":"","req_method":"POST","req_uri":"/admin/findAll","status_code":200,"time":"2024-06-04 09:43:51"}
{"client_ip":"::1","level":"info","msg":"","req_method":"POST","req_uri":"/admin/alldoctor","status_code":200,"time":"2024-06-04 09:43:51"}
{"client_ip":"::1","level":"info","msg":"","req_method":"POST","req_uri":"/admin/patient/patientList","status_code":200,"time":"2024-06-04 09:44:04"}
{"client_ip":"::1","level":"info","msg":"","req_method":"POST","req_uri":"/admin/schedule/getdoctorschedule","status_code":200,"time":"2024-06-04 09:47:19"}
{"client_ip":"::1","level":"info","msg":"","req_method":"POST","req_uri":"/admin/findAll","status_code":200,"time":"2024-06-04 09:47:20"}
{"client_ip":"::1","level":"info","msg":"","req_method":"POST","req_uri":"/appointment/getappointment","status_code":200,"time":"2024-06-04 09:47:33"}
{"client_ip":"::1","level":"info","msg":"","req_method":"POST","req_uri":"/admin/findAll","status_code":200,"time":"2024-06-04 09:47:57"}
{"client_ip":"::1","level":"info","msg":"","req_method":"POST","req_uri":"/admin/alldoctor","status_code":200,"time":"2024-06-04 09:47:57"}
{"client_ip":"::1","level":"info","msg":"","req_method":"POST","req_uri":"/admin/patient/patientList","status_code":200,"time":"2024-06-04 09:50:58"}
{"client_ip":"::1","level":"info","msg":"","req_method":"POST","req_uri":"/admin/findAll","status_code":200,"time":"2024-06-04 09:51:00"}
{"client_ip":"::1","level":"info","msg":"","req_method":"POST","req_uri":"/admin/alldoctor","status_code":200,"time":"2024-06-04 09:51:00"}
{"client_ip":"::1","level":"info","msg":"","req_method":"POST","req_uri":"/admin/findAll","status_code":200,"time":"2024-06-04 09:53:37"}
{"client_ip":"::1","level":"info","msg":"","req_method":"POST","req_uri":"/admin/alldoctor","status_code":200,"time":"2024-06-04 09:53:37"}
{"client_ip":"::1","level":"info","msg":"","req_method":"GET","req_uri":"/patient/getimg?imageName=static/images/20240601/1717209120.png","status_code":200,"time":"2024-06-04 09:53:38"}
{"client_ip":"::1","level":"info","msg":"","req_method":"GET","req_uri":"/patient/getimg?imageName=static/images/20240602/1717320564.png","status_code":200,"time":"2024-06-04 09:53:38"}
{"client_ip":"::1","level":"info","msg":"","req_method":"POST","req_uri":"/admin/findAll","status_code":200,"time":"2024-06-04 09:54:56"}
{"client_ip":"::1","level":"info","msg":"","req_method":"POST","req_uri":"/admin/alldoctor","status_code":200,"time":"2024-06-04 09:54:57"}
{"client_ip":"::1","level":"info","msg":"","req_method":"GET","req_uri":"/patient/getimg?imageName=static/images/20240601/1717209120.png","status_code":200,"time":"2024-06-04 09:54:57"}
{"client_ip":"::1","level":"info","msg":"","req_method":"GET","req_uri":"/patient/getimg?imageName=static/images/20240602/1717320564.png","status_code":200,"time":"2024-06-04 09:54:57"}
{"client_ip":"::1","level":"info","msg":"","req_method":"POST","req_uri":"/doctor/gtedoctorschedule","status_code":400,"time":"2024-06-04 09:55:51"}
{"client_ip":"::1","level":"info","msg":"","req_method":"POST","req_uri":"/doctor/gtedoctorschedule","status_code":400,"time":"2024-06-04 10:26:01"}
{"client_ip":"::1","level":"info","msg":"","req_method":"POST","req_uri":"/doctor/gtedoctorschedule","status_code":201,"time":"2024-06-04 10:28:02"}
{"client_ip":"::1","level":"info","msg":"","req_method":"POST","req_uri":"/doctor/gtedoctorschedule","status_code":201,"time":"2024-06-04 10:28:02"}
{"client_ip":"::1","level":"info","msg":"","req_method":"POST","req_uri":"/doctor/application/get","status_code":200,"time":"2024-06-04 10:28:23"}
{"client_ip":"::1","level":"info","msg":"","req_method":"POST","req_uri":"/doctor/application/get","status_code":200,"time":"2024-06-04 10:28:23"}
{"client_ip":"::1","level":"info","msg":"","req_method":"POST","req_uri":"/doctor/application/get","status_code":200,"time":"2024-06-04 10:28:41"}
{"client_ip":"::1","level":"info","msg":"","req_method":"POST","req_uri":"/doctor/application/get","status_code":200,"time":"2024-06-04 10:28:41"}
{"client_ip":"::1","level":"info","msg":"","req_method":"POST","req_uri":"/doctor/application/get","status_code":400,"time":"2024-06-04 10:31:39"}
{"client_ip":"::1","level":"info","msg":"","req_method":"POST","req_uri":"/doctor/application/get","status_code":200,"time":"2024-06-04 10:33:18"}
{"client_ip":"::1","level":"info","msg":"","req_method":"POST","req_uri":"/doctor/application/get","status_code":200,"time":"2024-06-04 10:33:18"}
{"client_ip":"::1","level":"info","msg":"","req_method":"POST","req_uri":"/doctor/application/get","status_code":200,"time":"2024-06-04 10:34:23"}
{"client_ip":"::1","level":"info","msg":"","req_method":"POST","req_uri":"/doctor/application/get","status_code":200,"time":"2024-06-04 10:34:23"}
{"client_ip":"::1","level":"info","msg":"","req_method":"POST","req_uri":"/doctor/application/get","status_code":200,"time":"2024-06-04 10:37:43"}
{"client_ip":"::1","level":"info","msg":"","req_method":"POST","req_uri":"/doctor/application/get","status_code":200,"time":"2024-06-04 10:37:43"}
{"client_ip":"::1","level":"info","msg":"","req_method":"POST","req_uri":"/doctor/application/get","status_code":200,"time":"2024-06-04 10:40:17"}
{"client_ip":"::1","level":"info","msg":"","req_method":"POST","req_uri":"/doctor/application/get","status_code":200,"time":"2024-06-04 10:40:17"}
{"client_ip":"::1","level":"info","msg":"","req_method":"POST","req_uri":"/doctor/application/get","status_code":200,"time":"2024-06-04 10:41:51"}
{"client_ip":"::1","level":"info","msg":"","req_method":"POST","req_uri":"/doctor/application/get","status_code":200,"time":"2024-06-04 10:41:51"}
{"client_ip":"::1","level":"info","msg":"","req_method":"POST","req_uri":"/doctor/application/set","status_code":200,"time":"2024-06-04 10:41:55"}
{"client_ip":"::1","level":"info","msg":"","req_method":"POST","req_uri":"/doctor/application/get","status_code":200,"time":"2024-06-04 10:41:55"}
{"client_ip":"::1","level":"info","msg":"","req_method":"POST","req_uri":"/doctor/application/set","status_code":200,"time":"2024-06-04 10:41:58"}
{"client_ip":"::1","level":"info","msg":"","req_method":"POST","req_uri":"/doctor/application/get","status_code":200,"time":"2024-06-04 10:41:58"}
{"client_ip":"::1","level":"info","msg":"","req_method":"POST","req_uri":"/doctor/application/get","status_code":200,"time":"2024-06-04 10:42:02"}
{"client_ip":"::1","level":"info","msg":"","req_method":"POST","req_uri":"/doctor/application/get","status_code":200,"time":"2024-06-04 10:42:02"}
{"client_ip":"::1","level":"info","msg":"","req_method":"POST","req_uri":"/doctor/application/get","status_code":200,"time":"2024-06-04 10:47:13"}
{"client_ip":"::1","level":"info","msg":"","req_method":"POST","req_uri":"/doctor/application/get","status_code":200,"time":"2024-06-04 10:51:41"}
{"client_ip":"::1","level":"info","msg":"","req_method":"POST","req_uri":"/doctor/application/get","status_code":200,"time":"2024-06-04 10:52:02"}
{"client_ip":"::1","level":"info","msg":"","req_method":"POST","req_uri":"/doctor/application/get","status_code":200,"time":"2024-06-04 10:52:04"}
{"client_ip":"::1","level":"info","msg":"","req_method":"POST","req_uri":"/doctor/application/get","status_code":200,"time":"2024-06-04 10:52:06"}
{"client_ip":"::1","level":"info","msg":"","req_method":"POST","req_uri":"/doctor/application/get","status_code":200,"time":"2024-06-04 10:52:08"}
{"client_ip":"::1","level":"info","msg":"","req_method":"POST","req_uri":"/doctor/application/get","status_code":200,"time":"2024-06-04 10:52:10"}
{"client_ip":"::1","level":"info","msg":"","req_method":"POST","req_uri":"/doctor/application/get","status_code":200,"time":"2024-06-04 10:52:18"}
{"client_ip":"::1","level":"info","msg":"","req_method":"POST","req_uri":"/doctor/application/get","status_code":200,"time":"2024-06-04 10:53:01"}
{"client_ip":"::1","level":"info","msg":"","req_method":"POST","req_uri":"/doctor/application/set","status_code":500,"time":"2024-06-04 11:02:16"}
{"client_ip":"::1","level":"info","msg":"","req_method":"POST","req_uri":"/doctor/application/set","status_code":500,"time":"2024-06-04 11:02:20"}
{"client_ip":"::1","level":"info","msg":"","req_method":"POST","req_uri":"/doctor/application/set","status_code":200,"time":"2024-06-04 11:04:11"}
{"client_ip":"::1","level":"info","msg":"","req_method":"POST","req_uri":"/doctor/application/get","status_code":200,"time":"2024-06-04 11:04:11"}
{"client_ip":"::1","level":"info","msg":"","req_method":"POST","req_uri":"/doctor/application/set","status_code":200,"time":"2024-06-04 11:04:12"}
{"client_ip":"::1","level":"info","msg":"","req_method":"POST","req_uri":"/doctor/application/set","status_code":200,"time":"2024-06-04 11:04:14"}
{"client_ip":"::1","level":"info","msg":"","req_method":"POST","req_uri":"/doctor/application/set","status_code":200,"time":"2024-06-04 11:04:17"}
{"client_ip":"::1","level":"info","msg":"","req_method":"POST","req_uri":"/doctor/application/set","status_code":200,"time":"2024-06-04 11:04:21"}
{"client_ip":"::1","level":"info","msg":"","req_method":"POST","req_uri":"/doctor/application/set","status_code":200,"time":"2024-06-04 11:04:22"}
{"client_ip":"::1","level":"info","msg":"","req_method":"POST","req_uri":"/doctor/application/set","status_code":200,"time":"2024-06-04 11:04:23"}
{"client_ip":"::1","level":"info","msg":"","req_method":"POST","req_uri":"/doctor/application/set","status_code":200,"time":"2024-06-04 11:04:24"}
{"client_ip":"::1","level":"info","msg":"","req_method":"POST","req_uri":"/doctor/application/set","status_code":200,"time":"2024-06-04 11:04:24"}
{"client_ip":"::1","level":"info","msg":"","req_method":"POST","req_uri":"/doctor/application/set","status_code":200,"time":"2024-06-04 11:04:26"}
{"client_ip":"::1","level":"info","msg":"","req_method":"POST","req_uri":"/admin/patient/patientList","status_code":200,"time":"2024-06-04 11:04:40"}
{"client_ip":"::1","level":"info","msg":"","req_method":"POST","req_uri":"/admin/findAll","status_code":200,"time":"2024-06-04 11:04:41"}
{"client_ip":"::1","level":"info","msg":"","req_method":"POST","req_uri":"/admin/alldoctor","status_code":200,"time":"2024-06-04 11:04:41"}
{"client_ip":"::1","level":"info","msg":"","req_method":"GET","req_uri":"/patient/getimg?imageName=static/images/20240601/1717209120.png","status_code":200,"time":"2024-06-04 11:04:41"}
{"client_ip":"::1","level":"info","msg":"","req_method":"GET","req_uri":"/patient/getimg?imageName=static/images/20240602/1717320564.png","status_code":200,"time":"2024-06-04 11:04:41"}
{"client_ip":"::1","level":"info","msg":"","req_method":"GET","req_uri":"/patient/getimg?imageName=static/images/20240601/1717209120.png","status_code":200,"time":"2024-06-04 11:04:41"}
{"client_ip":"::1","level":"info","msg":"","req_method":"GET","req_uri":"/patient/getimg?imageName=static/images/20240602/1717320564.png","status_code":200,"time":"2024-06-04 11:04:41"}
{"client_ip":"::1","level":"info","msg":"","req_method":"POST","req_uri":"/admin/findAll","status_code":200,"time":"2024-06-04 11:04:45"}
{"client_ip":"::1","level":"info","msg":"","req_method":"POST","req_uri":"/admin/schedule/getdoctorschedule","status_code":200,"time":"2024-06-04 11:04:55"}
{"client_ip":"::1","level":"info","msg":"","req_method":"POST","req_uri":"/appointment/getappointment","status_code":200,"time":"2024-06-04 11:04:57"}
{"client_ip":"::1","level":"info","msg":"","req_method":"POST","req_uri":"/admin/findAll","status_code":200,"time":"2024-06-04 11:06:06"}
{"client_ip":"::1","level":"info","msg":"","req_method":"POST","req_uri":"/admin/schedule/getdoctorschedule","status_code":200,"time":"2024-06-04 11:07:57"}
{"client_ip":"::1","level":"info","msg":"","req_method":"POST","req_uri":"/admin/findAll","status_code":200,"time":"2024-06-04 11:07:59"}
{"client_ip":"::1","level":"info","msg":"","req_method":"POST","req_uri":"/admin/findAll","status_code":200,"time":"2024-06-04 11:08:06"}
{"client_ip":"::1","level":"info","msg":"","req_method":"POST","req_uri":"/admin/alldoctor","status_code":200,"time":"2024-06-04 11:08:06"}
{"client_ip":"::1","level":"info","msg":"","req_method":"POST","req_uri":"/admin/findAll","status_code":200,"time":"2024-06-04 11:08:09"}
{"client_ip":"::1","level":"info","msg":"","req_method":"POST","req_uri":"/admin/find","status_code":200,"time":"2024-06-04 11:21:14"}
{"client_ip":"::1","level":"info","msg":"","req_method":"POST","req_uri":"/admin/find","status_code":200,"time":"2024-06-04 11:21:20"}
{"client_ip":"::1","level":"info","msg":"","req_method":"POST","req_uri":"/admin/find","status_code":200,"time":"2024-06-04 11:27:38"}
{"client_ip":"::1","level":"info","msg":"","req_method":"POST","req_uri":"/admin/find","status_code":200,"time":"2024-06-04 11:27:43"}
{"client_ip":"::1","level":"info","msg":"","req_method":"POST","req_uri":"/admin/find","status_code":200,"time":"2024-06-04 11:27:44"}
{"client_ip":"::1","level":"info","msg":"","req_method":"POST","req_uri":"/admin/find","status_code":200,"time":"2024-06-04 11:27:45"}
{"client_ip":"::1","level":"info","msg":"","req_method":"POST","req_uri":"/admin/find","status_code":402,"time":"2024-06-04 11:27:54"}
{"client_ip":"::1","level":"info","msg":"","req_method":"POST","req_uri":"/admin/find","status_code":200,"time":"2024-06-04 11:27:59"}
{"client_ip":"::1","level":"info","msg":"","req_method":"POST","req_uri":"/admin/find","status_code":200,"time":"2024-06-04 11:28:13"}
{"client_ip":"::1","level":"info","msg":"","req_method":"POST","req_uri":"/admin/find","status_code":200,"time":"2024-06-04 11:28:55"}
{"client_ip":"::1","level":"info","msg":"","req_method":"POST","req_uri":"/admin/find","status_code":200,"time":"2024-06-04 11:28:56"}
{"client_ip":"::1","level":"info","msg":"","req_method":"POST","req_uri":"/admin/find","status_code":200,"time":"2024-06-04 11:29:58"}
{"client_ip":"::1","level":"info","msg":"","req_method":"POST","req_uri":"/admin/find","status_code":200,"time":"2024-06-04 11:30:01"}
{"client_ip":"::1","level":"info","msg":"","req_method":"POST","req_uri":"/admin/find","status_code":200,"time":"2024-06-04 11:30:02"}
{"client_ip":"::1","level":"info","msg":"","req_method":"POST","req_uri":"/admin/find","status_code":200,"time":"2024-06-04 11:30:12"}
{"client_ip":"::1","level":"info","msg":"","req_method":"POST","req_uri":"/admin/find","status_code":200,"time":"2024-06-04 11:30:13"}
{"client_ip":"::1","level":"info","msg":"","req_method":"POST","req_uri":"/admin/find","status_code":200,"time":"2024-06-04 11:30:14"}
{"client_ip":"::1","level":"info","msg":"","req_method":"POST","req_uri":"/admin/find","status_code":200,"time":"2024-06-04 11:30:15"}
{"client_ip":"::1","level":"info","msg":"","req_method":"POST","req_uri":"/admin/schedule/getdoctorschedule","status_code":200,"time":"2024-06-04 11:30:16"}
{"client_ip":"::1","level":"info","msg":"","req_method":"POST","req_uri":"/appointment/getappointment","status_code":200,"time":"2024-06-04 11:30:19"}
{"client_ip":"::1","level":"info","msg":"","req_method":"POST","req_uri":"/appointment/getappointment","status_code":200,"time":"2024-06-04 11:35:08"}
{"client_ip":"::1","level":"info","msg":"","req_method":"POST","req_uri":"/appointment/getappointment","status_code":200,"time":"2024-06-04 11:36:11"}
{"client_ip":"::1","level":"info","msg":"","req_method":"POST","req_uri":"/appointment/getappointment","status_code":200,"time":"2024-06-04 11:36:37"}
{"client_ip":"::1","level":"info","msg":"","req_method":"POST","req_uri":"/appointment/getappointment","status_code":200,"time":"2024-06-04 11:37:03"}
{"client_ip":"::1","level":"info","msg":"","req_method":"POST","req_uri":"/appointment/getappointment","status_code":200,"time":"2024-06-04 11:38:43"}
{"client_ip":"::1","level":"info","msg":"","req_method":"POST","req_uri":"/appointment/getappointment","status_code":200,"time":"2024-06-04 11:38:58"}
{"client_ip":"::1","level":"info","msg":"","req_method":"POST","req_uri":"/appointment/getappointment","status_code":200,"time":"2024-06-04 11:39:04"}
{"client_ip":"::1","level":"info","msg":"","req_method":"POST","req_uri":"/appointment/getappointment","status_code":200,"time":"2024-06-04 11:39:26"}
{"client_ip":"::1","level":"info","msg":"","req_method":"POST","req_uri":"/appointment/getappointment","status_code":200,"time":"2024-06-04 11:39:26"}
{"client_ip":"::1","level":"info","msg":"","req_method":"POST","req_uri":"/appointment/getappointment","status_code":200,"time":"2024-06-04 11:42:00"}
{"client_ip":"::1","level":"info","msg":"","req_method":"POST","req_uri":"/appointment/getappointment","status_code":200,"time":"2024-06-04 11:42:02"}
{"client_ip":"::1","level":"info","msg":"","req_method":"POST","req_uri":"/appointment/getappointment","status_code":200,"time":"2024-06-04 11:42:02"}
{"client_ip":"::1","level":"info","msg":"","req_method":"POST","req_uri":"/appointment/getappointment","status_code":200,"time":"2024-06-04 11:42:03"}
{"client_ip":"::1","level":"info","msg":"","req_method":"POST","req_uri":"/appointment/getappointment","status_code":200,"time":"2024-06-04 11:42:03"}
{"client_ip":"::1","level":"info","msg":"","req_method":"POST","req_uri":"/appointment/getappointment","status_code":200,"time":"2024-06-04 11:42:04"}
{"client_ip":"::1","level":"info","msg":"","req_method":"POST","req_uri":"/appointment/getappointment","status_code":200,"time":"2024-06-04 11:42:05"}
{"client_ip":"::1","level":"info","msg":"","req_method":"POST","req_uri":"/appointment/getappointment","status_code":200,"time":"2024-06-04 11:42:07"}
{"client_ip":"::1","level":"info","msg":"","req_method":"POST","req_uri":"/appointment/getappointment","status_code":200,"time":"2024-06-04 11:42:09"}
{"client_ip":"::1","level":"info","msg":"","req_method":"POST","req_uri":"/appointment/getappointment","status_code":200,"time":"2024-06-04 11:42:10"}
{"client_ip":"::1","level":"info","msg":"","req_method":"POST","req_uri":"/appointment/getappointment","status_code":200,"time":"2024-06-04 11:42:17"}
{"client_ip":"::1","level":"info","msg":"","req_method":"POST","req_uri":"/appointment/getappointment","status_code":200,"time":"2024-06-04 11:42:22"}
{"client_ip":"::1","level":"info","msg":"","req_method":"POST","req_uri":"/appointment/delete","status_code":200,"time":"2024-06-04 11:42:36"}
{"client_ip":"::1","level":"info","msg":"","req_method":"POST","req_uri":"/appointment/getappointment","status_code":200,"time":"2024-06-04 11:42:36"}
{"client_ip":"::1","level":"info","msg":"","req_method":"POST","req_uri":"/appointment/getappointment","status_code":200,"time":"2024-06-04 11:42:56"}
{"client_ip":"::1","level":"info","msg":"","req_method":"POST","req_uri":"/admin/findAll","status_code":404,"time":"2024-06-04 11:43:47"}
{"client_ip":"::1","level":"info","msg":"","req_method":"POST","req_uri":"/admin/alldoctor","status_code":200,"time":"2024-06-04 11:43:47"}
{"client_ip":"::1","level":"info","msg":"","req_method":"GET","req_uri":"/patient/getimg?imageName=static/images/20240601/1717209120.png","status_code":200,"time":"2024-06-04 11:43:47"}
{"client_ip":"::1","level":"info","msg":"","req_method":"GET","req_uri":"/patient/getimg?imageName=static/images/20240602/1717320564.png","status_code":200,"time":"2024-06-04 11:43:47"}
{"client_ip":"::1","level":"info","msg":"","req_method":"POST","req_uri":"/admin/patient/patientList","status_code":200,"time":"2024-06-04 11:43:53"}
{"client_ip":"::1","level":"info","msg":"","req_method":"POST","req_uri":"/admin/findAll","status_code":404,"time":"2024-06-04 11:43:53"}
{"client_ip":"::1","level":"info","msg":"","req_method":"POST","req_uri":"/admin/alldoctor","status_code":200,"time":"2024-06-04 11:43:53"}
{"client_ip":"::1","level":"info","msg":"","req_method":"POST","req_uri":"/admin/patient/patientList","status_code":200,"time":"2024-06-04 11:44:11"}
{"client_ip":"::1","level":"info","msg":"","req_method":"POST","req_uri":"/doctor/application/get","status_code":200,"time":"2024-06-04 11:44:12"}
{"client_ip":"::1","level":"info","msg":"","req_method":"POST","req_uri":"/admin/patient/patientList","status_code":200,"time":"2024-06-04 11:44:13"}
{"client_ip":"::1","level":"info","msg":"","req_method":"POST","req_uri":"/admin/findAll","status_code":404,"time":"2024-06-04 11:44:13"}
{"client_ip":"::1","level":"info","msg":"","req_method":"POST","req_uri":"/admin/alldoctor","status_code":200,"time":"2024-06-04 11:44:13"}
{"client_ip":"::1","level":"info","msg":"","req_method":"POST","req_uri":"/admin/findAll","status_code":200,"time":"2024-06-04 11:47:19"}
{"client_ip":"::1","level":"info","msg":"","req_method":"POST","req_uri":"/admin/alldoctor","status_code":200,"time":"2024-06-04 11:47:19"}
{"client_ip":"::1","level":"info","msg":"","req_method":"GET","req_uri":"/patient/getimg?imageName=static/images/20240601/1717209120.png","status_code":200,"time":"2024-06-04 11:47:19"}
{"client_ip":"::1","level":"info","msg":"","req_method":"GET","req_uri":"/patient/getimg?imageName=static/images/20240602/1717320564.png","status_code":200,"time":"2024-06-04 11:47:19"}
{"client_ip":"::1","level":"info","msg":"","req_method":"POST","req_uri":"/appointment/getappointment","status_code":200,"time":"2024-06-04 11:47:23"}
{"client_ip":"::1","level":"info","msg":"","req_method":"POST","req_uri":"/appointment/getappointment","status_code":200,"time":"2024-06-04 11:47:25"}
{"client_ip":"::1","level":"info","msg":"","req_method":"POST","req_uri":"/admin/find","status_code":200,"time":"2024-06-04 11:47:28"}
{"client_ip":"::1","level":"info","msg":"","req_method":"POST","req_uri":"/admin/schedule/getdoctorschedule","status_code":200,"time":"2024-06-04 11:47:28"}
{"client_ip":"::1","level":"info","msg":"","req_method":"POST","req_uri":"/appointment/getappointment","status_code":200,"time":"2024-06-04 11:47:29"}
{"client_ip":"::1","level":"info","msg":"","req_method":"POST","req_uri":"/admin/findAll","status_code":200,"time":"2024-06-04 11:47:31"}
{"client_ip":"::1","level":"info","msg":"","req_method":"POST","req_uri":"/admin/alldoctor","status_code":200,"time":"2024-06-04 11:47:31"}
{"client_ip":"::1","level":"info","msg":"","req_method":"POST","req_uri":"/admin/patient/patientList","status_code":200,"time":"2024-06-04 11:47:31"}
{"client_ip":"::1","level":"info","msg":"","req_method":"POST","req_uri":"/doctor/application/get","status_code":200,"time":"2024-06-04 11:47:31"}
{"client_ip":"::1","level":"info","msg":"","req_method":"POST","req_uri":"/admin/find","status_code":200,"time":"2024-06-04 11:47:37"}
{"client_ip":"::1","level":"info","msg":"","req_method":"POST","req_uri":"/admin/find","status_code":401,"time":"2024-06-04 11:48:02"}
{"client_ip":"::1","level":"info","msg":"","req_method":"POST","req_uri":"/patient/register","status_code":200,"time":"2024-06-04 11:48:18"}
{"client_ip":"::1","level":"info","msg":"","req_method":"GET","req_uri":"/patient/getimg?imageName=static/images/20240531/1717126796.png","status_code":200,"time":"2024-06-04 11:48:18"}
{"client_ip":"::1","level":"info","msg":"","req_method":"POST","req_uri":"/admin/findAll","status_code":200,"time":"2024-06-04 11:48:20"}
{"client_ip":"::1","level":"info","msg":"","req_method":"POST","req_uri":"/appointment/getdoctorschedule","status_code":200,"time":"2024-06-04 11:48:20"}
{"client_ip":"::1","level":"info","msg":"","req_method":"GET","req_uri":"/patient/getimg?imageName=static/images/20240601/1717209120.png","status_code":200,"time":"2024-06-04 11:48:20"}
{"client_ip":"::1","level":"info","msg":"","req_method":"POST","req_uri":"/appointment/getappointment","status_code":200,"time":"2024-06-04 11:48:22"}
{"client_ip":"::1","level":"info","msg":"","req_method":"POST","req_uri":"/appointment/getappointment","status_code":200,"time":"2024-06-04 11:48:24"}
{"client_ip":"::1","level":"info","msg":"","req_method":"POST","req_uri":"/admin/schedule/getdoctorschedule","status_code":200,"time":"2024-06-04 11:49:29"}
{"client_ip":"::1","level":"info","msg":"","req_method":"POST","req_uri":"/admin/schedule/finfdoctorschedule","status_code":200,"time":"2024-06-04 11:53:21"}
{"client_ip":"::1","level":"info","msg":"","req_method":"POST","req_uri":"/admin/schedule/finfdoctorschedule","status_code":200,"time":"2024-06-04 11:53:22"}
{"client_ip":"::1","level":"info","msg":"","req_method":"POST","req_uri":"/admin/schedule/finfdoctorschedule","status_code":200,"time":"2024-06-04 11:53:23"}
{"client_ip":"::1","level":"info","msg":"","req_method":"POST","req_uri":"/admin/schedule/finfdoctorschedule","status_code":200,"time":"2024-06-04 11:53:25"}
{"client_ip":"::1","level":"info","msg":"","req_method":"POST","req_uri":"/admin/findAll","status_code":200,"time":"2024-06-04 14:15:40"}
{"client_ip":"::1","level":"info","msg":"","req_method":"POST","req_uri":"/appointment/getdoctorschedule","status_code":200,"time":"2024-06-04 14:15:40"}
{"client_ip":"::1","level":"info","msg":"","req_method":"GET","req_uri":"/patient/getimg?imageName=static/images/20240601/1717209120.png","status_code":200,"time":"2024-06-04 14:15:40"}
{"client_ip":"::1","level":"info","msg":"","req_method":"POST","req_uri":"/doctor/register","status_code":401,"time":"2024-06-04 14:15:55"}
{"client_ip":"::1","level":"info","msg":"","req_method":"POST","req_uri":"/doctor/register","status_code":200,"time":"2024-06-04 14:16:08"}
{"client_ip":"::1","level":"info","msg":"","req_method":"POST","req_uri":"/admin/findAll","status_code":200,"time":"2024-06-04 14:16:08"}
{"client_ip":"::1","level":"info","msg":"","req_method":"GET","req_uri":"/patient/getimg?imageName=static/images/20240602/1717320564.png","status_code":200,"time":"2024-06-04 14:16:08"}
{"client_ip":"::1","level":"info","msg":"","req_method":"POST","req_uri":"/doctor/gtedoctorschedule","status_code":200,"time":"2024-06-04 14:16:11"}
{"client_ip":"::1","level":"info","msg":"","req_method":"POST","req_uri":"/doctor/application/get","status_code":200,"time":"2024-06-04 14:16:12"}
{"client_ip":"::1","level":"info","msg":"","req_method":"POST","req_uri":"/doctor/gtepatient","status_code":200,"time":"2024-06-04 14:16:15"}
{"client_ip":"::1","level":"info","msg":"","req_method":"POST","req_uri":"/doctor/application/get","status_code":200,"time":"2024-06-04 14:16:24"}
{"client_ip":"::1","level":"info","msg":"","req_method":"POST","req_uri":"/doctor/gtedoctorschedule","status_code":200,"time":"2024-06-04 14:16:25"}
{"client_ip":"::1","level":"info","msg":"","req_method":"POST","req_uri":"/admin/findAll","status_code":200,"time":"2024-06-04 14:16:26"}
{"client_ip":"::1","level":"info","msg":"","req_method":"POST","req_uri":"/patient/register","status_code":200,"time":"2024-06-04 14:16:39"}
{"client_ip":"::1","level":"info","msg":"","req_method":"GET","req_uri":"/patient/getimg?imageName=static/images/20240531/1717126796.png","status_code":200,"time":"2024-06-04 14:16:39"}
{"client_ip":"::1","level":"info","msg":"","req_method":"POST","req_uri":"/admin/findAll","status_code":200,"time":"2024-06-04 14:16:43"}
{"client_ip":"::1","level":"info","msg":"","req_method":"POST","req_uri":"/appointment/getdoctorschedule","status_code":200,"time":"2024-06-04 14:16:43"}
{"client_ip":"::1","level":"info","msg":"","req_method":"POST","req_uri":"/appointment/getappointment","status_code":200,"time":"2024-06-04 14:16:44"}
{"client_ip":"::1","level":"info","msg":"","req_method":"POST","req_uri":"/appointment/getappointment","status_code":200,"time":"2024-06-04 14:16:46"}
{"client_ip":"::1","level":"info","msg":"","req_method":"POST","req_uri":"/appointment/getappointment","status_code":200,"time":"2024-06-04 14:18:02"}
{"client_ip":"::1","level":"info","msg":"","req_method":"POST","req_uri":"/appointment/getappointment","status_code":200,"time":"2024-06-04 14:20:28"}
{"client_ip":"::1","level":"info","msg":"","req_method":"POST","req_uri":"/appointment/getappointment","status_code":200,"time":"2024-06-04 14:20:45"}
{"client_ip":"::1","level":"info","msg":"","req_method":"POST","req_uri":"/appointment/getappointment","status_code":200,"time":"2024-06-04 14:21:14"}
{"client_ip":"::1","level":"info","msg":"","req_method":"POST","req_uri":"/appointment/getappointment","status_code":200,"time":"2024-06-04 14:22:06"}
{"client_ip":"::1","level":"info","msg":"","req_method":"POST","req_uri":"/appointment/getappointment","status_code":200,"time":"2024-06-04 14:22:07"}
{"client_ip":"::1","level":"info","msg":"","req_method":"POST","req_uri":"/appointment/getappointment","status_code":200,"time":"2024-06-04 14:22:07"}
{"client_ip":"::1","level":"info","msg":"","req_method":"POST","req_uri":"/appointment/getappointment","status_code":200,"time":"2024-06-04 14:22:08"}
{"client_ip":"::1","level":"info","msg":"","req_method":"POST","req_uri":"/appointment/getappointment","status_code":200,"time":"2024-06-04 14:22:10"}
{"client_ip":"::1","level":"info","msg":"","req_method":"POST","req_uri":"/appointment/getappointment","status_code":200,"time":"2024-06-04 14:22:11"}
{"client_ip":"::1","level":"info","msg":"","req_method":"POST","req_uri":"/appointment/getappointment","status_code":200,"time":"2024-06-04 14:22:13"}
{"client_ip":"::1","level":"info","msg":"","req_method":"POST","req_uri":"/appointment/setappointment","status_code":200,"time":"2024-06-04 14:22:17"}
{"client_ip":"::1","level":"info","msg":"","req_method":"POST","req_uri":"/appointment/setappointment","status_code":201,"time":"2024-06-04 14:22:23"}
{"client_ip":"::1","level":"info","msg":"","req_method":"POST","req_uri":"/appointment/getappointment","status_code":200,"time":"2024-06-04 14:22:25"}
{"client_ip":"::1","level":"info","msg":"","req_method":"POST","req_uri":"/appointment/setappointment","status_code":201,"time":"2024-06-04 14:22:29"}
{"client_ip":"::1","level":"info","msg":"","req_method":"POST","req_uri":"/appointment/setappointment","status_code":201,"time":"2024-06-04 14:22:34"}
{"client_ip":"::1","level":"info","msg":"","req_method":"POST","req_uri":"/appointment/setappointment","status_code":201,"time":"2024-06-04 14:22:37"}
{"client_ip":"::1","level":"info","msg":"","req_method":"POST","req_uri":"/appointment/setappointment","status_code":201,"time":"2024-06-04 14:23:03"}
{"client_ip":"::1","level":"info","msg":"","req_method":"POST","req_uri":"/appointment/getappointment","status_code":200,"time":"2024-06-04 14:23:13"}
{"client_ip":"::1","level":"info","msg":"","req_method":"POST","req_uri":"/appointment/setappointment","status_code":200,"time":"2024-06-04 14:23:23"}
{"client_ip":"::1","level":"info","msg":"","req_method":"POST","req_uri":"/appointment/setappointment","status_code":200,"time":"2024-06-04 14:23:30"}
{"client_ip":"::1","level":"info","msg":"","req_method":"POST","req_uri":"/appointment/setappointment","status_code":200,"time":"2024-06-04 14:23:34"}
{"client_ip":"::1","level":"info","msg":"","req_method":"POST","req_uri":"/appointment/setappointment","status_code":201,"time":"2024-06-04 14:23:36"}
{"client_ip":"::1","level":"info","msg":"","req_method":"POST","req_uri":"/appointment/setappointment","status_code":200,"time":"2024-06-04 14:36:03"}
{"client_ip":"::1","level":"info","msg":"","req_method":"POST","req_uri":"/appointment/getappointment","status_code":200,"time":"2024-06-04 14:36:15"}
{"client_ip":"::1","level":"info","msg":"","req_method":"POST","req_uri":"/appointment/setappointment","status_code":201,"time":"2024-06-04 14:36:22"}
{"client_ip":"::1","level":"info","msg":"","req_method":"POST","req_uri":"/appointment/setappointment","status_code":201,"time":"2024-06-04 14:36:24"}
{"client_ip":"::1","level":"info","msg":"","req_method":"POST","req_uri":"/appointment/setappointment","status_code":201,"time":"2024-06-04 14:36:29"}
{"client_ip":"::1","level":"info","msg":"","req_method":"POST","req_uri":"/appointment/getappointment","status_code":200,"time":"2024-06-04 14:36:51"}
{"client_ip":"::1","level":"info","msg":"","req_method":"POST","req_uri":"/appointment/getappointment","status_code":200,"time":"2024-06-04 14:36:54"}
{"client_ip":"::1","level":"info","msg":"","req_method":"POST","req_uri":"/appointment/setappointment","status_code":200,"time":"2024-06-04 14:37:03"}
{"client_ip":"::1","level":"info","msg":"","req_method":"POST","req_uri":"/appointment/setappointment","status_code":200,"time":"2024-06-04 14:37:14"}
{"client_ip":"::1","level":"info","msg":"","req_method":"POST","req_uri":"/appointment/setappointment","status_code":201,"time":"2024-06-04 14:37:24"}
{"client_ip":"::1","level":"info","msg":"","req_method":"POST","req_uri":"/appointment/setappointment","status_code":201,"time":"2024-06-04 14:40:01"}
{"client_ip":"::1","level":"info","msg":"","req_method":"POST","req_uri":"/appointment/getappointment","status_code":200,"time":"2024-06-04 14:40:06"}
{"client_ip":"::1","level":"info","msg":"","req_method":"POST","req_uri":"/appointment/getappointment","status_code":200,"time":"2024-06-04 14:40:10"}
{"client_ip":"::1","level":"info","msg":"","req_method":"POST","req_uri":"/appointment/getappointment","status_code":200,"time":"2024-06-04 14:40:12"}
{"client_ip":"::1","level":"info","msg":"","req_method":"POST","req_uri":"/appointment/getappointment","status_code":200,"time":"2024-06-04 14:40:18"}
{"client_ip":"::1","level":"info","msg":"","req_method":"POST","req_uri":"/appointment/getappointment","status_code":200,"time":"2024-06-04 14:40:25"}
{"client_ip":"::1","level":"info","msg":"","req_method":"POST","req_uri":"/appointment/getappointment","status_code":200,"time":"2024-06-04 14:40:30"}
{"client_ip":"::1","level":"info","msg":"","req_method":"POST","req_uri":"/appointment/setappointment","status_code":201,"time":"2024-06-04 14:40:37"}
{"client_ip":"::1","level":"info","msg":"","req_method":"POST","req_uri":"/appointment/setappointment","status_code":201,"time":"2024-06-04 14:40:57"}
{"client_ip":"::1","level":"info","msg":"","req_method":"POST","req_uri":"/appointment/setappointment","status_code":201,"time":"2024-06-04 14:48:01"}
{"client_ip":"::1","level":"info","msg":"","req_method":"POST","req_uri":"/appointment/setappointment","status_code":201,"time":"2024-06-04 14:48:07"}
{"client_ip":"::1","level":"info","msg":"","req_method":"POST","req_uri":"/appointment/setappointment","status_code":201,"time":"2024-06-04 14:48:19"}
{"client_ip":"::1","level":"info","msg":"","req_method":"POST","req_uri":"/appointment/setappointment","status_code":200,"time":"2024-06-04 14:50:50"}
{"client_ip":"::1","level":"info","msg":"","req_method":"POST","req_uri":"/appointment/getappointment","status_code":200,"time":"2024-06-04 14:50:51"}
{"client_ip":"::1","level":"info","msg":"","req_method":"POST","req_uri":"/appointment/getappointment","status_code":200,"time":"2024-06-04 14:51:03"}
{"client_ip":"::1","level":"info","msg":"","req_method":"POST","req_uri":"/appointment/getappointment","status_code":200,"time":"2024-06-04 14:51:05"}
{"client_ip":"::1","level":"info","msg":"","req_method":"POST","req_uri":"/appointment/setappointment","status_code":200,"time":"2024-06-04 14:51:33"}
{"client_ip":"::1","level":"info","msg":"","req_method":"POST","req_uri":"/appointment/setappointment","status_code":200,"time":"2024-06-04 14:51:42"}
{"client_ip":"::1","level":"info","msg":"","req_method":"POST","req_uri":"/appointment/getappointment","status_code":200,"time":"2024-06-04 14:51:43"}
{"client_ip":"::1","level":"info","msg":"","req_method":"POST","req_uri":"/appointment/getappointment","status_code":200,"time":"2024-06-04 14:51:46"}
{"client_ip":"::1","level":"info","msg":"","req_method":"POST","req_uri":"/appointment/setappointment","status_code":200,"time":"2024-06-04 14:51:54"}
{"client_ip":"::1","level":"info","msg":"","req_method":"POST","req_uri":"/appointment/getappointment","status_code":200,"time":"2024-06-04 14:51:54"}
{"client_ip":"::1","level":"info","msg":"","req_method":"POST","req_uri":"/appointment/setappointment","status_code":200,"time":"2024-06-04 14:52:04"}
{"client_ip":"::1","level":"info","msg":"","req_method":"POST","req_uri":"/appointment/setappointment","status_code":200,"time":"2024-06-04 14:52:07"}
{"client_ip":"::1","level":"info","msg":"","req_method":"POST","req_uri":"/appointment/setappointment","status_code":200,"time":"2024-06-04 14:52:12"}
{"client_ip":"::1","level":"info","msg":"","req_method":"POST","req_uri":"/appointment/setappointment","status_code":200,"time":"2024-06-04 14:52:15"}
{"client_ip":"::1","level":"info","msg":"","req_method":"POST","req_uri":"/appointment/setappointment","status_code":200,"time":"2024-06-04 14:52:26"}
{"client_ip":"::1","level":"info","msg":"","req_method":"POST","req_uri":"/appointment/setappointment","status_code":200,"time":"2024-06-04 14:53:05"}
{"client_ip":"::1","level":"info","msg":"","req_method":"GET","req_uri":"/patient/getimg?imageName=static/images/20240531/1717126796.png","status_code":200,"time":"2024-06-04 14:53:08"}
{"client_ip":"::1","level":"info","msg":"","req_method":"POST","req_uri":"/appointment/getappointment","status_code":200,"time":"2024-06-04 14:53:08"}
{"client_ip":"::1","level":"info","msg":"","req_method":"GET","req_uri":"/patient/getimg?imageName=static/images/20240531/1717126796.png","status_code":200,"time":"2024-06-04 14:53:09"}
{"client_ip":"::1","level":"info","msg":"","req_method":"POST","req_uri":"/appointment/setappointment","status_code":200,"time":"2024-06-04 14:53:12"}
{"client_ip":"::1","level":"info","msg":"","req_method":"POST","req_uri":"/appointment/setappointment","status_code":200,"time":"2024-06-04 14:53:24"}
{"client_ip":"::1","level":"info","msg":"","req_method":"POST","req_uri":"/appointment/setappointment","status_code":201,"time":"2024-06-04 14:55:24"}
{"client_ip":"::1","level":"info","msg":"","req_method":"POST","req_uri":"/appointment/setappointment","status_code":200,"time":"2024-06-04 14:55:27"}
{"client_ip":"::1","level":"info","msg":"","req_method":"POST","req_uri":"/appointment/setappointment","status_code":200,"time":"2024-06-04 14:55:30"}
{"client_ip":"::1","level":"info","msg":"","req_method":"POST","req_uri":"/appointment/setappointment","status_code":200,"time":"2024-06-04 14:56:11"}
{"client_ip":"::1","level":"info","msg":"","req_method":"POST","req_uri":"/appointment/setappointment","status_code":200,"time":"2024-06-04 14:56:13"}
{"client_ip":"::1","level":"info","msg":"","req_method":"POST","req_uri":"/appointment/setappointment","status_code":200,"time":"2024-06-04 14:56:17"}
{"client_ip":"::1","level":"info","msg":"","req_method":"POST","req_uri":"/appointment/getappointment","status_code":200,"time":"2024-06-04 14:56:28"}
{"client_ip":"::1","level":"info","msg":"","req_method":"POST","req_uri":"/appointment/getappointment","status_code":200,"time":"2024-06-04 14:56:40"}
{"client_ip":"::1","level":"info","msg":"","req_method":"POST","req_uri":"/appointment/getappointment","status_code":200,"time":"2024-06-04 14:56:45"}
{"client_ip":"::1","level":"info","msg":"","req_method":"POST","req_uri":"/appointment/setappointment","status_code":200,"time":"2024-06-04 14:56:54"}
{"client_ip":"::1","level":"info","msg":"","req_method":"POST","req_uri":"/appointment/getappointment","status_code":200,"time":"2024-06-04 14:56:54"}
{"client_ip":"::1","level":"info","msg":"","req_method":"GET","req_uri":"/patient/getimg?imageName=static/images/20240531/1717126796.png","status_code":200,"time":"2024-06-04 14:56:58"}
{"client_ip":"::1","level":"info","msg":"","req_method":"GET","req_uri":"/patient/getimg?imageName=static/images/20240531/1717126796.png","status_code":200,"time":"2024-06-04 14:56:58"}
{"client_ip":"::1","level":"info","msg":"","req_method":"GET","req_uri":"/patient/getimg?imageName=static/images/20240531/1717126796.png","status_code":200,"time":"2024-06-04 14:57:03"}
{"client_ip":"::1","level":"info","msg":"","req_method":"GET","req_uri":"/patient/getimg?imageName=static/images/20240531/1717126796.png","status_code":200,"time":"2024-06-04 14:57:04"}
{"client_ip":"::1","level":"info","msg":"","req_method":"POST","req_uri":"/patient/register","status_code":200,"time":"2024-06-04 14:57:18"}
{"client_ip":"::1","level":"info","msg":"","req_method":"POST","req_uri":"/appointment/getappointment","status_code":200,"time":"2024-06-04 14:58:38"}
{"client_ip":"::1","level":"info","msg":"","req_method":"POST","req_uri":"/appointment/getappointment","status_code":200,"time":"2024-06-04 14:58:50"}
{"client_ip":"::1","level":"info","msg":"","req_method":"POST","req_uri":"/appointment/setappointment","status_code":200,"time":"2024-06-04 14:58:58"}
{"client_ip":"::1","level":"info","msg":"","req_method":"POST","req_uri":"/appointment/getappointment","status_code":200,"time":"2024-06-04 14:58:58"}
{"client_ip":"::1","level":"info","msg":"","req_method":"POST","req_uri":"/appointment/getappointment","status_code":200,"time":"2024-06-04 15:00:26"}
{"client_ip":"::1","level":"info","msg":"","req_method":"POST","req_uri":"/appointment/getappointment","status_code":200,"time":"2024-06-04 15:01:04"}
{"client_ip":"::1","level":"info","msg":"","req_method":"POST","req_uri":"/appointment/getappointment","status_code":200,"time":"2024-06-04 15:01:14"}
{"client_ip":"::1","level":"info","msg":"","req_method":"POST","req_uri":"/appointment/getappointment","status_code":200,"time":"2024-06-04 15:01:14"}
{"client_ip":"::1","level":"info","msg":"","req_method":"POST","req_uri":"/appointment/getappointment","status_code":200,"time":"2024-06-04 15:01:16"}
{"client_ip":"::1","level":"info","msg":"","req_method":"POST","req_uri":"/appointment/setappointment","status_code":200,"time":"2024-06-04 15:01:21"}
{"client_ip":"::1","level":"info","msg":"","req_method":"POST","req_uri":"/appointment/getappointment","status_code":200,"time":"2024-06-04 15:01:21"}
{"client_ip":"::1","level":"info","msg":"","req_method":"POST","req_uri":"/appointment/getappointment","status_code":200,"time":"2024-06-04 15:01:53"}
{"client_ip":"::1","level":"info","msg":"","req_method":"POST","req_uri":"/appointment/getappointment","status_code":200,"time":"2024-06-04 15:01:54"}
{"client_ip":"::1","level":"info","msg":"","req_method":"POST","req_uri":"/appointment/getappointment","status_code":200,"time":"2024-06-04 15:01:54"}
{"client_ip":"::1","level":"info","msg":"","req_method":"POST","req_uri":"/appointment/getappointment","status_code":200,"time":"2024-06-04 15:01:55"}
{"client_ip":"::1","level":"info","msg":"","req_method":"POST","req_uri":"/appointment/getappointment","status_code":200,"time":"2024-06-04 15:02:00"}
{"client_ip":"::1","level":"info","msg":"","req_method":"POST","req_uri":"/appointment/getdoctorschedule","status_code":200,"time":"2024-06-04 15:02:02"}
{"client_ip":"::1","level":"info","msg":"","req_method":"POST","req_uri":"/admin/findAll","status_code":200,"time":"2024-06-04 15:02:02"}
{"client_ip":"::1","level":"info","msg":"","req_method":"GET","req_uri":"/patient/getimg?imageName=static/images/20240601/1717209120.png","status_code":200,"time":"2024-06-04 15:02:02"}
{"client_ip":"::1","level":"info","msg":"","req_method":"POST","req_uri":"/appointment/getdoctorschedule","status_code":200,"time":"2024-06-04 15:02:09"}
{"client_ip":"::1","level":"info","msg":"","req_method":"POST","req_uri":"/appointment/getdoctorschedule","status_code":200,"time":"2024-06-04 15:02:10"}
{"client_ip":"::1","level":"info","msg":"","req_method":"POST","req_uri":"/appointment/getdoctorschedule","status_code":200,"time":"2024-06-04 15:02:11"}
{"client_ip":"::1","level":"info","msg":"","req_method":"POST","req_uri":"/appointment/getdoctorschedule","status_code":200,"time":"2024-06-04 15:02:11"}
{"client_ip":"::1","level":"info","msg":"","req_method":"POST","req_uri":"/appointment/getdoctorschedule","status_code":200,"time":"2024-06-04 15:02:12"}
{"client_ip":"::1","level":"info","msg":"","req_method":"POST","req_uri":"/appointment/getdoctorschedule","status_code":200,"time":"2024-06-04 15:02:17"}
{"client_ip":"::1","level":"info","msg":"","req_method":"GET","req_uri":"/patient/getimg?imageName=static/images/20240602/1717320564.png","status_code":200,"time":"2024-06-04 15:02:17"}
{"client_ip":"::1","level":"info","msg":"","req_method":"POST","req_uri":"/appointment/getdoctorschedule","status_code":200,"time":"2024-06-04 15:02:28"}
{"client_ip":"::1","level":"info","msg":"","req_method":"POST","req_uri":"/appointment/getdoctorschedule","status_code":200,"time":"2024-06-04 15:02:31"}
{"client_ip":"::1","level":"info","msg":"","req_method":"POST","req_uri":"/appointment/getdoctorschedule","status_code":200,"time":"2024-06-04 15:02:33"}
{"client_ip":"::1","level":"info","msg":"","req_method":"GET","req_uri":"/patient/getimg?imageName=static/images/20240601/1717209120.png","status_code":200,"time":"2024-06-04 15:02:33"}
{"client_ip":"::1","level":"info","msg":"","req_method":"GET","req_uri":"/patient/getimg?imageName=static/images/20240602/1717320564.png","status_code":200,"time":"2024-06-04 15:02:33"}
{"client_ip":"::1","level":"info","msg":"","req_method":"POST","req_uri":"/appointment/getdoctorschedule","status_code":200,"time":"2024-06-04 15:02:35"}
{"client_ip":"::1","level":"info","msg":"","req_method":"POST","req_uri":"/appointment/getdoctorschedule","status_code":200,"time":"2024-06-04 15:02:37"}
{"client_ip":"::1","level":"info","msg":"","req_method":"POST","req_uri":"/appointment/getdoctorschedule","status_code":200,"time":"2024-06-04 15:02:39"}
{"client_ip":"::1","level":"info","msg":"","req_method":"POST","req_uri":"/appointment/getdoctorschedule","status_code":200,"time":"2024-06-04 15:02:41"}
{"client_ip":"::1","level":"info","msg":"","req_method":"GET","req_uri":"/patient/getimg?imageName=static/images/20240601/1717209120.png","status_code":200,"time":"2024-06-04 15:02:41"}
{"client_ip":"::1","level":"info","msg":"","req_method":"GET","req_uri":"/patient/getimg?imageName=static/images/20240602/1717320564.png","status_code":200,"time":"2024-06-04 15:02:41"}
{"client_ip":"::1","level":"info","msg":"","req_method":"POST","req_uri":"/appointment/getdoctorschedule","status_code":200,"time":"2024-06-04 15:02:44"}
{"client_ip":"::1","level":"info","msg":"","req_method":"GET","req_uri":"/patient/getimg?imageName=static/images/20240531/1717126796.png","status_code":200,"time":"2024-06-04 15:26:05"}
{"client_ip":"::1","level":"info","msg":"","req_method":"POST","req_uri":"/admin/findAll","status_code":200,"time":"2024-06-04 15:26:05"}
{"client_ip":"::1","level":"info","msg":"","req_method":"POST","req_uri":"/appointment/getdoctorschedule","status_code":200,"time":"2024-06-04 15:26:05"}
{"client_ip":"::1","level":"info","msg":"","req_method":"GET","req_uri":"/patient/getimg?imageName=static/images/20240601/1717209120.png","status_code":200,"time":"2024-06-04 15:26:05"}
{"client_ip":"::1","level":"info","msg":"","req_method":"POST","req_uri":"/appointment/getdoctorschedule","status_code":200,"time":"2024-06-04 15:26:10"}
{"client_ip":"::1","level":"info","msg":"","req_method":"POST","req_uri":"/appointment/getdoctorschedule","status_code":200,"time":"2024-06-04 15:26:13"}
{"client_ip":"::1","level":"info","msg":"","req_method":"GET","req_uri":"/patient/getimg?imageName=static/images/20240602/1717320564.png","status_code":200,"time":"2024-06-04 15:26:13"}
{"client_ip":"::1","level":"info","msg":"","req_method":"POST","req_uri":"/appointment/add","status_code":200,"time":"2024-06-04 15:26:25"}
{"client_ip":"::1","level":"info","msg":"","req_method":"POST","req_uri":"/appointment/getdoctorschedule","status_code":200,"time":"2024-06-04 15:26:25"}
{"client_ip":"::1","level":"info","msg":"","req_method":"POST","req_uri":"/appointment/getdoctorschedule","status_code":200,"time":"2024-06-04 15:26:29"}
{"client_ip":"::1","level":"info","msg":"","req_method":"POST","req_uri":"/appointment/getdoctorschedule","status_code":200,"time":"2024-06-04 15:26:36"}
{"client_ip":"::1","level":"info","msg":"","req_method":"GET","req_uri":"/patient/getimg?imageName=static/images/20240601/1717209120.png","status_code":200,"time":"2024-06-04 15:26:36"}
{"client_ip":"::1","level":"info","msg":"","req_method":"POST","req_uri":"/appointment/getdoctorschedule","status_code":200,"time":"2024-06-04 15:26:39"}
{"client_ip":"::1","level":"info","msg":"","req_method":"POST","req_uri":"/appointment/add","status_code":200,"time":"2024-06-04 15:26:43"}
{"client_ip":"::1","level":"info","msg":"","req_method":"POST","req_uri":"/appointment/getdoctorschedule","status_code":200,"time":"2024-06-04 15:26:43"}
{"client_ip":"::1","level":"info","msg":"","req_method":"POST","req_uri":"/appointment/getdoctorschedule","status_code":200,"time":"2024-06-04 15:26:46"}
{"client_ip":"::1","level":"info","msg":"","req_method":"POST","req_uri":"/appointment/getdoctorschedule","status_code":200,"time":"2024-06-04 15:26:46"}
{"client_ip":"::1","level":"info","msg":"","req_method":"POST","req_uri":"/appointment/getdoctorschedule","status_code":200,"time":"2024-06-04 15:26:47"}
{"client_ip":"::1","level":"info","msg":"","req_method":"POST","req_uri":"/appointment/getdoctorschedule","status_code":200,"time":"2024-06-04 15:26:48"}
{"client_ip":"::1","level":"info","msg":"","req_method":"POST","req_uri":"/appointment/getdoctorschedule","status_code":200,"time":"2024-06-04 15:26:50"}
{"client_ip":"::1","level":"info","msg":"","req_method":"POST","req_uri":"/appointment/getdoctorschedule","status_code":200,"time":"2024-06-04 15:26:54"}
{"client_ip":"::1","level":"info","msg":"","req_method":"POST","req_uri":"/appointment/getdoctorschedule","status_code":200,"time":"2024-06-04 15:26:58"}
{"client_ip":"::1","level":"info","msg":"","req_method":"POST","req_uri":"/appointment/getdoctorschedule","status_code":200,"time":"2024-06-04 15:27:01"}
{"client_ip":"::1","level":"info","msg":"","req_method":"POST","req_uri":"/appointment/getdoctorschedule","status_code":200,"time":"2024-06-04 15:27:01"}
{"client_ip":"::1","level":"info","msg":"","req_method":"POST","req_uri":"/appointment/getdoctorschedule","status_code":200,"time":"2024-06-04 15:27:05"}
{"client_ip":"::1","level":"info","msg":"","req_method":"POST","req_uri":"/appointment/getdoctorschedule","status_code":200,"time":"2024-06-04 15:27:10"}
{"client_ip":"::1","level":"info","msg":"","req_method":"GET","req_uri":"/patient/getimg?imageName=static/images/20240601/1717209120.png","status_code":200,"time":"2024-06-04 15:27:10"}
{"client_ip":"::1","level":"info","msg":"","req_method":"POST","req_uri":"/appointment/add","status_code":200,"time":"2024-06-04 15:27:17"}
{"client_ip":"::1","level":"info","msg":"","req_method":"POST","req_uri":"/appointment/getdoctorschedule","status_code":200,"time":"2024-06-04 15:27:17"}
{"client_ip":"::1","level":"info","msg":"","req_method":"POST","req_uri":"/appointment/getappointment","status_code":200,"time":"2024-06-04 15:27:28"}
{"client_ip":"::1","level":"info","msg":"","req_method":"POST","req_uri":"/doctor/register","status_code":200,"time":"2024-06-04 15:27:50"}
{"client_ip":"::1","level":"info","msg":"","req_method":"POST","req_uri":"/admin/findAll","status_code":200,"time":"2024-06-04 15:27:50"}
{"client_ip":"::1","level":"info","msg":"","req_method":"POST","req_uri":"/admin/findAll","status_code":200,"time":"2024-06-04 15:27:54"}
{"client_ip":"::1","level":"info","msg":"","req_method":"POST","req_uri":"/appointment/getdoctorschedule","status_code":200,"time":"2024-06-04 15:27:54"}
{"client_ip":"::1","level":"info","msg":"","req_method":"POST","req_uri":"/admin/findAll","status_code":200,"time":"2024-06-04 15:28:00"}
{"client_ip":"::1","level":"info","msg":"","req_method":"POST","req_uri":"/appointment/getdoctorschedule","status_code":200,"time":"2024-06-04 15:28:00"}
{"client_ip":"::1","level":"info","msg":"","req_method":"POST","req_uri":"/admin/findAll","status_code":200,"time":"2024-06-04 15:28:06"}
{"client_ip":"::1","level":"info","msg":"","req_method":"POST","req_uri":"/doctor/gtedoctorschedule","status_code":200,"time":"2024-06-04 15:28:13"}
{"client_ip":"::1","level":"info","msg":"","req_method":"POST","req_uri":"/doctor/gtedoctorschedule","status_code":200,"time":"2024-06-04 15:28:15"}
{"client_ip":"::1","level":"info","msg":"","req_method":"POST","req_uri":"/doctor/gtedoctorschedule","status_code":200,"time":"2024-06-04 15:28:15"}
{"client_ip":"::1","level":"info","msg":"","req_method":"POST","req_uri":"/doctor/gtedoctorschedule","status_code":200,"time":"2024-06-04 15:28:17"}
{"client_ip":"::1","level":"info","msg":"","req_method":"POST","req_uri":"/doctor/gtedoctorschedule","status_code":200,"time":"2024-06-04 15:28:19"}
{"client_ip":"::1","level":"info","msg":"","req_method":"POST","req_uri":"/doctor/gtedoctorschedule","status_code":200,"time":"2024-06-04 15:28:20"}
{"client_ip":"::1","level":"info","msg":"","req_method":"POST","req_uri":"/doctor/gtedoctorschedule","status_code":200,"time":"2024-06-04 15:28:22"}
{"client_ip":"::1","level":"info","msg":"","req_method":"POST","req_uri":"/doctor/application/get","status_code":200,"time":"2024-06-04 15:28:26"}
{"client_ip":"::1","level":"info","msg":"","req_method":"POST","req_uri":"/doctor/application/set","status_code":200,"time":"2024-06-04 15:28:50"}
{"client_ip":"::1","level":"info","msg":"","req_method":"POST","req_uri":"/doctor/application/set","status_code":200,"time":"2024-06-04 15:28:56"}
{"client_ip":"::1","level":"info","msg":"","req_method":"POST","req_uri":"/doctor/application/set","status_code":200,"time":"2024-06-04 15:29:05"}
{"client_ip":"::1","level":"info","msg":"","req_method":"POST","req_uri":"/doctor/gtedoctorschedule","status_code":200,"time":"2024-06-04 15:29:17"}
{"client_ip":"::1","level":"info","msg":"","req_method":"POST","req_uri":"/admin/findAll","status_code":200,"time":"2024-06-04 15:29:18"}
{"client_ip":"::1","level":"info","msg":"","req_method":"POST","req_uri":"/doctor/gtedoctorschedule","status_code":200,"time":"2024-06-04 15:29:19"}
{"client_ip":"::1","level":"info","msg":"","req_method":"POST","req_uri":"/doctor/gtepatient","status_code":200,"time":"2024-06-04 15:29:20"}
{"client_ip":"::1","level":"info","msg":"","req_method":"POST","req_uri":"/doctor/gtepatient","status_code":200,"time":"2024-06-04 15:29:25"}
{"client_ip":"::1","level":"info","msg":"","req_method":"POST","req_uri":"/doctor/gtepatient","status_code":200,"time":"2024-06-04 15:29:29"}
{"client_ip":"::1","level":"info","msg":"","req_method":"POST","req_uri":"/doctor/gtepatient","status_code":200,"time":"2024-06-04 15:29:36"}
{"client_ip":"::1","level":"info","msg":"","req_method":"POST","req_uri":"/doctor/gtepatient","status_code":200,"time":"2024-06-04 15:29:39"}
{"client_ip":"::1","level":"info","msg":"","req_method":"POST","req_uri":"/doctor/gtepatient","status_code":200,"time":"2024-06-04 15:29:41"}
{"client_ip":"::1","level":"info","msg":"","req_method":"POST","req_uri":"/doctor/gtepatient","status_code":200,"time":"2024-06-04 15:29:43"}
{"client_ip":"::1","level":"info","msg":"","req_method":"POST","req_uri":"/doctor/gtepatient","status_code":200,"time":"2024-06-04 15:29:53"}
{"client_ip":"::1","level":"info","msg":"","req_method":"POST","req_uri":"/admin/register","status_code":200,"time":"2024-06-04 15:30:05"}
{"client_ip":"::1","level":"info","msg":"","req_method":"POST","req_uri":"/admin/find","status_code":200,"time":"2024-06-04 15:30:08"}
{"client_ip":"::1","level":"info","msg":"","req_method":"POST","req_uri":"/admin/schedule/getdoctorschedule","status_code":200,"time":"2024-06-04 15:30:22"}
{"client_ip":"::1","level":"info","msg":"","req_method":"POST","req_uri":"/appointment/getappointment","status_code":200,"time":"2024-06-04 15:30:44"}
{"client_ip":"::1","level":"info","msg":"","req_method":"POST","req_uri":"/appointment/getappointment","status_code":200,"time":"2024-06-04 15:30:46"}
{"client_ip":"::1","level":"info","msg":"","req_method":"POST","req_uri":"/appointment/getappointment","status_code":200,"time":"2024-06-04 15:30:47"}
{"client_ip":"::1","level":"info","msg":"","req_method":"POST","req_uri":"/admin/findAll","status_code":200,"time":"2024-06-04 15:30:50"}
{"client_ip":"::1","level":"info","msg":"","req_method":"POST","req_uri":"/admin/alldoctor","status_code":200,"time":"2024-06-04 15:30:50"}
{"client_ip":"::1","level":"info","msg":"","req_method":"POST","req_uri":"/admin/alldoctor","status_code":200,"time":"2024-06-04 15:31:00"}
{"client_ip":"::1","level":"info","msg":"","req_method":"POST","req_uri":"/admin/alldoctor","status_code":200,"time":"2024-06-04 15:31:01"}
{"client_ip":"::1","level":"info","msg":"","req_method":"POST","req_uri":"/admin/patient/patientList","status_code":200,"time":"2024-06-04 15:31:06"}
{"client_ip":"::1","level":"info","msg":"","req_method":"POST","req_uri":"/doctor/application/get","status_code":200,"time":"2024-06-04 15:31:10"}
{"client_ip":"::1","level":"info","msg":"","req_method":"POST","req_uri":"/doctor/application/set","status_code":200,"time":"2024-06-04 15:31:20"}
{"client_ip":"::1","level":"info","msg":"","req_method":"POST","req_uri":"/admin/find","status_code":200,"time":"2024-06-04 15:31:29"}
{"client_ip":"::1","level":"info","msg":"","req_method":"POST","req_uri":"/admin/schedule/getdoctorschedule","status_code":200,"time":"2024-06-04 15:31:38"}
{"client_ip":"::1","level":"info","msg":"","req_method":"POST","req_uri":"/admin/findAll","status_code":200,"time":"2024-06-04 15:39:23"}
{"client_ip":"::1","level":"info","msg":"","req_method":"POST","req_uri":"/admin/alldoctor","status_code":200,"time":"2024-06-04 15:39:23"}
{"client_ip":"::1","level":"info","msg":"","req_method":"POST","req_uri":"/admin/alldoctor","status_code":200,"time":"2024-06-04 15:39:26"}
{"client_ip":"::1","level":"info","msg":"","req_method":"POST","req_uri":"/admin/alldoctor","status_code":200,"time":"2024-06-04 15:39:27"}
{"client_ip":"::1","level":"info","msg":"","req_method":"POST","req_uri":"/admin/alldoctor","status_code":200,"time":"2024-06-04 15:39:28"}
{"client_ip":"::1","level":"info","msg":"","req_method":"POST","req_uri":"/admin/alldoctor","status_code":200,"time":"2024-06-04 15:39:29"}
{"client_ip":"::1","level":"info","msg":"","req_method":"POST","req_uri":"/admin/alldoctor","status_code":200,"time":"2024-06-04 15:40:10"}
{"client_ip":"::1","level":"info","msg":"","req_method":"POST","req_uri":"/admin/alldoctor","status_code":200,"time":"2024-06-04 15:40:11"}
{"client_ip":"::1","level":"info","msg":"","req_method":"POST","req_uri":"/admin/alldoctor","status_code":200,"time":"2024-06-04 15:40:11"}
{"client_ip":"::1","level":"info","msg":"","req_method":"POST","req_uri":"/admin/patient/patientList","status_code":200,"time":"2024-06-04 15:40:15"}
{"client_ip":"::1","level":"info","msg":"","req_method":"POST","req_uri":"/doctor/application/get","status_code":200,"time":"2024-06-04 15:40:16"}
{"client_ip":"::1","level":"info","msg":"","req_method":"POST","req_uri":"/admin/patient/patientList","status_code":200,"time":"2024-06-04 15:40:17"}
{"client_ip":"::1","level":"info","msg":"","req_method":"POST","req_uri":"/admin/findAll","status_code":200,"time":"2024-06-04 15:40:18"}
{"client_ip":"::1","level":"info","msg":"","req_method":"POST","req_uri":"/admin/alldoctor","status_code":200,"time":"2024-06-04 15:40:18"}
{"client_ip":"::1","level":"info","msg":"","req_method":"POST","req_uri":"/admin/schedule/getdoctorschedule","status_code":200,"time":"2024-06-04 15:40:20"}
{"client_ip":"::1","level":"info","msg":"","req_method":"POST","req_uri":"/admin/find","status_code":200,"time":"2024-06-04 15:40:21"}
{"client_ip":"::1","level":"info","msg":"","req_method":"POST","req_uri":"/admin/schedule/getdoctorschedule","status_code":200,"time":"2024-06-04 15:41:01"}
{"client_ip":"::1","level":"info","msg":"","req_method":"POST","req_uri":"/admin/find","status_code":200,"time":"2024-06-04 15:41:02"}
{"client_ip":"::1","level":"info","msg":"","req_method":"POST","req_uri":"/admin/findAll","status_code":200,"time":"2024-06-04 16:12:35"}
{"client_ip":"::1","level":"info","msg":"","req_method":"POST","req_uri":"/appointment/getdoctorschedule","status_code":200,"time":"2024-06-04 16:12:35"}
{"client_ip":"::1","level":"info","msg":"","req_method":"GET","req_uri":"/patient/getimg?imageName=static/images/20240601/1717209120.png","status_code":200,"time":"2024-06-04 16:12:35"}
{"client_ip":"::1","level":"info","msg":"","req_method":"POST","req_uri":"/appointment/getdoctorschedule","status_code":200,"time":"2024-06-04 16:12:50"}
{"client_ip":"::1","level":"info","msg":"","req_method":"POST","req_uri":"/patient/register","status_code":200,"time":"2024-06-04 16:13:06"}
{"client_ip":"::1","level":"info","msg":"","req_method":"GET","req_uri":"/patient/getimg?imageName=static/images/20240531/1717126796.png","status_code":200,"time":"2024-06-04 16:13:07"}
{"client_ip":"::1","level":"info","msg":"","req_method":"POST","req_uri":"/patient/doupload","status_code":200,"time":"2024-06-04 16:13:38"}
{"client_ip":"::1","level":"info","msg":"","req_method":"GET","req_uri":"/patient/getimg?imageName=static/images/20240604/1717488818.jpg","status_code":200,"time":"2024-06-04 16:13:38"}
{"client_ip":"::1","level":"info","msg":"","req_method":"POST","req_uri":"/patient/update","status_code":200,"time":"2024-06-04 16:13:40"}
{"client_ip":"::1","level":"info","msg":"","req_method":"GET","req_uri":"/patient/getimg?imageName=static/images/20240604/1717488818.jpg","status_code":200,"time":"2024-06-04 16:13:50"}
{"client_ip":"::1","level":"info","msg":"","req_method":"GET","req_uri":"/patient/getimg?imageName=static/images/20240604/1717488818.jpg","status_code":200,"time":"2024-06-04 16:14:02"}
{"client_ip":"::1","level":"info","msg":"","req_method":"POST","req_uri":"/appointment/getappointment","status_code":200,"time":"2024-06-04 16:14:17"}
{"client_ip":"::1","level":"info","msg":"","req_method":"POST","req_uri":"/admin/findAll","status_code":200,"time":"2024-06-04 16:14:19"}
{"client_ip":"::1","level":"info","msg":"","req_method":"POST","req_uri":"/appointment/getdoctorschedule","status_code":200,"time":"2024-06-04 16:14:19"}
{"client_ip":"::1","level":"info","msg":"","req_method":"GET","req_uri":"/patient/getimg?imageName=static/images/20240601/1717209120.png","status_code":200,"time":"2024-06-04 16:14:19"}
{"client_ip":"::1","level":"info","msg":"","req_method":"POST","req_uri":"/doctor/register","status_code":200,"time":"2024-06-04 16:14:33"}
{"client_ip":"::1","level":"info","msg":"","req_method":"POST","req_uri":"/admin/findAll","status_code":200,"time":"2024-06-04 16:14:33"}
{"client_ip":"::1","level":"info","msg":"","req_method":"GET","req_uri":"/patient/getimg?imageName=static/images/20240602/1717320564.png","status_code":200,"time":"2024-06-04 16:14:33"}
{"client_ip":"::1","level":"info","msg":"","req_method":"POST","req_uri":"/doctor/gtepatient","status_code":200,"time":"2024-06-04 16:14:37"}
{"client_ip":"::1","level":"info","msg":"","req_method":"POST","req_uri":"/doctor/application/get","status_code":200,"time":"2024-06-04 16:14:47"}
{"client_ip":"::1","level":"info","msg":"","req_method":"POST","req_uri":"/doctor/gtedoctorschedule","status_code":200,"time":"2024-06-04 16:14:50"}
{"client_ip":"::1","level":"info","msg":"","req_method":"POST","req_uri":"/admin/register","status_code":200,"time":"2024-06-04 16:15:17"}
{"client_ip":"::1","level":"info","msg":"","req_method":"POST","req_uri":"/admin/find","status_code":200,"time":"2024-06-04 16:15:22"}
{"client_ip":"::1","level":"info","msg":"","req_method":"POST","req_uri":"/admin/schedule/getdoctorschedule","status_code":200,"time":"2024-06-04 16:15:30"}
{"client_ip":"::1","level":"info","msg":"","req_method":"POST","req_uri":"/admin/schedule/getdoctorschedule","status_code":200,"time":"2024-06-04 16:15:54"}
{"client_ip":"::1","level":"info","msg":"","req_method":"POST","req_uri":"/appointment/getappointment","status_code":200,"time":"2024-06-04 16:16:03"}
{"client_ip":"::1","level":"info","msg":"","req_method":"POST","req_uri":"/admin/findAll","status_code":200,"time":"2024-06-04 16:16:07"}
{"client_ip":"::1","level":"info","msg":"","req_method":"POST","req_uri":"/admin/alldoctor","status_code":200,"time":"2024-06-04 16:16:07"}
{"client_ip":"::1","level":"info","msg":"","req_method":"POST","req_uri":"/admin/patient/patientList","status_code":200,"time":"2024-06-04 16:16:08"}
{"client_ip":"::1","level":"info","msg":"","req_method":"POST","req_uri":"/doctor/application/get","status_code":200,"time":"2024-06-04 16:16:09"}
{"client_ip":"::1","level":"info","msg":"","req_method":"POST","req_uri":"/admin/schedule/getdoctorschedule","status_code":200,"time":"2024-06-04 16:16:46"}
{"client_ip":"::1","level":"info","msg":"","req_method":"POST","req_uri":"/admin/findAll","status_code":200,"time":"2024-06-04 19:00:41"}
{"client_ip":"::1","level":"info","msg":"","req_method":"POST","req_uri":"/appointment/getdoctorschedule","status_code":200,"time":"2024-06-04 19:00:41"}
{"client_ip":"::1","level":"info","msg":"","req_method":"GET","req_uri":"/patient/getimg?imageName=static/images/20240601/1717209120.png","status_code":200,"time":"2024-06-04 19:00:42"}
{"client_ip":"::1","level":"info","msg":"","req_method":"POST","req_uri":"/admin/register","status_code":200,"time":"2024-06-04 19:00:58"}
{"client_ip":"::1","level":"info","msg":"","req_method":"POST","req_uri":"/admin/findAll","status_code":200,"time":"2024-06-04 19:01:03"}
{"client_ip":"::1","level":"info","msg":"","req_method":"POST","req_uri":"/admin/alldoctor","status_code":200,"time":"2024-06-04 19:01:03"}
{"client_ip":"::1","level":"info","msg":"","req_method":"GET","req_uri":"/patient/getimg?imageName=static/images/20240602/1717320564.png","status_code":200,"time":"2024-06-04 19:01:03"}
{"client_ip":"::1","level":"info","msg":"","req_method":"POST","req_uri":"/doctor/add","status_code":200,"time":"2024-06-04 19:02:14"}
{"client_ip":"::1","level":"info","msg":"","req_method":"POST","req_uri":"/admin/alldoctor","status_code":200,"time":"2024-06-04 19:02:14"}
{"client_ip":"::1","level":"info","msg":"","req_method":"POST","req_uri":"/doctor/register","status_code":200,"time":"2024-06-04 19:02:30"}
{"client_ip":"::1","level":"info","msg":"","req_method":"POST","req_uri":"/admin/findAll","status_code":200,"time":"2024-06-04 19:02:30"}
{"client_ip":"::1","level":"info","msg":"","req_method":"POST","req_uri":"/patient/doupload","status_code":200,"time":"2024-06-04 19:03:00"}
{"client_ip":"::1","level":"info","msg":"","req_method":"GET","req_uri":"/patient/getimg?imageName=static/images/20240604/1717498980.png","status_code":200,"time":"2024-06-04 19:03:00"}
{"client_ip":"::1","level":"info","msg":"","req_method":"POST","req_uri":"/doctor/update","status_code":200,"time":"2024-06-04 19:03:01"}
{"client_ip":"::1","level":"info","msg":"","req_method":"POST","req_uri":"/doctor/gtedoctorschedule","status_code":200,"time":"2024-06-04 19:03:05"}
{"client_ip":"::1","level":"info","msg":"","req_method":"POST","req_uri":"/doctor/application/get","status_code":200,"time":"2024-06-04 19:03:06"}
{"client_ip":"::1","level":"info","msg":"","req_method":"POST","req_uri":"/doctor/gtepatient","status_code":200,"time":"2024-06-04 19:03:09"}
{"client_ip":"::1","level":"info","msg":"","req_method":"POST","req_uri":"/doctor/register","status_code":200,"time":"2024-06-04 19:03:20"}
{"client_ip":"::1","level":"info","msg":"","req_method":"POST","req_uri":"/admin/findAll","status_code":200,"time":"2024-06-04 19:03:20"}
{"client_ip":"::1","level":"info","msg":"","req_method":"GET","req_uri":"/patient/getimg?imageName=static/images/20240604/1717498980.png","status_code":200,"time":"2024-06-04 19:03:38"}
{"client_ip":"::1","level":"info","msg":"","req_method":"POST","req_uri":"/admin/findAll","status_code":200,"time":"2024-06-04 19:03:38"}
{"client_ip":"::1","level":"info","msg":"","req_method":"GET","req_uri":"/patient/getimg?imageName=static/images/20240604/1717498980.png","status_code":200,"time":"2024-06-04 19:03:39"}
{"client_ip":"::1","level":"info","msg":"","req_method":"POST","req_uri":"/doctor/register","status_code":200,"time":"2024-06-04 19:04:00"}
{"client_ip":"::1","level":"info","msg":"","req_method":"POST","req_uri":"/admin/findAll","status_code":200,"time":"2024-06-04 19:04:00"}
{"client_ip":"::1","level":"info","msg":"","req_method":"POST","req_uri":"/doctor/update","status_code":200,"time":"2024-06-04 19:04:41"}
{"client_ip":"::1","level":"info","msg":"","req_method":"GET","req_uri":"/patient/getimg?imageName=static/images/20240604/1717498980.png","status_code":200,"time":"2024-06-04 19:04:54"}
{"client_ip":"::1","level":"info","msg":"","req_method":"POST","req_uri":"/admin/findAll","status_code":200,"time":"2024-06-04 19:04:54"}
{"client_ip":"::1","level":"info","msg":"","req_method":"GET","req_uri":"/patient/getimg?imageName=static/images/20240604/1717498980.png","status_code":200,"time":"2024-06-04 19:04:55"}
{"client_ip":"::1","level":"info","msg":"","req_method":"POST","req_uri":"/doctor/register","status_code":200,"time":"2024-06-04 19:05:07"}
{"client_ip":"::1","level":"info","msg":"","req_method":"POST","req_uri":"/admin/findAll","status_code":200,"time":"2024-06-04 19:05:07"}
{"client_ip":"::1","level":"info","msg":"","req_method":"POST","req_uri":"/doctor/register","status_code":200,"time":"2024-06-04 19:10:15"}
{"client_ip":"::1","level":"info","msg":"","req_method":"POST","req_uri":"/admin/findAll","status_code":200,"time":"2024-06-04 19:10:15"}
{"client_ip":"::1","level":"info","msg":"","req_method":"GET","req_uri":"/patient/getimg?imageName=static/images/20240602/1717320564.png","status_code":200,"time":"2024-06-04 19:10:15"}
{"client_ip":"::1","level":"info","msg":"","req_method":"GET","req_uri":"/patient/getimg?imageName=static/images/20240602/1717320564.png","status_code":200,"time":"2024-06-04 19:10:15"}
{"client_ip":"::1","level":"info","msg":"","req_method":"POST","req_uri":"/doctor/gtedoctorschedule","status_code":200,"time":"2024-06-04 19:10:19"}
{"client_ip":"::1","level":"info","msg":"","req_method":"POST","req_uri":"/doctor/application/get","status_code":200,"time":"2024-06-04 19:10:20"}
{"client_ip":"::1","level":"info","msg":"","req_method":"POST","req_uri":"/appointment/getappointment","status_code":400,"time":"2024-06-04 19:10:25"}
{"client_ip":"::1","level":"info","msg":"","req_method":"POST","req_uri":"/appointment/getappointment","status_code":400,"time":"2024-06-04 19:10:31"}
{"client_ip":"::1","level":"info","msg":"","req_method":"POST","req_uri":"/appointment/getdoctorschedule","status_code":200,"time":"2024-06-04 19:10:34"}
{"client_ip":"::1","level":"info","msg":"","req_method":"POST","req_uri":"/admin/findAll","status_code":200,"time":"2024-06-04 19:10:34"}
{"client_ip":"::1","level":"info","msg":"","req_method":"GET","req_uri":"/patient/getimg?imageName=static/images/20240601/1717209120.png","status_code":200,"time":"2024-06-04 19:10:34"}
{"client_ip":"::1","level":"info","msg":"","req_method":"GET","req_uri":"/patient/getimg?imageName=static/images/20240601/1717209120.png","status_code":200,"time":"2024-06-04 19:10:34"}
{"client_ip":"::1","level":"info","msg":"","req_method":"POST","req_uri":"/doctor/register","status_code":200,"time":"2024-06-04 19:10:45"}
{"client_ip":"::1","level":"info","msg":"","req_method":"POST","req_uri":"/admin/findAll","status_code":200,"time":"2024-06-04 19:10:45"}
{"client_ip":"::1","level":"info","msg":"","req_method":"POST","req_uri":"/doctor/gtedoctorschedule","status_code":200,"time":"2024-06-04 19:10:46"}
{"client_ip":"::1","level":"info","msg":"","req_method":"POST","req_uri":"/doctor/application/get","status_code":200,"time":"2024-06-04 19:10:46"}
{"client_ip":"::1","level":"info","msg":"","req_method":"GET","req_uri":"/patient/getimg?imageName=static/images/20240602/1717320564.png","status_code":200,"time":"2024-06-04 19:13:00"}
{"client_ip":"::1","level":"info","msg":"","req_method":"POST","req_uri":"/doctor/application/get","status_code":200,"time":"2024-06-04 19:13:00"}
{"client_ip":"::1","level":"info","msg":"","req_method":"POST","req_uri":"/doctor/gtepatient","status_code":200,"time":"2024-06-04 19:13:07"}
{"client_ip":"::1","level":"info","msg":"","req_method":"POST","req_uri":"/doctor/application/get","status_code":200,"time":"2024-06-04 19:13:09"}
{"client_ip":"::1","level":"info","msg":"","req_method":"POST","req_uri":"/doctor/gtedoctorschedule","status_code":200,"time":"2024-06-04 19:13:10"}
{"client_ip":"::1","level":"info","msg":"","req_method":"POST","req_uri":"/admin/findAll","status_code":200,"time":"2024-06-04 19:13:10"}
{"client_ip":"::1","level":"info","msg":"","req_method":"POST","req_uri":"/doctor/application/get","status_code":200,"time":"2024-06-04 19:13:12"}
{"client_ip":"::1","level":"info","msg":"","req_method":"POST","req_uri":"/doctor/gtepatient","status_code":200,"time":"2024-06-04 19:13:14"}
{"client_ip":"::1","level":"info","msg":"","req_method":"POST","req_uri":"/admin/register","status_code":200,"time":"2024-06-04 19:13:47"}
{"client_ip":"::1","level":"info","msg":"","req_method":"POST","req_uri":"/admin/findAll","status_code":200,"time":"2024-06-04 19:13:51"}
{"client_ip":"::1","level":"info","msg":"","req_method":"POST","req_uri":"/admin/alldoctor","status_code":200,"time":"2024-06-04 19:13:51"}
{"client_ip":"::1","level":"info","msg":"","req_method":"GET","req_uri":"/patient/getimg?imageName=static/images/20240601/1717209120.png","status_code":200,"time":"2024-06-04 19:13:51"}
{"client_ip":"::1","level":"info","msg":"","req_method":"POST","req_uri":"/admin/alldoctor","status_code":200,"time":"2024-06-04 19:13:53"}
{"client_ip":"::1","level":"info","msg":"","req_method":"GET","req_uri":"/patient/getimg?imageName=static/images/20240604/1717498980.png","status_code":200,"time":"2024-06-04 19:13:53"}
{"client_ip":"::1","level":"info","msg":"","req_method":"POST","req_uri":"/admin/schedule/getdoctorschedule","status_code":200,"time":"2024-06-04 19:14:14"}
