{"client_ip":"::1","level":"info","msg":"","req_method":"POST","req_uri":"/admin/findAll","status_code":200,"time":"2024-06-15 13:16:47"}
{"client_ip":"::1","level":"info","msg":"","req_method":"GET","req_uri":"/patient/getimg?imageName=static/images/20240612/1718191081.png","status_code":200,"time":"2024-06-15 13:16:47"}
{"client_ip":"::1","level":"info","msg":"","req_method":"POST","req_uri":"/appointment/getdoctorschedule","status_code":200,"time":"2024-06-15 13:16:47"}
{"client_ip":"::1","level":"info","msg":"","req_method":"POST","req_uri":"/patient/register","status_code":200,"time":"2024-06-15 13:17:02"}
{"client_ip":"::1","level":"info","msg":"","req_method":"POST","req_uri":"/alipay/sandbox/tradePagePay","status_code":200,"time":"2024-06-15 13:17:12"}
{"client_ip":"::1","level":"info","msg":"","req_method":"GET","req_uri":"/patient/getimg?imageName=static/images/20240612/1718191081.png","status_code":200,"time":"2024-06-15 13:17:42"}
{"client_ip":"::1","level":"info","msg":"","req_method":"POST","req_uri":"/alipay/sandbox/tradePagePay","status_code":200,"time":"2024-06-15 13:18:23"}
{"client_ip":"119.42.228.164","level":"info","msg":"","req_method":"POST","req_uri":"/patient/topup","status_code":200,"time":"2024-06-15 13:18:45"}
{"client_ip":"::1","level":"info","msg":"","req_method":"GET","req_uri":"/patient/getimg?imageName=static/images/20240612/1718191081.png","status_code":200,"time":"2024-06-15 13:18:54"}
{"client_ip":"::1","level":"info","msg":"","req_method":"POST","req_uri":"/alipay/sandbox/tradePagePay","status_code":200,"time":"2024-06-15 13:21:59"}
{"client_ip":"::1","level":"info","msg":"","req_method":"POST","req_uri":"/alipay/sandbox/tradePagePay","status_code":200,"time":"2024-06-15 13:22:23"}
{"client_ip":"119.42.228.168","level":"info","msg":"","req_method":"POST","req_uri":"/patient/topup","status_code":200,"time":"2024-06-15 13:22:42"}
{"client_ip":"::1","level":"info","msg":"","req_method":"GET","req_uri":"/patient/getimg?imageName=static/images/20240612/1718191081.png","status_code":200,"time":"2024-06-15 13:22:51"}
{"client_ip":"::1","level":"info","msg":"","req_method":"POST","req_uri":"/alipay/sandbox/tradePagePay","status_code":200,"time":"2024-06-15 13:35:34"}
{"client_ip":"119.42.228.181","level":"info","msg":"","req_method":"POST","req_uri":"/patient/topup","status_code":200,"time":"2024-06-15 13:35:56"}
{"client_ip":"::1","level":"info","msg":"","req_method":"GET","req_uri":"/patient/getimg?imageName=static/images/20240612/1718191081.png","status_code":200,"time":"2024-06-15 13:36:04"}
{"client_ip":"::1","level":"info","msg":"","req_method":"POST","req_uri":"/appointment/getappointment","status_code":200,"time":"2024-06-15 14:42:53"}
{"client_ip":"::1","level":"info","msg":"","req_method":"POST","req_uri":"/admin/register","status_code":200,"time":"2024-06-15 14:43:06"}
{"client_ip":"::1","level":"info","msg":"","req_method":"POST","req_uri":"/admin/find","status_code":200,"time":"2024-06-15 14:43:11"}
{"client_ip":"::1","level":"info","msg":"","req_method":"POST","req_uri":"/admin/schedule/getdoctorschedule","status_code":200,"time":"2024-06-15 14:43:13"}
{"client_ip":"::1","level":"info","msg":"","req_method":"POST","req_uri":"/appointment/getappointment","status_code":200,"time":"2024-06-15 14:43:15"}
{"client_ip":"::1","level":"info","msg":"","req_method":"POST","req_uri":"/admin/alldoctor","status_code":200,"time":"2024-06-15 14:43:17"}
{"client_ip":"::1","level":"info","msg":"","req_method":"POST","req_uri":"/admin/findAll","status_code":200,"time":"2024-06-15 14:43:17"}
{"client_ip":"::1","level":"info","msg":"","req_method":"GET","req_uri":"/patient/getimg?imageName=static/images/20240601/1717209120.png","status_code":200,"time":"2024-06-15 14:43:17"}
{"client_ip":"::1","level":"info","msg":"","req_method":"GET","req_uri":"/patient/getimg?imageName=static/images/20240602/1717320564.png","status_code":200,"time":"2024-06-15 14:43:17"}
{"client_ip":"::1","level":"info","msg":"","req_method":"POST","req_uri":"/admin/patient/patientList","status_code":200,"time":"2024-06-15 14:43:17"}
{"client_ip":"::1","level":"info","msg":"","req_method":"GET","req_uri":"/patient/getimg?imageName=static/images/20240612/1718191081.png","status_code":200,"time":"2024-06-15 14:43:18"}
{"client_ip":"::1","level":"info","msg":"","req_method":"POST","req_uri":"/doctor/application/get","status_code":200,"time":"2024-06-15 14:43:19"}
{"client_ip":"::1","level":"info","msg":"","req_method":"POST","req_uri":"/admin/patient/patientList","status_code":200,"time":"2024-06-15 14:43:20"}
{"client_ip":"::1","level":"info","msg":"","req_method":"GET","req_uri":"/patient/getimg?imageName=static/images/20240612/1718191081.png","status_code":200,"time":"2024-06-15 14:43:20"}
{"client_ip":"::1","level":"info","msg":"","req_method":"POST","req_uri":"/doctor/application/get","status_code":200,"time":"2024-06-15 14:43:21"}
{"client_ip":"::1","level":"info","msg":"","req_method":"POST","req_uri":"/admin/patient/patientList","status_code":200,"time":"2024-06-15 14:43:24"}
{"client_ip":"::1","level":"info","msg":"","req_method":"GET","req_uri":"/patient/getimg?imageName=static/images/20240612/1718191081.png","status_code":200,"time":"2024-06-15 14:43:24"}
{"client_ip":"::1","level":"info","msg":"","req_method":"POST","req_uri":"/admin/findAll","status_code":200,"time":"2024-06-15 14:43:24"}
{"client_ip":"::1","level":"info","msg":"","req_method":"POST","req_uri":"/admin/alldoctor","status_code":200,"time":"2024-06-15 14:43:24"}
{"client_ip":"::1","level":"info","msg":"","req_method":"POST","req_uri":"/appointment/getappointment","status_code":200,"time":"2024-06-15 14:43:26"}
{"client_ip":"::1","level":"info","msg":"","req_method":"POST","req_uri":"/admin/schedule/getdoctorschedule","status_code":200,"time":"2024-06-15 14:43:27"}
{"client_ip":"::1","level":"info","msg":"","req_method":"POST","req_uri":"/admin/find","status_code":200,"time":"2024-06-15 14:43:31"}
{"client_ip":"::1","level":"info","msg":"","req_method":"POST","req_uri":"/appointment/getappointment","status_code":200,"time":"2024-06-15 14:43:58"}
{"client_ip":"::1","level":"info","msg":"","req_method":"POST","req_uri":"/doctor/register","status_code":201,"time":"2024-06-15 14:44:16"}
{"client_ip":"::1","level":"info","msg":"","req_method":"POST","req_uri":"/doctor/register","status_code":201,"time":"2024-06-15 14:47:42"}
{"client_ip":"::1","level":"info","msg":"","req_method":"POST","req_uri":"/doctor/register","status_code":200,"time":"2024-06-15 14:47:46"}
{"client_ip":"::1","level":"info","msg":"","req_method":"POST","req_uri":"/doctor/gtepatient","status_code":200,"time":"2024-06-15 14:47:48"}
{"client_ip":"::1","level":"info","msg":"","req_method":"POST","req_uri":"/doctor/gtepatient","status_code":200,"time":"2024-06-15 14:50:31"}
{"client_ip":"::1","level":"info","msg":"","req_method":"POST","req_uri":"/doctor/setappointment","status_code":200,"time":"2024-06-15 14:50:35"}
{"client_ip":"::1","level":"info","msg":"","req_method":"POST","req_uri":"/doctor/gtepatient","status_code":200,"time":"2024-06-15 14:50:35"}
{"client_ip":"::1","level":"info","msg":"","req_method":"POST","req_uri":"/doctor/setappointment","status_code":200,"time":"2024-06-15 14:50:42"}
{"client_ip":"::1","level":"info","msg":"","req_method":"POST","req_uri":"/doctor/setappointment","status_code":200,"time":"2024-06-15 14:50:46"}
{"client_ip":"::1","level":"info","msg":"","req_method":"POST","req_uri":"/doctor/setappointment","status_code":200,"time":"2024-06-15 14:50:52"}
{"client_ip":"::1","level":"info","msg":"","req_method":"POST","req_uri":"/doctor/setappointment","status_code":200,"time":"2024-06-15 14:50:54"}
{"client_ip":"::1","level":"info","msg":"","req_method":"POST","req_uri":"/doctor/setappointment","status_code":200,"time":"2024-06-15 14:50:59"}
{"client_ip":"::1","level":"info","msg":"","req_method":"POST","req_uri":"/doctor/application/get","status_code":200,"time":"2024-06-15 14:51:31"}
{"client_ip":"::1","level":"info","msg":"","req_method":"GET","req_uri":"/patient/getimg?imageName=static/images/20240602/1717320564.png","status_code":200,"time":"2024-06-15 14:52:51"}
{"client_ip":"::1","level":"info","msg":"","req_method":"POST","req_uri":"/doctor/application/get","status_code":200,"time":"2024-06-15 14:52:51"}
{"client_ip":"::1","level":"info","msg":"","req_method":"POST","req_uri":"/doctor/gtedoctorschedule","status_code":200,"time":"2024-06-15 14:52:55"}
{"client_ip":"::1","level":"info","msg":"","req_method":"POST","req_uri":"/admin/findAll","status_code":200,"time":"2024-06-15 14:52:56"}
{"client_ip":"::1","level":"info","msg":"","req_method":"GET","req_uri":"/patient/getimg?imageName=static/images/20240602/1717320564.png","status_code":200,"time":"2024-06-15 14:53:11"}
{"client_ip":"::1","level":"info","msg":"","req_method":"POST","req_uri":"/admin/findAll","status_code":200,"time":"2024-06-15 14:53:11"}
{"client_ip":"::1","level":"info","msg":"","req_method":"POST","req_uri":"/admin/findAll","status_code":200,"time":"2024-06-15 14:53:19"}
{"client_ip":"::1","level":"info","msg":"","req_method":"POST","req_uri":"/admin/findAll","status_code":200,"time":"2024-06-15 14:53:31"}
{"client_ip":"::1","level":"info","msg":"","req_method":"POST","req_uri":"/admin/findAll","status_code":200,"time":"2024-06-15 14:56:09"}
{"client_ip":"::1","level":"info","msg":"","req_method":"POST","req_uri":"/admin/register","status_code":200,"time":"2024-06-15 14:57:38"}
{"client_ip":"::1","level":"info","msg":"","req_method":"POST","req_uri":"/patient/login","status_code":200,"time":"2024-06-15 15:06:06"}
{"client_ip":"::1","level":"info","msg":"","req_method":"POST","req_uri":"/admin/findAll","status_code":200,"time":"2024-06-15 17:50:32"}
{"client_ip":"::1","level":"info","msg":"","req_method":"POST","req_uri":"/appointment/getdoctorschedule","status_code":200,"time":"2024-06-15 17:50:32"}
{"client_ip":"::1","level":"info","msg":"","req_method":"POST","req_uri":"/admin/register","status_code":200,"time":"2024-06-15 17:50:43"}
{"client_ip":"::1","level":"info","msg":"","req_method":"POST","req_uri":"/admin/find","status_code":200,"time":"2024-06-15 17:50:47"}
{"client_ip":"::1","level":"info","msg":"","req_method":"POST","req_uri":"/admin/find","status_code":200,"time":"2024-06-15 17:50:49"}
{"client_ip":"::1","level":"info","msg":"","req_method":"POST","req_uri":"/admin/find","status_code":200,"time":"2024-06-15 17:50:50"}
{"client_ip":"::1","level":"info","msg":"","req_method":"POST","req_uri":"/admin/find","status_code":200,"time":"2024-06-15 17:50:52"}
{"client_ip":"::1","level":"info","msg":"","req_method":"POST","req_uri":"/admin/find","status_code":200,"time":"2024-06-15 17:51:04"}
{"client_ip":"::1","level":"info","msg":"","req_method":"POST","req_uri":"/admin/find","status_code":200,"time":"2024-06-15 17:51:04"}
{"client_ip":"::1","level":"info","msg":"","req_method":"POST","req_uri":"/admin/find","status_code":200,"time":"2024-06-15 17:51:07"}
{"client_ip":"::1","level":"info","msg":"","req_method":"POST","req_uri":"/admin/find","status_code":200,"time":"2024-06-15 17:51:10"}
{"client_ip":"::1","level":"info","msg":"","req_method":"POST","req_uri":"/admin/find","status_code":200,"time":"2024-06-15 17:51:14"}
{"client_ip":"::1","level":"info","msg":"","req_method":"POST","req_uri":"/admin/find","status_code":200,"time":"2024-06-15 17:51:16"}
{"client_ip":"::1","level":"info","msg":"","req_method":"POST","req_uri":"/admin/find","status_code":200,"time":"2024-06-15 17:51:17"}
{"client_ip":"::1","level":"info","msg":"","req_method":"POST","req_uri":"/admin/find","status_code":200,"time":"2024-06-15 17:51:17"}
{"client_ip":"::1","level":"info","msg":"","req_method":"POST","req_uri":"/admin/find","status_code":200,"time":"2024-06-15 17:51:18"}
{"client_ip":"::1","level":"info","msg":"","req_method":"POST","req_uri":"/admin/find","status_code":200,"time":"2024-06-15 17:51:19"}
{"client_ip":"::1","level":"info","msg":"","req_method":"POST","req_uri":"/admin/find","status_code":200,"time":"2024-06-15 17:51:19"}
{"client_ip":"::1","level":"info","msg":"","req_method":"POST","req_uri":"/admin/find","status_code":200,"time":"2024-06-15 17:51:20"}
{"client_ip":"::1","level":"info","msg":"","req_method":"POST","req_uri":"/admin/find","status_code":200,"time":"2024-06-15 17:51:20"}
{"client_ip":"::1","level":"info","msg":"","req_method":"POST","req_uri":"/admin/find","status_code":200,"time":"2024-06-15 17:51:20"}
{"client_ip":"::1","level":"info","msg":"","req_method":"POST","req_uri":"/admin/find","status_code":200,"time":"2024-06-15 17:51:20"}
{"client_ip":"::1","level":"info","msg":"","req_method":"POST","req_uri":"/admin/find","status_code":200,"time":"2024-06-15 17:51:25"}
{"client_ip":"::1","level":"info","msg":"","req_method":"POST","req_uri":"/admin/find","status_code":200,"time":"2024-06-15 17:51:27"}
{"client_ip":"::1","level":"info","msg":"","req_method":"POST","req_uri":"/admin/find","status_code":200,"time":"2024-06-15 17:51:28"}
{"client_ip":"::1","level":"info","msg":"","req_method":"POST","req_uri":"/admin/find","status_code":200,"time":"2024-06-15 17:51:30"}
{"client_ip":"::1","level":"info","msg":"","req_method":"POST","req_uri":"/admin/find","status_code":200,"time":"2024-06-15 17:51:33"}
{"client_ip":"::1","level":"info","msg":"","req_method":"POST","req_uri":"/admin/find","status_code":200,"time":"2024-06-15 17:51:34"}
{"client_ip":"::1","level":"info","msg":"","req_method":"POST","req_uri":"/admin/find","status_code":200,"time":"2024-06-15 17:51:37"}
{"client_ip":"::1","level":"info","msg":"","req_method":"POST","req_uri":"/admin/find","status_code":200,"time":"2024-06-15 17:51:38"}
{"client_ip":"::1","level":"info","msg":"","req_method":"POST","req_uri":"/admin/find","status_code":200,"time":"2024-06-15 17:51:40"}
{"client_ip":"::1","level":"info","msg":"","req_method":"POST","req_uri":"/admin/find","status_code":200,"time":"2024-06-15 17:51:41"}
{"client_ip":"::1","level":"info","msg":"","req_method":"POST","req_uri":"/admin/find","status_code":200,"time":"2024-06-15 17:52:02"}
{"client_ip":"::1","level":"info","msg":"","req_method":"POST","req_uri":"/admin/find","status_code":200,"time":"2024-06-15 17:52:02"}
{"client_ip":"::1","level":"info","msg":"","req_method":"POST","req_uri":"/admin/find","status_code":200,"time":"2024-06-15 17:52:03"}
{"client_ip":"::1","level":"info","msg":"","req_method":"POST","req_uri":"/admin/find","status_code":200,"time":"2024-06-15 17:52:03"}
{"client_ip":"::1","level":"info","msg":"","req_method":"POST","req_uri":"/admin/find","status_code":200,"time":"2024-06-15 17:52:05"}
{"client_ip":"::1","level":"info","msg":"","req_method":"POST","req_uri":"/admin/find","status_code":200,"time":"2024-06-15 17:52:05"}
{"client_ip":"::1","level":"info","msg":"","req_method":"POST","req_uri":"/admin/find","status_code":200,"time":"2024-06-15 17:52:08"}
{"client_ip":"::1","level":"info","msg":"","req_method":"POST","req_uri":"/admin/find","status_code":200,"time":"2024-06-15 17:52:08"}
{"client_ip":"::1","level":"info","msg":"","req_method":"POST","req_uri":"/admin/find","status_code":200,"time":"2024-06-15 17:52:09"}
{"client_ip":"::1","level":"info","msg":"","req_method":"POST","req_uri":"/admin/find","status_code":200,"time":"2024-06-15 17:52:10"}
{"client_ip":"::1","level":"info","msg":"","req_method":"POST","req_uri":"/admin/find","status_code":200,"time":"2024-06-15 17:52:27"}
{"client_ip":"::1","level":"info","msg":"","req_method":"POST","req_uri":"/admin/find","status_code":200,"time":"2024-06-15 17:52:30"}
{"client_ip":"::1","level":"info","msg":"","req_method":"POST","req_uri":"/admin/find","status_code":200,"time":"2024-06-15 17:52:33"}
{"client_ip":"::1","level":"info","msg":"","req_method":"POST","req_uri":"/admin/find","status_code":200,"time":"2024-06-15 17:52:34"}
{"client_ip":"::1","level":"info","msg":"","req_method":"POST","req_uri":"/admin/find","status_code":200,"time":"2024-06-15 17:52:35"}
{"client_ip":"::1","level":"info","msg":"","req_method":"POST","req_uri":"/admin/find","status_code":200,"time":"2024-06-15 17:52:37"}
{"client_ip":"::1","level":"info","msg":"","req_method":"POST","req_uri":"/admin/find","status_code":200,"time":"2024-06-15 17:52:39"}
{"client_ip":"::1","level":"info","msg":"","req_method":"POST","req_uri":"/admin/find","status_code":200,"time":"2024-06-15 17:52:41"}
{"client_ip":"::1","level":"info","msg":"","req_method":"POST","req_uri":"/admin/find","status_code":200,"time":"2024-06-15 17:52:41"}
{"client_ip":"::1","level":"info","msg":"","req_method":"POST","req_uri":"/admin/find","status_code":200,"time":"2024-06-15 17:52:42"}
{"client_ip":"::1","level":"info","msg":"","req_method":"POST","req_uri":"/admin/find","status_code":200,"time":"2024-06-15 17:52:44"}
{"client_ip":"::1","level":"info","msg":"","req_method":"POST","req_uri":"/admin/find","status_code":200,"time":"2024-06-15 17:52:51"}
{"client_ip":"::1","level":"info","msg":"","req_method":"POST","req_uri":"/admin/find","status_code":200,"time":"2024-06-15 17:52:56"}
{"client_ip":"::1","level":"info","msg":"","req_method":"POST","req_uri":"/admin/find","status_code":200,"time":"2024-06-15 17:52:58"}
{"client_ip":"::1","level":"info","msg":"","req_method":"POST","req_uri":"/admin/find","status_code":200,"time":"2024-06-15 17:52:59"}
{"client_ip":"::1","level":"info","msg":"","req_method":"POST","req_uri":"/admin/find","status_code":200,"time":"2024-06-15 17:53:02"}
{"client_ip":"::1","level":"info","msg":"","req_method":"POST","req_uri":"/admin/find","status_code":200,"time":"2024-06-15 17:53:06"}
{"client_ip":"::1","level":"info","msg":"","req_method":"POST","req_uri":"/admin/find","status_code":200,"time":"2024-06-15 17:53:08"}
{"client_ip":"::1","level":"info","msg":"","req_method":"POST","req_uri":"/admin/find","status_code":200,"time":"2024-06-15 17:53:14"}
{"client_ip":"::1","level":"info","msg":"","req_method":"POST","req_uri":"/patient/login","status_code":200,"time":"2024-06-15 18:00:55"}
{"client_ip":"::1","level":"info","msg":"","req_method":"POST","req_uri":"/patient/register","status_code":200,"time":"2024-06-15 18:01:06"}
{"client_ip":"::1","level":"info","msg":"","req_method":"POST","req_uri":"/doctor/register","status_code":200,"time":"2024-06-15 18:02:15"}
{"client_ip":"::1","level":"info","msg":"","req_method":"GET","req_uri":"/patient/getimg?imageName=static/images/20240602/1717320564.png","status_code":200,"time":"2024-06-15 18:02:15"}
{"client_ip":"::1","level":"info","msg":"","req_method":"POST","req_uri":"/doctor/gtedoctorschedule","status_code":200,"time":"2024-06-15 18:02:17"}
{"client_ip":"::1","level":"info","msg":"","req_method":"POST","req_uri":"/admin/findAll","status_code":200,"time":"2024-06-15 18:02:17"}
{"client_ip":"::1","level":"info","msg":"","req_method":"POST","req_uri":"/doctor/gtedoctorschedule","status_code":200,"time":"2024-06-15 18:02:18"}
{"client_ip":"::1","level":"info","msg":"","req_method":"POST","req_uri":"/doctor/application/get","status_code":200,"time":"2024-06-15 18:02:20"}
{"client_ip":"::1","level":"info","msg":"","req_method":"POST","req_uri":"/doctor/register","status_code":201,"time":"2024-06-15 18:05:09"}
{"client_ip":"::1","level":"info","msg":"","req_method":"POST","req_uri":"/admin/register","status_code":200,"time":"2024-06-15 18:05:11"}
{"client_ip":"::1","level":"info","msg":"","req_method":"POST","req_uri":"/admin/findAll","status_code":200,"time":"2024-06-15 18:05:15"}
{"client_ip":"::1","level":"info","msg":"","req_method":"POST","req_uri":"/admin/alldoctor","status_code":200,"time":"2024-06-15 18:05:15"}
{"client_ip":"::1","level":"info","msg":"","req_method":"GET","req_uri":"/patient/getimg?imageName=static/images/20240602/1717320564.png","status_code":200,"time":"2024-06-15 18:05:15"}
{"client_ip":"::1","level":"info","msg":"","req_method":"GET","req_uri":"/patient/getimg?imageName=static/images/20240601/1717209120.png","status_code":200,"time":"2024-06-15 18:05:15"}
{"client_ip":"::1","level":"info","msg":"","req_method":"POST","req_uri":"/doctor/update","status_code":400,"time":"2024-06-15 18:06:16"}
{"client_ip":"::1","level":"info","msg":"","req_method":"POST","req_uri":"/admin/findAll","status_code":200,"time":"2024-06-15 18:10:56"}
{"client_ip":"::1","level":"info","msg":"","req_method":"POST","req_uri":"/admin/alldoctor","status_code":200,"time":"2024-06-15 18:10:56"}
{"client_ip":"::1","level":"info","msg":"","req_method":"POST","req_uri":"/doctor/update","status_code":200,"time":"2024-06-15 18:11:01"}
{"client_ip":"::1","level":"info","msg":"","req_method":"POST","req_uri":"/admin/alldoctor","status_code":200,"time":"2024-06-15 18:11:01"}
