{"client_ip":"::1","level":"info","msg":"","req_method":"POST","req_uri":"/patient/update","status_code":401,"time":"2024-04-01 11:26:50"}
{"client_ip":"::1","level":"info","msg":"","req_method":"POST","req_uri":"/patient/update","status_code":401,"time":"2024-04-01 11:28:13"}
{"client_ip":"::1","level":"info","msg":"","req_method":"POST","req_uri":"/patient/update","status_code":401,"time":"2024-04-01 11:29:38"}
{"client_ip":"::1","level":"info","msg":"","req_method":"POST","req_uri":"/patient/update","status_code":401,"time":"2024-04-01 11:29:54"}
{"client_ip":"::1","level":"info","msg":"","req_method":"POST","req_uri":"/patient/register","status_code":200,"time":"2024-04-01 11:30:55"}
{"client_ip":"::1","level":"info","msg":"","req_method":"POST","req_uri":"/patient/update","status_code":401,"time":"2024-04-01 11:31:27"}
{"client_ip":"::1","level":"info","msg":"","req_method":"POST","req_uri":"/patient/update","status_code":401,"time":"2024-04-01 11:32:42"}
{"client_ip":"::1","level":"info","msg":"","req_method":"POST","req_uri":"/patient/update","status_code":401,"time":"2024-04-01 11:36:17"}
{"client_ip":"::1","level":"info","msg":"","req_method":"POST","req_uri":"/patient/update","status_code":401,"time":"2024-04-01 11:36:40"}
{"client_ip":"::1","level":"info","msg":"","req_method":"POST","req_uri":"//doctor/register","status_code":404,"time":"2024-04-01 14:38:46"}
{"client_ip":"::1","level":"info","msg":"","req_method":"POST","req_uri":"/doctor/register","status_code":404,"time":"2024-04-01 14:39:16"}
{"client_ip":"::1","level":"info","msg":"","req_method":"POST","req_uri":"/patient/register","status_code":401,"time":"2024-04-01 14:40:43"}
{"client_ip":"::1","level":"info","msg":"","req_method":"POST","req_uri":"/doctor/register","status_code":404,"time":"2024-04-01 14:41:24"}
{"client_ip":"::1","level":"info","msg":"","req_method":"POST","req_uri":"/doctor/register","status_code":404,"time":"2024-04-01 14:43:25"}
{"client_ip":"::1","level":"info","msg":"","req_method":"POST","req_uri":"/doctor/register","status_code":401,"time":"2024-04-01 14:45:19"}
{"client_ip":"::1","level":"info","msg":"","req_method":"POST","req_uri":"/doctor/register","status_code":401,"time":"2024-04-01 14:45:37"}
{"client_ip":"::1","level":"info","msg":"","req_method":"POST","req_uri":"/doctor/register","status_code":401,"time":"2024-04-01 14:52:20"}
{"client_ip":"::1","level":"info","msg":"","req_method":"POST","req_uri":"/doctor/register","status_code":200,"time":"2024-04-01 14:57:12"}
{"client_ip":"::1","level":"info","msg":"","req_method":"POST","req_uri":"/doctor/register","status_code":401,"time":"2024-04-01 14:57:26"}
{"client_ip":"::1","level":"info","msg":"","req_method":"POST","req_uri":"/doctor/update","status_code":401,"time":"2024-04-01 15:24:30"}
{"client_ip":"::1","level":"info","msg":"","req_method":"POST","req_uri":"/doctor/update","status_code":401,"time":"2024-04-01 15:29:23"}
{"client_ip":"::1","level":"info","msg":"","req_method":"POST","req_uri":"/doctor/update","status_code":401,"time":"2024-04-01 15:31:00"}
{"client_ip":"::1","level":"info","msg":"","req_method":"POST","req_uri":"/admin/register","status_code":401,"time":"2024-04-01 15:56:16"}
{"client_ip":"::1","level":"info","msg":"","req_method":"POST","req_uri":"/admin/register","status_code":401,"time":"2024-04-01 15:56:26"}
{"client_ip":"::1","level":"info","msg":"","req_method":"POST","req_uri":"/admin/register","status_code":401,"time":"2024-04-01 15:57:58"}
{"client_ip":"::1","level":"info","msg":"","req_method":"POST","req_uri":"/admin/register","status_code":200,"time":"2024-04-01 15:58:06"}
{"client_ip":"::1","level":"info","msg":"","req_method":"POST","req_uri":"/admin/add","status_code":500,"time":"2024-04-01 16:21:34"}
{"client_ip":"::1","level":"info","msg":"","req_method":"POST","req_uri":"/admin/add","status_code":200,"time":"2024-04-01 16:22:39"}
{"client_ip":"::1","level":"info","msg":"","req_method":"POST","req_uri":"/admin/add","status_code":400,"time":"2024-04-01 16:23:08"}
{"client_ip":"::1","level":"info","msg":"","req_method":"POST","req_uri":"/admin/add","status_code":200,"time":"2024-04-01 16:25:10"}
{"client_ip":"::1","level":"info","msg":"","req_method":"POST","req_uri":"/admin/add","status_code":200,"time":"2024-04-01 16:25:49"}
{"client_ip":"::1","level":"info","msg":"","req_method":"POST","req_uri":"/admin/add","status_code":200,"time":"2024-04-01 16:26:04"}
{"client_ip":"::1","level":"info","msg":"","req_method":"POST","req_uri":"/admin/add","status_code":200,"time":"2024-04-01 16:26:34"}
{"client_ip":"::1","level":"info","msg":"","req_method":"POST","req_uri":"/admin/add","status_code":200,"time":"2024-04-01 16:26:52"}
{"client_ip":"::1","level":"info","msg":"","req_method":"POST","req_uri":"/admin/add","status_code":400,"time":"2024-04-01 16:29:40"}
{"client_ip":"::1","level":"info","msg":"","req_method":"POST","req_uri":"/admin/update","status_code":500,"time":"2024-04-01 16:51:03"}
{"client_ip":"::1","level":"info","msg":"","req_method":"POST","req_uri":"/admin/update","status_code":500,"time":"2024-04-01 16:52:52"}
{"client_ip":"::1","level":"info","msg":"","req_method":"POST","req_uri":"/admin/update","status_code":500,"time":"2024-04-01 16:53:58"}
{"client_ip":"::1","level":"info","msg":"","req_method":"POST","req_uri":"/admin/update","status_code":200,"time":"2024-04-01 16:56:30"}
{"client_ip":"::1","level":"info","msg":"","req_method":"POST","req_uri":"/admin/delete","status_code":200,"time":"2024-04-01 17:10:23"}
{"client_ip":"::1","level":"info","msg":"","req_method":"POST","req_uri":"/admin/add","status_code":400,"time":"2024-04-01 17:10:40"}
{"client_ip":"::1","level":"info","msg":"","req_method":"POST","req_uri":"/admin/add","status_code":200,"time":"2024-04-01 17:11:07"}
{"client_ip":"::1","level":"info","msg":"","req_method":"POST","req_uri":"/admin/find","status_code":400,"time":"2024-04-01 17:40:53"}
{"client_ip":"::1","level":"info","msg":"","req_method":"POST","req_uri":"/admin/findAll","status_code":400,"time":"2024-04-01 18:40:05"}
{"client_ip":"::1","level":"info","msg":"","req_method":"POST","req_uri":"/admin/findAll","status_code":400,"time":"2024-04-01 18:40:37"}
{"client_ip":"::1","level":"info","msg":"","req_method":"POST","req_uri":"/admin/findAll","status_code":400,"time":"2024-04-01 18:41:26"}
{"client_ip":"::1","level":"info","msg":"","req_method":"GET","req_uri":"/department/selectPage?id=\u0026pageNum=1\u0026pageSize=8\u0026name=\u0026description=","status_code":404,"time":"2024-04-01 20:12:58"}
{"client_ip":"::1","level":"info","msg":"","req_method":"GET","req_uri":"/department/selectPage?id=\u0026pageNum=1\u0026pageSize=8\u0026name=\u0026description=","status_code":404,"time":"2024-04-01 20:12:58"}
{"client_ip":"::1","level":"info","msg":"","req_method":"GET","req_uri":"/department/selectPage?id=\u0026pageNum=1\u0026pageSize=8\u0026name=\u0026description=","status_code":404,"time":"2024-04-01 20:12:58"}
{"client_ip":"::1","level":"info","msg":"","req_method":"GET","req_uri":"/department/selectPage?id=\u0026pageNum=1\u0026pageSize=8\u0026name=\u0026description=","status_code":404,"time":"2024-04-01 20:13:02"}
{"client_ip":"::1","level":"info","msg":"","req_method":"GET","req_uri":"/department/selectPage?id=\u0026pageNum=1\u0026pageSize=8\u0026name=\u0026description=","status_code":404,"time":"2024-04-01 20:13:02"}
{"client_ip":"::1","level":"info","msg":"","req_method":"GET","req_uri":"/department/selectPage?id=\u0026pageNum=1\u0026pageSize=8\u0026name=\u0026description=","status_code":404,"time":"2024-04-01 20:13:26"}
{"client_ip":"::1","level":"info","msg":"","req_method":"POST","req_uri":"/order/orderList","status_code":404,"time":"2024-04-01 20:16:25"}
{"client_ip":"::1","level":"info","msg":"","req_method":"POST","req_uri":"/findAll","status_code":404,"time":"2024-04-01 20:19:19"}
{"client_ip":"::1","level":"info","msg":"","req_method":"POST","req_uri":"/findAll","status_code":404,"time":"2024-04-01 20:19:26"}
{"client_ip":"::1","level":"info","msg":"","req_method":"POST","req_uri":"/admin/findAll","status_code":400,"time":"2024-04-01 20:24:23"}
{"client_ip":"::1","level":"info","msg":"","req_method":"POST","req_uri":"/admin/findAll","status_code":400,"time":"2024-04-01 20:24:32"}
{"client_ip":"::1","level":"info","msg":"","req_method":"OPTIONS","req_uri":"/admin/findAll","status_code":404,"time":"2024-04-01 20:26:57"}
{"client_ip":"::1","level":"info","msg":"","req_method":"OPTIONS","req_uri":"/admin/findAll","status_code":404,"time":"2024-04-01 20:27:07"}
{"client_ip":"::1","level":"info","msg":"","req_method":"POST","req_uri":"/admin/findAll","status_code":400,"time":"2024-04-01 20:27:44"}
{"client_ip":"::1","level":"info","msg":"","req_method":"POST","req_uri":"/admin/findAll","status_code":400,"time":"2024-04-01 20:32:09"}
{"client_ip":"::1","level":"info","msg":"","req_method":"POST","req_uri":"/admin/findAll","status_code":400,"time":"2024-04-01 20:34:24"}
{"client_ip":"::1","level":"info","msg":"","req_method":"POST","req_uri":"/admin/findAll","status_code":400,"time":"2024-04-01 20:35:02"}
{"client_ip":"::1","level":"info","msg":"","req_method":"POST","req_uri":"/admin/findAll","status_code":200,"time":"2024-04-01 20:36:19"}
{"client_ip":"::1","level":"info","msg":"","req_method":"POST","req_uri":"/admin/findAll","status_code":200,"time":"2024-04-01 20:36:41"}
{"client_ip":"::1","level":"info","msg":"","req_method":"POST","req_uri":"/admin/findAll","status_code":200,"time":"2024-04-01 20:38:13"}
{"client_ip":"::1","level":"info","msg":"","req_method":"POST","req_uri":"/admin/findAll","status_code":200,"time":"2024-04-01 20:38:42"}
{"client_ip":"::1","level":"info","msg":"","req_method":"POST","req_uri":"/admin/findAll","status_code":200,"time":"2024-04-01 20:39:16"}
{"client_ip":"::1","level":"info","msg":"","req_method":"POST","req_uri":"/admin/findAll","status_code":200,"time":"2024-04-01 20:39:20"}
{"client_ip":"::1","level":"info","msg":"","req_method":"POST","req_uri":"/admin/findAll","status_code":200,"time":"2024-04-01 20:40:20"}
{"client_ip":"::1","level":"info","msg":"","req_method":"POST","req_uri":"/admin/findAll","status_code":200,"time":"2024-04-01 20:40:23"}
{"client_ip":"::1","level":"info","msg":"","req_method":"POST","req_uri":"/admin/findAll","status_code":200,"time":"2024-04-01 20:40:33"}
{"client_ip":"::1","level":"info","msg":"","req_method":"POST","req_uri":"/admin/findAll","status_code":200,"time":"2024-04-01 20:40:38"}
{"client_ip":"::1","level":"info","msg":"","req_method":"POST","req_uri":"/admin/findAll","status_code":200,"time":"2024-04-01 20:40:47"}
{"client_ip":"::1","level":"info","msg":"","req_method":"GET","req_uri":"/department/selectPage?id=\u0026pageNum=1\u0026pageSize=8\u0026name=\u0026description=","status_code":404,"time":"2024-04-01 20:40:47"}
{"client_ip":"::1","level":"info","msg":"","req_method":"GET","req_uri":"/department/selectPage?id=\u0026pageNum=1\u0026pageSize=8\u0026name=\u0026description=","status_code":404,"time":"2024-04-01 20:40:50"}
{"client_ip":"::1","level":"info","msg":"","req_method":"POST","req_uri":"/admin/findAll","status_code":200,"time":"2024-04-01 20:40:50"}
{"client_ip":"::1","level":"info","msg":"","req_method":"GET","req_uri":"/department/selectPage?id=\u0026pageNum=1\u0026pageSize=8\u0026name=\u0026description=","status_code":404,"time":"2024-04-01 20:42:33"}
{"client_ip":"::1","level":"info","msg":"","req_method":"POST","req_uri":"/admin/findAll","status_code":200,"time":"2024-04-01 20:42:33"}
