{"client_ip":"::1","level":"info","msg":"","req_method":"POST","req_uri":"/admin/findAll","status_code":200,"time":"2024-06-03 08:38:15"}
{"client_ip":"::1","level":"info","msg":"","req_method":"POST","req_uri":"/appointment/getdoctorschedule","status_code":200,"time":"2024-06-03 08:38:15"}
{"client_ip":"::1","level":"info","msg":"","req_method":"POST","req_uri":"/admin/register","status_code":200,"time":"2024-06-03 08:38:43"}
{"client_ip":"::1","level":"info","msg":"","req_method":"POST","req_uri":"/admin/findAll","status_code":200,"time":"2024-06-03 08:38:48"}
{"client_ip":"::1","level":"info","msg":"","req_method":"POST","req_uri":"/admin/alldoctor","status_code":200,"time":"2024-06-03 08:38:48"}
{"client_ip":"::1","level":"info","msg":"","req_method":"POST","req_uri":"/admin/findAll","status_code":200,"time":"2024-06-03 08:48:10"}
{"client_ip":"::1","level":"info","msg":"","req_method":"POST","req_uri":"/admin/alldoctor","status_code":200,"time":"2024-06-03 08:48:10"}
{"client_ip":"::1","level":"info","msg":"","req_method":"POST","req_uri":"/admin/findAll","status_code":200,"time":"2024-06-03 08:53:57"}
{"client_ip":"::1","level":"info","msg":"","req_method":"POST","req_uri":"/admin/alldoctor","status_code":200,"time":"2024-06-03 08:53:57"}
{"client_ip":"::1","level":"info","msg":"","req_method":"POST","req_uri":"/admin/findAll","status_code":200,"time":"2024-06-03 08:56:51"}
{"client_ip":"::1","level":"info","msg":"","req_method":"POST","req_uri":"/admin/alldoctor","status_code":200,"time":"2024-06-03 08:56:51"}
{"client_ip":"::1","level":"info","msg":"","req_method":"POST","req_uri":"/admin/findAll","status_code":200,"time":"2024-06-03 08:57:50"}
{"client_ip":"::1","level":"info","msg":"","req_method":"POST","req_uri":"/admin/alldoctor","status_code":200,"time":"2024-06-03 08:57:50"}
{"client_ip":"::1","level":"info","msg":"","req_method":"POST","req_uri":"/admin/findAll","status_code":200,"time":"2024-06-03 08:58:55"}
{"client_ip":"::1","level":"info","msg":"","req_method":"POST","req_uri":"/admin/alldoctor","status_code":200,"time":"2024-06-03 08:58:55"}
{"client_ip":"::1","level":"info","msg":"","req_method":"POST","req_uri":"/admin/findAll","status_code":200,"time":"2024-06-03 09:15:31"}
{"client_ip":"::1","level":"info","msg":"","req_method":"POST","req_uri":"/admin/alldoctor","status_code":200,"time":"2024-06-03 09:15:31"}
{"client_ip":"::1","level":"info","msg":"","req_method":"POST","req_uri":"/admin/findAll","status_code":200,"time":"2024-06-03 09:16:08"}
{"client_ip":"::1","level":"info","msg":"","req_method":"POST","req_uri":"/admin/alldoctor","status_code":200,"time":"2024-06-03 09:16:08"}
{"client_ip":"::1","level":"info","msg":"","req_method":"POST","req_uri":"/admin/findAll","status_code":200,"time":"2024-06-03 09:17:24"}
{"client_ip":"::1","level":"info","msg":"","req_method":"POST","req_uri":"/admin/alldoctor","status_code":200,"time":"2024-06-03 09:17:24"}
{"client_ip":"::1","level":"info","msg":"","req_method":"POST","req_uri":"/doctor/update","status_code":400,"time":"2024-06-03 09:22:32"}
{"client_ip":"::1","level":"info","msg":"","req_method":"POST","req_uri":"/doctor/update","status_code":400,"time":"2024-06-03 09:22:45"}
{"client_ip":"::1","level":"info","msg":"","req_method":"POST","req_uri":"/admin/findAll","status_code":200,"time":"2024-06-03 09:23:53"}
{"client_ip":"::1","level":"info","msg":"","req_method":"POST","req_uri":"/admin/alldoctor","status_code":200,"time":"2024-06-03 09:23:53"}
{"client_ip":"::1","level":"info","msg":"","req_method":"POST","req_uri":"/doctor/update","status_code":200,"time":"2024-06-03 09:24:00"}
{"client_ip":"::1","level":"info","msg":"","req_method":"POST","req_uri":"/admin/alldoctor","status_code":200,"time":"2024-06-03 09:24:00"}
{"client_ip":"::1","level":"info","msg":"","req_method":"POST","req_uri":"/admin/findAll","status_code":200,"time":"2024-06-03 09:24:06"}
{"client_ip":"::1","level":"info","msg":"","req_method":"POST","req_uri":"/admin/alldoctor","status_code":200,"time":"2024-06-03 09:24:06"}
{"client_ip":"::1","level":"info","msg":"","req_method":"POST","req_uri":"/doctor/update","status_code":200,"time":"2024-06-03 09:24:19"}
{"client_ip":"::1","level":"info","msg":"","req_method":"POST","req_uri":"/admin/alldoctor","status_code":200,"time":"2024-06-03 09:24:19"}
{"client_ip":"::1","level":"info","msg":"","req_method":"POST","req_uri":"/admin/findAll","status_code":200,"time":"2024-06-03 09:24:24"}
{"client_ip":"::1","level":"info","msg":"","req_method":"POST","req_uri":"/admin/alldoctor","status_code":200,"time":"2024-06-03 09:24:24"}
{"client_ip":"::1","level":"info","msg":"","req_method":"POST","req_uri":"/admin/findAll","status_code":200,"time":"2024-06-03 09:26:31"}
{"client_ip":"::1","level":"info","msg":"","req_method":"POST","req_uri":"/admin/alldoctor","status_code":200,"time":"2024-06-03 09:26:31"}
{"client_ip":"::1","level":"info","msg":"","req_method":"POST","req_uri":"/doctor/update","status_code":200,"time":"2024-06-03 09:26:38"}
{"client_ip":"::1","level":"info","msg":"","req_method":"POST","req_uri":"/admin/alldoctor","status_code":200,"time":"2024-06-03 09:26:38"}
{"client_ip":"::1","level":"info","msg":"","req_method":"POST","req_uri":"/doctor/update","status_code":200,"time":"2024-06-03 09:26:44"}
{"client_ip":"::1","level":"info","msg":"","req_method":"POST","req_uri":"/admin/alldoctor","status_code":200,"time":"2024-06-03 09:26:44"}
{"client_ip":"::1","level":"info","msg":"","req_method":"POST","req_uri":"/admin/findAll","status_code":200,"time":"2024-06-03 09:44:11"}
{"client_ip":"::1","level":"info","msg":"","req_method":"POST","req_uri":"/admin/alldoctor","status_code":200,"time":"2024-06-03 09:44:11"}
{"client_ip":"::1","level":"info","msg":"","req_method":"POST","req_uri":"/admin/findAll","status_code":200,"time":"2024-06-03 09:48:38"}
{"client_ip":"::1","level":"info","msg":"","req_method":"POST","req_uri":"/admin/alldoctor","status_code":200,"time":"2024-06-03 09:48:38"}
{"client_ip":"::1","level":"info","msg":"","req_method":"POST","req_uri":"/admin/findAll","status_code":200,"time":"2024-06-03 09:49:46"}
{"client_ip":"::1","level":"info","msg":"","req_method":"POST","req_uri":"/admin/alldoctor","status_code":200,"time":"2024-06-03 09:49:46"}
{"client_ip":"::1","level":"info","msg":"","req_method":"POST","req_uri":"/admin/findAll","status_code":200,"time":"2024-06-03 09:50:16"}
{"client_ip":"::1","level":"info","msg":"","req_method":"POST","req_uri":"/admin/alldoctor","status_code":200,"time":"2024-06-03 09:50:16"}
{"client_ip":"::1","level":"info","msg":"","req_method":"POST","req_uri":"/admin/findAll","status_code":200,"time":"2024-06-03 10:01:03"}
{"client_ip":"::1","level":"info","msg":"","req_method":"POST","req_uri":"/admin/alldoctor","status_code":200,"time":"2024-06-03 10:01:03"}
{"client_ip":"::1","level":"info","msg":"","req_method":"POST","req_uri":"/admin/findAll","status_code":200,"time":"2024-06-03 10:01:50"}
{"client_ip":"::1","level":"info","msg":"","req_method":"POST","req_uri":"/admin/alldoctor","status_code":200,"time":"2024-06-03 10:01:50"}
{"client_ip":"::1","level":"info","msg":"","req_method":"POST","req_uri":"/doctor/add","status_code":400,"time":"2024-06-03 10:03:01"}
{"client_ip":"::1","level":"info","msg":"","req_method":"POST","req_uri":"/admin/findAll","status_code":200,"time":"2024-06-03 10:05:13"}
{"client_ip":"::1","level":"info","msg":"","req_method":"POST","req_uri":"/admin/alldoctor","status_code":200,"time":"2024-06-03 10:05:13"}
{"client_ip":"::1","level":"info","msg":"","req_method":"POST","req_uri":"/doctor/add","status_code":400,"time":"2024-06-03 10:05:39"}
{"client_ip":"::1","level":"info","msg":"","req_method":"POST","req_uri":"/admin/findAll","status_code":200,"time":"2024-06-03 10:08:16"}
{"client_ip":"::1","level":"info","msg":"","req_method":"POST","req_uri":"/admin/alldoctor","status_code":200,"time":"2024-06-03 10:08:16"}
{"client_ip":"::1","level":"info","msg":"","req_method":"POST","req_uri":"/admin/findAll","status_code":200,"time":"2024-06-03 10:22:25"}
{"client_ip":"::1","level":"info","msg":"","req_method":"POST","req_uri":"/admin/alldoctor","status_code":200,"time":"2024-06-03 10:22:25"}
{"client_ip":"::1","level":"info","msg":"","req_method":"POST","req_uri":"/admin/findAll","status_code":200,"time":"2024-06-03 10:23:18"}
{"client_ip":"::1","level":"info","msg":"","req_method":"POST","req_uri":"/admin/alldoctor","status_code":200,"time":"2024-06-03 10:23:18"}
{"client_ip":"::1","level":"info","msg":"","req_method":"POST","req_uri":"/doctor/add","status_code":400,"time":"2024-06-03 10:24:22"}
{"client_ip":"::1","level":"info","msg":"","req_method":"POST","req_uri":"/admin/findAll","status_code":200,"time":"2024-06-03 10:26:53"}
{"client_ip":"::1","level":"info","msg":"","req_method":"POST","req_uri":"/admin/alldoctor","status_code":200,"time":"2024-06-03 10:26:53"}
{"client_ip":"::1","level":"info","msg":"","req_method":"POST","req_uri":"/doctor/add","status_code":400,"time":"2024-06-03 10:27:15"}
{"client_ip":"::1","level":"info","msg":"","req_method":"POST","req_uri":"/doctor/add","status_code":400,"time":"2024-06-03 10:27:46"}
{"client_ip":"::1","level":"info","msg":"","req_method":"POST","req_uri":"/admin/findAll","status_code":200,"time":"2024-06-03 10:29:18"}
{"client_ip":"::1","level":"info","msg":"","req_method":"POST","req_uri":"/admin/alldoctor","status_code":200,"time":"2024-06-03 10:29:18"}
{"client_ip":"::1","level":"info","msg":"","req_method":"POST","req_uri":"/doctor/add","status_code":200,"time":"2024-06-03 10:29:39"}
{"client_ip":"::1","level":"info","msg":"","req_method":"POST","req_uri":"/admin/alldoctor","status_code":200,"time":"2024-06-03 10:29:39"}
{"client_ip":"::1","level":"info","msg":"","req_method":"POST","req_uri":"/admin/findAll","status_code":200,"time":"2024-06-03 10:30:50"}
{"client_ip":"::1","level":"info","msg":"","req_method":"POST","req_uri":"/admin/alldoctor","status_code":200,"time":"2024-06-03 10:30:50"}
{"client_ip":"::1","level":"info","msg":"","req_method":"POST","req_uri":"/doctor/add","status_code":400,"time":"2024-06-03 10:30:54"}
{"client_ip":"::1","level":"info","msg":"","req_method":"POST","req_uri":"/admin/alldoctor","status_code":200,"time":"2024-06-03 10:31:04"}
{"client_ip":"::1","level":"info","msg":"","req_method":"POST","req_uri":"/doctor/add","status_code":200,"time":"2024-06-03 10:31:40"}
{"client_ip":"::1","level":"info","msg":"","req_method":"POST","req_uri":"/admin/alldoctor","status_code":200,"time":"2024-06-03 10:31:40"}
{"client_ip":"::1","level":"info","msg":"","req_method":"POST","req_uri":"/admin/alldoctor","status_code":200,"time":"2024-06-03 10:31:47"}
{"client_ip":"::1","level":"info","msg":"","req_method":"POST","req_uri":"/admin/alldoctor","status_code":200,"time":"2024-06-03 10:32:00"}
{"client_ip":"::1","level":"info","msg":"","req_method":"POST","req_uri":"/doctor/delete","status_code":401,"time":"2024-06-03 10:32:07"}
{"client_ip":"::1","level":"info","msg":"","req_method":"POST","req_uri":"/admin/findAll","status_code":200,"time":"2024-06-03 10:35:46"}
{"client_ip":"::1","level":"info","msg":"","req_method":"POST","req_uri":"/admin/alldoctor","status_code":200,"time":"2024-06-03 10:35:46"}
{"client_ip":"::1","level":"info","msg":"","req_method":"POST","req_uri":"/admin/alldoctor","status_code":200,"time":"2024-06-03 10:35:49"}
{"client_ip":"::1","level":"info","msg":"","req_method":"POST","req_uri":"/doctor/delete","status_code":200,"time":"2024-06-03 10:35:54"}
{"client_ip":"::1","level":"info","msg":"","req_method":"POST","req_uri":"/admin/alldoctor","status_code":200,"time":"2024-06-03 10:35:54"}
{"client_ip":"::1","level":"info","msg":"","req_method":"POST","req_uri":"/admin/findAll","status_code":200,"time":"2024-06-03 11:02:43"}
{"client_ip":"::1","level":"info","msg":"","req_method":"POST","req_uri":"/admin/alldoctor","status_code":200,"time":"2024-06-03 11:02:43"}
{"client_ip":"::1","level":"info","msg":"","req_method":"POST","req_uri":"/admin/findAll","status_code":200,"time":"2024-06-03 11:02:57"}
{"client_ip":"::1","level":"info","msg":"","req_method":"POST","req_uri":"/admin/findAll","status_code":200,"time":"2024-06-03 11:02:58"}
{"client_ip":"::1","level":"info","msg":"","req_method":"POST","req_uri":"/admin/alldoctor","status_code":200,"time":"2024-06-03 11:02:58"}
{"client_ip":"::1","level":"info","msg":"","req_method":"POST","req_uri":"/admin/alldoctor","status_code":400,"time":"2024-06-03 11:03:24"}
{"client_ip":"::1","level":"info","msg":"","req_method":"POST","req_uri":"/admin/alldoctor","status_code":200,"time":"2024-06-03 11:04:11"}
{"client_ip":"::1","level":"info","msg":"","req_method":"POST","req_uri":"/admin/alldoctor","status_code":200,"time":"2024-06-03 11:04:36"}
{"client_ip":"::1","level":"info","msg":"","req_method":"POST","req_uri":"/admin/alldoctor","status_code":200,"time":"2024-06-03 11:04:41"}
{"client_ip":"::1","level":"info","msg":"","req_method":"POST","req_uri":"/admin/findAll","status_code":200,"time":"2024-06-03 11:05:21"}
{"client_ip":"::1","level":"info","msg":"","req_method":"POST","req_uri":"/admin/alldoctor","status_code":200,"time":"2024-06-03 11:05:21"}
{"client_ip":"::1","level":"info","msg":"","req_method":"POST","req_uri":"/admin/alldoctor","status_code":200,"time":"2024-06-03 11:05:26"}
{"client_ip":"::1","level":"info","msg":"","req_method":"POST","req_uri":"/admin/alldoctor","status_code":200,"time":"2024-06-03 11:05:26"}
{"client_ip":"::1","level":"info","msg":"","req_method":"POST","req_uri":"/admin/alldoctor","status_code":200,"time":"2024-06-03 11:05:28"}
{"client_ip":"::1","level":"info","msg":"","req_method":"POST","req_uri":"/admin/alldoctor","status_code":200,"time":"2024-06-03 11:05:33"}
{"client_ip":"::1","level":"info","msg":"","req_method":"POST","req_uri":"/admin/alldoctor","status_code":200,"time":"2024-06-03 11:05:48"}
{"client_ip":"::1","level":"info","msg":"","req_method":"POST","req_uri":"/admin/alldoctor","status_code":200,"time":"2024-06-03 11:05:48"}
{"client_ip":"::1","level":"info","msg":"","req_method":"POST","req_uri":"/admin/alldoctor","status_code":200,"time":"2024-06-03 11:06:00"}
{"client_ip":"::1","level":"info","msg":"","req_method":"POST","req_uri":"/admin/alldoctor","status_code":200,"time":"2024-06-03 11:06:09"}
{"client_ip":"::1","level":"info","msg":"","req_method":"POST","req_uri":"/admin/alldoctor","status_code":200,"time":"2024-06-03 11:06:11"}
{"client_ip":"::1","level":"info","msg":"","req_method":"POST","req_uri":"/admin/alldoctor","status_code":200,"time":"2024-06-03 11:06:15"}
{"client_ip":"::1","level":"info","msg":"","req_method":"POST","req_uri":"/admin/alldoctor","status_code":200,"time":"2024-06-03 11:06:15"}
{"client_ip":"::1","level":"info","msg":"","req_method":"POST","req_uri":"/admin/alldoctor","status_code":200,"time":"2024-06-03 11:11:10"}
{"client_ip":"::1","level":"info","msg":"","req_method":"POST","req_uri":"/admin/alldoctor","status_code":200,"time":"2024-06-03 11:11:14"}
{"client_ip":"::1","level":"info","msg":"","req_method":"POST","req_uri":"/admin/alldoctor","status_code":200,"time":"2024-06-03 11:12:00"}
{"client_ip":"::1","level":"info","msg":"","req_method":"POST","req_uri":"/admin/alldoctor","status_code":200,"time":"2024-06-03 11:12:01"}
{"client_ip":"::1","level":"info","msg":"","req_method":"POST","req_uri":"/admin/alldoctor","status_code":200,"time":"2024-06-03 11:12:02"}
{"client_ip":"::1","level":"info","msg":"","req_method":"POST","req_uri":"/admin/alldoctor","status_code":200,"time":"2024-06-03 11:12:03"}
{"client_ip":"::1","level":"info","msg":"","req_method":"POST","req_uri":"/admin/alldoctor","status_code":200,"time":"2024-06-03 11:13:49"}
{"client_ip":"::1","level":"info","msg":"","req_method":"POST","req_uri":"/admin/alldoctor","status_code":200,"time":"2024-06-03 11:15:15"}
{"client_ip":"::1","level":"info","msg":"","req_method":"POST","req_uri":"/admin/alldoctor","status_code":200,"time":"2024-06-03 11:15:23"}
{"client_ip":"::1","level":"info","msg":"","req_method":"POST","req_uri":"/admin/alldoctor","status_code":200,"time":"2024-06-03 11:15:28"}
{"client_ip":"::1","level":"info","msg":"","req_method":"POST","req_uri":"/admin/alldoctor","status_code":200,"time":"2024-06-03 11:15:31"}
{"client_ip":"::1","level":"info","msg":"","req_method":"POST","req_uri":"/admin/alldoctor","status_code":200,"time":"2024-06-03 11:15:34"}
{"client_ip":"::1","level":"info","msg":"","req_method":"POST","req_uri":"/admin/alldoctor","status_code":200,"time":"2024-06-03 11:18:09"}
{"client_ip":"::1","level":"info","msg":"","req_method":"POST","req_uri":"/admin/findAll","status_code":200,"time":"2024-06-03 11:18:09"}
{"client_ip":"::1","level":"info","msg":"","req_method":"POST","req_uri":"/admin/alldoctor","status_code":200,"time":"2024-06-03 11:18:11"}
{"client_ip":"::1","level":"info","msg":"","req_method":"POST","req_uri":"/admin/alldoctor","status_code":200,"time":"2024-06-03 11:18:15"}
{"client_ip":"::1","level":"info","msg":"","req_method":"POST","req_uri":"/admin/alldoctor","status_code":200,"time":"2024-06-03 11:18:16"}
{"client_ip":"::1","level":"info","msg":"","req_method":"POST","req_uri":"/admin/findAll","status_code":200,"time":"2024-06-03 11:18:41"}
{"client_ip":"::1","level":"info","msg":"","req_method":"POST","req_uri":"/admin/alldoctor","status_code":200,"time":"2024-06-03 11:18:41"}
{"client_ip":"::1","level":"info","msg":"","req_method":"POST","req_uri":"/admin/alldoctor","status_code":200,"time":"2024-06-03 11:18:45"}
{"client_ip":"::1","level":"info","msg":"","req_method":"POST","req_uri":"/admin/alldoctor","status_code":400,"time":"2024-06-03 11:18:46"}
{"client_ip":"::1","level":"info","msg":"","req_method":"POST","req_uri":"/admin/findAll","status_code":200,"time":"2024-06-03 11:18:57"}
{"client_ip":"::1","level":"info","msg":"","req_method":"POST","req_uri":"/admin/alldoctor","status_code":200,"time":"2024-06-03 11:18:57"}
{"client_ip":"::1","level":"info","msg":"","req_method":"POST","req_uri":"/admin/findAll","status_code":200,"time":"2024-06-03 11:19:05"}
{"client_ip":"::1","level":"info","msg":"","req_method":"POST","req_uri":"/admin/alldoctor","status_code":200,"time":"2024-06-03 11:19:05"}
{"client_ip":"::1","level":"info","msg":"","req_method":"POST","req_uri":"/admin/alldoctor","status_code":200,"time":"2024-06-03 11:19:10"}
{"client_ip":"::1","level":"info","msg":"","req_method":"POST","req_uri":"/admin/findAll","status_code":200,"time":"2024-06-03 11:19:22"}
{"client_ip":"::1","level":"info","msg":"","req_method":"POST","req_uri":"/admin/alldoctor","status_code":200,"time":"2024-06-03 11:19:22"}
{"client_ip":"::1","level":"info","msg":"","req_method":"POST","req_uri":"/admin/alldoctor","status_code":200,"time":"2024-06-03 11:19:28"}
{"client_ip":"::1","level":"info","msg":"","req_method":"POST","req_uri":"/admin/alldoctor","status_code":200,"time":"2024-06-03 11:19:32"}
{"client_ip":"::1","level":"info","msg":"","req_method":"POST","req_uri":"/admin/alldoctor","status_code":200,"time":"2024-06-03 11:19:33"}
{"client_ip":"::1","level":"info","msg":"","req_method":"POST","req_uri":"/admin/alldoctor","status_code":200,"time":"2024-06-03 11:19:41"}
{"client_ip":"::1","level":"info","msg":"","req_method":"POST","req_uri":"/admin/alldoctor","status_code":200,"time":"2024-06-03 11:19:43"}
{"client_ip":"::1","level":"info","msg":"","req_method":"POST","req_uri":"/admin/alldoctor","status_code":200,"time":"2024-06-03 11:19:44"}
{"client_ip":"::1","level":"info","msg":"","req_method":"POST","req_uri":"/admin/alldoctor","status_code":200,"time":"2024-06-03 11:19:44"}
{"client_ip":"::1","level":"info","msg":"","req_method":"POST","req_uri":"/admin/alldoctor","status_code":200,"time":"2024-06-03 11:19:46"}
{"client_ip":"::1","level":"info","msg":"","req_method":"GET","req_uri":"/patient/getimg?imageName=static/images/20240601/1717209120.png","status_code":200,"time":"2024-06-03 11:21:42"}
{"client_ip":"::1","level":"info","msg":"","req_method":"GET","req_uri":"/patient/getimg?imageName=static/images/20240602/1717320564.png","status_code":200,"time":"2024-06-03 11:21:42"}
{"client_ip":"::1","level":"info","msg":"","req_method":"POST","req_uri":"/admin/alldoctor","status_code":200,"time":"2024-06-03 11:22:33"}
{"client_ip":"::1","level":"info","msg":"","req_method":"POST","req_uri":"/admin/alldoctor","status_code":200,"time":"2024-06-03 11:22:35"}
{"client_ip":"::1","level":"info","msg":"","req_method":"POST","req_uri":"/admin/alldoctor","status_code":200,"time":"2024-06-03 11:22:35"}
{"client_ip":"::1","level":"info","msg":"","req_method":"POST","req_uri":"/admin/alldoctor","status_code":200,"time":"2024-06-03 11:22:36"}
{"client_ip":"::1","level":"info","msg":"","req_method":"POST","req_uri":"/admin/alldoctor","status_code":200,"time":"2024-06-03 11:22:37"}
{"client_ip":"::1","level":"info","msg":"","req_method":"POST","req_uri":"/admin/alldoctor","status_code":200,"time":"2024-06-03 11:22:38"}
{"client_ip":"::1","level":"info","msg":"","req_method":"POST","req_uri":"/admin/alldoctor","status_code":200,"time":"2024-06-03 11:22:39"}
{"client_ip":"::1","level":"info","msg":"","req_method":"GET","req_uri":"/patient/getimg?imageName=static/images/20240601/1717209120.png","status_code":200,"time":"2024-06-03 11:22:39"}
{"client_ip":"::1","level":"info","msg":"","req_method":"GET","req_uri":"/patient/getimg?imageName=static/images/20240602/1717320564.png","status_code":200,"time":"2024-06-03 11:22:39"}
{"client_ip":"::1","level":"info","msg":"","req_method":"POST","req_uri":"/admin/findAll","status_code":200,"time":"2024-06-03 11:24:45"}
{"client_ip":"::1","level":"info","msg":"","req_method":"POST","req_uri":"/admin/alldoctor","status_code":200,"time":"2024-06-03 11:24:45"}
{"client_ip":"::1","level":"info","msg":"","req_method":"POST","req_uri":"/admin/findAll","status_code":200,"time":"2024-06-03 14:21:43"}
{"client_ip":"::1","level":"info","msg":"","req_method":"POST","req_uri":"/appointment/getdoctorschedule","status_code":200,"time":"2024-06-03 14:21:43"}
{"client_ip":"::1","level":"info","msg":"","req_method":"POST","req_uri":"/admin/register","status_code":200,"time":"2024-06-03 14:22:01"}
{"client_ip":"::1","level":"info","msg":"","req_method":"POST","req_uri":"/admin/findAll","status_code":200,"time":"2024-06-03 14:22:07"}
{"client_ip":"::1","level":"info","msg":"","req_method":"POST","req_uri":"/admin/alldoctor","status_code":200,"time":"2024-06-03 14:22:07"}
{"client_ip":"::1","level":"info","msg":"","req_method":"GET","req_uri":"/patient/getimg?imageName=static/images/20240601/1717209120.png","status_code":200,"time":"2024-06-03 14:22:07"}
{"client_ip":"::1","level":"info","msg":"","req_method":"GET","req_uri":"/patient/getimg?imageName=static/images/20240602/1717320564.png","status_code":200,"time":"2024-06-03 14:22:07"}
{"client_ip":"::1","level":"info","msg":"","req_method":"POST","req_uri":"/admin/findAll","status_code":200,"time":"2024-06-03 14:25:09"}
{"client_ip":"::1","level":"info","msg":"","req_method":"POST","req_uri":"/admin/alldoctor","status_code":200,"time":"2024-06-03 14:25:09"}
{"client_ip":"::1","level":"info","msg":"","req_method":"GET","req_uri":"/patient/getimg?imageName=static/images/20240601/1717209120.png","status_code":200,"time":"2024-06-03 14:25:09"}
{"client_ip":"::1","level":"info","msg":"","req_method":"GET","req_uri":"/patient/getimg?imageName=static/images/20240602/1717320564.png","status_code":200,"time":"2024-06-03 14:25:09"}
{"client_ip":"::1","level":"info","msg":"","req_method":"POST","req_uri":"/admin/findAll","status_code":200,"time":"2024-06-03 14:38:42"}
{"client_ip":"::1","level":"info","msg":"","req_method":"POST","req_uri":"/admin/alldoctor","status_code":200,"time":"2024-06-03 14:38:42"}
{"client_ip":"::1","level":"info","msg":"","req_method":"GET","req_uri":"/patient/getimg?imageName=static/images/20240601/1717209120.png","status_code":200,"time":"2024-06-03 14:38:42"}
{"client_ip":"::1","level":"info","msg":"","req_method":"GET","req_uri":"/patient/getimg?imageName=static/images/20240602/1717320564.png","status_code":200,"time":"2024-06-03 14:38:42"}
{"client_ip":"::1","level":"info","msg":"","req_method":"POST","req_uri":"/admin/findAll","status_code":200,"time":"2024-06-03 14:38:45"}
{"client_ip":"::1","level":"info","msg":"","req_method":"POST","req_uri":"/admin/alldoctor","status_code":200,"time":"2024-06-03 14:38:45"}
{"client_ip":"::1","level":"info","msg":"","req_method":"POST","req_uri":"/admin/alldoctor","status_code":200,"time":"2024-06-03 14:38:56"}
{"client_ip":"::1","level":"info","msg":"","req_method":"POST","req_uri":"/admin/findAll","status_code":200,"time":"2024-06-03 14:38:56"}
{"client_ip":"::1","level":"info","msg":"","req_method":"POST","req_uri":"/admin/findAll","status_code":200,"time":"2024-06-03 14:39:30"}
{"client_ip":"::1","level":"info","msg":"","req_method":"POST","req_uri":"/admin/alldoctor","status_code":200,"time":"2024-06-03 14:39:30"}
{"client_ip":"::1","level":"info","msg":"","req_method":"POST","req_uri":"/admin/findAll","status_code":200,"time":"2024-06-03 14:40:21"}
{"client_ip":"::1","level":"info","msg":"","req_method":"POST","req_uri":"/admin/alldoctor","status_code":200,"time":"2024-06-03 14:40:21"}
{"client_ip":"::1","level":"info","msg":"","req_method":"GET","req_uri":"/patient/getimg?imageName=static/images/20240602/1717320564.png","status_code":200,"time":"2024-06-03 14:40:21"}
{"client_ip":"::1","level":"info","msg":"","req_method":"GET","req_uri":"/patient/getimg?imageName=static/images/20240601/1717209120.png","status_code":200,"time":"2024-06-03 14:40:21"}
{"client_ip":"::1","level":"info","msg":"","req_method":"POST","req_uri":"/admin/patient/patientList","status_code":500,"time":"2024-06-03 14:44:55"}
{"client_ip":"::1","level":"info","msg":"","req_method":"POST","req_uri":"/admin/patient/patientList","status_code":500,"time":"2024-06-03 14:45:17"}
{"client_ip":"::1","level":"info","msg":"","req_method":"POST","req_uri":"/admin/patient/patientList","status_code":200,"time":"2024-06-03 14:46:26"}
{"client_ip":"::1","level":"info","msg":"","req_method":"POST","req_uri":"/admin/patient/patientList","status_code":200,"time":"2024-06-03 14:46:32"}
{"client_ip":"::1","level":"info","msg":"","req_method":"GET","req_uri":"/patient/getimg?imageName=static/images/20240531/1717126796.png","status_code":200,"time":"2024-06-03 14:46:32"}
{"client_ip":"::1","level":"info","msg":"","req_method":"GET","req_uri":"/patient/getimg?imageName=static/images/20240531/1717126796.png","status_code":200,"time":"2024-06-03 14:46:32"}
{"client_ip":"::1","level":"info","msg":"","req_method":"POST","req_uri":"/admin/patient/patientList","status_code":200,"time":"2024-06-03 14:46:35"}
{"client_ip":"::1","level":"info","msg":"","req_method":"POST","req_uri":"/admin/patient/patientList","status_code":200,"time":"2024-06-03 14:47:09"}
{"client_ip":"::1","level":"info","msg":"","req_method":"GET","req_uri":"/patient/getimg?imageName=static/images/20240531/1717126796.png","status_code":200,"time":"2024-06-03 14:47:09"}
{"client_ip":"::1","level":"info","msg":"","req_method":"POST","req_uri":"/admin/patient/patientList","status_code":200,"time":"2024-06-03 14:47:18"}
{"client_ip":"::1","level":"info","msg":"","req_method":"POST","req_uri":"/admin/patient/patientList","status_code":500,"time":"2024-06-03 14:47:25"}
{"client_ip":"::1","level":"info","msg":"","req_method":"POST","req_uri":"/admin/patient/patientList","status_code":500,"time":"2024-06-03 14:47:43"}
{"client_ip":"::1","level":"info","msg":"","req_method":"POST","req_uri":"/admin/patient/patientList","status_code":200,"time":"2024-06-03 14:47:49"}
{"client_ip":"::1","level":"info","msg":"","req_method":"POST","req_uri":"/admin/patient/patientList","status_code":500,"time":"2024-06-03 14:48:01"}
{"client_ip":"::1","level":"info","msg":"","req_method":"POST","req_uri":"/admin/patient/patientList","status_code":200,"time":"2024-06-03 14:50:34"}
{"client_ip":"::1","level":"info","msg":"","req_method":"POST","req_uri":"/admin/patient/patientList","status_code":200,"time":"2024-06-03 14:50:40"}
{"client_ip":"::1","level":"info","msg":"","req_method":"POST","req_uri":"/admin/patient/patientList","status_code":200,"time":"2024-06-03 14:50:44"}
{"client_ip":"::1","level":"info","msg":"","req_method":"POST","req_uri":"/admin/patient/patientList","status_code":200,"time":"2024-06-03 14:52:04"}
{"client_ip":"::1","level":"info","msg":"","req_method":"POST","req_uri":"/admin/patient/patientList","status_code":200,"time":"2024-06-03 14:52:08"}
{"client_ip":"::1","level":"info","msg":"","req_method":"POST","req_uri":"/admin/patient/patientList","status_code":200,"time":"2024-06-03 14:52:08"}
{"client_ip":"::1","level":"info","msg":"","req_method":"POST","req_uri":"/admin/patient/patientList","status_code":200,"time":"2024-06-03 14:52:21"}
{"client_ip":"::1","level":"info","msg":"","req_method":"POST","req_uri":"/admin/patient/patientList","status_code":200,"time":"2024-06-03 14:53:50"}
{"client_ip":"::1","level":"info","msg":"","req_method":"POST","req_uri":"/admin/patient/patientList","status_code":200,"time":"2024-06-03 14:54:14"}
{"client_ip":"::1","level":"info","msg":"","req_method":"GET","req_uri":"/patient/getimg?imageName=static/images/20240531/1717126796.png","status_code":200,"time":"2024-06-03 14:54:14"}
{"client_ip":"::1","level":"info","msg":"","req_method":"POST","req_uri":"/admin/patient/patientList","status_code":200,"time":"2024-06-03 14:54:19"}
{"client_ip":"::1","level":"info","msg":"","req_method":"POST","req_uri":"/admin/patient/patientList","status_code":200,"time":"2024-06-03 14:54:22"}
{"client_ip":"::1","level":"info","msg":"","req_method":"POST","req_uri":"/admin/patient/patientList","status_code":200,"time":"2024-06-03 14:54:25"}
{"client_ip":"::1","level":"info","msg":"","req_method":"POST","req_uri":"/doctor/delete","status_code":200,"time":"2024-06-03 14:54:31"}
{"client_ip":"::1","level":"info","msg":"","req_method":"POST","req_uri":"/admin/patient/patientList","status_code":200,"time":"2024-06-03 14:54:31"}
{"client_ip":"::1","level":"info","msg":"","req_method":"POST","req_uri":"/admin/patient/patientList","status_code":200,"time":"2024-06-03 14:55:15"}
{"client_ip":"::1","level":"info","msg":"","req_method":"GET","req_uri":"/patient/getimg?imageName=static/images/20240531/1717126796.png","status_code":200,"time":"2024-06-03 14:55:15"}
{"client_ip":"::1","level":"info","msg":"","req_method":"POST","req_uri":"/doctor/delete","status_code":200,"time":"2024-06-03 14:55:22"}
{"client_ip":"::1","level":"info","msg":"","req_method":"POST","req_uri":"/admin/patient/patientList","status_code":200,"time":"2024-06-03 14:55:22"}
{"client_ip":"::1","level":"info","msg":"","req_method":"POST","req_uri":"/admin/patient/patientList","status_code":200,"time":"2024-06-03 14:55:26"}
{"client_ip":"::1","level":"info","msg":"","req_method":"POST","req_uri":"/admin/patient/patientList","status_code":200,"time":"2024-06-03 14:55:27"}
{"client_ip":"::1","level":"info","msg":"","req_method":"GET","req_uri":"/patient/getimg?imageName=static/images/20240531/1717126796.png","status_code":200,"time":"2024-06-03 14:55:27"}
{"client_ip":"::1","level":"info","msg":"","req_method":"POST","req_uri":"/doctor/delete","status_code":200,"time":"2024-06-03 14:55:46"}
{"client_ip":"::1","level":"info","msg":"","req_method":"POST","req_uri":"/admin/patient/patientList","status_code":200,"time":"2024-06-03 14:55:46"}
{"client_ip":"::1","level":"info","msg":"","req_method":"POST","req_uri":"/admin/patient/patientList","status_code":200,"time":"2024-06-03 14:57:37"}
{"client_ip":"::1","level":"info","msg":"","req_method":"POST","req_uri":"/admin/patient/patientList","status_code":200,"time":"2024-06-03 14:57:42"}
{"client_ip":"::1","level":"info","msg":"","req_method":"GET","req_uri":"/patient/getimg?imageName=static/images/20240531/1717126796.png","status_code":200,"time":"2024-06-03 14:57:42"}
{"client_ip":"::1","level":"info","msg":"","req_method":"GET","req_uri":"/patient/getimg?imageName=static/images/20240531/1717126796.png","status_code":200,"time":"2024-06-03 14:57:42"}
{"client_ip":"::1","level":"info","msg":"","req_method":"POST","req_uri":"/doctor/delete","status_code":200,"time":"2024-06-03 14:57:45"}
{"client_ip":"::1","level":"info","msg":"","req_method":"POST","req_uri":"/admin/patient/patientList","status_code":200,"time":"2024-06-03 14:57:45"}
{"client_ip":"::1","level":"info","msg":"","req_method":"POST","req_uri":"/admin/patient/patientList","status_code":200,"time":"2024-06-03 15:00:11"}
{"client_ip":"::1","level":"info","msg":"","req_method":"POST","req_uri":"/admin/patient/patientList","status_code":200,"time":"2024-06-03 15:00:13"}
{"client_ip":"::1","level":"info","msg":"","req_method":"POST","req_uri":"/doctor/delete","status_code":200,"time":"2024-06-03 15:00:16"}
{"client_ip":"::1","level":"info","msg":"","req_method":"POST","req_uri":"/admin/patient/patientList","status_code":200,"time":"2024-06-03 15:00:16"}
{"client_ip":"::1","level":"info","msg":"","req_method":"POST","req_uri":"/admin/alldoctor","status_code":200,"time":"2024-06-03 15:00:17"}
{"client_ip":"::1","level":"info","msg":"","req_method":"POST","req_uri":"/admin/findAll","status_code":200,"time":"2024-06-03 15:00:17"}
{"client_ip":"::1","level":"info","msg":"","req_method":"GET","req_uri":"/patient/getimg?imageName=static/images/20240601/1717209120.png","status_code":200,"time":"2024-06-03 15:00:17"}
{"client_ip":"::1","level":"info","msg":"","req_method":"GET","req_uri":"/patient/getimg?imageName=static/images/20240602/1717320564.png","status_code":200,"time":"2024-06-03 15:00:17"}
{"client_ip":"::1","level":"info","msg":"","req_method":"POST","req_uri":"/admin/patient/patientList","status_code":200,"time":"2024-06-03 15:00:19"}
{"client_ip":"::1","level":"info","msg":"","req_method":"POST","req_uri":"/admin/patient/patientList","status_code":200,"time":"2024-06-03 15:00:21"}
{"client_ip":"::1","level":"info","msg":"","req_method":"GET","req_uri":"/patient/getimg?imageName=static/images/20240602/1717320564.png","status_code":200,"time":"2024-06-03 15:00:28"}
{"client_ip":"::1","level":"info","msg":"","req_method":"GET","req_uri":"/patient/getimg?imageName=static/images/20240601/1717209120.png","status_code":200,"time":"2024-06-03 15:00:28"}
{"client_ip":"::1","level":"info","msg":"","req_method":"POST","req_uri":"/doctor/delete","status_code":200,"time":"2024-06-03 15:00:37"}
{"client_ip":"::1","level":"info","msg":"","req_method":"POST","req_uri":"/admin/patient/patientList","status_code":200,"time":"2024-06-03 15:00:37"}
{"client_ip":"::1","level":"info","msg":"","req_method":"POST","req_uri":"/admin/patient/patientList","status_code":200,"time":"2024-06-03 15:02:12"}
{"client_ip":"::1","level":"info","msg":"","req_method":"POST","req_uri":"/admin/patient/patientList","status_code":200,"time":"2024-06-03 15:03:02"}
{"client_ip":"::1","level":"info","msg":"","req_method":"POST","req_uri":"/admin/patient/patientList","status_code":200,"time":"2024-06-03 15:03:23"}
{"client_ip":"::1","level":"info","msg":"","req_method":"POST","req_uri":"/admin/patient/patientList","status_code":200,"time":"2024-06-03 15:05:07"}
{"client_ip":"::1","level":"info","msg":"","req_method":"POST","req_uri":"/admin/patient/patientList","status_code":200,"time":"2024-06-03 15:05:10"}
{"client_ip":"::1","level":"info","msg":"","req_method":"POST","req_uri":"/admin/patient/deletePatient","status_code":200,"time":"2024-06-03 15:05:13"}
{"client_ip":"::1","level":"info","msg":"","req_method":"POST","req_uri":"/admin/patient/patientList","status_code":200,"time":"2024-06-03 15:05:13"}
{"client_ip":"::1","level":"info","msg":"","req_method":"POST","req_uri":"/admin/patient/patientList","status_code":200,"time":"2024-06-03 15:05:29"}
{"client_ip":"::1","level":"info","msg":"","req_method":"POST","req_uri":"/admin/patient/patientList","status_code":200,"time":"2024-06-03 15:05:38"}
{"client_ip":"::1","level":"info","msg":"","req_method":"POST","req_uri":"/admin/patient/patientList","status_code":200,"time":"2024-06-03 15:05:39"}
{"client_ip":"::1","level":"info","msg":"","req_method":"POST","req_uri":"/admin/findAll","status_code":200,"time":"2024-06-03 15:06:18"}
{"client_ip":"::1","level":"info","msg":"","req_method":"POST","req_uri":"/admin/alldoctor","status_code":200,"time":"2024-06-03 15:06:18"}
{"client_ip":"::1","level":"info","msg":"","req_method":"POST","req_uri":"/admin/patient/patientList","status_code":200,"time":"2024-06-03 15:06:18"}
{"client_ip":"::1","level":"info","msg":"","req_method":"POST","req_uri":"/admin/findAll","status_code":200,"time":"2024-06-03 15:06:19"}
{"client_ip":"::1","level":"info","msg":"","req_method":"POST","req_uri":"/admin/alldoctor","status_code":200,"time":"2024-06-03 15:06:19"}
{"client_ip":"::1","level":"info","msg":"","req_method":"POST","req_uri":"/admin/patient/patientList","status_code":200,"time":"2024-06-03 15:06:20"}
{"client_ip":"::1","level":"info","msg":"","req_method":"POST","req_uri":"/admin/findAll","status_code":200,"time":"2024-06-03 15:06:21"}
{"client_ip":"::1","level":"info","msg":"","req_method":"POST","req_uri":"/admin/alldoctor","status_code":200,"time":"2024-06-03 15:06:21"}
{"client_ip":"::1","level":"info","msg":"","req_method":"POST","req_uri":"/admin/patient/patientList","status_code":200,"time":"2024-06-03 15:06:22"}
{"client_ip":"::1","level":"info","msg":"","req_method":"POST","req_uri":"/admin/patient/patientList","status_code":200,"time":"2024-06-03 15:22:42"}
{"client_ip":"::1","level":"info","msg":"","req_method":"POST","req_uri":"/admin/findAll","status_code":200,"time":"2024-06-03 15:23:04"}
{"client_ip":"::1","level":"info","msg":"","req_method":"POST","req_uri":"/admin/schedule/getdoctorschedule","status_code":200,"time":"2024-06-03 15:23:06"}
{"client_ip":"::1","level":"info","msg":"","req_method":"POST","req_uri":"/admin/schedule/finfdoctorschedule","status_code":200,"time":"2024-06-03 15:23:10"}
{"client_ip":"::1","level":"info","msg":"","req_method":"POST","req_uri":"/admin/schedule/finfdoctorschedule","status_code":200,"time":"2024-06-03 15:23:29"}
{"client_ip":"::1","level":"info","msg":"","req_method":"POST","req_uri":"/admin/schedule/finfdoctorschedule","status_code":200,"time":"2024-06-03 15:23:29"}
{"client_ip":"::1","level":"info","msg":"","req_method":"POST","req_uri":"/admin/schedule/finfdoctorschedule","status_code":200,"time":"2024-06-03 15:23:32"}
{"client_ip":"::1","level":"info","msg":"","req_method":"POST","req_uri":"/admin/schedule/finfdoctorschedule","status_code":200,"time":"2024-06-03 15:23:34"}
{"client_ip":"::1","level":"info","msg":"","req_method":"POST","req_uri":"/admin/schedule/finfdoctorschedule","status_code":200,"time":"2024-06-03 15:23:35"}
{"client_ip":"::1","level":"info","msg":"","req_method":"POST","req_uri":"/admin/schedule/finfdoctorschedule","status_code":200,"time":"2024-06-03 15:23:42"}
{"client_ip":"::1","level":"info","msg":"","req_method":"POST","req_uri":"/admin/schedule/finfdoctorschedule","status_code":200,"time":"2024-06-03 15:23:46"}
{"client_ip":"::1","level":"info","msg":"","req_method":"POST","req_uri":"/admin/schedule/finfdoctorschedule","status_code":200,"time":"2024-06-03 15:23:47"}
{"client_ip":"::1","level":"info","msg":"","req_method":"POST","req_uri":"/admin/schedule/finfdoctorschedule","status_code":200,"time":"2024-06-03 15:23:48"}
{"client_ip":"::1","level":"info","msg":"","req_method":"POST","req_uri":"/admin/schedule/finfdoctorschedule","status_code":200,"time":"2024-06-03 15:23:49"}
{"client_ip":"::1","level":"info","msg":"","req_method":"POST","req_uri":"/admin/schedule/finfdoctorschedule","status_code":200,"time":"2024-06-03 15:23:54"}
{"client_ip":"::1","level":"info","msg":"","req_method":"POST","req_uri":"/admin/schedule/finfdoctorschedule","status_code":200,"time":"2024-06-03 15:23:54"}
{"client_ip":"::1","level":"info","msg":"","req_method":"POST","req_uri":"/admin/schedule/finfdoctorschedule","status_code":200,"time":"2024-06-03 15:23:55"}
{"client_ip":"::1","level":"info","msg":"","req_method":"POST","req_uri":"/admin/schedule/finfdoctorschedule","status_code":200,"time":"2024-06-03 15:23:56"}
{"client_ip":"::1","level":"info","msg":"","req_method":"POST","req_uri":"/admin/schedule/finfdoctorschedule","status_code":200,"time":"2024-06-03 15:23:56"}
{"client_ip":"::1","level":"info","msg":"","req_method":"POST","req_uri":"/admin/schedule/finfdoctorschedule","status_code":200,"time":"2024-06-03 15:23:57"}
{"client_ip":"::1","level":"info","msg":"","req_method":"POST","req_uri":"/admin/schedule/finfdoctorschedule","status_code":200,"time":"2024-06-03 15:23:58"}
{"client_ip":"::1","level":"info","msg":"","req_method":"POST","req_uri":"/admin/schedule/finfdoctorschedule","status_code":200,"time":"2024-06-03 15:24:04"}
{"client_ip":"::1","level":"info","msg":"","req_method":"POST","req_uri":"/admin/schedule/finfdoctorschedule","status_code":200,"time":"2024-06-03 15:24:27"}
{"client_ip":"::1","level":"info","msg":"","req_method":"POST","req_uri":"/admin/findAll","status_code":200,"time":"2024-06-03 15:25:12"}
{"client_ip":"::1","level":"info","msg":"","req_method":"POST","req_uri":"/admin/alldoctor","status_code":200,"time":"2024-06-03 15:25:12"}
{"client_ip":"::1","level":"info","msg":"","req_method":"GET","req_uri":"/patient/getimg?imageName=static/images/20240601/1717209120.png","status_code":200,"time":"2024-06-03 15:25:12"}
{"client_ip":"::1","level":"info","msg":"","req_method":"GET","req_uri":"/patient/getimg?imageName=static/images/20240602/1717320564.png","status_code":200,"time":"2024-06-03 15:25:12"}
{"client_ip":"::1","level":"info","msg":"","req_method":"POST","req_uri":"/admin/patient/patientList","status_code":200,"time":"2024-06-03 15:25:13"}
{"client_ip":"::1","level":"info","msg":"","req_method":"POST","req_uri":"/admin/patient/patientList","status_code":200,"time":"2024-06-03 15:25:16"}
{"client_ip":"::1","level":"info","msg":"","req_method":"GET","req_uri":"/patient/getimg?imageName=static/images/20240531/1717126796.png","status_code":200,"time":"2024-06-03 15:25:16"}
{"client_ip":"::1","level":"info","msg":"","req_method":"POST","req_uri":"/admin/patient/patientList","status_code":200,"time":"2024-06-03 15:25:18"}
{"client_ip":"::1","level":"info","msg":"","req_method":"POST","req_uri":"/admin/findAll","status_code":200,"time":"2024-06-03 15:25:20"}
{"client_ip":"::1","level":"info","msg":"","req_method":"POST","req_uri":"/admin/alldoctor","status_code":200,"time":"2024-06-03 15:25:20"}
{"client_ip":"::1","level":"info","msg":"","req_method":"POST","req_uri":"/admin/findAll","status_code":200,"time":"2024-06-03 15:30:21"}
{"client_ip":"::1","level":"info","msg":"","req_method":"POST","req_uri":"/admin/alldoctor","status_code":200,"time":"2024-06-03 15:30:21"}
{"client_ip":"::1","level":"info","msg":"","req_method":"GET","req_uri":"/patient/getimg?imageName=static/images/20240601/1717209120.png","status_code":200,"time":"2024-06-03 15:30:21"}
{"client_ip":"::1","level":"info","msg":"","req_method":"GET","req_uri":"/patient/getimg?imageName=static/images/20240602/1717320564.png","status_code":200,"time":"2024-06-03 15:30:21"}
{"client_ip":"::1","level":"info","msg":"","req_method":"POST","req_uri":"/admin/findAll","status_code":200,"time":"2024-06-03 15:32:05"}
{"client_ip":"::1","level":"info","msg":"","req_method":"POST","req_uri":"/admin/alldoctor","status_code":200,"time":"2024-06-03 15:32:06"}
{"client_ip":"::1","level":"info","msg":"","req_method":"GET","req_uri":"/patient/getimg?imageName=static/images/20240601/1717209120.png","status_code":200,"time":"2024-06-03 15:32:06"}
{"client_ip":"::1","level":"info","msg":"","req_method":"GET","req_uri":"/patient/getimg?imageName=static/images/20240602/1717320564.png","status_code":200,"time":"2024-06-03 15:32:06"}
{"client_ip":"::1","level":"info","msg":"","req_method":"POST","req_uri":"/doctor/register","status_code":401,"time":"2024-06-03 15:35:46"}
{"client_ip":"::1","level":"info","msg":"","req_method":"POST","req_uri":"/doctor/register","status_code":401,"time":"2024-06-03 15:37:00"}
{"client_ip":"::1","level":"info","msg":"","req_method":"POST","req_uri":"/doctor/register","status_code":200,"time":"2024-06-03 15:40:28"}
{"client_ip":"::1","level":"info","msg":"","req_method":"GET","req_uri":"/patient/getimg?imageName=static/images/20240602/1717320564.png","status_code":200,"time":"2024-06-03 15:40:28"}
{"client_ip":"::1","level":"info","msg":"","req_method":"GET","req_uri":"/patient/getimg?imageName=static/images/20240602/1717320564.png","status_code":200,"time":"2024-06-03 15:40:28"}
{"client_ip":"::1","level":"info","msg":"","req_method":"GET","req_uri":"/patient/getimg?imageName=static/images/20240602/1717320564.png","status_code":200,"time":"2024-06-03 15:45:18"}
{"client_ip":"::1","level":"info","msg":"","req_method":"GET","req_uri":"/patient/getimg?imageName=static/images/20240602/1717320564.png","status_code":200,"time":"2024-06-03 15:46:07"}
{"client_ip":"::1","level":"info","msg":"","req_method":"POST","req_uri":"/admin/findAll","status_code":200,"time":"2024-06-03 15:47:21"}
{"client_ip":"::1","level":"info","msg":"","req_method":"GET","req_uri":"/patient/getimg?imageName=static/images/20240602/1717320564.png","status_code":200,"time":"2024-06-03 15:47:26"}
{"client_ip":"::1","level":"info","msg":"","req_method":"POST","req_uri":"/admin/findAll","status_code":200,"time":"2024-06-03 15:47:26"}
{"client_ip":"::1","level":"info","msg":"","req_method":"POST","req_uri":"/admin/findAll","status_code":200,"time":"2024-06-03 15:49:35"}
{"client_ip":"::1","level":"info","msg":"","req_method":"POST","req_uri":"/doctor/update","status_code":200,"time":"2024-06-03 15:49:55"}
{"client_ip":"::1","level":"info","msg":"","req_method":"GET","req_uri":"/patient/getimg?imageName=static/images/20240602/1717320564.png","status_code":200,"time":"2024-06-03 15:49:59"}
{"client_ip":"::1","level":"info","msg":"","req_method":"POST","req_uri":"/admin/findAll","status_code":200,"time":"2024-06-03 15:49:59"}
{"client_ip":"::1","level":"info","msg":"","req_method":"GET","req_uri":"/patient/getimg?imageName=static/images/20240602/1717320564.png","status_code":200,"time":"2024-06-03 15:50:51"}
{"client_ip":"::1","level":"info","msg":"","req_method":"POST","req_uri":"/doctor/update","status_code":200,"time":"2024-06-03 15:50:54"}
{"client_ip":"::1","level":"info","msg":"","req_method":"GET","req_uri":"/patient/getimg?imageName=static/images/20240602/1717320564.png","status_code":200,"time":"2024-06-03 15:51:10"}
{"client_ip":"::1","level":"info","msg":"","req_method":"POST","req_uri":"/admin/findAll","status_code":200,"time":"2024-06-03 15:51:10"}
{"client_ip":"::1","level":"info","msg":"","req_method":"POST","req_uri":"/admin/findAll","status_code":200,"time":"2024-06-03 15:53:35"}
{"client_ip":"::1","level":"info","msg":"","req_method":"POST","req_uri":"/doctor/update","status_code":200,"time":"2024-06-03 15:53:40"}
{"client_ip":"::1","level":"info","msg":"","req_method":"GET","req_uri":"/patient/getimg?imageName=static/images/20240602/1717320564.png","status_code":200,"time":"2024-06-03 15:53:42"}
{"client_ip":"::1","level":"info","msg":"","req_method":"POST","req_uri":"/admin/findAll","status_code":200,"time":"2024-06-03 15:53:42"}
{"client_ip":"::1","level":"info","msg":"","req_method":"POST","req_uri":"/doctor/update","status_code":200,"time":"2024-06-03 15:53:49"}
{"client_ip":"::1","level":"info","msg":"","req_method":"POST","req_uri":"/doctor/update","status_code":200,"time":"2024-06-03 15:55:40"}
{"client_ip":"::1","level":"info","msg":"","req_method":"POST","req_uri":"/admin/findAll","status_code":200,"time":"2024-06-03 15:56:48"}
{"client_ip":"::1","level":"info","msg":"","req_method":"POST","req_uri":"/doctor/update","status_code":200,"time":"2024-06-03 15:56:54"}
{"client_ip":"::1","level":"info","msg":"","req_method":"POST","req_uri":"/admin/findAll","status_code":200,"time":"2024-06-03 15:56:58"}
{"client_ip":"::1","level":"info","msg":"","req_method":"GET","req_uri":"/patient/getimg?imageName=static/images/20240602/1717320564.png","status_code":200,"time":"2024-06-03 15:56:58"}
{"client_ip":"::1","level":"info","msg":"","req_method":"GET","req_uri":"/patient/getimg?imageName=static/images/20240602/1717320564.png","status_code":200,"time":"2024-06-03 15:56:58"}
{"client_ip":"::1","level":"info","msg":"","req_method":"POST","req_uri":"/doctor/update","status_code":200,"time":"2024-06-03 15:57:04"}
{"client_ip":"::1","level":"info","msg":"","req_method":"GET","req_uri":"/patient/getimg?imageName=static/images/20240602/1717320564.png","status_code":200,"time":"2024-06-03 15:57:15"}
{"client_ip":"::1","level":"info","msg":"","req_method":"POST","req_uri":"/admin/findAll","status_code":200,"time":"2024-06-03 15:57:15"}
{"client_ip":"::1","level":"info","msg":"","req_method":"POST","req_uri":"/admin/findAll","status_code":200,"time":"2024-06-03 15:58:20"}
{"client_ip":"::1","level":"info","msg":"","req_method":"POST","req_uri":"/doctor/update","status_code":200,"time":"2024-06-03 15:58:25"}
{"client_ip":"::1","level":"info","msg":"","req_method":"GET","req_uri":"/patient/getimg?imageName=static/images/20240602/1717320564.png","status_code":200,"time":"2024-06-03 15:58:28"}
{"client_ip":"::1","level":"info","msg":"","req_method":"POST","req_uri":"/admin/findAll","status_code":200,"time":"2024-06-03 15:58:28"}
{"client_ip":"::1","level":"info","msg":"","req_method":"POST","req_uri":"/doctor/update","status_code":200,"time":"2024-06-03 15:58:31"}
{"client_ip":"::1","level":"info","msg":"","req_method":"GET","req_uri":"/patient/getimg?imageName=static/images/20240602/1717320564.png","status_code":200,"time":"2024-06-03 15:58:34"}
{"client_ip":"::1","level":"info","msg":"","req_method":"POST","req_uri":"/admin/findAll","status_code":200,"time":"2024-06-03 15:58:34"}
{"client_ip":"::1","level":"info","msg":"","req_method":"POST","req_uri":"/admin/patient/patientList","status_code":200,"time":"2024-06-03 15:58:44"}
{"client_ip":"::1","level":"info","msg":"","req_method":"POST","req_uri":"/doctor/gtepatient","status_code":400,"time":"2024-06-03 16:01:02"}
{"client_ip":"::1","level":"info","msg":"","req_method":"POST","req_uri":"/doctor/gtepatient","status_code":200,"time":"2024-06-03 16:01:09"}
{"client_ip":"::1","level":"info","msg":"","req_method":"GET","req_uri":"/patient/getimg?imageName=static/images/20240602/1717320564.png","status_code":200,"time":"2024-06-03 16:16:00"}
{"client_ip":"::1","level":"info","msg":"","req_method":"POST","req_uri":"/doctor/gtepatient","status_code":200,"time":"2024-06-03 16:16:00"}
{"client_ip":"::1","level":"info","msg":"","req_method":"POST","req_uri":"/doctor/gtepatient","status_code":200,"time":"2024-06-03 16:16:00"}
{"client_ip":"::1","level":"info","msg":"","req_method":"GET","req_uri":"/patient/getimg?imageName=static/images/20240602/1717320564.png","status_code":200,"time":"2024-06-03 16:16:00"}
{"client_ip":"::1","level":"info","msg":"","req_method":"POST","req_uri":"/doctor/gtepatient","status_code":200,"time":"2024-06-03 16:24:55"}
{"client_ip":"::1","level":"info","msg":"","req_method":"POST","req_uri":"/doctor/gtepatient","status_code":200,"time":"2024-06-03 16:24:55"}
{"client_ip":"::1","level":"info","msg":"","req_method":"GET","req_uri":"/patient/getimg?imageName=static/images/20240602/1717320564.png","status_code":200,"time":"2024-06-03 16:24:59"}
{"client_ip":"::1","level":"info","msg":"","req_method":"POST","req_uri":"/doctor/gtepatient","status_code":200,"time":"2024-06-03 16:24:59"}
{"client_ip":"::1","level":"info","msg":"","req_method":"POST","req_uri":"/doctor/gtepatient","status_code":200,"time":"2024-06-03 16:24:59"}
{"client_ip":"::1","level":"info","msg":"","req_method":"GET","req_uri":"/patient/getimg?imageName=static/images/20240602/1717320564.png","status_code":200,"time":"2024-06-03 16:25:00"}
{"client_ip":"::1","level":"info","msg":"","req_method":"GET","req_uri":"/patient/getimg?imageName=static/images/20240602/1717320564.png","status_code":200,"time":"2024-06-03 16:26:52"}
{"client_ip":"::1","level":"info","msg":"","req_method":"POST","req_uri":"/doctor/gtepatient","status_code":200,"time":"2024-06-03 16:26:52"}
{"client_ip":"::1","level":"info","msg":"","req_method":"POST","req_uri":"/doctor/gtepatient","status_code":200,"time":"2024-06-03 16:26:53"}
{"client_ip":"::1","level":"info","msg":"","req_method":"GET","req_uri":"/patient/getimg?imageName=static/images/20240602/1717320564.png","status_code":200,"time":"2024-06-03 16:26:53"}
{"client_ip":"::1","level":"info","msg":"","req_method":"POST","req_uri":"/doctor/gtepatient","status_code":200,"time":"2024-06-03 16:27:17"}
{"client_ip":"::1","level":"info","msg":"","req_method":"POST","req_uri":"/doctor/gtepatient","status_code":200,"time":"2024-06-03 16:27:35"}
{"client_ip":"::1","level":"info","msg":"","req_method":"POST","req_uri":"/patient/register","status_code":200,"time":"2024-06-03 16:30:19"}
{"client_ip":"::1","level":"info","msg":"","req_method":"GET","req_uri":"/patient/getimg?imageName=static/images/20240531/1717126796.png","status_code":200,"time":"2024-06-03 16:30:19"}
{"client_ip":"::1","level":"info","msg":"","req_method":"GET","req_uri":"/patient/getimg?imageName=static/images/20240531/1717126796.png","status_code":200,"time":"2024-06-03 16:30:19"}
{"client_ip":"::1","level":"info","msg":"","req_method":"POST","req_uri":"/appointment/getdoctorschedule","status_code":200,"time":"2024-06-03 16:30:21"}
{"client_ip":"::1","level":"info","msg":"","req_method":"POST","req_uri":"/admin/findAll","status_code":200,"time":"2024-06-03 16:30:21"}
{"client_ip":"::1","level":"info","msg":"","req_method":"POST","req_uri":"/appointment/getdoctorschedule","status_code":200,"time":"2024-06-03 16:30:23"}
{"client_ip":"::1","level":"info","msg":"","req_method":"POST","req_uri":"/appointment/getdoctorschedule","status_code":200,"time":"2024-06-03 16:30:29"}
{"client_ip":"::1","level":"info","msg":"","req_method":"POST","req_uri":"/appointment/getdoctorschedule","status_code":200,"time":"2024-06-03 16:30:29"}
{"client_ip":"::1","level":"info","msg":"","req_method":"POST","req_uri":"/appointment/getdoctorschedule","status_code":200,"time":"2024-06-03 16:30:33"}
{"client_ip":"::1","level":"info","msg":"","req_method":"GET","req_uri":"/patient/getimg?imageName=static/images/20240602/1717320564.png","status_code":200,"time":"2024-06-03 16:30:33"}
{"client_ip":"::1","level":"info","msg":"","req_method":"GET","req_uri":"/patient/getimg?imageName=static/images/20240601/1717209120.png","status_code":200,"time":"2024-06-03 16:30:33"}
{"client_ip":"::1","level":"info","msg":"","req_method":"GET","req_uri":"/patient/getimg?imageName=static/images/20240601/1717209120.png","status_code":200,"time":"2024-06-03 16:30:33"}
{"client_ip":"::1","level":"info","msg":"","req_method":"POST","req_uri":"/appointment/add","status_code":200,"time":"2024-06-03 16:30:40"}
{"client_ip":"::1","level":"info","msg":"","req_method":"POST","req_uri":"/appointment/getdoctorschedule","status_code":200,"time":"2024-06-03 16:30:40"}
{"client_ip":"::1","level":"info","msg":"","req_method":"POST","req_uri":"/patient/topup","status_code":200,"time":"2024-06-03 16:30:49"}
{"client_ip":"::1","level":"info","msg":"","req_method":"POST","req_uri":"/admin/findAll","status_code":200,"time":"2024-06-03 16:30:50"}
{"client_ip":"::1","level":"info","msg":"","req_method":"POST","req_uri":"/appointment/getdoctorschedule","status_code":200,"time":"2024-06-03 16:30:50"}
{"client_ip":"::1","level":"info","msg":"","req_method":"POST","req_uri":"/appointment/getdoctorschedule","status_code":200,"time":"2024-06-03 16:30:54"}
{"client_ip":"::1","level":"info","msg":"","req_method":"POST","req_uri":"/appointment/add","status_code":200,"time":"2024-06-03 16:30:58"}
{"client_ip":"::1","level":"info","msg":"","req_method":"POST","req_uri":"/appointment/getdoctorschedule","status_code":200,"time":"2024-06-03 16:30:58"}
{"client_ip":"::1","level":"info","msg":"","req_method":"POST","req_uri":"/appointment/add","status_code":200,"time":"2024-06-03 16:31:02"}
{"client_ip":"::1","level":"info","msg":"","req_method":"POST","req_uri":"/appointment/getdoctorschedule","status_code":200,"time":"2024-06-03 16:31:02"}
{"client_ip":"::1","level":"info","msg":"","req_method":"POST","req_uri":"/appointment/getdoctorschedule","status_code":200,"time":"2024-06-03 16:31:05"}
{"client_ip":"::1","level":"info","msg":"","req_method":"POST","req_uri":"/appointment/getdoctorschedule","status_code":200,"time":"2024-06-03 16:31:06"}
{"client_ip":"::1","level":"info","msg":"","req_method":"POST","req_uri":"/appointment/getdoctorschedule","status_code":200,"time":"2024-06-03 16:31:09"}
{"client_ip":"::1","level":"info","msg":"","req_method":"POST","req_uri":"/appointment/getdoctorschedule","status_code":200,"time":"2024-06-03 16:31:10"}
{"client_ip":"::1","level":"info","msg":"","req_method":"POST","req_uri":"/appointment/getdoctorschedule","status_code":200,"time":"2024-06-03 16:31:14"}
{"client_ip":"::1","level":"info","msg":"","req_method":"POST","req_uri":"/appointment/getdoctorschedule","status_code":200,"time":"2024-06-03 16:31:15"}
{"client_ip":"::1","level":"info","msg":"","req_method":"POST","req_uri":"/appointment/getdoctorschedule","status_code":200,"time":"2024-06-03 16:31:23"}
{"client_ip":"::1","level":"info","msg":"","req_method":"POST","req_uri":"/appointment/getdoctorschedule","status_code":200,"time":"2024-06-03 16:31:31"}
{"client_ip":"::1","level":"info","msg":"","req_method":"POST","req_uri":"/doctor/register","status_code":200,"time":"2024-06-03 16:31:48"}
{"client_ip":"::1","level":"info","msg":"","req_method":"POST","req_uri":"/admin/findAll","status_code":200,"time":"2024-06-03 16:31:48"}
{"client_ip":"::1","level":"info","msg":"","req_method":"POST","req_uri":"/doctor/gtepatient","status_code":200,"time":"2024-06-03 16:31:50"}
{"client_ip":"::1","level":"info","msg":"","req_method":"POST","req_uri":"/doctor/gtepatient","status_code":200,"time":"2024-06-03 16:31:50"}
{"client_ip":"::1","level":"info","msg":"","req_method":"GET","req_uri":"/patient/getimg?imageName=static/images/20240602/1717320564.png","status_code":200,"time":"2024-06-03 16:34:52"}
{"client_ip":"::1","level":"info","msg":"","req_method":"POST","req_uri":"/doctor/gtepatient","status_code":200,"time":"2024-06-03 16:34:52"}
{"client_ip":"::1","level":"info","msg":"","req_method":"POST","req_uri":"/doctor/gtepatient","status_code":200,"time":"2024-06-03 16:34:52"}
{"client_ip":"::1","level":"info","msg":"","req_method":"GET","req_uri":"/patient/getimg?imageName=static/images/20240602/1717320564.png","status_code":200,"time":"2024-06-03 16:37:06"}
{"client_ip":"::1","level":"info","msg":"","req_method":"POST","req_uri":"/doctor/gtepatient","status_code":200,"time":"2024-06-03 16:37:07"}
{"client_ip":"::1","level":"info","msg":"","req_method":"POST","req_uri":"/doctor/gtepatient","status_code":200,"time":"2024-06-03 16:37:09"}
{"client_ip":"::1","level":"info","msg":"","req_method":"POST","req_uri":"/doctor/gtepatient","status_code":200,"time":"2024-06-03 16:37:10"}
{"client_ip":"::1","level":"info","msg":"","req_method":"GET","req_uri":"/patient/getimg?imageName=static/images/20240602/1717320564.png","status_code":200,"time":"2024-06-03 16:39:40"}
{"client_ip":"::1","level":"info","msg":"","req_method":"POST","req_uri":"/doctor/gtepatient","status_code":200,"time":"2024-06-03 16:39:40"}
{"client_ip":"::1","level":"info","msg":"","req_method":"POST","req_uri":"/doctor/gtepatient","status_code":200,"time":"2024-06-03 16:40:05"}
{"client_ip":"::1","level":"info","msg":"","req_method":"POST","req_uri":"/doctor/gtepatient","status_code":200,"time":"2024-06-03 16:40:06"}
{"client_ip":"::1","level":"info","msg":"","req_method":"POST","req_uri":"/doctor/gtepatient","status_code":200,"time":"2024-06-03 16:41:50"}
{"client_ip":"::1","level":"info","msg":"","req_method":"POST","req_uri":"/doctor/gtepatient","status_code":200,"time":"2024-06-03 16:41:51"}
{"client_ip":"::1","level":"info","msg":"","req_method":"POST","req_uri":"/doctor/gtepatient","status_code":200,"time":"2024-06-03 16:42:02"}
{"client_ip":"::1","level":"info","msg":"","req_method":"POST","req_uri":"/doctor/gtepatient","status_code":200,"time":"2024-06-03 16:42:23"}
{"client_ip":"::1","level":"info","msg":"","req_method":"POST","req_uri":"/doctor/gtepatient","status_code":200,"time":"2024-06-03 16:42:23"}
{"client_ip":"::1","level":"info","msg":"","req_method":"POST","req_uri":"/doctor/gtepatient","status_code":200,"time":"2024-06-03 16:46:18"}
{"client_ip":"::1","level":"info","msg":"","req_method":"POST","req_uri":"/doctor/gtepatient","status_code":200,"time":"2024-06-03 16:46:22"}
{"client_ip":"::1","level":"info","msg":"","req_method":"POST","req_uri":"/doctor/gtepatient","status_code":200,"time":"2024-06-03 16:48:07"}
{"client_ip":"::1","level":"info","msg":"","req_method":"POST","req_uri":"/doctor/gtepatient","status_code":200,"time":"2024-06-03 16:48:10"}
{"client_ip":"::1","level":"info","msg":"","req_method":"POST","req_uri":"/admin/findAll","status_code":200,"time":"2024-06-03 16:57:42"}
{"client_ip":"::1","level":"info","msg":"","req_method":"GET","req_uri":"/patient/getimg?imageName=static/images/20240602/1717320564.png","status_code":200,"time":"2024-06-03 16:57:42"}
{"client_ip":"::1","level":"info","msg":"","req_method":"POST","req_uri":"/doctor/gtepatient","status_code":200,"time":"2024-06-03 16:59:19"}
{"client_ip":"::1","level":"info","msg":"","req_method":"POST","req_uri":"/doctor/gtepatient","status_code":200,"time":"2024-06-03 17:01:46"}
{"client_ip":"::1","level":"info","msg":"","req_method":"POST","req_uri":"/doctor/gtepatient","status_code":200,"time":"2024-06-03 17:01:46"}
{"client_ip":"::1","level":"info","msg":"","req_method":"GET","req_uri":"/patient/getimg?imageName=static/images/20240602/1717320564.png","status_code":200,"time":"2024-06-03 17:07:26"}
{"client_ip":"::1","level":"info","msg":"","req_method":"POST","req_uri":"/doctor/gtepatient","status_code":200,"time":"2024-06-03 17:07:26"}
{"client_ip":"::1","level":"info","msg":"","req_method":"POST","req_uri":"/doctor/gtepatient","status_code":200,"time":"2024-06-03 17:07:26"}
{"client_ip":"::1","level":"info","msg":"","req_method":"POST","req_uri":"/doctor/gtepatient","status_code":200,"time":"2024-06-03 17:08:50"}
{"client_ip":"::1","level":"info","msg":"","req_method":"POST","req_uri":"/doctor/gtepatient","status_code":200,"time":"2024-06-03 17:08:50"}
{"client_ip":"::1","level":"info","msg":"","req_method":"GET","req_uri":"/patient/getimg?imageName=static/images/20240602/1717320564.png","status_code":200,"time":"2024-06-03 17:08:56"}
{"client_ip":"::1","level":"info","msg":"","req_method":"POST","req_uri":"/doctor/gtepatient","status_code":200,"time":"2024-06-03 17:08:56"}
{"client_ip":"::1","level":"info","msg":"","req_method":"POST","req_uri":"/doctor/gtepatient","status_code":200,"time":"2024-06-03 17:08:56"}
{"client_ip":"::1","level":"info","msg":"","req_method":"POST","req_uri":"/doctor/gtepatient","status_code":200,"time":"2024-06-03 17:11:10"}
{"client_ip":"::1","level":"info","msg":"","req_method":"POST","req_uri":"/doctor/gtepatient","status_code":200,"time":"2024-06-03 17:11:10"}
{"client_ip":"::1","level":"info","msg":"","req_method":"POST","req_uri":"/doctor/gtepatient","status_code":200,"time":"2024-06-03 17:11:30"}
{"client_ip":"::1","level":"info","msg":"","req_method":"POST","req_uri":"/doctor/gtepatient","status_code":200,"time":"2024-06-03 17:11:31"}
{"client_ip":"::1","level":"info","msg":"","req_method":"POST","req_uri":"/doctor/gtepatient","status_code":200,"time":"2024-06-03 17:11:38"}
{"client_ip":"::1","level":"info","msg":"","req_method":"POST","req_uri":"/doctor/gtepatient","status_code":200,"time":"2024-06-03 17:11:43"}
{"client_ip":"::1","level":"info","msg":"","req_method":"POST","req_uri":"/doctor/gtepatient","status_code":200,"time":"2024-06-03 17:11:46"}
{"client_ip":"::1","level":"info","msg":"","req_method":"POST","req_uri":"/doctor/gtepatient","status_code":200,"time":"2024-06-03 17:11:48"}
{"client_ip":"::1","level":"info","msg":"","req_method":"POST","req_uri":"/doctor/gtepatient","status_code":200,"time":"2024-06-03 17:11:51"}
{"client_ip":"::1","level":"info","msg":"","req_method":"POST","req_uri":"/doctor/gtepatient","status_code":200,"time":"2024-06-03 17:16:06"}
{"client_ip":"::1","level":"info","msg":"","req_method":"POST","req_uri":"/doctor/gtepatient","status_code":200,"time":"2024-06-03 17:25:55"}
{"client_ip":"::1","level":"info","msg":"","req_method":"POST","req_uri":"/doctor/gtepatient","status_code":200,"time":"2024-06-03 17:25:59"}
{"client_ip":"::1","level":"info","msg":"","req_method":"POST","req_uri":"/doctor/gtepatient","status_code":200,"time":"2024-06-03 17:26:00"}
{"client_ip":"::1","level":"info","msg":"","req_method":"POST","req_uri":"/doctor/gtepatient","status_code":200,"time":"2024-06-03 17:26:02"}
{"client_ip":"::1","level":"info","msg":"","req_method":"POST","req_uri":"/doctor/gtepatient","status_code":200,"time":"2024-06-03 17:26:04"}
{"client_ip":"::1","level":"info","msg":"","req_method":"POST","req_uri":"/doctor/gtepatient","status_code":200,"time":"2024-06-03 17:26:07"}
{"client_ip":"::1","level":"info","msg":"","req_method":"POST","req_uri":"/doctor/gtepatient","status_code":200,"time":"2024-06-03 17:26:09"}
{"client_ip":"::1","level":"info","msg":"","req_method":"POST","req_uri":"/doctor/gtepatient","status_code":200,"time":"2024-06-03 17:26:11"}
{"client_ip":"::1","level":"info","msg":"","req_method":"POST","req_uri":"/doctor/gtepatient","status_code":200,"time":"2024-06-03 17:26:52"}
{"client_ip":"::1","level":"info","msg":"","req_method":"POST","req_uri":"/doctor/gtepatient","status_code":200,"time":"2024-06-03 17:27:47"}
{"client_ip":"::1","level":"info","msg":"","req_method":"POST","req_uri":"/admin/findAll","status_code":200,"time":"2024-06-03 18:52:55"}
{"client_ip":"::1","level":"info","msg":"","req_method":"POST","req_uri":"/appointment/getdoctorschedule","status_code":200,"time":"2024-06-03 18:52:55"}
{"client_ip":"::1","level":"info","msg":"","req_method":"GET","req_uri":"/patient/getimg?imageName=static/images/20240602/1717320564.png","status_code":200,"time":"2024-06-03 18:52:57"}
{"client_ip":"::1","level":"info","msg":"","req_method":"POST","req_uri":"/doctor/gtepatient","status_code":200,"time":"2024-06-03 18:52:57"}
{"client_ip":"::1","level":"info","msg":"","req_method":"POST","req_uri":"/doctor/gtepatient","status_code":200,"time":"2024-06-03 18:53:06"}
{"client_ip":"::1","level":"info","msg":"","req_method":"POST","req_uri":"/doctor/gtepatient","status_code":200,"time":"2024-06-03 18:53:13"}
{"client_ip":"::1","level":"info","msg":"","req_method":"POST","req_uri":"/doctor/gtepatient","status_code":200,"time":"2024-06-03 18:53:15"}
{"client_ip":"::1","level":"info","msg":"","req_method":"POST","req_uri":"/doctor/gtepatient","status_code":200,"time":"2024-06-03 18:53:17"}
{"client_ip":"::1","level":"info","msg":"","req_method":"POST","req_uri":"/doctor/gtepatient","status_code":200,"time":"2024-06-03 18:53:19"}
{"client_ip":"::1","level":"info","msg":"","req_method":"GET","req_uri":"/patient/getimg?imageName=static/images/20240602/1717320564.png","status_code":200,"time":"2024-06-03 18:53:21"}
{"client_ip":"::1","level":"info","msg":"","req_method":"POST","req_uri":"/doctor/gtepatient","status_code":200,"time":"2024-06-03 18:53:32"}
{"client_ip":"::1","level":"info","msg":"","req_method":"POST","req_uri":"/doctor/gtepatient","status_code":200,"time":"2024-06-03 18:53:54"}
{"client_ip":"::1","level":"info","msg":"","req_method":"POST","req_uri":"/doctor/gtepatient","status_code":200,"time":"2024-06-03 18:54:01"}
{"client_ip":"::1","level":"info","msg":"","req_method":"POST","req_uri":"/doctor/gtepatient","status_code":200,"time":"2024-06-03 18:56:09"}
{"client_ip":"::1","level":"info","msg":"","req_method":"POST","req_uri":"/doctor/gtepatient","status_code":200,"time":"2024-06-03 18:56:13"}
{"client_ip":"::1","level":"info","msg":"","req_method":"POST","req_uri":"/doctor/gtepatient","status_code":200,"time":"2024-06-03 18:56:19"}
{"client_ip":"::1","level":"info","msg":"","req_method":"POST","req_uri":"/doctor/gtepatient","status_code":200,"time":"2024-06-03 18:56:22"}
{"client_ip":"::1","level":"info","msg":"","req_method":"POST","req_uri":"/doctor/gtepatient","status_code":200,"time":"2024-06-03 18:56:28"}
{"client_ip":"::1","level":"info","msg":"","req_method":"POST","req_uri":"/doctor/gtepatient","status_code":200,"time":"2024-06-03 18:56:36"}
{"client_ip":"::1","level":"info","msg":"","req_method":"POST","req_uri":"/doctor/gtepatient","status_code":200,"time":"2024-06-03 18:56:36"}
{"client_ip":"::1","level":"info","msg":"","req_method":"POST","req_uri":"/doctor/gtepatient","status_code":200,"time":"2024-06-03 18:57:49"}
{"client_ip":"::1","level":"info","msg":"","req_method":"POST","req_uri":"/doctor/gtepatient","status_code":200,"time":"2024-06-03 18:57:58"}
{"client_ip":"::1","level":"info","msg":"","req_method":"POST","req_uri":"/doctor/gtepatient","status_code":200,"time":"2024-06-03 18:57:58"}
{"client_ip":"::1","level":"info","msg":"","req_method":"POST","req_uri":"/doctor/gtepatient","status_code":200,"time":"2024-06-03 18:58:56"}
{"client_ip":"::1","level":"info","msg":"","req_method":"POST","req_uri":"/doctor/gtepatient","status_code":200,"time":"2024-06-03 18:58:56"}
{"client_ip":"::1","level":"info","msg":"","req_method":"POST","req_uri":"/doctor/gtepatient","status_code":200,"time":"2024-06-03 18:59:31"}
{"client_ip":"::1","level":"info","msg":"","req_method":"POST","req_uri":"/doctor/gtepatient","status_code":200,"time":"2024-06-03 18:59:31"}
{"client_ip":"::1","level":"info","msg":"","req_method":"POST","req_uri":"/doctor/gtepatient","status_code":200,"time":"2024-06-03 18:59:56"}
{"client_ip":"::1","level":"info","msg":"","req_method":"POST","req_uri":"/doctor/gtepatient","status_code":200,"time":"2024-06-03 19:00:01"}
{"client_ip":"::1","level":"info","msg":"","req_method":"POST","req_uri":"/doctor/gtepatient","status_code":200,"time":"2024-06-03 19:00:05"}
{"client_ip":"::1","level":"info","msg":"","req_method":"POST","req_uri":"/doctor/gtepatient","status_code":200,"time":"2024-06-03 19:00:10"}
{"client_ip":"::1","level":"info","msg":"","req_method":"POST","req_uri":"/doctor/gtepatient","status_code":200,"time":"2024-06-03 19:00:16"}
{"client_ip":"::1","level":"info","msg":"","req_method":"POST","req_uri":"/doctor/gtepatient","status_code":200,"time":"2024-06-03 19:00:17"}
{"client_ip":"::1","level":"info","msg":"","req_method":"POST","req_uri":"/doctor/gtepatient","status_code":200,"time":"2024-06-03 19:00:19"}
{"client_ip":"::1","level":"info","msg":"","req_method":"POST","req_uri":"/doctor/gtepatient","status_code":200,"time":"2024-06-03 19:00:25"}
{"client_ip":"::1","level":"info","msg":"","req_method":"POST","req_uri":"/doctor/gtepatient","status_code":200,"time":"2024-06-03 19:00:30"}
{"client_ip":"::1","level":"info","msg":"","req_method":"POST","req_uri":"/doctor/gtepatient","status_code":200,"time":"2024-06-03 19:00:32"}
{"client_ip":"::1","level":"info","msg":"","req_method":"POST","req_uri":"/doctor/gtepatient","status_code":200,"time":"2024-06-03 19:00:34"}
{"client_ip":"::1","level":"info","msg":"","req_method":"POST","req_uri":"/doctor/gtepatient","status_code":200,"time":"2024-06-03 19:00:35"}
{"client_ip":"::1","level":"info","msg":"","req_method":"POST","req_uri":"/doctor/gtepatient","status_code":200,"time":"2024-06-03 19:01:29"}
{"client_ip":"::1","level":"info","msg":"","req_method":"POST","req_uri":"/doctor/gtepatient","status_code":200,"time":"2024-06-03 19:01:30"}
{"client_ip":"::1","level":"info","msg":"","req_method":"POST","req_uri":"/doctor/gtepatient","status_code":200,"time":"2024-06-03 19:10:58"}
{"client_ip":"::1","level":"info","msg":"","req_method":"GET","req_uri":"/patient/getimg?imageName=static/images/20240602/1717320564.png","status_code":200,"time":"2024-06-03 19:11:05"}
{"client_ip":"::1","level":"info","msg":"","req_method":"POST","req_uri":"/doctor/gtepatient","status_code":200,"time":"2024-06-03 19:11:05"}
{"client_ip":"::1","level":"info","msg":"","req_method":"POST","req_uri":"/doctor/setappointment","status_code":200,"time":"2024-06-03 19:11:10"}
{"client_ip":"::1","level":"info","msg":"","req_method":"POST","req_uri":"/doctor/gtepatient","status_code":200,"time":"2024-06-03 19:11:10"}
{"client_ip":"::1","level":"info","msg":"","req_method":"GET","req_uri":"/patient/getimg?imageName=static/images/20240602/1717320564.png","status_code":200,"time":"2024-06-03 19:11:13"}
{"client_ip":"::1","level":"info","msg":"","req_method":"POST","req_uri":"/doctor/gtepatient","status_code":200,"time":"2024-06-03 19:11:13"}
{"client_ip":"::1","level":"info","msg":"","req_method":"POST","req_uri":"/doctor/setappointment","status_code":200,"time":"2024-06-03 19:11:25"}
{"client_ip":"::1","level":"info","msg":"","req_method":"POST","req_uri":"/doctor/gtepatient","status_code":200,"time":"2024-06-03 19:11:25"}
{"client_ip":"::1","level":"info","msg":"","req_method":"POST","req_uri":"/doctor/gtepatient","status_code":200,"time":"2024-06-03 19:13:20"}
{"client_ip":"::1","level":"info","msg":"","req_method":"POST","req_uri":"/doctor/setappointment","status_code":200,"time":"2024-06-03 19:13:34"}
{"client_ip":"::1","level":"info","msg":"","req_method":"POST","req_uri":"/doctor/gtepatient","status_code":200,"time":"2024-06-03 19:13:34"}
{"client_ip":"::1","level":"info","msg":"","req_method":"POST","req_uri":"/doctor/gtepatient","status_code":200,"time":"2024-06-03 19:14:24"}
{"client_ip":"::1","level":"info","msg":"","req_method":"POST","req_uri":"/doctor/setappointment","status_code":200,"time":"2024-06-03 19:14:28"}
{"client_ip":"::1","level":"info","msg":"","req_method":"POST","req_uri":"/doctor/gtepatient","status_code":200,"time":"2024-06-03 19:14:28"}
{"client_ip":"::1","level":"info","msg":"","req_method":"GET","req_uri":"/patient/getimg?imageName=static/images/20240602/1717320564.png","status_code":200,"time":"2024-06-03 19:14:38"}
{"client_ip":"::1","level":"info","msg":"","req_method":"POST","req_uri":"/doctor/gtepatient","status_code":200,"time":"2024-06-03 19:14:38"}
{"client_ip":"::1","level":"info","msg":"","req_method":"GET","req_uri":"/patient/getimg?imageName=static/images/20240602/1717320564.png","status_code":200,"time":"2024-06-03 19:14:38"}
{"client_ip":"::1","level":"info","msg":"","req_method":"POST","req_uri":"/doctor/setappointment","status_code":200,"time":"2024-06-03 19:14:51"}
{"client_ip":"::1","level":"info","msg":"","req_method":"POST","req_uri":"/doctor/gtepatient","status_code":200,"time":"2024-06-03 19:14:51"}
{"client_ip":"::1","level":"info","msg":"","req_method":"POST","req_uri":"/doctor/gtepatient","status_code":200,"time":"2024-06-03 19:17:41"}
{"client_ip":"::1","level":"info","msg":"","req_method":"POST","req_uri":"/doctor/setappointment","status_code":200,"time":"2024-06-03 19:17:51"}
{"client_ip":"::1","level":"info","msg":"","req_method":"POST","req_uri":"/doctor/gtepatient","status_code":200,"time":"2024-06-03 19:17:51"}
{"client_ip":"::1","level":"info","msg":"","req_method":"GET","req_uri":"/patient/getimg?imageName=static/images/20240602/1717320564.png","status_code":200,"time":"2024-06-03 19:18:00"}
{"client_ip":"::1","level":"info","msg":"","req_method":"POST","req_uri":"/doctor/gtepatient","status_code":200,"time":"2024-06-03 19:18:00"}
{"client_ip":"::1","level":"info","msg":"","req_method":"GET","req_uri":"/patient/getimg?imageName=static/images/20240602/1717320564.png","status_code":200,"time":"2024-06-03 19:18:00"}
{"client_ip":"::1","level":"info","msg":"","req_method":"POST","req_uri":"/doctor/setappointment","status_code":200,"time":"2024-06-03 19:18:04"}
{"client_ip":"::1","level":"info","msg":"","req_method":"POST","req_uri":"/doctor/gtepatient","status_code":200,"time":"2024-06-03 19:18:04"}
{"client_ip":"::1","level":"info","msg":"","req_method":"POST","req_uri":"/doctor/gtepatient","status_code":200,"time":"2024-06-03 19:20:26"}
{"client_ip":"::1","level":"info","msg":"","req_method":"POST","req_uri":"/doctor/setappointment","status_code":200,"time":"2024-06-03 19:20:30"}
{"client_ip":"::1","level":"info","msg":"","req_method":"POST","req_uri":"/doctor/gtepatient","status_code":200,"time":"2024-06-03 19:20:30"}
{"client_ip":"::1","level":"info","msg":"","req_method":"POST","req_uri":"/doctor/setappointment","status_code":200,"time":"2024-06-03 19:27:20"}
{"client_ip":"::1","level":"info","msg":"","req_method":"POST","req_uri":"/doctor/gtepatient","status_code":200,"time":"2024-06-03 19:27:20"}
{"client_ip":"::1","level":"info","msg":"","req_method":"GET","req_uri":"/patient/getimg?imageName=static/images/20240602/1717320564.png","status_code":200,"time":"2024-06-03 19:29:00"}
{"client_ip":"::1","level":"info","msg":"","req_method":"POST","req_uri":"/doctor/gtepatient","status_code":200,"time":"2024-06-03 19:29:00"}
{"client_ip":"::1","level":"info","msg":"","req_method":"GET","req_uri":"/patient/getimg?imageName=static/images/20240602/1717320564.png","status_code":200,"time":"2024-06-03 19:29:00"}
{"client_ip":"::1","level":"info","msg":"","req_method":"POST","req_uri":"/doctor/setappointment","status_code":200,"time":"2024-06-03 19:29:03"}
{"client_ip":"::1","level":"info","msg":"","req_method":"POST","req_uri":"/doctor/setappointment","status_code":200,"time":"2024-06-03 19:33:33"}
{"client_ip":"::1","level":"info","msg":"","req_method":"POST","req_uri":"/doctor/setappointment","status_code":200,"time":"2024-06-03 19:33:36"}
{"client_ip":"::1","level":"info","msg":"","req_method":"POST","req_uri":"/doctor/setappointment","status_code":200,"time":"2024-06-03 19:33:38"}
{"client_ip":"::1","level":"info","msg":"","req_method":"POST","req_uri":"/doctor/gtepatient","status_code":200,"time":"2024-06-03 19:35:23"}
{"client_ip":"::1","level":"info","msg":"","req_method":"POST","req_uri":"/doctor/gtepatient","status_code":200,"time":"2024-06-03 19:35:43"}
{"client_ip":"::1","level":"info","msg":"","req_method":"POST","req_uri":"/doctor/gtepatient","status_code":200,"time":"2024-06-03 19:35:47"}
{"client_ip":"::1","level":"info","msg":"","req_method":"POST","req_uri":"/doctor/gtepatient","status_code":200,"time":"2024-06-03 19:39:43"}
{"client_ip":"::1","level":"info","msg":"","req_method":"POST","req_uri":"/doctor/gtepatient","status_code":200,"time":"2024-06-03 19:40:46"}
{"client_ip":"::1","level":"info","msg":"","req_method":"POST","req_uri":"/doctor/gtepatient","status_code":200,"time":"2024-06-03 19:40:49"}
{"client_ip":"::1","level":"info","msg":"","req_method":"POST","req_uri":"/doctor/gtepatient","status_code":200,"time":"2024-06-03 19:41:56"}
{"client_ip":"::1","level":"info","msg":"","req_method":"POST","req_uri":"/doctor/gtepatient","status_code":200,"time":"2024-06-03 19:41:58"}
{"client_ip":"::1","level":"info","msg":"","req_method":"POST","req_uri":"/admin/findAll","status_code":200,"time":"2024-06-03 19:42:05"}
{"client_ip":"::1","level":"info","msg":"","req_method":"POST","req_uri":"/doctor/gtepatient","status_code":200,"time":"2024-06-03 19:42:06"}
{"client_ip":"::1","level":"info","msg":"","req_method":"POST","req_uri":"/appointment/getappointment","status_code":400,"time":"2024-06-03 19:51:07"}
{"client_ip":"::1","level":"info","msg":"","req_method":"POST","req_uri":"/appointment/getdoctorschedule","status_code":200,"time":"2024-06-03 19:51:18"}
{"client_ip":"::1","level":"info","msg":"","req_method":"POST","req_uri":"/admin/findAll","status_code":200,"time":"2024-06-03 19:51:18"}
{"client_ip":"::1","level":"info","msg":"","req_method":"POST","req_uri":"/appointment/getappointment","status_code":400,"time":"2024-06-03 19:51:25"}
{"client_ip":"::1","level":"info","msg":"","req_method":"POST","req_uri":"/doctor/gtepatient","status_code":200,"time":"2024-06-03 19:51:27"}
{"client_ip":"::1","level":"info","msg":"","req_method":"GET","req_uri":"/patient/getimg?imageName=static/images/20240602/1717320564.png","status_code":200,"time":"2024-06-03 19:55:54"}
{"client_ip":"::1","level":"info","msg":"","req_method":"POST","req_uri":"/doctor/gtepatient","status_code":200,"time":"2024-06-03 19:55:54"}
{"client_ip":"::1","level":"info","msg":"","req_method":"POST","req_uri":"/doctor/gtepatient","status_code":200,"time":"2024-06-03 19:56:04"}
{"client_ip":"::1","level":"info","msg":"","req_method":"POST","req_uri":"/doctor/application/get","status_code":200,"time":"2024-06-03 20:09:40"}
{"client_ip":"::1","level":"info","msg":"","req_method":"POST","req_uri":"/doctor/application/get","status_code":200,"time":"2024-06-03 20:09:40"}
{"client_ip":"::1","level":"info","msg":"","req_method":"POST","req_uri":"/doctor/application/get","status_code":200,"time":"2024-06-03 20:10:20"}
{"client_ip":"::1","level":"info","msg":"","req_method":"POST","req_uri":"/doctor/application/get","status_code":200,"time":"2024-06-03 20:10:20"}
{"client_ip":"::1","level":"info","msg":"","req_method":"GET","req_uri":"/patient/getimg?imageName=static/images/20240602/1717320564.png","status_code":200,"time":"2024-06-03 20:18:33"}
{"client_ip":"::1","level":"info","msg":"","req_method":"POST","req_uri":"/doctor/application/get","status_code":200,"time":"2024-06-03 20:18:33"}
{"client_ip":"::1","level":"info","msg":"","req_method":"POST","req_uri":"/doctor/application/get","status_code":200,"time":"2024-06-03 20:22:33"}
{"client_ip":"::1","level":"info","msg":"","req_method":"POST","req_uri":"/doctor/application/get","status_code":200,"time":"2024-06-03 20:25:19"}
{"client_ip":"::1","level":"info","msg":"","req_method":"POST","req_uri":"/doctor/application/get","status_code":200,"time":"2024-06-03 20:26:03"}
{"client_ip":"::1","level":"info","msg":"","req_method":"POST","req_uri":"/doctor/application/get","status_code":200,"time":"2024-06-03 20:35:14"}
{"client_ip":"::1","level":"info","msg":"","req_method":"POST","req_uri":"/doctor/application/add","status_code":200,"time":"2024-06-03 20:35:31"}
{"client_ip":"::1","level":"info","msg":"","req_method":"POST","req_uri":"/doctor/application/get","status_code":200,"time":"2024-06-03 20:35:31"}
{"client_ip":"::1","level":"info","msg":"","req_method":"POST","req_uri":"/doctor/application/get","status_code":200,"time":"2024-06-03 20:36:25"}
{"client_ip":"::1","level":"info","msg":"","req_method":"POST","req_uri":"/doctor/application/get","status_code":200,"time":"2024-06-03 20:37:20"}
{"client_ip":"::1","level":"info","msg":"","req_method":"POST","req_uri":"/doctor/application/get","status_code":200,"time":"2024-06-03 20:38:15"}
{"client_ip":"::1","level":"info","msg":"","req_method":"POST","req_uri":"/doctor/application/get","status_code":200,"time":"2024-06-03 20:42:31"}
{"client_ip":"::1","level":"info","msg":"","req_method":"POST","req_uri":"/doctor/application/get","status_code":200,"time":"2024-06-03 20:44:12"}
{"client_ip":"::1","level":"info","msg":"","req_method":"POST","req_uri":"/doctor/application/add","status_code":200,"time":"2024-06-03 20:44:15"}
{"client_ip":"::1","level":"info","msg":"","req_method":"POST","req_uri":"/doctor/application/get","status_code":200,"time":"2024-06-03 20:45:26"}
