{"client_ip":"::1","level":"info","msg":"","req_method":"POST","req_uri":"/admin/findAll","status_code":200,"time":"2024-04-13 09:16:56"}
{"client_ip":"::1","level":"info","msg":"","req_method":"GET","req_uri":"/","status_code":200,"time":"2024-04-13 09:19:23"}
{"client_ip":"::1","level":"info","msg":"","req_method":"GET","req_uri":"/","status_code":200,"time":"2024-04-13 09:21:10"}
{"client_ip":"::1","level":"info","msg":"","req_method":"POST","req_uri":"/admin/findAll","status_code":200,"time":"2024-04-13 09:21:14"}
{"client_ip":"::1","level":"info","msg":"","req_method":"POST","req_uri":"/admin/add","status_code":200,"time":"2024-04-13 09:21:25"}
{"client_ip":"::1","level":"info","msg":"","req_method":"POST","req_uri":"/admin/findAll","status_code":200,"time":"2024-04-13 09:21:25"}
{"client_ip":"::1","level":"info","msg":"","req_method":"POST","req_uri":"/admin/update","status_code":200,"time":"2024-04-13 09:21:35"}
{"client_ip":"::1","level":"info","msg":"","req_method":"POST","req_uri":"/admin/findAll","status_code":200,"time":"2024-04-13 09:21:35"}
{"client_ip":"::1","level":"info","msg":"","req_method":"POST","req_uri":"/admin/findAll","status_code":200,"time":"2024-04-13 09:30:44"}
{"client_ip":"::1","level":"info","msg":"","req_method":"POST","req_uri":"/admin/update","status_code":200,"time":"2024-04-13 09:31:07"}
{"client_ip":"::1","level":"info","msg":"","req_method":"POST","req_uri":"/admin/findAll","status_code":200,"time":"2024-04-13 09:31:26"}
{"client_ip":"::1","level":"info","msg":"","req_method":"POST","req_uri":"/admin/update","status_code":200,"time":"2024-04-13 09:31:33"}
{"client_ip":"::1","level":"info","msg":"","req_method":"POST","req_uri":"/admin/findAll","status_code":200,"time":"2024-04-13 09:31:33"}
{"client_ip":"::1","level":"info","msg":"","req_method":"POST","req_uri":"/admin/findAll","status_code":200,"time":"2024-04-13 09:33:56"}
{"client_ip":"::1","level":"info","msg":"","req_method":"POST","req_uri":"/admin/update","status_code":200,"time":"2024-04-13 09:34:06"}
{"client_ip":"::1","level":"info","msg":"","req_method":"POST","req_uri":"/admin/findAll","status_code":200,"time":"2024-04-13 09:34:06"}
{"client_ip":"::1","level":"info","msg":"","req_method":"POST","req_uri":"/admin/findAll","status_code":200,"time":"2024-04-13 09:35:11"}
{"client_ip":"::1","level":"info","msg":"","req_method":"POST","req_uri":"/admin/update","status_code":200,"time":"2024-04-13 09:35:20"}
{"client_ip":"::1","level":"info","msg":"","req_method":"POST","req_uri":"/admin/findAll","status_code":200,"time":"2024-04-13 09:35:20"}
{"client_ip":"::1","level":"info","msg":"","req_method":"POST","req_uri":"/admin/findAll","status_code":200,"time":"2024-04-13 09:35:46"}
{"client_ip":"::1","level":"info","msg":"","req_method":"POST","req_uri":"/admin/update","status_code":200,"time":"2024-04-13 09:35:53"}
{"client_ip":"::1","level":"info","msg":"","req_method":"POST","req_uri":"/admin/findAll","status_code":200,"time":"2024-04-13 09:35:53"}
{"client_ip":"::1","level":"info","msg":"","req_method":"POST","req_uri":"/admin/findAll","status_code":200,"time":"2024-04-13 09:36:22"}
{"client_ip":"::1","level":"info","msg":"","req_method":"POST","req_uri":"/admin/update","status_code":200,"time":"2024-04-13 09:36:32"}
{"client_ip":"::1","level":"info","msg":"","req_method":"POST","req_uri":"/admin/findAll","status_code":200,"time":"2024-04-13 09:36:32"}
{"client_ip":"::1","level":"info","msg":"","req_method":"POST","req_uri":"/admin/findAll","status_code":200,"time":"2024-04-13 09:37:07"}
{"client_ip":"::1","level":"info","msg":"","req_method":"POST","req_uri":"/admin/update","status_code":200,"time":"2024-04-13 09:37:10"}
{"client_ip":"::1","level":"info","msg":"","req_method":"POST","req_uri":"/admin/findAll","status_code":200,"time":"2024-04-13 09:37:10"}
{"client_ip":"::1","level":"info","msg":"","req_method":"POST","req_uri":"/admin/update","status_code":200,"time":"2024-04-13 09:37:38"}
{"client_ip":"::1","level":"info","msg":"","req_method":"POST","req_uri":"/admin/findAll","status_code":200,"time":"2024-04-13 09:37:38"}
{"client_ip":"::1","level":"info","msg":"","req_method":"GET","req_uri":"/fingdoctorschedule","status_code":404,"time":"2024-04-13 09:45:01"}
{"client_ip":"::1","level":"info","msg":"","req_method":"POST","req_uri":"/fingdoctorschedule","status_code":404,"time":"2024-04-13 09:46:13"}
{"client_ip":"::1","level":"info","msg":"","req_method":"POST","req_uri":"/patient/fingdoctorschedule","status_code":200,"time":"2024-04-13 10:00:04"}
{"client_ip":"::1","level":"info","msg":"","req_method":"POST","req_uri":"/patient/fingdoctorschedule","status_code":200,"time":"2024-04-13 10:22:25"}
{"client_ip":"::1","level":"info","msg":"","req_method":"POST","req_uri":"/patient/fingdoctorschedule","status_code":200,"time":"2024-04-13 10:34:22"}
{"client_ip":"::1","level":"info","msg":"","req_method":"POST","req_uri":"/patient/fingdoctorschedule","status_code":200,"time":"2024-04-13 10:37:01"}
{"client_ip":"::1","level":"info","msg":"","req_method":"POST","req_uri":"/patient/fingdoctorschedule","status_code":200,"time":"2024-04-13 10:40:20"}
{"client_ip":"::1","level":"info","msg":"","req_method":"POST","req_uri":"/patient/fingdoctorschedule","status_code":200,"time":"2024-04-13 10:45:35"}
{"client_ip":"::1","level":"info","msg":"","req_method":"POST","req_uri":"/admin/findAll","status_code":200,"time":"2024-04-13 10:48:15"}
{"client_ip":"::1","level":"info","msg":"","req_method":"POST","req_uri":"/admin/find","status_code":200,"time":"2024-04-13 10:48:21"}
{"client_ip":"::1","level":"info","msg":"","req_method":"POST","req_uri":"/admin/find","status_code":200,"time":"2024-04-13 10:48:37"}
{"client_ip":"::1","level":"info","msg":"","req_method":"POST","req_uri":"/admin/findAll","status_code":200,"time":"2024-04-13 10:49:24"}
{"client_ip":"::1","level":"info","msg":"","req_method":"POST","req_uri":"/patient/fingdoctorschedule","status_code":200,"time":"2024-04-13 10:50:48"}
{"client_ip":"::1","level":"info","msg":"","req_method":"POST","req_uri":"/patient/fingdoctorschedule","status_code":200,"time":"2024-04-13 10:53:26"}
{"client_ip":"::1","level":"info","msg":"","req_method":"POST","req_uri":"/patient/fingdoctorschedule","status_code":200,"time":"2024-04-13 10:56:38"}
{"client_ip":"::1","level":"info","msg":"","req_method":"POST","req_uri":"/patient/fingdoctorschedule","status_code":200,"time":"2024-04-13 10:59:50"}
