{"client_ip":"::1","level":"info","msg":"","req_method":"POST","req_uri":"/admin/findAll","status_code":200,"time":"2024-04-02 08:56:31"}
{"client_ip":"::1","level":"info","msg":"","req_method":"POST","req_uri":"/admin/findAll","status_code":200,"time":"2024-04-02 08:57:15"}
{"client_ip":"::1","level":"info","msg":"","req_method":"POST","req_uri":"/admin/findAll","status_code":200,"time":"2024-04-02 08:59:10"}
{"client_ip":"::1","level":"info","msg":"","req_method":"POST","req_uri":"/admin/findAll","status_code":200,"time":"2024-04-02 08:59:40"}
{"client_ip":"::1","level":"info","msg":"","req_method":"POST","req_uri":"/admin/findAll","status_code":200,"time":"2024-04-02 08:59:46"}
{"client_ip":"::1","level":"info","msg":"","req_method":"POST","req_uri":"/admin/findAll","status_code":200,"time":"2024-04-02 08:59:54"}
{"client_ip":"::1","level":"info","msg":"","req_method":"POST","req_uri":"/admin/findAll","status_code":200,"time":"2024-04-02 09:00:16"}
{"client_ip":"::1","level":"info","msg":"","req_method":"POST","req_uri":"/admin/findAll","status_code":200,"time":"2024-04-02 09:02:44"}
{"client_ip":"::1","level":"info","msg":"","req_method":"POST","req_uri":"/admin/findAll","status_code":200,"time":"2024-04-02 09:08:07"}
{"client_ip":"::1","level":"info","msg":"","req_method":"POST","req_uri":"/admin/findAll","status_code":200,"time":"2024-04-02 09:08:11"}
{"client_ip":"::1","level":"info","msg":"","req_method":"POST","req_uri":"/admin/findAll","status_code":200,"time":"2024-04-02 09:08:38"}
{"client_ip":"::1","level":"info","msg":"","req_method":"POST","req_uri":"/admin/findAll","status_code":200,"time":"2024-04-02 09:08:41"}
{"client_ip":"::1","level":"info","msg":"","req_method":"POST","req_uri":"/admin/findAll","status_code":200,"time":"2024-04-02 09:12:17"}
{"client_ip":"::1","level":"info","msg":"","req_method":"POST","req_uri":"/admin/findAll","status_code":200,"time":"2024-04-02 09:12:20"}
{"client_ip":"::1","level":"info","msg":"","req_method":"POST","req_uri":"/admin/findAll","status_code":200,"time":"2024-04-02 09:17:16"}
{"client_ip":"::1","level":"info","msg":"","req_method":"POST","req_uri":"/admin/findAll","status_code":200,"time":"2024-04-02 09:18:20"}
{"client_ip":"::1","level":"info","msg":"","req_method":"POST","req_uri":"/admin/findAll","status_code":200,"time":"2024-04-02 09:18:49"}
{"client_ip":"::1","level":"info","msg":"","req_method":"POST","req_uri":"/admin/findAll","status_code":200,"time":"2024-04-02 09:21:26"}
{"client_ip":"::1","level":"info","msg":"","req_method":"POST","req_uri":"/admin/findAll","status_code":200,"time":"2024-04-02 09:22:23"}
{"client_ip":"::1","level":"info","msg":"","req_method":"POST","req_uri":"/admin/add","status_code":400,"time":"2024-04-02 09:22:46"}
{"client_ip":"::1","level":"info","msg":"","req_method":"POST","req_uri":"/admin/add","status_code":200,"time":"2024-04-02 09:23:43"}
{"client_ip":"::1","level":"info","msg":"","req_method":"POST","req_uri":"/admin/findAll","status_code":200,"time":"2024-04-02 09:24:01"}
{"client_ip":"::1","level":"info","msg":"","req_method":"POST","req_uri":"/admin/add","status_code":200,"time":"2024-04-02 09:24:17"}
{"client_ip":"::1","level":"info","msg":"","req_method":"POST","req_uri":"/admin/add","status_code":400,"time":"2024-04-02 09:24:41"}
{"client_ip":"::1","level":"info","msg":"","req_method":"POST","req_uri":"/admin/add","status_code":200,"time":"2024-04-02 09:24:48"}
{"client_ip":"::1","level":"info","msg":"","req_method":"POST","req_uri":"/admin/findAll","status_code":200,"time":"2024-04-02 09:25:46"}
{"client_ip":"::1","level":"info","msg":"","req_method":"POST","req_uri":"/admin/add","status_code":200,"time":"2024-04-02 09:25:55"}
{"client_ip":"::1","level":"info","msg":"","req_method":"POST","req_uri":"/admin/add","status_code":400,"time":"2024-04-02 09:25:57"}
{"client_ip":"::1","level":"info","msg":"","req_method":"POST","req_uri":"/admin/add","status_code":400,"time":"2024-04-02 09:26:11"}
{"client_ip":"::1","level":"info","msg":"","req_method":"POST","req_uri":"/admin/add","status_code":200,"time":"2024-04-02 09:26:15"}
{"client_ip":"::1","level":"info","msg":"","req_method":"POST","req_uri":"/admin/findAll","status_code":200,"time":"2024-04-02 09:26:20"}
{"client_ip":"::1","level":"info","msg":"","req_method":"POST","req_uri":"/admin/findAll","status_code":200,"time":"2024-04-02 09:27:08"}
{"client_ip":"::1","level":"info","msg":"","req_method":"POST","req_uri":"/admin/findAll","status_code":200,"time":"2024-04-02 09:28:41"}
{"client_ip":"::1","level":"info","msg":"","req_method":"POST","req_uri":"/admin/add","status_code":200,"time":"2024-04-02 09:28:50"}
{"client_ip":"::1","level":"info","msg":"","req_method":"POST","req_uri":"/admin/add","status_code":400,"time":"2024-04-02 09:29:19"}
{"client_ip":"::1","level":"info","msg":"","req_method":"POST","req_uri":"/admin/findAll","status_code":200,"time":"2024-04-02 09:29:53"}
{"client_ip":"::1","level":"info","msg":"","req_method":"POST","req_uri":"/admin/add","status_code":200,"time":"2024-04-02 09:31:52"}
{"client_ip":"::1","level":"info","msg":"","req_method":"POST","req_uri":"/admin/findAll","status_code":200,"time":"2024-04-02 09:33:15"}
{"client_ip":"::1","level":"info","msg":"","req_method":"POST","req_uri":"/admin/findAll","status_code":200,"time":"2024-04-02 09:37:11"}
{"client_ip":"::1","level":"info","msg":"","req_method":"POST","req_uri":"/admin/findAll","status_code":200,"time":"2024-04-02 09:39:37"}
{"client_ip":"::1","level":"info","msg":"","req_method":"POST","req_uri":"/admin/findAll","status_code":200,"time":"2024-04-02 09:40:02"}
{"client_ip":"::1","level":"info","msg":"","req_method":"POST","req_uri":"/admin/findAll","status_code":200,"time":"2024-04-02 09:40:20"}
{"client_ip":"::1","level":"info","msg":"","req_method":"POST","req_uri":"/admin/findAll","status_code":200,"time":"2024-04-02 09:40:40"}
{"client_ip":"::1","level":"info","msg":"","req_method":"POST","req_uri":"/admin/findAll","status_code":200,"time":"2024-04-02 09:45:11"}
{"client_ip":"::1","level":"info","msg":"","req_method":"POST","req_uri":"/admin/findAll","status_code":200,"time":"2024-04-02 09:49:06"}
{"client_ip":"::1","level":"info","msg":"","req_method":"POST","req_uri":"/admin/delete","status_code":400,"time":"2024-04-02 09:49:10"}
{"client_ip":"::1","level":"info","msg":"","req_method":"POST","req_uri":"/admin/findAll","status_code":200,"time":"2024-04-02 09:49:23"}
{"client_ip":"::1","level":"info","msg":"","req_method":"POST","req_uri":"/admin/delete","status_code":400,"time":"2024-04-02 09:49:26"}
{"client_ip":"::1","level":"info","msg":"","req_method":"POST","req_uri":"/admin/findAll","status_code":200,"time":"2024-04-02 09:49:29"}
{"client_ip":"::1","level":"info","msg":"","req_method":"POST","req_uri":"/admin/delete","status_code":400,"time":"2024-04-02 09:49:48"}
{"client_ip":"::1","level":"info","msg":"","req_method":"POST","req_uri":"/admin/delete","status_code":401,"time":"2024-04-02 09:53:47"}
{"client_ip":"::1","level":"info","msg":"","req_method":"POST","req_uri":"/admin/delete","status_code":401,"time":"2024-04-02 09:54:59"}
{"client_ip":"::1","level":"info","msg":"","req_method":"POST","req_uri":"/admin/delete","status_code":401,"time":"2024-04-02 09:55:08"}
{"client_ip":"::1","level":"info","msg":"","req_method":"POST","req_uri":"/admin/delete","status_code":401,"time":"2024-04-02 09:55:55"}
{"client_ip":"::1","level":"info","msg":"","req_method":"POST","req_uri":"/admin/delete","status_code":200,"time":"2024-04-02 09:57:14"}
{"client_ip":"::1","level":"info","msg":"","req_method":"POST","req_uri":"/admin/findAll","status_code":200,"time":"2024-04-02 09:57:14"}
{"client_ip":"::1","level":"info","msg":"","req_method":"POST","req_uri":"/admin/delete","status_code":200,"time":"2024-04-02 09:57:26"}
{"client_ip":"::1","level":"info","msg":"","req_method":"POST","req_uri":"/admin/findAll","status_code":200,"time":"2024-04-02 09:57:26"}
{"client_ip":"::1","level":"info","msg":"","req_method":"POST","req_uri":"/admin/findAll","status_code":200,"time":"2024-04-02 09:58:15"}
{"client_ip":"::1","level":"info","msg":"","req_method":"POST","req_uri":"/admin/delete","status_code":200,"time":"2024-04-02 09:58:32"}
{"client_ip":"::1","level":"info","msg":"","req_method":"POST","req_uri":"/admin/findAll","status_code":200,"time":"2024-04-02 09:58:32"}
{"client_ip":"::1","level":"info","msg":"","req_method":"POST","req_uri":"/admin/findAll","status_code":200,"time":"2024-04-02 09:59:12"}
{"client_ip":"::1","level":"info","msg":"","req_method":"POST","req_uri":"/admin/delete","status_code":200,"time":"2024-04-02 09:59:17"}
{"client_ip":"::1","level":"info","msg":"","req_method":"POST","req_uri":"/admin/findAll","status_code":200,"time":"2024-04-02 09:59:17"}
{"client_ip":"::1","level":"info","msg":"","req_method":"POST","req_uri":"/admin/findAll","status_code":200,"time":"2024-04-02 10:01:07"}
{"client_ip":"::1","level":"info","msg":"","req_method":"POST","req_uri":"/admin/findAll","status_code":200,"time":"2024-04-02 10:35:30"}
{"client_ip":"::1","level":"info","msg":"","req_method":"POST","req_uri":"/admin/findAll","status_code":200,"time":"2024-04-02 10:37:47"}
{"client_ip":"::1","level":"info","msg":"","req_method":"POST","req_uri":"/admin/findAll","status_code":200,"time":"2024-04-02 10:38:19"}
{"client_ip":"::1","level":"info","msg":"","req_method":"POST","req_uri":"/admin/findAll","status_code":200,"time":"2024-04-02 10:38:22"}
{"client_ip":"::1","level":"info","msg":"","req_method":"POST","req_uri":"/admin/findAll","status_code":200,"time":"2024-04-02 10:38:31"}
{"client_ip":"::1","level":"info","msg":"","req_method":"POST","req_uri":"/admin/findAll","status_code":200,"time":"2024-04-02 10:43:29"}
{"client_ip":"::1","level":"info","msg":"","req_method":"POST","req_uri":"/admin/findAll","status_code":200,"time":"2024-04-02 10:44:15"}
{"client_ip":"::1","level":"info","msg":"","req_method":"POST","req_uri":"/admin/findAll","status_code":200,"time":"2024-04-02 10:48:31"}
{"client_ip":"::1","level":"info","msg":"","req_method":"POST","req_uri":"/admin/findAll","status_code":200,"time":"2024-04-02 10:52:15"}
{"client_ip":"::1","level":"info","msg":"","req_method":"POST","req_uri":"/admin/findAll","status_code":200,"time":"2024-04-02 10:52:35"}
{"client_ip":"::1","level":"info","msg":"","req_method":"POST","req_uri":"/admin/findAll","status_code":200,"time":"2024-04-02 10:53:19"}
{"client_ip":"::1","level":"info","msg":"","req_method":"POST","req_uri":"/admin/findAll","status_code":200,"time":"2024-04-02 10:55:10"}
{"client_ip":"::1","level":"info","msg":"","req_method":"POST","req_uri":"/admin/findAll","status_code":200,"time":"2024-04-02 10:55:48"}
{"client_ip":"::1","level":"info","msg":"","req_method":"POST","req_uri":"/admin/findAll","status_code":200,"time":"2024-04-02 10:56:01"}
{"client_ip":"::1","level":"info","msg":"","req_method":"POST","req_uri":"/admin/update","status_code":200,"time":"2024-04-02 10:56:37"}
{"client_ip":"::1","level":"info","msg":"","req_method":"POST","req_uri":"/admin/findAll","status_code":200,"time":"2024-04-02 10:56:41"}
{"client_ip":"::1","level":"info","msg":"","req_method":"POST","req_uri":"/admin/findAll","status_code":200,"time":"2024-04-02 10:57:12"}
{"client_ip":"::1","level":"info","msg":"","req_method":"POST","req_uri":"/admin/update","status_code":200,"time":"2024-04-02 10:57:19"}
{"client_ip":"::1","level":"info","msg":"","req_method":"POST","req_uri":"/admin/findAll","status_code":200,"time":"2024-04-02 10:57:23"}
{"client_ip":"::1","level":"info","msg":"","req_method":"POST","req_uri":"/admin/update","status_code":200,"time":"2024-04-02 10:57:56"}
{"client_ip":"::1","level":"info","msg":"","req_method":"POST","req_uri":"/admin/findAll","status_code":200,"time":"2024-04-02 10:58:00"}
{"client_ip":"::1","level":"info","msg":"","req_method":"POST","req_uri":"/admin/findAll","status_code":200,"time":"2024-04-02 10:58:17"}
{"client_ip":"::1","level":"info","msg":"","req_method":"POST","req_uri":"/admin/update","status_code":200,"time":"2024-04-02 10:58:23"}
{"client_ip":"::1","level":"info","msg":"","req_method":"POST","req_uri":"/admin/findAll","status_code":200,"time":"2024-04-02 10:58:28"}
{"client_ip":"::1","level":"info","msg":"","req_method":"POST","req_uri":"/admin/update","status_code":200,"time":"2024-04-02 10:58:34"}
{"client_ip":"::1","level":"info","msg":"","req_method":"POST","req_uri":"/admin/findAll","status_code":200,"time":"2024-04-02 10:58:39"}
{"client_ip":"::1","level":"info","msg":"","req_method":"POST","req_uri":"/admin/update","status_code":200,"time":"2024-04-02 10:59:43"}
{"client_ip":"::1","level":"info","msg":"","req_method":"POST","req_uri":"/admin/update","status_code":200,"time":"2024-04-02 11:01:38"}
{"client_ip":"::1","level":"info","msg":"","req_method":"POST","req_uri":"/admin/findAll","status_code":200,"time":"2024-04-02 11:01:42"}
{"client_ip":"::1","level":"info","msg":"","req_method":"POST","req_uri":"/admin/findAll","status_code":200,"time":"2024-04-02 11:04:23"}
{"client_ip":"::1","level":"info","msg":"","req_method":"POST","req_uri":"/admin/findAll","status_code":200,"time":"2024-04-02 11:07:11"}
{"client_ip":"::1","level":"info","msg":"","req_method":"POST","req_uri":"/admin/findAll","status_code":200,"time":"2024-04-02 11:08:07"}
{"client_ip":"::1","level":"info","msg":"","req_method":"POST","req_uri":"/admin/findAll","status_code":200,"time":"2024-04-02 11:09:33"}
{"client_ip":"::1","level":"info","msg":"","req_method":"POST","req_uri":"/admin/findAll","status_code":200,"time":"2024-04-02 11:14:02"}
{"client_ip":"::1","level":"info","msg":"","req_method":"POST","req_uri":"/admin/find","status_code":400,"time":"2024-04-02 11:14:10"}
{"client_ip":"::1","level":"info","msg":"","req_method":"POST","req_uri":"/admin/find","status_code":200,"time":"2024-04-02 11:15:25"}
{"client_ip":"::1","level":"info","msg":"","req_method":"POST","req_uri":"/admin/findAll","status_code":200,"time":"2024-04-02 11:18:07"}
{"client_ip":"::1","level":"info","msg":"","req_method":"POST","req_uri":"/admin/find","status_code":200,"time":"2024-04-02 11:18:17"}
{"client_ip":"::1","level":"info","msg":"","req_method":"POST","req_uri":"/admin/find","status_code":200,"time":"2024-04-02 11:18:21"}
{"client_ip":"::1","level":"info","msg":"","req_method":"POST","req_uri":"/admin/find","status_code":200,"time":"2024-04-02 11:18:31"}
{"client_ip":"::1","level":"info","msg":"","req_method":"POST","req_uri":"/admin/findAll","status_code":200,"time":"2024-04-02 11:21:05"}
{"client_ip":"::1","level":"info","msg":"","req_method":"POST","req_uri":"/admin/findAll","status_code":200,"time":"2024-04-02 11:21:08"}
{"client_ip":"::1","level":"info","msg":"","req_method":"POST","req_uri":"/admin/findAll","status_code":200,"time":"2024-04-02 11:22:46"}
{"client_ip":"::1","level":"info","msg":"","req_method":"POST","req_uri":"/admin/findAll","status_code":200,"time":"2024-04-02 11:22:50"}
{"client_ip":"::1","level":"info","msg":"","req_method":"POST","req_uri":"/admin/findAll","status_code":200,"time":"2024-04-02 11:23:18"}
{"client_ip":"::1","level":"info","msg":"","req_method":"POST","req_uri":"/admin/findAll","status_code":200,"time":"2024-04-02 11:23:21"}
{"client_ip":"::1","level":"info","msg":"","req_method":"POST","req_uri":"/admin/find","status_code":200,"time":"2024-04-02 11:29:02"}
{"client_ip":"::1","level":"info","msg":"","req_method":"POST","req_uri":"/admin/find","status_code":402,"time":"2024-04-02 11:29:09"}
{"client_ip":"::1","level":"info","msg":"","req_method":"POST","req_uri":"/admin/findAll","status_code":200,"time":"2024-04-02 11:31:16"}
{"client_ip":"::1","level":"info","msg":"","req_method":"POST","req_uri":"/admin/find","status_code":200,"time":"2024-04-02 11:31:23"}
{"client_ip":"::1","level":"info","msg":"","req_method":"POST","req_uri":"/admin/findAll","status_code":200,"time":"2024-04-02 11:31:24"}
{"client_ip":"::1","level":"info","msg":"","req_method":"POST","req_uri":"/admin/findAll","status_code":200,"time":"2024-04-02 11:33:42"}
{"client_ip":"::1","level":"info","msg":"","req_method":"POST","req_uri":"/admin/delete","status_code":200,"time":"2024-04-02 11:47:54"}
{"client_ip":"::1","level":"info","msg":"","req_method":"POST","req_uri":"/admin/findAll","status_code":200,"time":"2024-04-02 11:47:54"}
{"client_ip":"::1","level":"info","msg":"","req_method":"POST","req_uri":"/admin/delete","status_code":200,"time":"2024-04-02 11:48:54"}
{"client_ip":"::1","level":"info","msg":"","req_method":"POST","req_uri":"/admin/findAll","status_code":200,"time":"2024-04-02 11:48:54"}
{"client_ip":"::1","level":"info","msg":"","req_method":"POST","req_uri":"/admin/add","status_code":200,"time":"2024-04-02 11:49:32"}
{"client_ip":"::1","level":"info","msg":"","req_method":"POST","req_uri":"/admin/findAll","status_code":200,"time":"2024-04-02 11:49:40"}
{"client_ip":"::1","level":"info","msg":"","req_method":"POST","req_uri":"/admin/findAll","status_code":200,"time":"2024-04-02 11:51:56"}
{"client_ip":"::1","level":"info","msg":"","req_method":"POST","req_uri":"/admin/findAll","status_code":200,"time":"2024-04-02 11:52:23"}
{"client_ip":"::1","level":"info","msg":"","req_method":"POST","req_uri":"/admin/add","status_code":200,"time":"2024-04-02 11:52:40"}
{"client_ip":"::1","level":"info","msg":"","req_method":"POST","req_uri":"/admin/register","status_code":401,"time":"2024-04-02 14:51:17"}
{"client_ip":"::1","level":"info","msg":"","req_method":"POST","req_uri":"/admin/register","status_code":200,"time":"2024-04-02 14:55:26"}
{"client_ip":"::1","level":"info","msg":"","req_method":"POST","req_uri":"/admin/register","status_code":200,"time":"2024-04-02 14:56:07"}
{"client_ip":"::1","level":"info","msg":"","req_method":"POST","req_uri":"/admin/register","status_code":200,"time":"2024-04-02 15:00:00"}
{"client_ip":"::1","level":"info","msg":"","req_method":"POST","req_uri":"/admin/register","status_code":200,"time":"2024-04-02 15:00:48"}
{"client_ip":"::1","level":"info","msg":"","req_method":"POST","req_uri":"/admin/register","status_code":200,"time":"2024-04-02 15:01:34"}
{"client_ip":"::1","level":"info","msg":"","req_method":"POST","req_uri":"/register","status_code":404,"time":"2024-04-02 15:07:58"}
{"client_ip":"::1","level":"info","msg":"","req_method":"POST","req_uri":"/admin/register","status_code":400,"time":"2024-04-02 15:08:28"}
{"client_ip":"::1","level":"info","msg":"","req_method":"POST","req_uri":"/admin/register","status_code":200,"time":"2024-04-02 15:09:56"}
{"client_ip":"::1","level":"info","msg":"","req_method":"POST","req_uri":"/admin/register","status_code":200,"time":"2024-04-02 15:10:27"}
{"client_ip":"::1","level":"info","msg":"","req_method":"POST","req_uri":"/admin/register","status_code":200,"time":"2024-04-02 15:10:44"}
{"client_ip":"::1","level":"info","msg":"","req_method":"POST","req_uri":"/admin/register","status_code":200,"time":"2024-04-02 15:12:39"}
{"client_ip":"::1","level":"info","msg":"","req_method":"POST","req_uri":"/admin/register","status_code":200,"time":"2024-04-02 15:37:51"}
{"client_ip":"::1","level":"info","msg":"","req_method":"POST","req_uri":"/admin/register","status_code":200,"time":"2024-04-02 15:40:37"}
{"client_ip":"::1","level":"info","msg":"","req_method":"POST","req_uri":"/admin/register","status_code":200,"time":"2024-04-02 15:42:33"}
{"client_ip":"::1","level":"info","msg":"","req_method":"POST","req_uri":"/admin/register","status_code":200,"time":"2024-04-02 15:44:21"}
{"client_ip":"::1","level":"info","msg":"","req_method":"POST","req_uri":"/doctor/register","status_code":200,"time":"2024-04-02 15:49:45"}
{"client_ip":"::1","level":"info","msg":"","req_method":"POST","req_uri":"/doctor/register","status_code":200,"time":"2024-04-02 15:49:50"}
{"client_ip":"::1","level":"info","msg":"","req_method":"POST","req_uri":"/doctor/register","status_code":200,"time":"2024-04-02 15:49:57"}
{"client_ip":"::1","level":"info","msg":"","req_method":"POST","req_uri":"/doctor/register","status_code":200,"time":"2024-04-02 15:49:57"}
{"client_ip":"::1","level":"info","msg":"","req_method":"POST","req_uri":"/patient/register","status_code":401,"time":"2024-04-02 15:50:00"}
{"client_ip":"::1","level":"info","msg":"","req_method":"POST","req_uri":"/doctor/register","status_code":200,"time":"2024-04-02 15:55:12"}
{"client_ip":"::1","level":"info","msg":"","req_method":"POST","req_uri":"/patient/register","status_code":401,"time":"2024-04-02 15:55:49"}
{"client_ip":"::1","level":"info","msg":"","req_method":"POST","req_uri":"/patient/register","status_code":401,"time":"2024-04-02 15:56:07"}
{"client_ip":"::1","level":"info","msg":"","req_method":"POST","req_uri":"/admin/register","status_code":401,"time":"2024-04-02 15:56:20"}
{"client_ip":"::1","level":"info","msg":"","req_method":"POST","req_uri":"/admin/findAll","status_code":200,"time":"2024-04-02 16:09:44"}
{"client_ip":"::1","level":"info","msg":"","req_method":"POST","req_uri":"/admin/delete","status_code":200,"time":"2024-04-02 16:09:52"}
{"client_ip":"::1","level":"info","msg":"","req_method":"POST","req_uri":"/admin/findAll","status_code":200,"time":"2024-04-02 16:09:52"}
{"client_ip":"::1","level":"info","msg":"","req_method":"POST","req_uri":"/patient/login","status_code":200,"time":"2024-04-02 19:22:10"}
{"client_ip":"::1","level":"info","msg":"","req_method":"POST","req_uri":"/patient/register","status_code":401,"time":"2024-04-02 19:23:08"}
{"client_ip":"::1","level":"info","msg":"","req_method":"POST","req_uri":"/patient/register","status_code":200,"time":"2024-04-02 19:24:57"}
{"client_ip":"::1","level":"info","msg":"","req_method":"POST","req_uri":"/patient/login","status_code":200,"time":"2024-04-02 20:00:22"}
{"client_ip":"::1","level":"info","msg":"","req_method":"POST","req_uri":"/patient/register","status_code":200,"time":"2024-04-02 20:02:14"}
{"client_ip":"::1","level":"info","msg":"","req_method":"POST","req_uri":"/admin/register","status_code":200,"time":"2024-04-02 20:07:10"}
{"client_ip":"::1","level":"info","msg":"","req_method":"POST","req_uri":"/admin/register","status_code":200,"time":"2024-04-02 20:07:19"}
{"client_ip":"::1","level":"info","msg":"","req_method":"POST","req_uri":"/admin/register","status_code":200,"time":"2024-04-02 20:10:20"}
{"client_ip":"::1","level":"info","msg":"","req_method":"POST","req_uri":"/admin/findAll","status_code":200,"time":"2024-04-02 20:10:21"}
{"client_ip":"::1","level":"info","msg":"","req_method":"POST","req_uri":"/admin/register","status_code":200,"time":"2024-04-02 20:33:46"}
{"client_ip":"::1","level":"info","msg":"","req_method":"POST","req_uri":"/admin/findAll","status_code":200,"time":"2024-04-02 20:33:46"}
{"client_ip":"::1","level":"info","msg":"","req_method":"POST","req_uri":"/admin/find","status_code":200,"time":"2024-04-02 20:33:59"}
{"client_ip":"::1","level":"info","msg":"","req_method":"POST","req_uri":"/admin/findAll","status_code":200,"time":"2024-04-02 20:34:01"}
{"client_ip":"::1","level":"info","msg":"","req_method":"POST","req_uri":"/admin/update","status_code":200,"time":"2024-04-02 20:34:12"}
{"client_ip":"::1","level":"info","msg":"","req_method":"POST","req_uri":"/admin/findAll","status_code":200,"time":"2024-04-02 20:34:12"}
{"client_ip":"::1","level":"info","msg":"","req_method":"POST","req_uri":"/admin/update","status_code":200,"time":"2024-04-02 20:34:25"}
{"client_ip":"::1","level":"info","msg":"","req_method":"POST","req_uri":"/admin/findAll","status_code":200,"time":"2024-04-02 20:34:25"}
{"client_ip":"::1","level":"info","msg":"","req_method":"POST","req_uri":"/admin/add","status_code":200,"time":"2024-04-02 20:34:32"}
{"client_ip":"::1","level":"info","msg":"","req_method":"POST","req_uri":"/admin/findAll","status_code":200,"time":"2024-04-02 20:34:32"}
{"client_ip":"::1","level":"info","msg":"","req_method":"POST","req_uri":"/admin/delete","status_code":200,"time":"2024-04-02 20:34:37"}
{"client_ip":"::1","level":"info","msg":"","req_method":"POST","req_uri":"/admin/findAll","status_code":200,"time":"2024-04-02 20:34:37"}
{"client_ip":"::1","level":"info","msg":"","req_method":"POST","req_uri":"/admin/register","status_code":200,"time":"2024-04-02 20:42:25"}
{"client_ip":"::1","level":"info","msg":"","req_method":"POST","req_uri":"/admin/findAll","status_code":200,"time":"2024-04-02 20:42:25"}
{"client_ip":"::1","level":"info","msg":"","req_method":"POST","req_uri":"/admin/add","status_code":200,"time":"2024-04-02 20:42:35"}
{"client_ip":"::1","level":"info","msg":"","req_method":"POST","req_uri":"/admin/findAll","status_code":200,"time":"2024-04-02 20:42:35"}
{"client_ip":"::1","level":"info","msg":"","req_method":"POST","req_uri":"/admin/update","status_code":200,"time":"2024-04-02 20:42:42"}
{"client_ip":"::1","level":"info","msg":"","req_method":"POST","req_uri":"/admin/findAll","status_code":200,"time":"2024-04-02 20:42:42"}
{"client_ip":"::1","level":"info","msg":"","req_method":"POST","req_uri":"/admin/delete","status_code":200,"time":"2024-04-02 20:42:48"}
{"client_ip":"::1","level":"info","msg":"","req_method":"POST","req_uri":"/admin/findAll","status_code":200,"time":"2024-04-02 20:42:48"}
