{"client_ip":"::1","level":"info","msg":"","req_method":"POST","req_uri":"/admin/register","status_code":200,"time":"2024-06-23 23:40:50"}
{"client_ip":"::1","level":"info","msg":"","req_method":"POST","req_uri":"/doctor/update","status_code":401,"time":"2024-06-23 23:47:58"}
{"client_ip":"::1","level":"info","msg":"","req_method":"POST","req_uri":"/patient/genCaptcha","status_code":200,"time":"2024-06-23 23:51:05"}
{"client_ip":"::1","level":"info","msg":"","req_method":"POST","req_uri":"/admin/register","status_code":200,"time":"2024-06-23 23:51:32"}
{"client_ip":"::1","level":"info","msg":"","req_method":"POST","req_uri":"/admin/register","status_code":200,"time":"2024-06-23 23:51:38"}
{"client_ip":"::1","level":"info","msg":"","req_method":"POST","req_uri":"/patient/genCaptcha","status_code":200,"time":"2024-06-23 23:51:43"}
{"client_ip":"::1","level":"info","msg":"","req_method":"POST","req_uri":"/admin/register","status_code":200,"time":"2024-06-23 23:51:50"}
{"client_ip":"::1","level":"info","msg":"","req_method":"POST","req_uri":"/admin/find","status_code":200,"time":"2024-06-23 23:51:56"}
{"client_ip":"::1","level":"info","msg":"","req_method":"POST","req_uri":"/admin/schedule/finfdoctorschedule","status_code":200,"time":"2024-06-23 23:51:57"}
{"client_ip":"::1","level":"info","msg":"","req_method":"POST","req_uri":"/appointment/getappointment","status_code":200,"time":"2024-06-23 23:51:59"}
{"client_ip":"::1","level":"info","msg":"","req_method":"POST","req_uri":"/admin/find","status_code":200,"time":"2024-06-23 23:52:42"}
{"client_ip":"::1","level":"info","msg":"","req_method":"POST","req_uri":"/admin/schedule/finfdoctorschedule","status_code":200,"time":"2024-06-23 23:52:43"}
{"client_ip":"::1","level":"info","msg":"","req_method":"POST","req_uri":"/admin/schedule/finfdoctorschedule","status_code":200,"time":"2024-06-23 23:53:16"}
{"client_ip":"::1","level":"info","msg":"","req_method":"POST","req_uri":"/admin/schedule/finfdoctorschedule","status_code":200,"time":"2024-06-23 23:53:27"}
{"client_ip":"::1","level":"info","msg":"","req_method":"POST","req_uri":"/admin/schedule/setdoctorschedule","status_code":200,"time":"2024-06-23 23:53:35"}
{"client_ip":"::1","level":"info","msg":"","req_method":"POST","req_uri":"/admin/schedule/finfdoctorschedule","status_code":200,"time":"2024-06-23 23:53:35"}
{"client_ip":"::1","level":"info","msg":"","req_method":"POST","req_uri":"/admin/schedule/finfdoctorschedule","status_code":200,"time":"2024-06-23 23:53:39"}
{"client_ip":"::1","level":"info","msg":"","req_method":"POST","req_uri":"/admin/schedule/setdoctorschedule","status_code":200,"time":"2024-06-23 23:53:49"}
{"client_ip":"::1","level":"info","msg":"","req_method":"POST","req_uri":"/admin/schedule/finfdoctorschedule","status_code":200,"time":"2024-06-23 23:53:49"}
{"client_ip":"::1","level":"info","msg":"","req_method":"POST","req_uri":"/admin/schedule/finfdoctorschedule","status_code":200,"time":"2024-06-23 23:53:56"}
{"client_ip":"::1","level":"info","msg":"","req_method":"POST","req_uri":"/admin/schedule/deletedoctorschedules","status_code":200,"time":"2024-06-23 23:54:03"}
{"client_ip":"::1","level":"info","msg":"","req_method":"POST","req_uri":"/admin/schedule/finfdoctorschedule","status_code":200,"time":"2024-06-23 23:54:03"}
{"client_ip":"::1","level":"info","msg":"","req_method":"POST","req_uri":"/admin/schedule/deletedoctorschedule","status_code":200,"time":"2024-06-23 23:54:06"}
{"client_ip":"::1","level":"info","msg":"","req_method":"POST","req_uri":"/admin/schedule/finfdoctorschedule","status_code":200,"time":"2024-06-23 23:54:06"}
{"client_ip":"::1","level":"info","msg":"","req_method":"POST","req_uri":"/admin/schedule/finfdoctorschedule","status_code":200,"time":"2024-06-23 23:54:41"}
{"client_ip":"::1","level":"info","msg":"","req_method":"POST","req_uri":"/admin/schedule/finfdoctorschedule","status_code":200,"time":"2024-06-23 23:55:26"}
{"client_ip":"::1","level":"info","msg":"","req_method":"POST","req_uri":"/admin/schedule/finfdoctorschedule","status_code":200,"time":"2024-06-23 23:56:26"}
{"client_ip":"::1","level":"info","msg":"","req_method":"POST","req_uri":"/admin/schedule/finfdoctorschedule","status_code":200,"time":"2024-06-23 23:56:48"}
{"client_ip":"::1","level":"info","msg":"","req_method":"POST","req_uri":"/admin/schedule/finfdoctorschedule","status_code":200,"time":"2024-06-23 23:56:59"}
