{"client_ip":"::1","level":"info","msg":"","req_method":"POST","req_uri":"/doctor/register","status_code":200,"time":"2024-06-16 09:07:33"}
{"client_ip":"::1","level":"info","msg":"","req_method":"GET","req_uri":"/patient/getimg?imageName=static/images/20240602/1717320564.png","status_code":200,"time":"2024-06-16 09:07:33"}
{"client_ip":"::1","level":"info","msg":"","req_method":"POST","req_uri":"/admin/register","status_code":200,"time":"2024-06-16 09:10:05"}
{"client_ip":"::1","level":"info","msg":"","req_method":"POST","req_uri":"/admin/schedule/getdoctorschedule","status_code":200,"time":"2024-06-16 09:10:10"}
{"client_ip":"::1","level":"info","msg":"","req_method":"POST","req_uri":"/admin/alldoctor","status_code":200,"time":"2024-06-16 09:10:19"}
{"client_ip":"::1","level":"info","msg":"","req_method":"POST","req_uri":"/admin/findAll","status_code":200,"time":"2024-06-16 09:10:19"}
{"client_ip":"::1","level":"info","msg":"","req_method":"GET","req_uri":"/patient/getimg?imageName=static/images/20240602/1717320564.png","status_code":200,"time":"2024-06-16 09:10:19"}
{"client_ip":"::1","level":"info","msg":"","req_method":"GET","req_uri":"/patient/getimg?imageName=static/images/20240601/1717209120.png","status_code":200,"time":"2024-06-16 09:10:19"}
{"client_ip":"::1","level":"info","msg":"","req_method":"POST","req_uri":"/doctor/update","status_code":200,"time":"2024-06-16 09:10:30"}
{"client_ip":"::1","level":"info","msg":"","req_method":"POST","req_uri":"/admin/alldoctor","status_code":200,"time":"2024-06-16 09:10:30"}
{"client_ip":"::1","level":"info","msg":"","req_method":"POST","req_uri":"/doctor/update","status_code":200,"time":"2024-06-16 09:12:19"}
{"client_ip":"::1","level":"info","msg":"","req_method":"POST","req_uri":"/admin/alldoctor","status_code":200,"time":"2024-06-16 09:12:19"}
{"client_ip":"::1","level":"info","msg":"","req_method":"POST","req_uri":"/doctor/update","status_code":200,"time":"2024-06-16 09:12:34"}
{"client_ip":"::1","level":"info","msg":"","req_method":"POST","req_uri":"/admin/alldoctor","status_code":200,"time":"2024-06-16 09:12:34"}
{"client_ip":"::1","level":"info","msg":"","req_method":"POST","req_uri":"/admin/findAll","status_code":200,"time":"2024-06-16 09:14:43"}
{"client_ip":"::1","level":"info","msg":"","req_method":"POST","req_uri":"/admin/alldoctor","status_code":200,"time":"2024-06-16 09:14:43"}
{"client_ip":"::1","level":"info","msg":"","req_method":"POST","req_uri":"/doctor/update","status_code":400,"time":"2024-06-16 09:14:51"}
{"client_ip":"::1","level":"info","msg":"","req_method":"POST","req_uri":"/admin/findAll","status_code":200,"time":"2024-06-16 09:18:34"}
{"client_ip":"::1","level":"info","msg":"","req_method":"POST","req_uri":"/admin/alldoctor","status_code":200,"time":"2024-06-16 09:18:34"}
{"client_ip":"::1","level":"info","msg":"","req_method":"POST","req_uri":"/doctor/update","status_code":400,"time":"2024-06-16 09:18:38"}
{"client_ip":"::1","level":"info","msg":"","req_method":"POST","req_uri":"/doctor/update","status_code":200,"time":"2024-06-16 09:19:06"}
{"client_ip":"::1","level":"info","msg":"","req_method":"POST","req_uri":"/admin/alldoctor","status_code":200,"time":"2024-06-16 09:19:06"}
{"client_ip":"::1","level":"info","msg":"","req_method":"POST","req_uri":"/doctor/update","status_code":200,"time":"2024-06-16 09:19:19"}
{"client_ip":"::1","level":"info","msg":"","req_method":"POST","req_uri":"/admin/alldoctor","status_code":200,"time":"2024-06-16 09:19:19"}
{"client_ip":"::1","level":"info","msg":"","req_method":"POST","req_uri":"/doctor/update","status_code":200,"time":"2024-06-16 09:19:25"}
{"client_ip":"::1","level":"info","msg":"","req_method":"POST","req_uri":"/admin/alldoctor","status_code":200,"time":"2024-06-16 09:19:25"}
{"client_ip":"::1","level":"info","msg":"","req_method":"POST","req_uri":"/admin/findAll","status_code":200,"time":"2024-06-16 09:23:32"}
{"client_ip":"::1","level":"info","msg":"","req_method":"POST","req_uri":"/admin/alldoctor","status_code":200,"time":"2024-06-16 09:23:32"}
{"client_ip":"::1","level":"info","msg":"","req_method":"GET","req_uri":"/patient/getimg?imageName=static/images/20240602/1717320564.png","status_code":200,"time":"2024-06-16 09:23:32"}
{"client_ip":"::1","level":"info","msg":"","req_method":"GET","req_uri":"/patient/getimg?imageName=static/images/20240601/1717209120.png","status_code":200,"time":"2024-06-16 09:23:32"}
{"client_ip":"::1","level":"info","msg":"","req_method":"GET","req_uri":"/patient/getimg?imageName=static/images/20240601/1717209120.png","status_code":200,"time":"2024-06-16 09:23:33"}
{"client_ip":"::1","level":"info","msg":"","req_method":"GET","req_uri":"/patient/getimg?imageName=static/images/20240602/1717320564.png","status_code":200,"time":"2024-06-16 09:23:33"}
{"client_ip":"::1","level":"info","msg":"","req_method":"POST","req_uri":"/admin/alldoctor","status_code":200,"time":"2024-06-16 09:23:50"}
{"client_ip":"::1","level":"info","msg":"","req_method":"POST","req_uri":"/admin/findAll","status_code":200,"time":"2024-06-16 09:26:42"}
{"client_ip":"::1","level":"info","msg":"","req_method":"POST","req_uri":"/admin/alldoctor","status_code":200,"time":"2024-06-16 09:26:42"}
{"client_ip":"::1","level":"info","msg":"","req_method":"GET","req_uri":"/patient/getimg?imageName=static/images/20240601/1717209120.png","status_code":200,"time":"2024-06-16 09:26:42"}
{"client_ip":"::1","level":"info","msg":"","req_method":"GET","req_uri":"/patient/getimg?imageName=static/images/20240602/1717320564.png","status_code":200,"time":"2024-06-16 09:26:42"}
{"client_ip":"::1","level":"info","msg":"","req_method":"POST","req_uri":"/doctor/update","status_code":200,"time":"2024-06-16 09:26:53"}
{"client_ip":"::1","level":"info","msg":"","req_method":"POST","req_uri":"/admin/alldoctor","status_code":200,"time":"2024-06-16 09:26:53"}
{"client_ip":"::1","level":"info","msg":"","req_method":"POST","req_uri":"/doctor/update","status_code":200,"time":"2024-06-16 09:27:05"}
{"client_ip":"::1","level":"info","msg":"","req_method":"POST","req_uri":"/admin/alldoctor","status_code":200,"time":"2024-06-16 09:27:05"}
{"client_ip":"::1","level":"info","msg":"","req_method":"POST","req_uri":"/doctor/update","status_code":200,"time":"2024-06-16 09:27:22"}
{"client_ip":"::1","level":"info","msg":"","req_method":"POST","req_uri":"/admin/alldoctor","status_code":200,"time":"2024-06-16 09:27:22"}
{"client_ip":"::1","level":"info","msg":"","req_method":"POST","req_uri":"/patient/register","status_code":200,"time":"2024-06-16 09:38:54"}
{"client_ip":"::1","level":"info","msg":"","req_method":"GET","req_uri":"/patient/getimg?imageName=static/images/20240612/1718191081.png","status_code":200,"time":"2024-06-16 09:38:54"}
{"client_ip":"::1","level":"info","msg":"","req_method":"POST","req_uri":"/patient/getbalance","status_code":200,"time":"2024-06-16 09:39:10"}
{"client_ip":"::1","level":"info","msg":"","req_method":"POST","req_uri":"/patient/getbalance","status_code":200,"time":"2024-06-16 09:39:40"}
{"client_ip":"::1","level":"info","msg":"","req_method":"GET","req_uri":"/patient/getimg?imageName=static/images/20240612/1718191081.png","status_code":200,"time":"2024-06-16 09:39:40"}
{"client_ip":"::1","level":"info","msg":"","req_method":"GET","req_uri":"/patient/getimg?imageName=static/images/20240612/1718191081.png","status_code":200,"time":"2024-06-16 09:39:48"}
{"client_ip":"::1","level":"info","msg":"","req_method":"POST","req_uri":"/patient/getbalance","status_code":200,"time":"2024-06-16 09:39:48"}
{"client_ip":"::1","level":"info","msg":"","req_method":"GET","req_uri":"/patient/getimg?imageName=static/images/20240612/1718191081.png","status_code":200,"time":"2024-06-16 09:39:48"}
{"client_ip":"::1","level":"info","msg":"","req_method":"GET","req_uri":"/patient/getimg?imageName=static/images/20240612/1718191081.png","status_code":200,"time":"2024-06-16 09:41:22"}
{"client_ip":"::1","level":"info","msg":"","req_method":"POST","req_uri":"/patient/getbalance","status_code":200,"time":"2024-06-16 09:41:22"}
{"client_ip":"::1","level":"info","msg":"","req_method":"GET","req_uri":"/patient/getimg?imageName=static/images/20240612/1718191081.png","status_code":200,"time":"2024-06-16 09:41:22"}
{"client_ip":"::1","level":"info","msg":"","req_method":"POST","req_uri":"/alipay/sandbox/tradePagePay","status_code":200,"time":"2024-06-16 09:41:30"}
{"client_ip":"::1","level":"info","msg":"","req_method":"GET","req_uri":"/patient/getimg?imageName=static/images/20240612/1718191081.png","status_code":200,"time":"2024-06-16 09:43:13"}
{"client_ip":"::1","level":"info","msg":"","req_method":"POST","req_uri":"/patient/getbalance","status_code":200,"time":"2024-06-16 09:43:13"}
{"client_ip":"::1","level":"info","msg":"","req_method":"POST","req_uri":"/alipay/sandbox/tradePagePay","status_code":200,"time":"2024-06-16 09:44:43"}
{"client_ip":"119.42.228.182","level":"info","msg":"","req_method":"POST","req_uri":"/patient/topup","status_code":200,"time":"2024-06-16 09:45:03"}
{"client_ip":"::1","level":"info","msg":"","req_method":"GET","req_uri":"/patient/getimg?imageName=static/images/20240612/1718191081.png","status_code":200,"time":"2024-06-16 09:45:13"}
{"client_ip":"::1","level":"info","msg":"","req_method":"POST","req_uri":"/patient/getbalance","status_code":200,"time":"2024-06-16 09:45:13"}
{"client_ip":"106.224.176.217","level":"info","msg":"","req_method":"POST","req_uri":"/admin/findAll?patient_id=3\u0026balance=30","status_code":200,"time":"2024-06-16 09:53:08"}
{"client_ip":"117.167.146.172","level":"info","msg":"","req_method":"GET","req_uri":"/admin/findAll","status_code":404,"time":"2024-06-16 09:53:37"}
{"client_ip":"117.167.146.172","level":"info","msg":"","req_method":"GET","req_uri":"/favicon.ico","status_code":404,"time":"2024-06-16 09:53:37"}
{"client_ip":"117.167.146.172","level":"info","msg":"","req_method":"GET","req_uri":"/admin/findAll","status_code":404,"time":"2024-06-16 09:53:40"}
{"client_ip":"117.167.146.172","level":"info","msg":"","req_method":"GET","req_uri":"/favicon.ico","status_code":404,"time":"2024-06-16 09:53:40"}
{"client_ip":"106.224.176.217","level":"info","msg":"","req_method":"GET","req_uri":"/admin/findAll","status_code":404,"time":"2024-06-16 09:54:01"}
{"client_ip":"106.224.176.217","level":"info","msg":"","req_method":"GET","req_uri":"/favicon.ico","status_code":404,"time":"2024-06-16 09:54:01"}
{"client_ip":"117.167.146.172","level":"info","msg":"","req_method":"GET","req_uri":"/admin/findAll","status_code":404,"time":"2024-06-16 09:54:03"}
{"client_ip":"::1","level":"info","msg":"","req_method":"GET","req_uri":"/patient/getimg?imageName=static/images/20240612/1718191081.png","status_code":200,"time":"2024-06-16 10:35:03"}
{"client_ip":"::1","level":"info","msg":"","req_method":"POST","req_uri":"/admin/findAll","status_code":200,"time":"2024-06-16 10:35:03"}
{"client_ip":"::1","level":"info","msg":"","req_method":"POST","req_uri":"/appointment/getdoctorschedule","status_code":200,"time":"2024-06-16 10:35:03"}
{"client_ip":"::1","level":"info","msg":"","req_method":"GET","req_uri":"/patient/getimg?imageName=static/images/20240602/1717320564.png","status_code":200,"time":"2024-06-16 10:35:03"}
{"client_ip":"::1","level":"info","msg":"","req_method":"GET","req_uri":"/patient/getimg?imageName=static/images/20240601/1717209120.png","status_code":200,"time":"2024-06-16 10:35:03"}
{"client_ip":"::1","level":"info","msg":"","req_method":"POST","req_uri":"/patient/register","status_code":200,"time":"2024-06-16 10:35:15"}
{"client_ip":"::1","level":"info","msg":"","req_method":"POST","req_uri":"/appointment/getdoctorschedule","status_code":200,"time":"2024-06-16 10:40:06"}
{"client_ip":"::1","level":"info","msg":"","req_method":"POST","req_uri":"/admin/findAll","status_code":200,"time":"2024-06-16 10:40:06"}
{"client_ip":"::1","level":"info","msg":"","req_method":"POST","req_uri":"/appointment/getappointment","status_code":200,"time":"2024-06-16 10:40:07"}
{"client_ip":"::1","level":"info","msg":"","req_method":"POST","req_uri":"/patient/getbalance","status_code":200,"time":"2024-06-16 10:40:07"}
{"client_ip":"::1","level":"info","msg":"","req_method":"POST","req_uri":"/appointment/getappointment","status_code":200,"time":"2024-06-16 10:40:09"}
{"client_ip":"::1","level":"info","msg":"","req_method":"POST","req_uri":"/patient/getbalance","status_code":200,"time":"2024-06-16 10:40:27"}
{"client_ip":"::1","level":"info","msg":"","req_method":"POST","req_uri":"/appointment/getappointment","status_code":200,"time":"2024-06-16 10:40:40"}
{"client_ip":"::1","level":"info","msg":"","req_method":"POST","req_uri":"/patient/getbalance","status_code":200,"time":"2024-06-16 10:40:40"}
{"client_ip":"::1","level":"info","msg":"","req_method":"POST","req_uri":"/appointment/getappointment","status_code":200,"time":"2024-06-16 10:40:51"}
{"client_ip":"::1","level":"info","msg":"","req_method":"POST","req_uri":"/patient/getbalance","status_code":200,"time":"2024-06-16 10:40:51"}
{"client_ip":"::1","level":"info","msg":"","req_method":"POST","req_uri":"/admin/findAll","status_code":200,"time":"2024-06-16 10:41:54"}
{"client_ip":"::1","level":"info","msg":"","req_method":"POST","req_uri":"/appointment/getdoctorschedule","status_code":200,"time":"2024-06-16 10:41:54"}
{"client_ip":"::1","level":"info","msg":"","req_method":"GET","req_uri":"/patient/getimg?imageName=static/images/20240612/1718191081.png","status_code":200,"time":"2024-06-16 10:41:54"}
{"client_ip":"::1","level":"info","msg":"","req_method":"GET","req_uri":"/patient/getimg?imageName=static/images/20240601/1717209120.png","status_code":200,"time":"2024-06-16 10:41:54"}
{"client_ip":"::1","level":"info","msg":"","req_method":"GET","req_uri":"/patient/getimg?imageName=static/images/20240602/1717320564.png","status_code":200,"time":"2024-06-16 10:41:54"}
{"client_ip":"::1","level":"info","msg":"","req_method":"POST","req_uri":"/appointment/getappointment","status_code":200,"time":"2024-06-16 10:41:58"}
{"client_ip":"::1","level":"info","msg":"","req_method":"POST","req_uri":"/patient/getbalance","status_code":200,"time":"2024-06-16 10:41:59"}
{"client_ip":"::1","level":"info","msg":"","req_method":"POST","req_uri":"/appointment/getappointment","status_code":200,"time":"2024-06-16 10:42:19"}
{"client_ip":"::1","level":"info","msg":"","req_method":"POST","req_uri":"/patient/getbalance","status_code":200,"time":"2024-06-16 10:42:19"}
{"client_ip":"::1","level":"info","msg":"","req_method":"POST","req_uri":"/appointment/getappointment","status_code":200,"time":"2024-06-16 10:42:55"}
{"client_ip":"::1","level":"info","msg":"","req_method":"POST","req_uri":"/patient/getbalance","status_code":200,"time":"2024-06-16 10:42:56"}
{"client_ip":"::1","level":"info","msg":"","req_method":"POST","req_uri":"/appointment/getappointment","status_code":200,"time":"2024-06-16 10:43:13"}
{"client_ip":"::1","level":"info","msg":"","req_method":"POST","req_uri":"/patient/getbalance","status_code":200,"time":"2024-06-16 10:43:13"}
{"client_ip":"::1","level":"info","msg":"","req_method":"POST","req_uri":"/appointment/getappointment","status_code":200,"time":"2024-06-16 10:43:38"}
{"client_ip":"::1","level":"info","msg":"","req_method":"POST","req_uri":"/patient/getbalance","status_code":200,"time":"2024-06-16 10:43:39"}
{"client_ip":"::1","level":"info","msg":"","req_method":"POST","req_uri":"/appointment/getappointment","status_code":200,"time":"2024-06-16 10:43:59"}
{"client_ip":"::1","level":"info","msg":"","req_method":"POST","req_uri":"/patient/getbalance","status_code":200,"time":"2024-06-16 10:44:02"}
{"client_ip":"::1","level":"info","msg":"","req_method":"POST","req_uri":"/admin/findAll","status_code":200,"time":"2024-06-16 10:44:05"}
{"client_ip":"::1","level":"info","msg":"","req_method":"POST","req_uri":"/appointment/getdoctorschedule","status_code":200,"time":"2024-06-16 10:44:05"}
{"client_ip":"::1","level":"info","msg":"","req_method":"POST","req_uri":"/appointment/getappointment","status_code":200,"time":"2024-06-16 10:44:36"}
{"client_ip":"::1","level":"info","msg":"","req_method":"POST","req_uri":"/patient/getbalance","status_code":200,"time":"2024-06-16 10:44:37"}
{"client_ip":"::1","level":"info","msg":"","req_method":"POST","req_uri":"/patient/getbalance","status_code":200,"time":"2024-06-16 10:47:24"}
{"client_ip":"::1","level":"info","msg":"","req_method":"POST","req_uri":"/appointment/getappointment","status_code":200,"time":"2024-06-16 10:51:07"}
{"client_ip":"::1","level":"info","msg":"","req_method":"POST","req_uri":"/patient/getbalance","status_code":200,"time":"2024-06-16 10:51:07"}
{"client_ip":"::1","level":"info","msg":"","req_method":"POST","req_uri":"/appointment/getappointment","status_code":200,"time":"2024-06-16 10:51:21"}
{"client_ip":"::1","level":"info","msg":"","req_method":"POST","req_uri":"/patient/getbalance","status_code":200,"time":"2024-06-16 10:51:22"}
{"client_ip":"::1","level":"info","msg":"","req_method":"POST","req_uri":"/admin/register","status_code":200,"time":"2024-06-16 10:51:34"}
{"client_ip":"::1","level":"info","msg":"","req_method":"POST","req_uri":"/admin/find","status_code":200,"time":"2024-06-16 10:51:39"}
{"client_ip":"::1","level":"info","msg":"","req_method":"POST","req_uri":"/admin/schedule/getdoctorschedule","status_code":200,"time":"2024-06-16 10:51:40"}
{"client_ip":"::1","level":"info","msg":"","req_method":"POST","req_uri":"/appointment/getappointment","status_code":200,"time":"2024-06-16 10:51:42"}
{"client_ip":"::1","level":"info","msg":"","req_method":"POST","req_uri":"/admin/findAll","status_code":200,"time":"2024-06-16 10:51:43"}
{"client_ip":"::1","level":"info","msg":"","req_method":"POST","req_uri":"/admin/alldoctor","status_code":200,"time":"2024-06-16 10:51:43"}
{"client_ip":"::1","level":"info","msg":"","req_method":"POST","req_uri":"/admin/patient/patientList","status_code":200,"time":"2024-06-16 10:51:43"}
{"client_ip":"::1","level":"info","msg":"","req_method":"POST","req_uri":"/doctor/application/get","status_code":200,"time":"2024-06-16 10:51:44"}
{"client_ip":"::1","level":"info","msg":"","req_method":"POST","req_uri":"/admin/patient/patientList","status_code":200,"time":"2024-06-16 10:52:19"}
{"client_ip":"::1","level":"info","msg":"","req_method":"POST","req_uri":"/admin/findAll","status_code":200,"time":"2024-06-16 10:52:21"}
{"client_ip":"::1","level":"info","msg":"","req_method":"POST","req_uri":"/admin/alldoctor","status_code":200,"time":"2024-06-16 10:52:21"}
{"client_ip":"::1","level":"info","msg":"","req_method":"POST","req_uri":"/appointment/getappointment","status_code":200,"time":"2024-06-16 10:52:21"}
{"client_ip":"::1","level":"info","msg":"","req_method":"POST","req_uri":"/admin/findAll","status_code":200,"time":"2024-06-16 10:56:28"}
{"client_ip":"::1","level":"info","msg":"","req_method":"POST","req_uri":"/admin/alldoctor","status_code":200,"time":"2024-06-16 10:56:28"}
{"client_ip":"::1","level":"info","msg":"","req_method":"POST","req_uri":"/admin/patient/patientList","status_code":200,"time":"2024-06-16 10:56:28"}
{"client_ip":"::1","level":"info","msg":"","req_method":"POST","req_uri":"/doctor/application/get","status_code":200,"time":"2024-06-16 10:56:29"}
{"client_ip":"::1","level":"info","msg":"","req_method":"POST","req_uri":"/admin/findAll","status_code":200,"time":"2024-06-16 11:05:07"}
{"client_ip":"::1","level":"info","msg":"","req_method":"POST","req_uri":"/appointment/getdoctorschedule","status_code":200,"time":"2024-06-16 11:05:07"}
{"client_ip":"::1","level":"info","msg":"","req_method":"GET","req_uri":"/patient/getimg?imageName=static/images/20240602/1717320564.png","status_code":200,"time":"2024-06-16 11:05:07"}
{"client_ip":"::1","level":"info","msg":"","req_method":"GET","req_uri":"/patient/getimg?imageName=static/images/20240601/1717209120.png","status_code":200,"time":"2024-06-16 11:05:07"}
{"client_ip":"::1","level":"info","msg":"","req_method":"POST","req_uri":"/appointment/getappointment","status_code":400,"time":"2024-06-16 11:05:10"}
{"client_ip":"::1","level":"info","msg":"","req_method":"POST","req_uri":"/patient/getbalance","status_code":400,"time":"2024-06-16 11:05:13"}
{"client_ip":"::1","level":"info","msg":"","req_method":"POST","req_uri":"/admin/register","status_code":200,"time":"2024-06-16 11:05:36"}
{"client_ip":"::1","level":"info","msg":"","req_method":"POST","req_uri":"/admin/register","status_code":200,"time":"2024-06-16 11:05:44"}
{"client_ip":"::1","level":"info","msg":"","req_method":"POST","req_uri":"/admin/find","status_code":200,"time":"2024-06-16 11:05:59"}
{"client_ip":"::1","level":"info","msg":"","req_method":"POST","req_uri":"/admin/schedule/getdoctorschedule","status_code":200,"time":"2024-06-16 11:06:00"}
{"client_ip":"::1","level":"info","msg":"","req_method":"POST","req_uri":"/appointment/getappointment","status_code":200,"time":"2024-06-16 11:06:01"}
{"client_ip":"::1","level":"info","msg":"","req_method":"POST","req_uri":"/admin/findAll","status_code":200,"time":"2024-06-16 11:06:02"}
{"client_ip":"::1","level":"info","msg":"","req_method":"POST","req_uri":"/admin/alldoctor","status_code":200,"time":"2024-06-16 11:06:02"}
{"client_ip":"::1","level":"info","msg":"","req_method":"POST","req_uri":"/admin/patient/patientList","status_code":200,"time":"2024-06-16 11:06:03"}
{"client_ip":"::1","level":"info","msg":"","req_method":"GET","req_uri":"/patient/getimg?imageName=static/images/20240612/1718191081.png","status_code":200,"time":"2024-06-16 11:06:03"}
{"client_ip":"::1","level":"info","msg":"","req_method":"POST","req_uri":"/doctor/application/get","status_code":200,"time":"2024-06-16 11:06:04"}
{"client_ip":"::1","level":"info","msg":"","req_method":"POST","req_uri":"/doctor/application/set","status_code":200,"time":"2024-06-16 11:06:08"}
{"client_ip":"::1","level":"info","msg":"","req_method":"POST","req_uri":"/doctor/application/set","status_code":200,"time":"2024-06-16 11:06:11"}
{"client_ip":"::1","level":"info","msg":"","req_method":"POST","req_uri":"/patient/login","status_code":200,"time":"2024-06-16 11:08:01"}
{"client_ip":"::1","level":"info","msg":"","req_method":"POST","req_uri":"/patient/login","status_code":200,"time":"2024-06-16 11:08:12"}
{"client_ip":"::1","level":"info","msg":"","req_method":"POST","req_uri":"/patient/login","status_code":200,"time":"2024-06-16 11:08:27"}
{"client_ip":"::1","level":"info","msg":"","req_method":"POST","req_uri":"/patient/login","status_code":200,"time":"2024-06-16 11:08:35"}
{"client_ip":"::1","level":"info","msg":"","req_method":"POST","req_uri":"/patient/login","status_code":200,"time":"2024-06-16 11:08:41"}
{"client_ip":"::1","level":"info","msg":"","req_method":"POST","req_uri":"/patient/login","status_code":200,"time":"2024-06-16 11:08:57"}
{"client_ip":"::1","level":"info","msg":"","req_method":"POST","req_uri":"/patient/login","status_code":200,"time":"2024-06-16 11:10:54"}
{"client_ip":"::1","level":"info","msg":"","req_method":"POST","req_uri":"/patient/login","status_code":200,"time":"2024-06-16 11:14:30"}
{"client_ip":"::1","level":"info","msg":"","req_method":"POST","req_uri":"/admin/findAll","status_code":200,"time":"2024-06-16 13:40:24"}
{"client_ip":"::1","level":"info","msg":"","req_method":"POST","req_uri":"/appointment/getdoctorschedule","status_code":200,"time":"2024-06-16 13:40:24"}
{"client_ip":"::1","level":"info","msg":"","req_method":"GET","req_uri":"/patient/getimg?imageName=static/images/20240601/1717209120.png","status_code":200,"time":"2024-06-16 13:40:24"}
{"client_ip":"::1","level":"info","msg":"","req_method":"GET","req_uri":"/patient/getimg?imageName=static/images/20240602/1717320564.png","status_code":200,"time":"2024-06-16 13:40:24"}
{"client_ip":"::1","level":"info","msg":"","req_method":"POST","req_uri":"/admin/register","status_code":200,"time":"2024-06-16 13:40:40"}
{"client_ip":"::1","level":"info","msg":"","req_method":"POST","req_uri":"/admin/findAll","status_code":200,"time":"2024-06-16 13:40:45"}
{"client_ip":"::1","level":"info","msg":"","req_method":"POST","req_uri":"/admin/alldoctor","status_code":200,"time":"2024-06-16 13:40:45"}
{"client_ip":"::1","level":"info","msg":"","req_method":"POST","req_uri":"/doctor/add","status_code":200,"time":"2024-06-16 13:41:29"}
{"client_ip":"::1","level":"info","msg":"","req_method":"POST","req_uri":"/admin/alldoctor","status_code":200,"time":"2024-06-16 13:41:29"}
{"client_ip":"::1","level":"info","msg":"","req_method":"POST","req_uri":"/admin/schedule/getdoctorschedule","status_code":200,"time":"2024-06-16 13:41:36"}
{"client_ip":"::1","level":"info","msg":"","req_method":"POST","req_uri":"/admin/schedule/finfdoctorschedule","status_code":200,"time":"2024-06-16 13:41:37"}
{"client_ip":"::1","level":"info","msg":"","req_method":"POST","req_uri":"/admin/schedule/finfdoctorschedule","status_code":200,"time":"2024-06-16 13:41:42"}
{"client_ip":"::1","level":"info","msg":"","req_method":"POST","req_uri":"/admin/schedule/finfdoctorschedule","status_code":200,"time":"2024-06-16 13:41:44"}
{"client_ip":"::1","level":"info","msg":"","req_method":"POST","req_uri":"/admin/schedule/finfdoctorschedule","status_code":200,"time":"2024-06-16 13:41:52"}
{"client_ip":"::1","level":"info","msg":"","req_method":"POST","req_uri":"/admin/schedule/finfdoctorschedule","status_code":200,"time":"2024-06-16 13:41:53"}
{"client_ip":"::1","level":"info","msg":"","req_method":"POST","req_uri":"/admin/schedule/finfdoctorschedule","status_code":200,"time":"2024-06-16 13:41:53"}
{"client_ip":"::1","level":"info","msg":"","req_method":"POST","req_uri":"/admin/schedule/finfdoctorschedule","status_code":200,"time":"2024-06-16 13:41:54"}
{"client_ip":"::1","level":"info","msg":"","req_method":"POST","req_uri":"/admin/schedule/finfdoctorschedule","status_code":200,"time":"2024-06-16 13:41:56"}
{"client_ip":"::1","level":"info","msg":"","req_method":"POST","req_uri":"/admin/schedule/finfdoctorschedule","status_code":200,"time":"2024-06-16 13:41:58"}
{"client_ip":"::1","level":"info","msg":"","req_method":"POST","req_uri":"/admin/schedule/finfdoctorschedule","status_code":200,"time":"2024-06-16 13:42:00"}
{"client_ip":"::1","level":"info","msg":"","req_method":"POST","req_uri":"/admin/schedule/finfdoctorschedule","status_code":200,"time":"2024-06-16 13:42:00"}
{"client_ip":"::1","level":"info","msg":"","req_method":"POST","req_uri":"/admin/schedule/finfdoctorschedule","status_code":200,"time":"2024-06-16 13:42:02"}
{"client_ip":"::1","level":"info","msg":"","req_method":"POST","req_uri":"/admin/schedule/finfdoctorschedule","status_code":200,"time":"2024-06-16 13:42:03"}
{"client_ip":"::1","level":"info","msg":"","req_method":"POST","req_uri":"/admin/schedule/finfdoctorschedule","status_code":200,"time":"2024-06-16 13:42:26"}
{"client_ip":"::1","level":"info","msg":"","req_method":"POST","req_uri":"/admin/schedule/finfdoctorschedule","status_code":200,"time":"2024-06-16 13:42:27"}
{"client_ip":"::1","level":"info","msg":"","req_method":"POST","req_uri":"/admin/schedule/finfdoctorschedule","status_code":200,"time":"2024-06-16 13:42:29"}
{"client_ip":"::1","level":"info","msg":"","req_method":"POST","req_uri":"/admin/findAll","status_code":200,"time":"2024-06-16 13:42:41"}
{"client_ip":"::1","level":"info","msg":"","req_method":"POST","req_uri":"/admin/alldoctor","status_code":200,"time":"2024-06-16 13:42:41"}
{"client_ip":"::1","level":"info","msg":"","req_method":"POST","req_uri":"/admin/alldoctor","status_code":200,"time":"2024-06-16 13:42:44"}
{"client_ip":"::1","level":"info","msg":"","req_method":"GET","req_uri":"/patient/getimg?imageName=static/images/20240604/1717498980.png","status_code":200,"time":"2024-06-16 13:42:44"}
{"client_ip":"::1","level":"info","msg":"","req_method":"POST","req_uri":"/admin/schedule/getdoctorschedule","status_code":200,"time":"2024-06-16 13:42:53"}
{"client_ip":"::1","level":"info","msg":"","req_method":"POST","req_uri":"/admin/schedule/finfdoctorschedule","status_code":200,"time":"2024-06-16 13:42:55"}
{"client_ip":"::1","level":"info","msg":"","req_method":"GET","req_uri":"/admin/schedule/intelligentScheduling","status_code":200,"time":"2024-06-16 13:43:40"}
{"client_ip":"::1","level":"info","msg":"","req_method":"POST","req_uri":"/admin/schedule/finfdoctorschedule","status_code":200,"time":"2024-06-16 13:43:40"}
{"client_ip":"::1","level":"info","msg":"","req_method":"POST","req_uri":"/admin/schedule/finfdoctorschedule","status_code":200,"time":"2024-06-16 13:43:42"}
{"client_ip":"::1","level":"info","msg":"","req_method":"POST","req_uri":"/admin/schedule/finfdoctorschedule","status_code":200,"time":"2024-06-16 13:43:44"}
{"client_ip":"::1","level":"info","msg":"","req_method":"POST","req_uri":"/admin/schedule/finfdoctorschedule","status_code":200,"time":"2024-06-16 13:43:46"}
{"client_ip":"::1","level":"info","msg":"","req_method":"POST","req_uri":"/admin/schedule/finfdoctorschedule","status_code":200,"time":"2024-06-16 13:43:50"}
{"client_ip":"::1","level":"info","msg":"","req_method":"POST","req_uri":"/admin/schedule/finfdoctorschedule","status_code":200,"time":"2024-06-16 13:43:54"}
{"client_ip":"::1","level":"info","msg":"","req_method":"POST","req_uri":"/admin/schedule/finfdoctorschedule","status_code":200,"time":"2024-06-16 13:43:57"}
{"client_ip":"::1","level":"info","msg":"","req_method":"POST","req_uri":"/admin/schedule/finfdoctorschedule","status_code":200,"time":"2024-06-16 13:44:12"}
{"client_ip":"::1","level":"info","msg":"","req_method":"POST","req_uri":"/admin/schedule/finfdoctorschedule","status_code":200,"time":"2024-06-16 13:44:15"}
{"client_ip":"::1","level":"info","msg":"","req_method":"POST","req_uri":"/admin/schedule/finfdoctorschedule","status_code":200,"time":"2024-06-16 13:44:19"}
{"client_ip":"::1","level":"info","msg":"","req_method":"POST","req_uri":"/admin/schedule/finfdoctorschedule","status_code":200,"time":"2024-06-16 13:44:20"}
{"client_ip":"::1","level":"info","msg":"","req_method":"POST","req_uri":"/admin/schedule/finfdoctorschedule","status_code":200,"time":"2024-06-16 13:44:31"}
{"client_ip":"::1","level":"info","msg":"","req_method":"POST","req_uri":"/admin/schedule/getdoctorschedule","status_code":200,"time":"2024-06-16 13:44:45"}
{"client_ip":"::1","level":"info","msg":"","req_method":"POST","req_uri":"/admin/schedule/finfdoctorschedule","status_code":200,"time":"2024-06-16 13:44:50"}
{"client_ip":"::1","level":"info","msg":"","req_method":"POST","req_uri":"/admin/schedule/finfdoctorschedule","status_code":200,"time":"2024-06-16 13:44:52"}
{"client_ip":"::1","level":"info","msg":"","req_method":"POST","req_uri":"/admin/schedule/finfdoctorschedule","status_code":200,"time":"2024-06-16 13:44:54"}
{"client_ip":"::1","level":"info","msg":"","req_method":"POST","req_uri":"/admin/schedule/finfdoctorschedule","status_code":200,"time":"2024-06-16 13:44:57"}
{"client_ip":"::1","level":"info","msg":"","req_method":"POST","req_uri":"/admin/schedule/finfdoctorschedule","status_code":200,"time":"2024-06-16 13:45:01"}
{"client_ip":"::1","level":"info","msg":"","req_method":"POST","req_uri":"/admin/schedule/finfdoctorschedule","status_code":200,"time":"2024-06-16 13:45:03"}
{"client_ip":"::1","level":"info","msg":"","req_method":"POST","req_uri":"/admin/schedule/finfdoctorschedule","status_code":200,"time":"2024-06-16 13:45:11"}
{"client_ip":"::1","level":"info","msg":"","req_method":"POST","req_uri":"/admin/schedule/finfdoctorschedule","status_code":200,"time":"2024-06-16 13:45:35"}
{"client_ip":"::1","level":"info","msg":"","req_method":"POST","req_uri":"/admin/schedule/finfdoctorschedule","status_code":200,"time":"2024-06-16 13:45:39"}
{"client_ip":"::1","level":"info","msg":"","req_method":"POST","req_uri":"/admin/schedule/finfdoctorschedule","status_code":200,"time":"2024-06-16 13:45:43"}
{"client_ip":"::1","level":"info","msg":"","req_method":"POST","req_uri":"/admin/schedule/finfdoctorschedule","status_code":200,"time":"2024-06-16 13:45:54"}
{"client_ip":"::1","level":"info","msg":"","req_method":"POST","req_uri":"/admin/schedule/finfdoctorschedule","status_code":200,"time":"2024-06-16 13:45:55"}
{"client_ip":"::1","level":"info","msg":"","req_method":"POST","req_uri":"/admin/schedule/finfdoctorschedule","status_code":200,"time":"2024-06-16 13:45:57"}
{"client_ip":"::1","level":"info","msg":"","req_method":"POST","req_uri":"/admin/schedule/getdoctorschedule","status_code":200,"time":"2024-06-16 13:46:07"}
{"client_ip":"::1","level":"info","msg":"","req_method":"POST","req_uri":"/admin/findAll","status_code":200,"time":"2024-06-16 13:46:22"}
{"client_ip":"::1","level":"info","msg":"","req_method":"POST","req_uri":"/appointment/getdoctorschedule","status_code":200,"time":"2024-06-16 13:46:22"}
{"client_ip":"::1","level":"info","msg":"","req_method":"GET","req_uri":"/patient/getimg?imageName=static/images/20240601/1717209120.png","status_code":200,"time":"2024-06-16 13:46:22"}
{"client_ip":"::1","level":"info","msg":"","req_method":"GET","req_uri":"/patient/getimg?imageName=static/images/20240602/1717320564.png","status_code":200,"time":"2024-06-16 13:46:22"}
{"client_ip":"::1","level":"info","msg":"","req_method":"POST","req_uri":"/appointment/getdoctorschedule","status_code":200,"time":"2024-06-16 13:46:28"}
{"client_ip":"::1","level":"info","msg":"","req_method":"POST","req_uri":"/appointment/getdoctorschedule","status_code":200,"time":"2024-06-16 13:46:33"}
{"client_ip":"::1","level":"info","msg":"","req_method":"POST","req_uri":"/appointment/getdoctorschedule","status_code":200,"time":"2024-06-16 13:46:35"}
{"client_ip":"::1","level":"info","msg":"","req_method":"POST","req_uri":"/appointment/getdoctorschedule","status_code":200,"time":"2024-06-16 13:46:38"}
{"client_ip":"::1","level":"info","msg":"","req_method":"POST","req_uri":"/admin/alldoctor","status_code":200,"time":"2024-06-16 14:11:55"}
{"client_ip":"::1","level":"info","msg":"","req_method":"POST","req_uri":"/admin/alldoctor","status_code":200,"time":"2024-06-16 14:11:57"}
{"client_ip":"::1","level":"info","msg":"","req_method":"GET","req_uri":"/patient/getimg?imageName=static/images/20240604/1717498980.png","status_code":200,"time":"2024-06-16 14:11:57"}
{"client_ip":"::1","level":"info","msg":"","req_method":"POST","req_uri":"/doctor/delete","status_code":200,"time":"2024-06-16 14:12:02"}
{"client_ip":"::1","level":"info","msg":"","req_method":"POST","req_uri":"/admin/alldoctor","status_code":200,"time":"2024-06-16 14:12:02"}
{"client_ip":"::1","level":"info","msg":"","req_method":"POST","req_uri":"/admin/alldoctor","status_code":200,"time":"2024-06-16 14:12:44"}
{"client_ip":"::1","level":"info","msg":"","req_method":"POST","req_uri":"/admin/findAll","status_code":200,"time":"2024-06-16 14:12:44"}
{"client_ip":"::1","level":"info","msg":"","req_method":"GET","req_uri":"/patient/getimg?imageName=static/images/20240601/1717209120.png","status_code":200,"time":"2024-06-16 14:12:44"}
{"client_ip":"::1","level":"info","msg":"","req_method":"GET","req_uri":"/patient/getimg?imageName=static/images/20240602/1717320564.png","status_code":200,"time":"2024-06-16 14:12:44"}
{"client_ip":"::1","level":"info","msg":"","req_method":"GET","req_uri":"/patient/getimg?imageName=static/images/20240601/1717209120.png","status_code":200,"time":"2024-06-16 14:12:44"}
{"client_ip":"::1","level":"info","msg":"","req_method":"GET","req_uri":"/patient/getimg?imageName=static/images/20240602/1717320564.png","status_code":200,"time":"2024-06-16 14:12:44"}
{"client_ip":"::1","level":"info","msg":"","req_method":"POST","req_uri":"/doctor/add","status_code":200,"time":"2024-06-16 14:13:15"}
{"client_ip":"::1","level":"info","msg":"","req_method":"POST","req_uri":"/admin/alldoctor","status_code":200,"time":"2024-06-16 14:13:15"}
{"client_ip":"::1","level":"info","msg":"","req_method":"POST","req_uri":"/admin/find","status_code":200,"time":"2024-06-16 14:13:26"}
{"client_ip":"::1","level":"info","msg":"","req_method":"POST","req_uri":"/admin/schedule/getdoctorschedule","status_code":200,"time":"2024-06-16 14:13:27"}
{"client_ip":"::1","level":"info","msg":"","req_method":"GET","req_uri":"/admin/schedule/intelligentScheduling","status_code":200,"time":"2024-06-16 14:13:31"}
{"client_ip":"::1","level":"info","msg":"","req_method":"POST","req_uri":"/admin/schedule/finfdoctorschedule","status_code":200,"time":"2024-06-16 14:13:31"}
{"client_ip":"::1","level":"info","msg":"","req_method":"POST","req_uri":"/admin/findAll","status_code":200,"time":"2024-06-16 14:13:36"}
{"client_ip":"::1","level":"info","msg":"","req_method":"POST","req_uri":"/admin/alldoctor","status_code":200,"time":"2024-06-16 14:13:36"}
{"client_ip":"::1","level":"info","msg":"","req_method":"GET","req_uri":"/patient/getimg?imageName=static/images/20240601/1717209120.png","status_code":200,"time":"2024-06-16 14:13:36"}
{"client_ip":"::1","level":"info","msg":"","req_method":"GET","req_uri":"/patient/getimg?imageName=static/images/20240602/1717320564.png","status_code":200,"time":"2024-06-16 14:13:36"}
{"client_ip":"::1","level":"info","msg":"","req_method":"POST","req_uri":"/admin/alldoctor","status_code":200,"time":"2024-06-16 14:13:38"}
{"client_ip":"::1","level":"info","msg":"","req_method":"GET","req_uri":"/patient/getimg?imageName=static/images/20240604/1717498980.png","status_code":200,"time":"2024-06-16 14:13:38"}
{"client_ip":"::1","level":"info","msg":"","req_method":"POST","req_uri":"/admin/schedule/getdoctorschedule","status_code":200,"time":"2024-06-16 14:13:44"}
{"client_ip":"::1","level":"info","msg":"","req_method":"POST","req_uri":"/admin/schedule/finfdoctorschedule","status_code":200,"time":"2024-06-16 14:13:46"}
{"client_ip":"::1","level":"info","msg":"","req_method":"GET","req_uri":"/admin/schedule/intelligentScheduling","status_code":200,"time":"2024-06-16 14:15:42"}
{"client_ip":"::1","level":"info","msg":"","req_method":"POST","req_uri":"/admin/schedule/finfdoctorschedule","status_code":200,"time":"2024-06-16 14:15:42"}
{"client_ip":"::1","level":"info","msg":"","req_method":"POST","req_uri":"/admin/findAll","status_code":200,"time":"2024-06-16 14:17:53"}
{"client_ip":"::1","level":"info","msg":"","req_method":"POST","req_uri":"/admin/alldoctor","status_code":200,"time":"2024-06-16 14:17:53"}
{"client_ip":"::1","level":"info","msg":"","req_method":"GET","req_uri":"/patient/getimg?imageName=static/images/20240601/1717209120.png","status_code":200,"time":"2024-06-16 14:17:53"}
{"client_ip":"::1","level":"info","msg":"","req_method":"GET","req_uri":"/patient/getimg?imageName=static/images/20240602/1717320564.png","status_code":200,"time":"2024-06-16 14:17:53"}
{"client_ip":"::1","level":"info","msg":"","req_method":"POST","req_uri":"/admin/findAll","status_code":200,"time":"2024-06-16 14:18:04"}
{"client_ip":"::1","level":"info","msg":"","req_method":"POST","req_uri":"/admin/alldoctor","status_code":200,"time":"2024-06-16 14:18:04"}
{"client_ip":"::1","level":"info","msg":"","req_method":"GET","req_uri":"/patient/getimg?imageName=static/images/20240601/1717209120.png","status_code":200,"time":"2024-06-16 14:18:04"}
{"client_ip":"::1","level":"info","msg":"","req_method":"GET","req_uri":"/patient/getimg?imageName=static/images/20240602/1717320564.png","status_code":200,"time":"2024-06-16 14:18:04"}
{"client_ip":"::1","level":"info","msg":"","req_method":"GET","req_uri":"/patient/getimg?imageName=static/images/20240601/1717209120.png","status_code":200,"time":"2024-06-16 14:18:04"}
{"client_ip":"::1","level":"info","msg":"","req_method":"GET","req_uri":"/patient/getimg?imageName=static/images/20240602/1717320564.png","status_code":200,"time":"2024-06-16 14:18:04"}
{"client_ip":"::1","level":"info","msg":"","req_method":"POST","req_uri":"/admin/schedule/getdoctorschedule","status_code":200,"time":"2024-06-16 14:19:23"}
{"client_ip":"::1","level":"info","msg":"","req_method":"POST","req_uri":"/admin/schedule/finfdoctorschedule","status_code":200,"time":"2024-06-16 14:19:27"}
{"client_ip":"::1","level":"info","msg":"","req_method":"POST","req_uri":"/admin/findAll","status_code":200,"time":"2024-06-16 14:32:37"}
{"client_ip":"::1","level":"info","msg":"","req_method":"POST","req_uri":"/admin/alldoctor","status_code":200,"time":"2024-06-16 14:32:37"}
{"client_ip":"::1","level":"info","msg":"","req_method":"POST","req_uri":"/admin/findAll","status_code":200,"time":"2024-06-16 14:39:37"}
{"client_ip":"::1","level":"info","msg":"","req_method":"POST","req_uri":"/admin/alldoctor","status_code":200,"time":"2024-06-16 14:39:37"}
{"client_ip":"::1","level":"info","msg":"","req_method":"GET","req_uri":"/patient/getimg?imageName=static/images/20240601/1717209120.png","status_code":200,"time":"2024-06-16 14:39:37"}
{"client_ip":"::1","level":"info","msg":"","req_method":"GET","req_uri":"/patient/getimg?imageName=static/images/20240602/1717320564.png","status_code":200,"time":"2024-06-16 14:39:37"}
{"client_ip":"::1","level":"info","msg":"","req_method":"GET","req_uri":"/patient/getimg?imageName=static/images/20240601/1717209120.png","status_code":200,"time":"2024-06-16 14:39:37"}
{"client_ip":"::1","level":"info","msg":"","req_method":"GET","req_uri":"/patient/getimg?imageName=static/images/20240602/1717320564.png","status_code":200,"time":"2024-06-16 14:39:38"}
{"client_ip":"::1","level":"info","msg":"","req_method":"POST","req_uri":"/admin/alldoctor","status_code":200,"time":"2024-06-16 14:39:40"}
{"client_ip":"::1","level":"info","msg":"","req_method":"GET","req_uri":"/patient/getimg?imageName=static/images/20240604/1717498980.png","status_code":200,"time":"2024-06-16 14:39:40"}
{"client_ip":"::1","level":"info","msg":"","req_method":"GET","req_uri":"/patient/getimg?imageName=static/images/20240604/1717498980.png","status_code":200,"time":"2024-06-16 14:39:40"}
{"client_ip":"::1","level":"info","msg":"","req_method":"POST","req_uri":"/doctor/update","status_code":200,"time":"2024-06-16 14:39:53"}
{"client_ip":"::1","level":"info","msg":"","req_method":"POST","req_uri":"/admin/alldoctor","status_code":200,"time":"2024-06-16 14:39:53"}
{"client_ip":"::1","level":"info","msg":"","req_method":"POST","req_uri":"/doctor/application/get","status_code":200,"time":"2024-06-16 14:41:15"}
{"client_ip":"::1","level":"info","msg":"","req_method":"POST","req_uri":"/doctor/application/set","status_code":200,"time":"2024-06-16 14:41:26"}
{"client_ip":"::1","level":"info","msg":"","req_method":"POST","req_uri":"/doctor/application/get","status_code":200,"time":"2024-06-16 14:41:29"}
{"client_ip":"::1","level":"info","msg":"","req_method":"POST","req_uri":"/doctor/application/get","status_code":200,"time":"2024-06-16 14:41:30"}
{"client_ip":"::1","level":"info","msg":"","req_method":"POST","req_uri":"/doctor/application/set","status_code":200,"time":"2024-06-16 14:41:44"}
{"client_ip":"::1","level":"info","msg":"","req_method":"POST","req_uri":"/doctor/application/get","status_code":200,"time":"2024-06-16 14:54:34"}
{"client_ip":"::1","level":"info","msg":"","req_method":"POST","req_uri":"/doctor/application/get","status_code":200,"time":"2024-06-16 15:03:27"}
{"client_ip":"::1","level":"info","msg":"","req_method":"POST","req_uri":"/doctor/register","status_code":200,"time":"2024-06-16 15:17:54"}
{"client_ip":"::1","level":"info","msg":"","req_method":"GET","req_uri":"/patient/getimg?imageName=static/images/20240602/1717320564.png","status_code":200,"time":"2024-06-16 15:17:55"}
{"client_ip":"::1","level":"info","msg":"","req_method":"POST","req_uri":"/doctor/application/get","status_code":200,"time":"2024-06-16 15:17:58"}
{"client_ip":"::1","level":"info","msg":"","req_method":"POST","req_uri":"/doctor/gtedoctorschedule","status_code":200,"time":"2024-06-16 15:18:00"}
{"client_ip":"::1","level":"info","msg":"","req_method":"POST","req_uri":"/doctor/application/get","status_code":200,"time":"2024-06-16 15:18:07"}
{"client_ip":"::1","level":"info","msg":"","req_method":"POST","req_uri":"/doctor/application/add","status_code":200,"time":"2024-06-16 15:18:18"}
{"client_ip":"::1","level":"info","msg":"","req_method":"POST","req_uri":"/doctor/application/get","status_code":200,"time":"2024-06-16 15:18:18"}
{"client_ip":"::1","level":"info","msg":"","req_method":"POST","req_uri":"/doctor/application/get","status_code":200,"time":"2024-06-16 15:18:23"}
{"client_ip":"::1","level":"info","msg":"","req_method":"POST","req_uri":"/doctor/application/get","status_code":200,"time":"2024-06-16 15:18:31"}
{"client_ip":"::1","level":"info","msg":"","req_method":"POST","req_uri":"/doctor/application/set","status_code":200,"time":"2024-06-16 15:18:46"}
{"client_ip":"::1","level":"info","msg":"","req_method":"POST","req_uri":"/doctor/application/get","status_code":200,"time":"2024-06-16 15:18:46"}
{"client_ip":"::1","level":"info","msg":"","req_method":"POST","req_uri":"/doctor/gtedoctorschedule","status_code":200,"time":"2024-06-16 15:18:57"}
{"client_ip":"::1","level":"info","msg":"","req_method":"GET","req_uri":"/patient/getimg?imageName=static/images/20240602/1717320564.png","status_code":200,"time":"2024-06-16 15:18:59"}
{"client_ip":"::1","level":"info","msg":"","req_method":"POST","req_uri":"/doctor/gtedoctorschedule","status_code":200,"time":"2024-06-16 15:18:59"}
{"client_ip":"::1","level":"info","msg":"","req_method":"POST","req_uri":"/doctor/application/set","status_code":200,"time":"2024-06-16 15:19:59"}
{"client_ip":"::1","level":"info","msg":"","req_method":"POST","req_uri":"/doctor/application/get","status_code":200,"time":"2024-06-16 15:23:26"}
{"client_ip":"::1","level":"info","msg":"","req_method":"POST","req_uri":"/doctor/application/get","status_code":200,"time":"2024-06-16 15:23:31"}
{"client_ip":"::1","level":"info","msg":"","req_method":"POST","req_uri":"/doctor/gtedoctorschedule","status_code":200,"time":"2024-06-16 15:23:35"}
{"client_ip":"::1","level":"info","msg":"","req_method":"POST","req_uri":"/doctor/application/get","status_code":200,"time":"2024-06-16 15:23:37"}
{"client_ip":"::1","level":"info","msg":"","req_method":"POST","req_uri":"/doctor/application/add","status_code":200,"time":"2024-06-16 15:24:21"}
{"client_ip":"::1","level":"info","msg":"","req_method":"POST","req_uri":"/doctor/application/get","status_code":200,"time":"2024-06-16 15:24:21"}
{"client_ip":"::1","level":"info","msg":"","req_method":"POST","req_uri":"/doctor/application/get","status_code":200,"time":"2024-06-16 15:24:26"}
{"client_ip":"::1","level":"info","msg":"","req_method":"POST","req_uri":"/doctor/application/get","status_code":200,"time":"2024-06-16 15:24:26"}
{"client_ip":"::1","level":"info","msg":"","req_method":"POST","req_uri":"/doctor/application/set","status_code":200,"time":"2024-06-16 15:24:32"}
{"client_ip":"::1","level":"info","msg":"","req_method":"POST","req_uri":"/doctor/application/get","status_code":200,"time":"2024-06-16 15:24:32"}
{"client_ip":"::1","level":"info","msg":"","req_method":"POST","req_uri":"/doctor/application/add","status_code":200,"time":"2024-06-16 15:29:55"}
{"client_ip":"::1","level":"info","msg":"","req_method":"POST","req_uri":"/doctor/application/get","status_code":200,"time":"2024-06-16 15:29:55"}
{"client_ip":"::1","level":"info","msg":"","req_method":"POST","req_uri":"/doctor/application/get","status_code":200,"time":"2024-06-16 15:30:04"}
{"client_ip":"::1","level":"info","msg":"","req_method":"POST","req_uri":"/doctor/application/get","status_code":200,"time":"2024-06-16 15:30:06"}
{"client_ip":"::1","level":"info","msg":"","req_method":"POST","req_uri":"/doctor/application/set","status_code":200,"time":"2024-06-16 15:30:08"}
{"client_ip":"::1","level":"info","msg":"","req_method":"POST","req_uri":"/doctor/application/get","status_code":200,"time":"2024-06-16 15:30:08"}
{"client_ip":"::1","level":"info","msg":"","req_method":"POST","req_uri":"/doctor/gtedoctorschedule","status_code":200,"time":"2024-06-16 15:30:12"}
{"client_ip":"::1","level":"info","msg":"","req_method":"POST","req_uri":"/doctor/application/get","status_code":200,"time":"2024-06-16 15:32:38"}
{"client_ip":"::1","level":"info","msg":"","req_method":"POST","req_uri":"/doctor/application/set","status_code":200,"time":"2024-06-16 15:32:42"}
{"client_ip":"::1","level":"info","msg":"","req_method":"POST","req_uri":"/doctor/application/set","status_code":200,"time":"2024-06-16 15:32:59"}
{"client_ip":"::1","level":"info","msg":"","req_method":"POST","req_uri":"/doctor/application/set","status_code":200,"time":"2024-06-16 15:33:03"}
{"client_ip":"::1","level":"info","msg":"","req_method":"POST","req_uri":"/doctor/application/set","status_code":200,"time":"2024-06-16 15:34:58"}
{"client_ip":"::1","level":"info","msg":"","req_method":"POST","req_uri":"/doctor/application/set","status_code":200,"time":"2024-06-16 15:35:05"}
{"client_ip":"::1","level":"info","msg":"","req_method":"POST","req_uri":"/doctor/gtepatient","status_code":200,"time":"2024-06-16 15:40:49"}
{"client_ip":"::1","level":"info","msg":"","req_method":"POST","req_uri":"/doctor/gtepatient","status_code":200,"time":"2024-06-16 15:40:52"}
{"client_ip":"::1","level":"info","msg":"","req_method":"POST","req_uri":"/doctor/gtepatient","status_code":200,"time":"2024-06-16 15:40:53"}
{"client_ip":"::1","level":"info","msg":"","req_method":"POST","req_uri":"/doctor/application/get","status_code":200,"time":"2024-06-16 15:40:56"}
{"client_ip":"::1","level":"info","msg":"","req_method":"POST","req_uri":"/doctor/gtedoctorschedule","status_code":200,"time":"2024-06-16 15:40:56"}
{"client_ip":"::1","level":"info","msg":"","req_method":"POST","req_uri":"/admin/findAll","status_code":200,"time":"2024-06-16 15:40:57"}
{"client_ip":"::1","level":"info","msg":"","req_method":"POST","req_uri":"/patient/forgotPassword","status_code":200,"time":"2024-06-16 15:44:35"}
{"client_ip":"::1","level":"info","msg":"","req_method":"POST","req_uri":"/patient/forgotPassword","status_code":200,"time":"2024-06-16 15:47:27"}
{"client_ip":"::1","level":"info","msg":"","req_method":"POST","req_uri":"/patient/forgotPassword","status_code":200,"time":"2024-06-16 15:47:49"}
{"client_ip":"::1","level":"info","msg":"","req_method":"POST","req_uri":"/patient/genCaptcha","status_code":200,"time":"2024-06-16 16:44:19"}
{"client_ip":"::1","level":"info","msg":"","req_method":"POST","req_uri":"/admin/findAll","status_code":200,"time":"2024-06-16 17:01:46"}
{"client_ip":"::1","level":"info","msg":"","req_method":"POST","req_uri":"/appointment/getdoctorschedule","status_code":200,"time":"2024-06-16 17:01:46"}
{"client_ip":"::1","level":"info","msg":"","req_method":"GET","req_uri":"/patient/getimg?imageName=static/images/20240601/1717209120.png","status_code":200,"time":"2024-06-16 17:01:46"}
{"client_ip":"::1","level":"info","msg":"","req_method":"GET","req_uri":"/patient/getimg?imageName=static/images/20240602/1717320564.png","status_code":200,"time":"2024-06-16 17:01:46"}
{"client_ip":"::1","level":"info","msg":"","req_method":"POST","req_uri":"/patient/genCaptcha","status_code":200,"time":"2024-06-16 17:01:51"}
{"client_ip":"::1","level":"info","msg":"","req_method":"POST","req_uri":"/patient/genCaptcha","status_code":200,"time":"2024-06-16 17:02:04"}
{"client_ip":"::1","level":"info","msg":"","req_method":"POST","req_uri":"/patient/genCaptcha","status_code":200,"time":"2024-06-16 17:05:20"}
{"client_ip":"::1","level":"info","msg":"","req_method":"POST","req_uri":"/patient/genCaptcha","status_code":200,"time":"2024-06-16 17:05:34"}
{"client_ip":"::1","level":"info","msg":"","req_method":"POST","req_uri":"/patient/genCaptcha","status_code":200,"time":"2024-06-16 17:06:40"}
{"client_ip":"::1","level":"info","msg":"","req_method":"POST","req_uri":"/patient/genCaptcha","status_code":200,"time":"2024-06-16 17:07:20"}
{"client_ip":"::1","level":"info","msg":"","req_method":"POST","req_uri":"/patient/genCaptcha","status_code":200,"time":"2024-06-16 17:07:42"}
{"client_ip":"::1","level":"info","msg":"","req_method":"POST","req_uri":"/patient/genCaptcha","status_code":200,"time":"2024-06-16 17:11:56"}
{"client_ip":"::1","level":"info","msg":"","req_method":"POST","req_uri":"/patient/genCaptcha","status_code":200,"time":"2024-06-16 17:11:59"}
{"client_ip":"::1","level":"info","msg":"","req_method":"POST","req_uri":"/patient/genCaptcha","status_code":200,"time":"2024-06-16 17:12:00"}
{"client_ip":"::1","level":"info","msg":"","req_method":"POST","req_uri":"/patient/genCaptcha","status_code":200,"time":"2024-06-16 17:12:07"}
{"client_ip":"::1","level":"info","msg":"","req_method":"POST","req_uri":"/patient/genCaptcha","status_code":200,"time":"2024-06-16 17:12:12"}
{"client_ip":"::1","level":"info","msg":"","req_method":"POST","req_uri":"/patient/genCaptcha","status_code":200,"time":"2024-06-16 17:12:13"}
{"client_ip":"::1","level":"info","msg":"","req_method":"POST","req_uri":"/patient/genCaptcha","status_code":200,"time":"2024-06-16 17:13:06"}
{"client_ip":"::1","level":"info","msg":"","req_method":"POST","req_uri":"/patient/genCaptcha","status_code":200,"time":"2024-06-16 17:15:08"}
{"client_ip":"::1","level":"info","msg":"","req_method":"POST","req_uri":"/patient/genCaptcha","status_code":200,"time":"2024-06-16 17:15:09"}
{"client_ip":"::1","level":"info","msg":"","req_method":"POST","req_uri":"/patient/genCaptcha","status_code":200,"time":"2024-06-16 17:15:10"}
{"client_ip":"::1","level":"info","msg":"","req_method":"POST","req_uri":"/patient/genCaptcha","status_code":200,"time":"2024-06-16 17:18:30"}
{"client_ip":"::1","level":"info","msg":"","req_method":"POST","req_uri":"/patient/genCaptcha","status_code":200,"time":"2024-06-16 17:30:55"}
{"client_ip":"::1","level":"info","msg":"","req_method":"POST","req_uri":"/admin/register","status_code":200,"time":"2024-06-16 17:31:02"}
{"client_ip":"::1","level":"info","msg":"","req_method":"POST","req_uri":"/admin/register","status_code":200,"time":"2024-06-16 17:31:37"}
{"client_ip":"::1","level":"info","msg":"","req_method":"POST","req_uri":"/patient/genCaptcha","status_code":200,"time":"2024-06-16 17:32:39"}
{"client_ip":"::1","level":"info","msg":"","req_method":"POST","req_uri":"/admin/register","status_code":200,"time":"2024-06-16 17:32:43"}
{"client_ip":"::1","level":"info","msg":"","req_method":"POST","req_uri":"/patient/register","status_code":201,"time":"2024-06-16 17:32:57"}
{"client_ip":"::1","level":"info","msg":"","req_method":"POST","req_uri":"/admin/findAll","status_code":200,"time":"2024-06-16 19:32:57"}
{"client_ip":"::1","level":"info","msg":"","req_method":"POST","req_uri":"/appointment/getdoctorschedule","status_code":200,"time":"2024-06-16 19:32:57"}
{"client_ip":"::1","level":"info","msg":"","req_method":"GET","req_uri":"/patient/getimg?imageName=static/images/20240601/1717209120.png","status_code":200,"time":"2024-06-16 19:32:57"}
{"client_ip":"::1","level":"info","msg":"","req_method":"GET","req_uri":"/patient/getimg?imageName=static/images/20240602/1717320564.png","status_code":200,"time":"2024-06-16 19:32:57"}
{"client_ip":"::1","level":"info","msg":"","req_method":"POST","req_uri":"/patient/genCaptcha","status_code":200,"time":"2024-06-16 19:33:06"}
{"client_ip":"::1","level":"info","msg":"","req_method":"POST","req_uri":"/patient/register","status_code":200,"time":"2024-06-16 19:33:12"}
{"client_ip":"::1","level":"info","msg":"","req_method":"POST","req_uri":"/patient/register","status_code":200,"time":"2024-06-16 19:33:21"}
{"client_ip":"::1","level":"info","msg":"","req_method":"POST","req_uri":"/patient/register","status_code":200,"time":"2024-06-16 19:33:42"}
{"client_ip":"::1","level":"info","msg":"","req_method":"POST","req_uri":"/patient/genCaptcha","status_code":200,"time":"2024-06-16 19:33:44"}
{"client_ip":"::1","level":"info","msg":"","req_method":"POST","req_uri":"/patient/genCaptcha","status_code":200,"time":"2024-06-16 19:33:45"}
{"client_ip":"::1","level":"info","msg":"","req_method":"POST","req_uri":"/patient/register","status_code":201,"time":"2024-06-16 19:33:53"}
{"client_ip":"::1","level":"info","msg":"","req_method":"POST","req_uri":"/patient/register","status_code":200,"time":"2024-06-16 19:34:18"}
{"client_ip":"::1","level":"info","msg":"","req_method":"POST","req_uri":"/patient/register","status_code":200,"time":"2024-06-16 19:34:21"}
{"client_ip":"::1","level":"info","msg":"","req_method":"POST","req_uri":"/patient/register","status_code":200,"time":"2024-06-16 19:34:25"}
{"client_ip":"::1","level":"info","msg":"","req_method":"POST","req_uri":"/patient/genCaptcha","status_code":200,"time":"2024-06-16 19:34:25"}
{"client_ip":"::1","level":"info","msg":"","req_method":"POST","req_uri":"/patient/register","status_code":200,"time":"2024-06-16 19:34:32"}
{"client_ip":"::1","level":"info","msg":"","req_method":"GET","req_uri":"/patient/getimg?imageName=static/images/20240612/1718191081.png","status_code":200,"time":"2024-06-16 19:34:33"}
