{"client_ip":"::1","level":"info","msg":"","req_method":"POST","req_uri":"/admin/findAll","status_code":400,"time":"2024-05-07 14:23:58"}
{"client_ip":"::1","level":"info","msg":"","req_method":"GET","req_uri":"/","status_code":200,"time":"2024-05-07 14:24:01"}
{"client_ip":"::1","level":"info","msg":"","req_method":"POST","req_uri":"/admin/findAll","status_code":400,"time":"2024-05-07 14:24:02"}
{"client_ip":"::1","level":"info","msg":"","req_method":"GET","req_uri":"/","status_code":200,"time":"2024-05-07 14:24:05"}
{"client_ip":"::1","level":"info","msg":"","req_method":"POST","req_uri":"/admin/findAll","status_code":400,"time":"2024-05-07 14:24:11"}
{"client_ip":"::1","level":"info","msg":"","req_method":"GET","req_uri":"/","status_code":200,"time":"2024-05-07 14:25:25"}
{"client_ip":"::1","level":"info","msg":"","req_method":"GET","req_uri":"/plan/selectPage?schedule_id=\u0026doctor_id=\u0026pageNum=1\u0026pageSize=6\u0026timing=\u0026data=\u0026start_time=\u0026end_time=\u0026state=\u0026doctorName=\u0026department=","status_code":404,"time":"2024-05-07 14:30:00"}
{"client_ip":"::1","level":"info","msg":"","req_method":"POST","req_uri":"/admin/findAll","status_code":400,"time":"2024-05-07 14:30:16"}
{"client_ip":"::1","level":"info","msg":"","req_method":"GET","req_uri":"/plan/selectPage?schedule_id=\u0026doctor_id=\u0026pageNum=1\u0026pageSize=6\u0026timing=\u0026data=\u0026start_time=\u0026end_time=\u0026state=\u0026doctorName=\u0026department=","status_code":404,"time":"2024-05-07 14:30:19"}
{"client_ip":"::1","level":"info","msg":"","req_method":"GET","req_uri":"/admin/schedule/intelligentScheduling","status_code":200,"time":"2024-05-07 15:53:58"}
{"client_ip":"::1","level":"info","msg":"","req_method":"POST","req_uri":"/admin/schedule/getdoctorschedule","status_code":200,"time":"2024-05-07 17:12:41"}
{"client_ip":"::1","level":"info","msg":"","req_method":"POST","req_uri":"/admin/schedule/getdoctorschedule","status_code":200,"time":"2024-05-07 17:14:50"}
{"client_ip":"::1","level":"info","msg":"","req_method":"GET","req_uri":"/plan/selectPage?schedule_id=\u0026doctor_id=\u0026timing=\u0026data=\u0026start_time=\u0026end_time=\u0026state=\u0026doctorName=\u0026department=","status_code":404,"time":"2024-05-07 19:53:09"}
{"client_ip":"::1","level":"info","msg":"","req_method":"POST","req_uri":"/admin/schedule/adddoctorschedule","status_code":201,"time":"2024-05-07 19:53:10"}
{"client_ip":"::1","level":"info","msg":"","req_method":"POST","req_uri":"/admin/schedule/adddoctorschedule","status_code":201,"time":"2024-05-07 19:54:21"}
{"client_ip":"::1","level":"info","msg":"","req_method":"POST","req_uri":"/admin/schedule/adddoctorschedule","status_code":201,"time":"2024-05-07 19:56:11"}
{"client_ip":"::1","level":"info","msg":"","req_method":"POST","req_uri":"/admin/schedule/adddoctorschedule","status_code":201,"time":"2024-05-07 19:57:12"}
{"client_ip":"::1","level":"info","msg":"","req_method":"POST","req_uri":"/admin/schedule/adddoctorschedule","status_code":201,"time":"2024-05-07 19:57:16"}
{"client_ip":"::1","level":"info","msg":"","req_method":"POST","req_uri":"/admin/schedule/adddoctorschedule","status_code":201,"time":"2024-05-07 19:57:47"}
{"client_ip":"::1","level":"info","msg":"","req_method":"POST","req_uri":"/admin/schedule/getdoctorschedule","status_code":200,"time":"2024-05-07 19:59:37"}
{"client_ip":"::1","level":"info","msg":"","req_method":"POST","req_uri":"/admin/schedule/getdoctorschedule","status_code":200,"time":"2024-05-07 19:59:41"}
{"client_ip":"::1","level":"info","msg":"","req_method":"POST","req_uri":"/admin/schedule/getdoctorschedule","status_code":200,"time":"2024-05-07 20:02:40"}
{"client_ip":"::1","level":"info","msg":"","req_method":"POST","req_uri":"/admin/schedule/getdoctorschedule","status_code":200,"time":"2024-05-07 20:03:13"}
{"client_ip":"::1","level":"info","msg":"","req_method":"POST","req_uri":"/admin/schedule/getdoctorschedule","status_code":200,"time":"2024-05-07 20:04:00"}
{"client_ip":"::1","level":"info","msg":"","req_method":"POST","req_uri":"/admin/schedule/getdoctorschedule","status_code":200,"time":"2024-05-07 20:04:43"}
{"client_ip":"::1","level":"info","msg":"","req_method":"POST","req_uri":"/admin/schedule/getdoctorschedule","status_code":200,"time":"2024-05-07 20:05:06"}
{"client_ip":"::1","level":"info","msg":"","req_method":"POST","req_uri":"/admin/schedule/getdoctorschedule","status_code":200,"time":"2024-05-07 20:06:43"}
{"client_ip":"::1","level":"info","msg":"","req_method":"POST","req_uri":"/admin/schedule/getdoctorschedule","status_code":200,"time":"2024-05-07 20:11:15"}
{"client_ip":"::1","level":"info","msg":"","req_method":"POST","req_uri":"/admin/schedule/getdoctorschedule","status_code":200,"time":"2024-05-07 20:11:16"}
{"client_ip":"::1","level":"info","msg":"","req_method":"POST","req_uri":"/admin/schedule/getdoctorschedule","status_code":200,"time":"2024-05-07 20:11:17"}
{"client_ip":"::1","level":"info","msg":"","req_method":"POST","req_uri":"/admin/schedule/getdoctorschedule","status_code":200,"time":"2024-05-07 20:11:17"}
{"client_ip":"::1","level":"info","msg":"","req_method":"POST","req_uri":"/admin/schedule/getdoctorschedule","status_code":200,"time":"2024-05-07 20:11:18"}
{"client_ip":"::1","level":"info","msg":"","req_method":"POST","req_uri":"/admin/schedule/getdoctorschedule","status_code":200,"time":"2024-05-07 20:11:33"}
{"client_ip":"::1","level":"info","msg":"","req_method":"POST","req_uri":"/admin/schedule/getdoctorschedule","status_code":200,"time":"2024-05-07 20:11:35"}
{"client_ip":"::1","level":"info","msg":"","req_method":"POST","req_uri":"/admin/schedule/getdoctorschedule","status_code":200,"time":"2024-05-07 20:11:41"}
{"client_ip":"::1","level":"info","msg":"","req_method":"POST","req_uri":"/admin/schedule/getdoctorschedule","status_code":200,"time":"2024-05-07 20:11:43"}
{"client_ip":"::1","level":"info","msg":"","req_method":"POST","req_uri":"/admin/schedule/getdoctorschedule","status_code":200,"time":"2024-05-07 20:11:45"}
{"client_ip":"::1","level":"info","msg":"","req_method":"POST","req_uri":"/admin/schedule/getdoctorschedule","status_code":200,"time":"2024-05-07 20:11:46"}
{"client_ip":"::1","level":"info","msg":"","req_method":"POST","req_uri":"/admin/schedule/getdoctorschedule","status_code":200,"time":"2024-05-07 20:11:51"}
{"client_ip":"::1","level":"info","msg":"","req_method":"POST","req_uri":"/admin/schedule/getdoctorschedule","status_code":200,"time":"2024-05-07 20:11:54"}
{"client_ip":"::1","level":"info","msg":"","req_method":"POST","req_uri":"/admin/schedule/getdoctorschedule","status_code":200,"time":"2024-05-07 20:13:07"}
