{"client_ip":"::1","level":"info","msg":"","req_method":"POST","req_uri":"/admin/findAll","status_code":200,"time":"2024-06-18 10:11:16"}
{"client_ip":"::1","level":"info","msg":"","req_method":"POST","req_uri":"/appointment/getdoctorschedule","status_code":200,"time":"2024-06-18 10:11:16"}
{"client_ip":"::1","level":"info","msg":"","req_method":"GET","req_uri":"/patient/getimg?imageName=static/images/20240601/1717209120.png","status_code":200,"time":"2024-06-18 10:11:16"}
{"client_ip":"::1","level":"info","msg":"","req_method":"GET","req_uri":"/patient/getimg?imageName=static/images/20240602/1717320564.png","status_code":200,"time":"2024-06-18 10:11:16"}
{"client_ip":"::1","level":"info","msg":"","req_method":"POST","req_uri":"/patient/genCaptcha","status_code":200,"time":"2024-06-18 10:11:23"}
{"client_ip":"::1","level":"info","msg":"","req_method":"POST","req_uri":"/patient/genCaptcha","status_code":200,"time":"2024-06-18 10:11:51"}
{"client_ip":"::1","level":"info","msg":"","req_method":"POST","req_uri":"/patient/genCaptcha","status_code":200,"time":"2024-06-18 10:11:51"}
{"client_ip":"::1","level":"info","msg":"","req_method":"POST","req_uri":"/patient/register","status_code":200,"time":"2024-06-18 10:12:14"}
{"client_ip":"::1","level":"info","msg":"","req_method":"POST","req_uri":"/patient/register","status_code":200,"time":"2024-06-18 10:12:24"}
{"client_ip":"::1","level":"info","msg":"","req_method":"POST","req_uri":"/patient/genCaptcha","status_code":200,"time":"2024-06-18 10:12:25"}
{"client_ip":"::1","level":"info","msg":"","req_method":"POST","req_uri":"/patient/register","status_code":201,"time":"2024-06-18 10:12:33"}
{"client_ip":"::1","level":"info","msg":"","req_method":"POST","req_uri":"/patient/genCaptcha","status_code":200,"time":"2024-06-18 10:12:59"}
{"client_ip":"::1","level":"info","msg":"","req_method":"POST","req_uri":"/patient/register","status_code":200,"time":"2024-06-18 10:13:05"}
{"client_ip":"::1","level":"info","msg":"","req_method":"GET","req_uri":"/patient/getimg?imageName=static/images/20240612/1718191081.png","status_code":200,"time":"2024-06-18 10:13:05"}
{"client_ip":"::1","level":"info","msg":"","req_method":"POST","req_uri":"/patient/getbalance","status_code":200,"time":"2024-06-18 10:13:12"}
{"client_ip":"::1","level":"info","msg":"","req_method":"POST","req_uri":"/alipay/sandbox/tradePagePay","status_code":200,"time":"2024-06-18 10:13:20"}
{"client_ip":"::1","level":"info","msg":"","req_method":"GET","req_uri":"/patient/getimg?imageName=static/images/20240612/1718191081.png","status_code":200,"time":"2024-06-18 10:14:21"}
{"client_ip":"::1","level":"info","msg":"","req_method":"POST","req_uri":"/patient/getbalance","status_code":200,"time":"2024-06-18 10:14:21"}
{"client_ip":"::1","level":"info","msg":"","req_method":"GET","req_uri":"/patient/getimg?imageName=static/images/20240612/1718191081.png","status_code":200,"time":"2024-06-18 10:14:29"}
{"client_ip":"::1","level":"info","msg":"","req_method":"POST","req_uri":"/patient/getbalance","status_code":200,"time":"2024-06-18 10:14:29"}
{"client_ip":"::1","level":"info","msg":"","req_method":"POST","req_uri":"/alipay/sandbox/tradePagePay","status_code":200,"time":"2024-06-18 10:15:54"}
{"client_ip":"119.42.228.167","level":"info","msg":"","req_method":"POST","req_uri":"/patient/topup","status_code":200,"time":"2024-06-18 10:16:16"}
{"client_ip":"::1","level":"info","msg":"","req_method":"GET","req_uri":"/patient/getimg?imageName=static/images/20240612/1718191081.png","status_code":200,"time":"2024-06-18 10:16:26"}
{"client_ip":"::1","level":"info","msg":"","req_method":"POST","req_uri":"/patient/getbalance","status_code":200,"time":"2024-06-18 10:16:26"}
{"client_ip":"::1","level":"info","msg":"","req_method":"POST","req_uri":"/patient/genCaptcha","status_code":200,"time":"2024-06-18 10:16:43"}
{"client_ip":"::1","level":"info","msg":"","req_method":"POST","req_uri":"/doctor/register","status_code":200,"time":"2024-06-18 10:17:01"}
{"client_ip":"::1","level":"info","msg":"","req_method":"GET","req_uri":"/patient/getimg?imageName=static/images/20240602/1717320564.png","status_code":200,"time":"2024-06-18 10:17:01"}
{"client_ip":"::1","level":"info","msg":"","req_method":"POST","req_uri":"/doctor/application/get","status_code":200,"time":"2024-06-18 10:17:06"}
{"client_ip":"::1","level":"info","msg":"","req_method":"POST","req_uri":"/doctor/application/add","status_code":200,"time":"2024-06-18 10:17:24"}
{"client_ip":"::1","level":"info","msg":"","req_method":"POST","req_uri":"/doctor/application/get","status_code":200,"time":"2024-06-18 10:17:24"}
{"client_ip":"::1","level":"info","msg":"","req_method":"POST","req_uri":"/doctor/application/get","status_code":200,"time":"2024-06-18 10:17:42"}
{"client_ip":"::1","level":"info","msg":"","req_method":"POST","req_uri":"/doctor/application/get","status_code":200,"time":"2024-06-18 10:17:43"}
{"client_ip":"::1","level":"info","msg":"","req_method":"POST","req_uri":"/doctor/application/get","status_code":200,"time":"2024-06-18 10:17:44"}
{"client_ip":"::1","level":"info","msg":"","req_method":"GET","req_uri":"/patient/getimg?imageName=static/images/20240602/1717320564.png","status_code":200,"time":"2024-06-18 10:17:55"}
{"client_ip":"::1","level":"info","msg":"","req_method":"POST","req_uri":"/doctor/application/get","status_code":200,"time":"2024-06-18 10:17:56"}
{"client_ip":"::1","level":"info","msg":"","req_method":"GET","req_uri":"/patient/getimg?imageName=static/images/20240602/1717320564.png","status_code":200,"time":"2024-06-18 10:18:15"}
{"client_ip":"::1","level":"info","msg":"","req_method":"POST","req_uri":"/doctor/application/get","status_code":200,"time":"2024-06-18 10:18:15"}
{"client_ip":"::1","level":"info","msg":"","req_method":"POST","req_uri":"/patient/genCaptcha","status_code":200,"time":"2024-06-18 10:18:18"}
{"client_ip":"::1","level":"info","msg":"","req_method":"POST","req_uri":"/admin/register","status_code":200,"time":"2024-06-18 10:18:32"}
{"client_ip":"::1","level":"info","msg":"","req_method":"POST","req_uri":"/admin/alldoctor","status_code":200,"time":"2024-06-18 10:18:36"}
{"client_ip":"::1","level":"info","msg":"","req_method":"POST","req_uri":"/admin/findAll","status_code":200,"time":"2024-06-18 10:18:36"}
{"client_ip":"::1","level":"info","msg":"","req_method":"GET","req_uri":"/patient/getimg?imageName=static/images/20240601/1717209120.png","status_code":200,"time":"2024-06-18 10:18:36"}
{"client_ip":"::1","level":"info","msg":"","req_method":"GET","req_uri":"/patient/getimg?imageName=static/images/20240602/1717320564.png","status_code":200,"time":"2024-06-18 10:18:36"}
{"client_ip":"::1","level":"info","msg":"","req_method":"POST","req_uri":"/admin/patient/patientList","status_code":200,"time":"2024-06-18 10:18:46"}
{"client_ip":"::1","level":"info","msg":"","req_method":"GET","req_uri":"/patient/getimg?imageName=static/images/20240606/1717658865.png","status_code":200,"time":"2024-06-18 10:18:46"}
{"client_ip":"::1","level":"info","msg":"","req_method":"GET","req_uri":"/patient/getimg?imageName=static/images/20240612/1718191081.png","status_code":200,"time":"2024-06-18 10:18:46"}
{"client_ip":"::1","level":"info","msg":"","req_method":"POST","req_uri":"/doctor/application/get","status_code":200,"time":"2024-06-18 10:18:47"}
{"client_ip":"::1","level":"info","msg":"","req_method":"POST","req_uri":"/doctor/application/set","status_code":200,"time":"2024-06-18 10:19:04"}
{"client_ip":"::1","level":"info","msg":"","req_method":"POST","req_uri":"/doctor/application/get","status_code":200,"time":"2024-06-18 10:19:04"}
{"client_ip":"::1","level":"info","msg":"","req_method":"POST","req_uri":"/admin/patient/patientList","status_code":200,"time":"2024-06-18 10:19:10"}
{"client_ip":"::1","level":"info","msg":"","req_method":"GET","req_uri":"/patient/getimg?imageName=static/images/20240606/1717658865.png","status_code":200,"time":"2024-06-18 10:19:10"}
{"client_ip":"::1","level":"info","msg":"","req_method":"GET","req_uri":"/patient/getimg?imageName=static/images/20240612/1718191081.png","status_code":200,"time":"2024-06-18 10:19:10"}
{"client_ip":"::1","level":"info","msg":"","req_method":"POST","req_uri":"/admin/findAll","status_code":200,"time":"2024-06-18 10:19:12"}
{"client_ip":"::1","level":"info","msg":"","req_method":"POST","req_uri":"/admin/alldoctor","status_code":200,"time":"2024-06-18 10:19:12"}
{"client_ip":"::1","level":"info","msg":"","req_method":"POST","req_uri":"/doctor/gtedoctorschedule","status_code":200,"time":"2024-06-18 10:19:26"}
{"client_ip":"::1","level":"info","msg":"","req_method":"POST","req_uri":"/admin/schedule/getdoctorschedule","status_code":200,"time":"2024-06-18 10:19:51"}
{"client_ip":"::1","level":"info","msg":"","req_method":"POST","req_uri":"/admin/schedule/finfdoctorschedule","status_code":200,"time":"2024-06-18 10:19:56"}
{"client_ip":"::1","level":"info","msg":"","req_method":"POST","req_uri":"/admin/schedule/finfdoctorschedule","status_code":200,"time":"2024-06-18 10:20:10"}
{"client_ip":"::1","level":"info","msg":"","req_method":"POST","req_uri":"/admin/schedule/finfdoctorschedule","status_code":200,"time":"2024-06-18 10:20:11"}
{"client_ip":"::1","level":"info","msg":"","req_method":"POST","req_uri":"/admin/schedule/finfdoctorschedule","status_code":200,"time":"2024-06-18 10:20:19"}
{"client_ip":"::1","level":"info","msg":"","req_method":"POST","req_uri":"/admin/schedule/finfdoctorschedule","status_code":200,"time":"2024-06-18 10:20:19"}
{"client_ip":"::1","level":"info","msg":"","req_method":"POST","req_uri":"/admin/schedule/deletedoctorschedules","status_code":200,"time":"2024-06-18 10:20:28"}
{"client_ip":"::1","level":"info","msg":"","req_method":"POST","req_uri":"/admin/schedule/finfdoctorschedule","status_code":200,"time":"2024-06-18 10:20:28"}
{"client_ip":"::1","level":"info","msg":"","req_method":"POST","req_uri":"/admin/schedule/finfdoctorschedule","status_code":200,"time":"2024-06-18 10:20:31"}
{"client_ip":"::1","level":"info","msg":"","req_method":"POST","req_uri":"/admin/schedule/finfdoctorschedule","status_code":200,"time":"2024-06-18 10:20:32"}
{"client_ip":"::1","level":"info","msg":"","req_method":"POST","req_uri":"/admin/schedule/finfdoctorschedule","status_code":200,"time":"2024-06-18 10:20:33"}
{"client_ip":"::1","level":"info","msg":"","req_method":"POST","req_uri":"/admin/schedule/finfdoctorschedule","status_code":200,"time":"2024-06-18 10:20:34"}
{"client_ip":"::1","level":"info","msg":"","req_method":"POST","req_uri":"/admin/find","status_code":200,"time":"2024-06-18 10:20:36"}
{"client_ip":"::1","level":"info","msg":"","req_method":"POST","req_uri":"/admin/schedule/getdoctorschedule","status_code":200,"time":"2024-06-18 10:20:38"}
{"client_ip":"::1","level":"info","msg":"","req_method":"POST","req_uri":"/admin/find","status_code":200,"time":"2024-06-18 10:20:42"}
{"client_ip":"::1","level":"info","msg":"","req_method":"POST","req_uri":"/admin/schedule/getdoctorschedule","status_code":200,"time":"2024-06-18 10:21:01"}
{"client_ip":"::1","level":"info","msg":"","req_method":"POST","req_uri":"/patient/genCaptcha","status_code":200,"time":"2024-06-18 10:26:20"}
{"client_ip":"::1","level":"info","msg":"","req_method":"POST","req_uri":"/patient/genCaptcha","status_code":200,"time":"2024-06-18 10:26:34"}
{"client_ip":"::1","level":"info","msg":"","req_method":"POST","req_uri":"/patient/genCaptcha","status_code":200,"time":"2024-06-18 10:26:35"}
{"client_ip":"::1","level":"info","msg":"","req_method":"POST","req_uri":"/patient/register","status_code":200,"time":"2024-06-18 10:26:49"}
{"client_ip":"::1","level":"info","msg":"","req_method":"GET","req_uri":"/patient/getimg?imageName=static/images/20240612/1718191081.png","status_code":200,"time":"2024-06-18 10:26:49"}
{"client_ip":"::1","level":"info","msg":"","req_method":"POST","req_uri":"/patient/getbalance","status_code":200,"time":"2024-06-18 10:26:53"}
{"client_ip":"::1","level":"info","msg":"","req_method":"POST","req_uri":"/alipay/sandbox/tradePagePay","status_code":200,"time":"2024-06-18 10:27:01"}
{"client_ip":"119.42.228.167","level":"info","msg":"","req_method":"POST","req_uri":"/patient/topup","status_code":200,"time":"2024-06-18 10:28:35"}
{"client_ip":"::1","level":"info","msg":"","req_method":"GET","req_uri":"/patient/getimg?imageName=static/images/20240612/1718191081.png","status_code":200,"time":"2024-06-18 10:28:45"}
{"client_ip":"::1","level":"info","msg":"","req_method":"POST","req_uri":"/patient/getbalance","status_code":200,"time":"2024-06-18 10:28:45"}
{"client_ip":"::1","level":"info","msg":"","req_method":"POST","req_uri":"/patient/genCaptcha","status_code":200,"time":"2024-06-18 10:31:26"}
{"client_ip":"::1","level":"info","msg":"","req_method":"POST","req_uri":"/doctor/register","status_code":200,"time":"2024-06-18 10:33:47"}
{"client_ip":"::1","level":"info","msg":"","req_method":"POST","req_uri":"/patient/genCaptcha","status_code":200,"time":"2024-06-18 10:33:53"}
{"client_ip":"::1","level":"info","msg":"","req_method":"POST","req_uri":"/doctor/register","status_code":200,"time":"2024-06-18 10:33:58"}
{"client_ip":"::1","level":"info","msg":"","req_method":"POST","req_uri":"/doctor/register","status_code":200,"time":"2024-06-18 10:34:07"}
{"client_ip":"::1","level":"info","msg":"","req_method":"POST","req_uri":"/patient/genCaptcha","status_code":200,"time":"2024-06-18 10:34:09"}
{"client_ip":"::1","level":"info","msg":"","req_method":"POST","req_uri":"/doctor/register","status_code":200,"time":"2024-06-18 10:34:12"}
{"client_ip":"::1","level":"info","msg":"","req_method":"POST","req_uri":"/doctor/application/get","status_code":200,"time":"2024-06-18 10:34:31"}
{"client_ip":"::1","level":"info","msg":"","req_method":"POST","req_uri":"/doctor/gtepatient","status_code":200,"time":"2024-06-18 10:35:02"}
{"client_ip":"::1","level":"info","msg":"","req_method":"POST","req_uri":"/doctor/gtepatient","status_code":200,"time":"2024-06-18 10:35:13"}
{"client_ip":"::1","level":"info","msg":"","req_method":"POST","req_uri":"/doctor/gtepatient","status_code":200,"time":"2024-06-18 10:35:16"}
{"client_ip":"::1","level":"info","msg":"","req_method":"POST","req_uri":"/doctor/gtepatient","status_code":200,"time":"2024-06-18 10:35:18"}
{"client_ip":"::1","level":"info","msg":"","req_method":"POST","req_uri":"/doctor/gtepatient","status_code":200,"time":"2024-06-18 10:35:19"}
{"client_ip":"::1","level":"info","msg":"","req_method":"POST","req_uri":"/doctor/gtepatient","status_code":200,"time":"2024-06-18 10:35:21"}
{"client_ip":"::1","level":"info","msg":"","req_method":"POST","req_uri":"/doctor/gtepatient","status_code":200,"time":"2024-06-18 10:35:25"}
{"client_ip":"::1","level":"info","msg":"","req_method":"POST","req_uri":"/doctor/gtepatient","status_code":200,"time":"2024-06-18 10:35:26"}
{"client_ip":"::1","level":"info","msg":"","req_method":"POST","req_uri":"/doctor/gtepatient","status_code":200,"time":"2024-06-18 10:35:28"}
{"client_ip":"::1","level":"info","msg":"","req_method":"POST","req_uri":"/doctor/gtepatient","status_code":200,"time":"2024-06-18 10:35:30"}
{"client_ip":"::1","level":"info","msg":"","req_method":"POST","req_uri":"/doctor/gtepatient","status_code":200,"time":"2024-06-18 10:35:31"}
{"client_ip":"::1","level":"info","msg":"","req_method":"POST","req_uri":"/doctor/gtepatient","status_code":200,"time":"2024-06-18 10:35:32"}
{"client_ip":"::1","level":"info","msg":"","req_method":"POST","req_uri":"/doctor/gtepatient","status_code":200,"time":"2024-06-18 10:35:37"}
{"client_ip":"::1","level":"info","msg":"","req_method":"POST","req_uri":"/doctor/gtepatient","status_code":200,"time":"2024-06-18 10:35:39"}
{"client_ip":"::1","level":"info","msg":"","req_method":"POST","req_uri":"/doctor/gtepatient","status_code":200,"time":"2024-06-18 10:35:40"}
{"client_ip":"::1","level":"info","msg":"","req_method":"POST","req_uri":"/doctor/gtepatient","status_code":200,"time":"2024-06-18 10:35:42"}
{"client_ip":"::1","level":"info","msg":"","req_method":"POST","req_uri":"/doctor/application/get","status_code":200,"time":"2024-06-18 10:35:53"}
{"client_ip":"::1","level":"info","msg":"","req_method":"POST","req_uri":"/doctor/gtedoctorschedule","status_code":200,"time":"2024-06-18 10:36:30"}
{"client_ip":"::1","level":"info","msg":"","req_method":"POST","req_uri":"/admin/findAll","status_code":200,"time":"2024-06-18 10:36:33"}
{"client_ip":"::1","level":"info","msg":"","req_method":"POST","req_uri":"/doctor/gtedoctorschedule","status_code":200,"time":"2024-06-18 10:36:43"}
{"client_ip":"::1","level":"info","msg":"","req_method":"POST","req_uri":"/admin/findAll","status_code":200,"time":"2024-06-18 10:36:47"}
{"client_ip":"::1","level":"info","msg":"","req_method":"POST","req_uri":"/doctor/gtedoctorschedule","status_code":200,"time":"2024-06-18 10:37:22"}
{"client_ip":"::1","level":"info","msg":"","req_method":"POST","req_uri":"/doctor/application/get","status_code":200,"time":"2024-06-18 10:37:23"}
{"client_ip":"::1","level":"info","msg":"","req_method":"POST","req_uri":"/doctor/application/set","status_code":200,"time":"2024-06-18 10:37:36"}
{"client_ip":"::1","level":"info","msg":"","req_method":"POST","req_uri":"/doctor/gtedoctorschedule","status_code":200,"time":"2024-06-18 10:37:45"}
{"client_ip":"::1","level":"info","msg":"","req_method":"POST","req_uri":"/doctor/application/get","status_code":200,"time":"2024-06-18 10:37:55"}
{"client_ip":"::1","level":"info","msg":"","req_method":"POST","req_uri":"/doctor/application/add","status_code":200,"time":"2024-06-18 10:38:20"}
{"client_ip":"::1","level":"info","msg":"","req_method":"POST","req_uri":"/doctor/application/get","status_code":200,"time":"2024-06-18 10:38:20"}
{"client_ip":"::1","level":"info","msg":"","req_method":"POST","req_uri":"/doctor/application/set","status_code":200,"time":"2024-06-18 10:38:57"}
{"client_ip":"::1","level":"info","msg":"","req_method":"POST","req_uri":"/doctor/application/get","status_code":200,"time":"2024-06-18 10:38:57"}
{"client_ip":"::1","level":"info","msg":"","req_method":"POST","req_uri":"/doctor/application/get","status_code":200,"time":"2024-06-18 10:39:08"}
{"client_ip":"::1","level":"info","msg":"","req_method":"POST","req_uri":"/doctor/application/set","status_code":200,"time":"2024-06-18 10:39:13"}
{"client_ip":"::1","level":"info","msg":"","req_method":"POST","req_uri":"/doctor/application/get","status_code":200,"time":"2024-06-18 10:39:18"}
{"client_ip":"::1","level":"info","msg":"","req_method":"POST","req_uri":"/doctor/application/set","status_code":200,"time":"2024-06-18 10:39:22"}
{"client_ip":"::1","level":"info","msg":"","req_method":"POST","req_uri":"/doctor/application/get","status_code":200,"time":"2024-06-18 10:39:22"}
{"client_ip":"::1","level":"info","msg":"","req_method":"POST","req_uri":"/doctor/application/add","status_code":200,"time":"2024-06-18 10:39:39"}
{"client_ip":"::1","level":"info","msg":"","req_method":"POST","req_uri":"/doctor/application/get","status_code":200,"time":"2024-06-18 10:39:39"}
{"client_ip":"::1","level":"info","msg":"","req_method":"POST","req_uri":"/doctor/application/get","status_code":200,"time":"2024-06-18 10:39:48"}
{"client_ip":"::1","level":"info","msg":"","req_method":"POST","req_uri":"/doctor/application/get","status_code":200,"time":"2024-06-18 10:39:57"}
{"client_ip":"::1","level":"info","msg":"","req_method":"POST","req_uri":"/doctor/gtedoctorschedule","status_code":200,"time":"2024-06-18 10:40:07"}
{"client_ip":"::1","level":"info","msg":"","req_method":"POST","req_uri":"/patient/genCaptcha","status_code":200,"time":"2024-06-18 10:40:12"}
{"client_ip":"::1","level":"info","msg":"","req_method":"POST","req_uri":"/admin/register","status_code":200,"time":"2024-06-18 10:40:51"}
{"client_ip":"::1","level":"info","msg":"","req_method":"POST","req_uri":"/admin/findAll","status_code":200,"time":"2024-06-18 10:41:29"}
{"client_ip":"::1","level":"info","msg":"","req_method":"POST","req_uri":"/admin/alldoctor","status_code":200,"time":"2024-06-18 10:41:29"}
{"client_ip":"::1","level":"info","msg":"","req_method":"POST","req_uri":"/doctor/application/get","status_code":200,"time":"2024-06-18 10:41:32"}
{"client_ip":"::1","level":"info","msg":"","req_method":"POST","req_uri":"/doctor/application/get","status_code":200,"time":"2024-06-18 10:41:44"}
{"client_ip":"::1","level":"info","msg":"","req_method":"POST","req_uri":"/doctor/application/get","status_code":200,"time":"2024-06-18 10:41:46"}
{"client_ip":"::1","level":"info","msg":"","req_method":"POST","req_uri":"/doctor/application/get","status_code":200,"time":"2024-06-18 10:41:54"}
{"client_ip":"::1","level":"info","msg":"","req_method":"POST","req_uri":"/doctor/application/set","status_code":200,"time":"2024-06-18 10:41:57"}
{"client_ip":"::1","level":"info","msg":"","req_method":"POST","req_uri":"/doctor/application/get","status_code":200,"time":"2024-06-18 10:41:57"}
{"client_ip":"::1","level":"info","msg":"","req_method":"POST","req_uri":"/admin/patient/patientList","status_code":200,"time":"2024-06-18 10:42:02"}
{"client_ip":"::1","level":"info","msg":"","req_method":"GET","req_uri":"/patient/getimg?imageName=static/images/20240606/1717658865.png","status_code":200,"time":"2024-06-18 10:42:02"}
{"client_ip":"::1","level":"info","msg":"","req_method":"GET","req_uri":"/patient/getimg?imageName=static/images/20240612/1718191081.png","status_code":200,"time":"2024-06-18 10:42:02"}
{"client_ip":"::1","level":"info","msg":"","req_method":"POST","req_uri":"/admin/findAll","status_code":200,"time":"2024-06-18 10:42:19"}
{"client_ip":"::1","level":"info","msg":"","req_method":"POST","req_uri":"/admin/alldoctor","status_code":200,"time":"2024-06-18 10:42:19"}
{"client_ip":"::1","level":"info","msg":"","req_method":"POST","req_uri":"/admin/patient/patientList","status_code":200,"time":"2024-06-18 10:42:21"}
{"client_ip":"::1","level":"info","msg":"","req_method":"GET","req_uri":"/patient/getimg?imageName=static/images/20240606/1717658865.png","status_code":200,"time":"2024-06-18 10:42:21"}
{"client_ip":"::1","level":"info","msg":"","req_method":"GET","req_uri":"/patient/getimg?imageName=static/images/20240612/1718191081.png","status_code":200,"time":"2024-06-18 10:42:21"}
{"client_ip":"::1","level":"info","msg":"","req_method":"POST","req_uri":"/admin/patient/deletePatient","status_code":200,"time":"2024-06-18 10:42:27"}
{"client_ip":"::1","level":"info","msg":"","req_method":"POST","req_uri":"/admin/patient/patientList","status_code":200,"time":"2024-06-18 10:42:27"}
{"client_ip":"::1","level":"info","msg":"","req_method":"POST","req_uri":"/admin/patient/patientList","status_code":200,"time":"2024-06-18 10:42:29"}
{"client_ip":"::1","level":"info","msg":"","req_method":"POST","req_uri":"/admin/patient/patientList","status_code":200,"time":"2024-06-18 10:42:31"}
{"client_ip":"::1","level":"info","msg":"","req_method":"POST","req_uri":"/admin/findAll","status_code":200,"time":"2024-06-18 10:42:32"}
{"client_ip":"::1","level":"info","msg":"","req_method":"POST","req_uri":"/admin/alldoctor","status_code":200,"time":"2024-06-18 10:42:32"}
{"client_ip":"::1","level":"info","msg":"","req_method":"POST","req_uri":"/doctor/update","status_code":400,"time":"2024-06-18 10:42:46"}
{"client_ip":"::1","level":"info","msg":"","req_method":"POST","req_uri":"/doctor/update","status_code":400,"time":"2024-06-18 10:43:05"}
{"client_ip":"::1","level":"info","msg":"","req_method":"POST","req_uri":"/admin/findAll","status_code":200,"time":"2024-06-18 10:43:13"}
{"client_ip":"::1","level":"info","msg":"","req_method":"POST","req_uri":"/admin/alldoctor","status_code":200,"time":"2024-06-18 10:43:13"}
{"client_ip":"::1","level":"info","msg":"","req_method":"GET","req_uri":"/patient/getimg?imageName=static/images/20240601/1717209120.png","status_code":200,"time":"2024-06-18 10:43:13"}
{"client_ip":"::1","level":"info","msg":"","req_method":"GET","req_uri":"/patient/getimg?imageName=static/images/20240602/1717320564.png","status_code":200,"time":"2024-06-18 10:43:13"}
{"client_ip":"::1","level":"info","msg":"","req_method":"POST","req_uri":"/doctor/update","status_code":400,"time":"2024-06-18 10:43:19"}
{"client_ip":"::1","level":"info","msg":"","req_method":"POST","req_uri":"/doctor/update","status_code":200,"time":"2024-06-18 10:43:41"}
{"client_ip":"::1","level":"info","msg":"","req_method":"POST","req_uri":"/admin/alldoctor","status_code":200,"time":"2024-06-18 10:43:41"}
{"client_ip":"::1","level":"info","msg":"","req_method":"POST","req_uri":"/doctor/update","status_code":400,"time":"2024-06-18 10:43:50"}
{"client_ip":"::1","level":"info","msg":"","req_method":"POST","req_uri":"/admin/findAll","status_code":200,"time":"2024-06-18 10:46:05"}
{"client_ip":"::1","level":"info","msg":"","req_method":"POST","req_uri":"/admin/alldoctor","status_code":200,"time":"2024-06-18 10:46:05"}
{"client_ip":"::1","level":"info","msg":"","req_method":"POST","req_uri":"/admin/findAll","status_code":200,"time":"2024-06-18 10:46:34"}
{"client_ip":"::1","level":"info","msg":"","req_method":"POST","req_uri":"/admin/alldoctor","status_code":200,"time":"2024-06-18 10:46:34"}
{"client_ip":"::1","level":"info","msg":"","req_method":"POST","req_uri":"/admin/findAll","status_code":200,"time":"2024-06-18 10:47:54"}
{"client_ip":"::1","level":"info","msg":"","req_method":"POST","req_uri":"/admin/alldoctor","status_code":200,"time":"2024-06-18 10:47:54"}
{"client_ip":"::1","level":"info","msg":"","req_method":"POST","req_uri":"/doctor/update","status_code":200,"time":"2024-06-18 10:48:01"}
{"client_ip":"::1","level":"info","msg":"","req_method":"POST","req_uri":"/admin/alldoctor","status_code":200,"time":"2024-06-18 10:48:01"}
{"client_ip":"::1","level":"info","msg":"","req_method":"POST","req_uri":"/admin/findAll","status_code":200,"time":"2024-06-18 10:48:31"}
{"client_ip":"::1","level":"info","msg":"","req_method":"POST","req_uri":"/admin/alldoctor","status_code":200,"time":"2024-06-18 10:48:31"}
{"client_ip":"::1","level":"info","msg":"","req_method":"GET","req_uri":"/patient/getimg?imageName=static/images/20240601/1717209120.png","status_code":200,"time":"2024-06-18 10:48:32"}
{"client_ip":"::1","level":"info","msg":"","req_method":"GET","req_uri":"/patient/getimg?imageName=static/images/20240602/1717320564.png","status_code":200,"time":"2024-06-18 10:48:32"}
{"client_ip":"::1","level":"info","msg":"","req_method":"POST","req_uri":"/admin/patient/patientList","status_code":200,"time":"2024-06-18 10:48:42"}
{"client_ip":"::1","level":"info","msg":"","req_method":"GET","req_uri":"/patient/getimg?imageName=static/images/20240606/1717658865.png","status_code":200,"time":"2024-06-18 10:48:42"}
{"client_ip":"::1","level":"info","msg":"","req_method":"GET","req_uri":"/patient/getimg?imageName=static/images/20240612/1718191081.png","status_code":200,"time":"2024-06-18 10:48:42"}
{"client_ip":"::1","level":"info","msg":"","req_method":"POST","req_uri":"/doctor/application/get","status_code":200,"time":"2024-06-18 10:48:43"}
{"client_ip":"::1","level":"info","msg":"","req_method":"POST","req_uri":"/appointment/getappointment","status_code":200,"time":"2024-06-18 10:48:49"}
{"client_ip":"::1","level":"info","msg":"","req_method":"POST","req_uri":"/admin/find","status_code":200,"time":"2024-06-18 10:49:36"}
{"client_ip":"::1","level":"info","msg":"","req_method":"POST","req_uri":"/admin/schedule/getdoctorschedule","status_code":200,"time":"2024-06-18 10:49:44"}
{"client_ip":"::1","level":"info","msg":"","req_method":"POST","req_uri":"/appointment/getappointment","status_code":200,"time":"2024-06-18 10:50:09"}
{"client_ip":"::1","level":"info","msg":"","req_method":"POST","req_uri":"/patient/genCaptcha","status_code":200,"time":"2024-06-18 10:50:12"}
{"client_ip":"::1","level":"info","msg":"","req_method":"POST","req_uri":"/patient/register","status_code":200,"time":"2024-06-18 10:50:51"}
{"client_ip":"::1","level":"info","msg":"","req_method":"GET","req_uri":"/patient/getimg?imageName=static/images/20240612/1718191081.png","status_code":200,"time":"2024-06-18 10:50:51"}
{"client_ip":"::1","level":"info","msg":"","req_method":"POST","req_uri":"/admin/findAll","status_code":200,"time":"2024-06-18 10:50:54"}
{"client_ip":"::1","level":"info","msg":"","req_method":"POST","req_uri":"/appointment/getdoctorschedule","status_code":200,"time":"2024-06-18 10:50:54"}
{"client_ip":"::1","level":"info","msg":"","req_method":"POST","req_uri":"/appointment/getappointment","status_code":200,"time":"2024-06-18 10:50:56"}
{"client_ip":"::1","level":"info","msg":"","req_method":"POST","req_uri":"/patient/getbalance","status_code":200,"time":"2024-06-18 10:51:03"}
{"client_ip":"::1","level":"info","msg":"","req_method":"POST","req_uri":"/alipay/sandbox/tradePagePay","status_code":200,"time":"2024-06-18 10:51:21"}
{"client_ip":"::1","level":"info","msg":"","req_method":"POST","req_uri":"/alipay/sandbox/tradePagePay","status_code":200,"time":"2024-06-18 10:51:34"}
{"client_ip":"119.42.228.166","level":"info","msg":"","req_method":"POST","req_uri":"/patient/topup","status_code":200,"time":"2024-06-18 10:52:23"}
{"client_ip":"::1","level":"info","msg":"","req_method":"GET","req_uri":"/patient/getimg?imageName=static/images/20240612/1718191081.png","status_code":200,"time":"2024-06-18 10:52:32"}
{"client_ip":"::1","level":"info","msg":"","req_method":"POST","req_uri":"/patient/getbalance","status_code":200,"time":"2024-06-18 10:52:32"}
{"client_ip":"::1","level":"info","msg":"","req_method":"POST","req_uri":"/patient/update","status_code":200,"time":"2024-06-18 10:52:45"}
{"client_ip":"::1","level":"info","msg":"","req_method":"POST","req_uri":"/patient/update","status_code":200,"time":"2024-06-18 10:52:47"}
{"client_ip":"::1","level":"info","msg":"","req_method":"POST","req_uri":"/appointment/getappointment","status_code":200,"time":"2024-06-18 10:52:57"}
{"client_ip":"::1","level":"info","msg":"","req_method":"POST","req_uri":"/admin/findAll","status_code":200,"time":"2024-06-18 10:53:05"}
{"client_ip":"::1","level":"info","msg":"","req_method":"POST","req_uri":"/appointment/getdoctorschedule","status_code":200,"time":"2024-06-18 10:53:05"}
{"client_ip":"::1","level":"info","msg":"","req_method":"GET","req_uri":"/patient/getimg?imageName=static/images/20240601/1717209120.png","status_code":200,"time":"2024-06-18 10:53:05"}
{"client_ip":"::1","level":"info","msg":"","req_method":"GET","req_uri":"/patient/getimg?imageName=static/images/20240602/1717320564.png","status_code":200,"time":"2024-06-18 10:53:05"}
{"client_ip":"::1","level":"info","msg":"","req_method":"POST","req_uri":"/appointment/getdoctorschedule","status_code":200,"time":"2024-06-18 10:53:14"}
{"client_ip":"::1","level":"info","msg":"","req_method":"POST","req_uri":"/appointment/add","status_code":200,"time":"2024-06-18 10:53:31"}
{"client_ip":"::1","level":"info","msg":"","req_method":"POST","req_uri":"/appointment/getdoctorschedule","status_code":200,"time":"2024-06-18 10:53:31"}
{"client_ip":"::1","level":"info","msg":"","req_method":"POST","req_uri":"/patient/getbalance","status_code":200,"time":"2024-06-18 10:53:36"}
{"client_ip":"::1","level":"info","msg":"","req_method":"POST","req_uri":"/appointment/getappointment","status_code":200,"time":"2024-06-18 10:53:40"}
{"client_ip":"::1","level":"info","msg":"","req_method":"POST","req_uri":"/appointment/setappointment","status_code":200,"time":"2024-06-18 10:54:04"}
{"client_ip":"::1","level":"info","msg":"","req_method":"POST","req_uri":"/appointment/getappointment","status_code":200,"time":"2024-06-18 10:54:04"}
{"client_ip":"::1","level":"info","msg":"","req_method":"POST","req_uri":"/patient/getbalance","status_code":200,"time":"2024-06-18 10:54:09"}
{"client_ip":"::1","level":"info","msg":"","req_method":"POST","req_uri":"/appointment/getappointment","status_code":200,"time":"2024-06-18 10:54:12"}
{"client_ip":"::1","level":"info","msg":"","req_method":"POST","req_uri":"/admin/findAll","status_code":200,"time":"2024-06-18 10:54:23"}
{"client_ip":"::1","level":"info","msg":"","req_method":"POST","req_uri":"/appointment/getdoctorschedule","status_code":200,"time":"2024-06-18 10:54:23"}
{"client_ip":"::1","level":"info","msg":"","req_method":"GET","req_uri":"/patient/getimg?imageName=static/images/20240601/1717209120.png","status_code":200,"time":"2024-06-18 10:54:23"}
{"client_ip":"::1","level":"info","msg":"","req_method":"GET","req_uri":"/patient/getimg?imageName=static/images/20240602/1717320564.png","status_code":200,"time":"2024-06-18 10:54:23"}
{"client_ip":"::1","level":"info","msg":"","req_method":"POST","req_uri":"/patient/getbalance","status_code":200,"time":"2024-06-18 10:54:47"}
{"client_ip":"::1","level":"info","msg":"","req_method":"POST","req_uri":"/admin/findAll","status_code":200,"time":"2024-06-18 10:57:26"}
{"client_ip":"::1","level":"info","msg":"","req_method":"POST","req_uri":"/appointment/getdoctorschedule","status_code":200,"time":"2024-06-18 10:57:26"}
{"client_ip":"::1","level":"info","msg":"","req_method":"GET","req_uri":"/patient/getimg?imageName=static/images/20240601/1717209120.png","status_code":200,"time":"2024-06-18 10:57:26"}
{"client_ip":"::1","level":"info","msg":"","req_method":"GET","req_uri":"/patient/getimg?imageName=static/images/20240602/1717320564.png","status_code":200,"time":"2024-06-18 10:57:26"}
{"client_ip":"::1","level":"info","msg":"","req_method":"POST","req_uri":"/appointment/getdoctorschedule","status_code":200,"time":"2024-06-18 10:57:34"}
{"client_ip":"::1","level":"info","msg":"","req_method":"POST","req_uri":"/appointment/getdoctorschedule","status_code":200,"time":"2024-06-18 10:57:39"}
{"client_ip":"::1","level":"info","msg":"","req_method":"POST","req_uri":"/appointment/getdoctorschedule","status_code":200,"time":"2024-06-18 10:57:40"}
{"client_ip":"::1","level":"info","msg":"","req_method":"POST","req_uri":"/appointment/getdoctorschedule","status_code":200,"time":"2024-06-18 10:57:41"}
{"client_ip":"::1","level":"info","msg":"","req_method":"POST","req_uri":"/appointment/getdoctorschedule","status_code":200,"time":"2024-06-18 10:57:43"}
{"client_ip":"::1","level":"info","msg":"","req_method":"POST","req_uri":"/appointment/getdoctorschedule","status_code":200,"time":"2024-06-18 10:57:44"}
{"client_ip":"::1","level":"info","msg":"","req_method":"POST","req_uri":"/admin/findAll","status_code":200,"time":"2024-06-18 10:58:30"}
{"client_ip":"::1","level":"info","msg":"","req_method":"POST","req_uri":"/appointment/getdoctorschedule","status_code":200,"time":"2024-06-18 10:58:30"}
{"client_ip":"::1","level":"info","msg":"","req_method":"GET","req_uri":"/patient/getimg?imageName=static/images/20240601/1717209120.png","status_code":200,"time":"2024-06-18 10:58:30"}
{"client_ip":"::1","level":"info","msg":"","req_method":"GET","req_uri":"/patient/getimg?imageName=static/images/20240602/1717320564.png","status_code":200,"time":"2024-06-18 10:58:30"}
{"client_ip":"::1","level":"info","msg":"","req_method":"POST","req_uri":"/appointment/getdoctorschedule","status_code":200,"time":"2024-06-18 10:58:35"}
{"client_ip":"::1","level":"info","msg":"","req_method":"POST","req_uri":"/appointment/getdoctorschedule","status_code":200,"time":"2024-06-18 10:58:37"}
{"client_ip":"::1","level":"info","msg":"","req_method":"POST","req_uri":"/appointment/getappointment","status_code":200,"time":"2024-06-18 10:58:46"}
{"client_ip":"::1","level":"info","msg":"","req_method":"POST","req_uri":"/patient/getbalance","status_code":200,"time":"2024-06-18 10:58:46"}
{"client_ip":"::1","level":"info","msg":"","req_method":"GET","req_uri":"/patient/getimg?imageName=static/images/20240612/1718191081.png","status_code":200,"time":"2024-06-18 10:58:46"}
{"client_ip":"::1","level":"info","msg":"","req_method":"POST","req_uri":"/appointment/getappointment","status_code":200,"time":"2024-06-18 10:59:20"}
{"client_ip":"::1","level":"info","msg":"","req_method":"POST","req_uri":"/admin/findAll","status_code":200,"time":"2024-06-18 10:59:28"}
{"client_ip":"::1","level":"info","msg":"","req_method":"POST","req_uri":"/appointment/getdoctorschedule","status_code":200,"time":"2024-06-18 10:59:28"}
{"client_ip":"::1","level":"info","msg":"","req_method":"POST","req_uri":"/appointment/getappointment","status_code":200,"time":"2024-06-18 10:59:40"}
{"client_ip":"::1","level":"info","msg":"","req_method":"POST","req_uri":"/admin/findAll","status_code":200,"time":"2024-06-18 10:59:45"}
{"client_ip":"::1","level":"info","msg":"","req_method":"POST","req_uri":"/appointment/getdoctorschedule","status_code":200,"time":"2024-06-18 10:59:45"}
{"client_ip":"::1","level":"info","msg":"","req_method":"POST","req_uri":"/admin/findAll","status_code":200,"time":"2024-06-18 11:00:13"}
{"client_ip":"::1","level":"info","msg":"","req_method":"POST","req_uri":"/appointment/getdoctorschedule","status_code":200,"time":"2024-06-18 11:00:13"}
{"client_ip":"::1","level":"info","msg":"","req_method":"GET","req_uri":"/patient/getimg?imageName=static/images/20240601/1717209120.png","status_code":200,"time":"2024-06-18 11:00:13"}
{"client_ip":"::1","level":"info","msg":"","req_method":"GET","req_uri":"/patient/getimg?imageName=static/images/20240602/1717320564.png","status_code":200,"time":"2024-06-18 11:00:13"}
{"client_ip":"::1","level":"info","msg":"","req_method":"POST","req_uri":"/appointment/getdoctorschedule","status_code":200,"time":"2024-06-18 11:00:14"}
{"client_ip":"::1","level":"info","msg":"","req_method":"POST","req_uri":"/appointment/getdoctorschedule","status_code":200,"time":"2024-06-18 11:00:36"}
{"client_ip":"::1","level":"info","msg":"","req_method":"POST","req_uri":"/appointment/getdoctorschedule","status_code":200,"time":"2024-06-18 11:00:37"}
{"client_ip":"::1","level":"info","msg":"","req_method":"GET","req_uri":"/patient/getimg?imageName=static/images/20240602/1717320564.png","status_code":200,"time":"2024-06-18 11:00:37"}
{"client_ip":"::1","level":"info","msg":"","req_method":"POST","req_uri":"/appointment/getdoctorschedule","status_code":200,"time":"2024-06-18 11:00:39"}
{"client_ip":"::1","level":"info","msg":"","req_method":"POST","req_uri":"/appointment/getdoctorschedule","status_code":200,"time":"2024-06-18 11:00:41"}
{"client_ip":"::1","level":"info","msg":"","req_method":"GET","req_uri":"/patient/getimg?imageName=static/images/20240602/1717320564.png","status_code":200,"time":"2024-06-18 11:00:41"}
{"client_ip":"::1","level":"info","msg":"","req_method":"POST","req_uri":"/patient/getbalance","status_code":200,"time":"2024-06-18 11:00:46"}
{"client_ip":"::1","level":"info","msg":"","req_method":"GET","req_uri":"/patient/getimg?imageName=static/images/20240612/1718191081.png","status_code":200,"time":"2024-06-18 11:00:46"}
{"client_ip":"::1","level":"info","msg":"","req_method":"POST","req_uri":"/admin/findAll","status_code":200,"time":"2024-06-18 11:06:17"}
{"client_ip":"::1","level":"info","msg":"","req_method":"POST","req_uri":"/appointment/getdoctorschedule","status_code":200,"time":"2024-06-18 11:06:17"}
{"client_ip":"::1","level":"info","msg":"","req_method":"POST","req_uri":"/admin/findAll","status_code":200,"time":"2024-06-18 11:06:46"}
{"client_ip":"::1","level":"info","msg":"","req_method":"POST","req_uri":"/appointment/getdoctorschedule","status_code":200,"time":"2024-06-18 11:06:46"}
{"client_ip":"::1","level":"info","msg":"","req_method":"GET","req_uri":"/patient/getimg?imageName=static/images/20240612/1718191081.png","status_code":200,"time":"2024-06-18 11:06:46"}
{"client_ip":"::1","level":"info","msg":"","req_method":"GET","req_uri":"/patient/getimg?imageName=static/images/20240602/1717320564.png","status_code":200,"time":"2024-06-18 11:06:46"}
{"client_ip":"::1","level":"info","msg":"","req_method":"GET","req_uri":"/patient/getimg?imageName=static/images/20240601/1717209120.png","status_code":200,"time":"2024-06-18 11:06:46"}
{"client_ip":"::1","level":"info","msg":"","req_method":"POST","req_uri":"/patient/getbalance","status_code":200,"time":"2024-06-18 11:07:05"}
{"client_ip":"::1","level":"info","msg":"","req_method":"POST","req_uri":"/patient/genCaptcha","status_code":200,"time":"2024-06-18 11:07:08"}
{"client_ip":"::1","level":"info","msg":"","req_method":"POST","req_uri":"/admin/findAll","status_code":200,"time":"2024-06-18 11:07:13"}
{"client_ip":"::1","level":"info","msg":"","req_method":"POST","req_uri":"/appointment/getdoctorschedule","status_code":200,"time":"2024-06-18 11:07:13"}
{"client_ip":"::1","level":"info","msg":"","req_method":"GET","req_uri":"/patient/getimg?imageName=static/images/20240602/1717320564.png","status_code":200,"time":"2024-06-18 11:07:13"}
{"client_ip":"::1","level":"info","msg":"","req_method":"GET","req_uri":"/patient/getimg?imageName=static/images/20240601/1717209120.png","status_code":200,"time":"2024-06-18 11:07:13"}
{"client_ip":"::1","level":"info","msg":"","req_method":"POST","req_uri":"/appointment/getdoctorschedule","status_code":200,"time":"2024-06-18 11:07:18"}
{"client_ip":"::1","level":"info","msg":"","req_method":"POST","req_uri":"/patient/genCaptcha","status_code":200,"time":"2024-06-18 11:07:22"}
{"client_ip":"::1","level":"info","msg":"","req_method":"POST","req_uri":"/patient/register","status_code":200,"time":"2024-06-18 11:07:36"}
{"client_ip":"::1","level":"info","msg":"","req_method":"GET","req_uri":"/patient/getimg?imageName=static/images/20240612/1718191081.png","status_code":200,"time":"2024-06-18 11:07:36"}
{"client_ip":"::1","level":"info","msg":"","req_method":"POST","req_uri":"/patient/getbalance","status_code":200,"time":"2024-06-18 11:07:42"}
{"client_ip":"::1","level":"info","msg":"","req_method":"POST","req_uri":"/alipay/sandbox/tradePagePay","status_code":200,"time":"2024-06-18 11:07:53"}
{"client_ip":"119.42.228.164","level":"info","msg":"","req_method":"POST","req_uri":"/patient/topup","status_code":200,"time":"2024-06-18 11:08:21"}
{"client_ip":"::1","level":"info","msg":"","req_method":"GET","req_uri":"/patient/getimg?imageName=static/images/20240612/1718191081.png","status_code":200,"time":"2024-06-18 11:08:30"}
{"client_ip":"::1","level":"info","msg":"","req_method":"POST","req_uri":"/patient/getbalance","status_code":200,"time":"2024-06-18 11:08:30"}
{"client_ip":"::1","level":"info","msg":"","req_method":"POST","req_uri":"/appointment/getappointment","status_code":200,"time":"2024-06-18 11:08:40"}
{"client_ip":"::1","level":"info","msg":"","req_method":"POST","req_uri":"/admin/findAll","status_code":200,"time":"2024-06-18 11:08:43"}
{"client_ip":"::1","level":"info","msg":"","req_method":"POST","req_uri":"/appointment/getdoctorschedule","status_code":200,"time":"2024-06-18 11:08:43"}
{"client_ip":"::1","level":"info","msg":"","req_method":"GET","req_uri":"/patient/getimg?imageName=static/images/20240602/1717320564.png","status_code":200,"time":"2024-06-18 11:08:43"}
{"client_ip":"::1","level":"info","msg":"","req_method":"GET","req_uri":"/patient/getimg?imageName=static/images/20240601/1717209120.png","status_code":200,"time":"2024-06-18 11:08:43"}
{"client_ip":"::1","level":"info","msg":"","req_method":"POST","req_uri":"/appointment/getdoctorschedule","status_code":200,"time":"2024-06-18 11:08:51"}
{"client_ip":"::1","level":"info","msg":"","req_method":"POST","req_uri":"/appointment/getdoctorschedule","status_code":200,"time":"2024-06-18 11:08:53"}
{"client_ip":"::1","level":"info","msg":"","req_method":"POST","req_uri":"/appointment/add","status_code":200,"time":"2024-06-18 11:08:56"}
{"client_ip":"::1","level":"info","msg":"","req_method":"POST","req_uri":"/appointment/getdoctorschedule","status_code":200,"time":"2024-06-18 11:08:56"}
{"client_ip":"::1","level":"info","msg":"","req_method":"POST","req_uri":"/appointment/getappointment","status_code":200,"time":"2024-06-18 11:09:00"}
{"client_ip":"::1","level":"info","msg":"","req_method":"POST","req_uri":"/appointment/setappointment","status_code":201,"time":"2024-06-18 11:09:10"}
{"client_ip":"::1","level":"info","msg":"","req_method":"POST","req_uri":"/patient/getbalance","status_code":200,"time":"2024-06-18 11:09:15"}
{"client_ip":"::1","level":"info","msg":"","req_method":"POST","req_uri":"/patient/genCaptcha","status_code":200,"time":"2024-06-18 11:09:26"}
{"client_ip":"::1","level":"info","msg":"","req_method":"POST","req_uri":"/patient/genCaptcha","status_code":200,"time":"2024-06-18 11:09:36"}
{"client_ip":"::1","level":"info","msg":"","req_method":"POST","req_uri":"/doctor/register","status_code":200,"time":"2024-06-18 11:09:44"}
{"client_ip":"::1","level":"info","msg":"","req_method":"GET","req_uri":"/patient/getimg?imageName=static/images/20240602/1717320564.png","status_code":200,"time":"2024-06-18 11:09:44"}
{"client_ip":"::1","level":"info","msg":"","req_method":"POST","req_uri":"/doctor/gtepatient","status_code":200,"time":"2024-06-18 11:09:46"}
{"client_ip":"::1","level":"info","msg":"","req_method":"POST","req_uri":"/doctor/setappointment","status_code":200,"time":"2024-06-18 11:10:08"}
{"client_ip":"::1","level":"info","msg":"","req_method":"POST","req_uri":"/doctor/application/get","status_code":200,"time":"2024-06-18 11:10:15"}
{"client_ip":"::1","level":"info","msg":"","req_method":"POST","req_uri":"/doctor/gtedoctorschedule","status_code":200,"time":"2024-06-18 11:10:16"}
{"client_ip":"::1","level":"info","msg":"","req_method":"POST","req_uri":"/admin/findAll","status_code":200,"time":"2024-06-18 11:10:22"}
{"client_ip":"::1","level":"info","msg":"","req_method":"POST","req_uri":"/doctor/gtedoctorschedule","status_code":200,"time":"2024-06-18 11:10:23"}
{"client_ip":"::1","level":"info","msg":"","req_method":"POST","req_uri":"/doctor/application/get","status_code":200,"time":"2024-06-18 11:10:26"}
{"client_ip":"::1","level":"info","msg":"","req_method":"POST","req_uri":"/doctor/application/add","status_code":200,"time":"2024-06-18 11:10:33"}
{"client_ip":"::1","level":"info","msg":"","req_method":"POST","req_uri":"/doctor/application/get","status_code":200,"time":"2024-06-18 11:10:33"}
{"client_ip":"::1","level":"info","msg":"","req_method":"POST","req_uri":"/doctor/application/get","status_code":200,"time":"2024-06-18 11:10:36"}
{"client_ip":"::1","level":"info","msg":"","req_method":"POST","req_uri":"/patient/genCaptcha","status_code":200,"time":"2024-06-18 11:10:55"}
{"client_ip":"::1","level":"info","msg":"","req_method":"POST","req_uri":"/admin/register","status_code":200,"time":"2024-06-18 11:11:12"}
{"client_ip":"::1","level":"info","msg":"","req_method":"POST","req_uri":"/admin/find","status_code":200,"time":"2024-06-18 11:11:16"}
{"client_ip":"::1","level":"info","msg":"","req_method":"POST","req_uri":"/admin/find","status_code":200,"time":"2024-06-18 11:11:20"}
{"client_ip":"::1","level":"info","msg":"","req_method":"POST","req_uri":"/admin/schedule/getdoctorschedule","status_code":200,"time":"2024-06-18 11:11:25"}
{"client_ip":"::1","level":"info","msg":"","req_method":"POST","req_uri":"/admin/schedule/finfdoctorschedule","status_code":200,"time":"2024-06-18 11:11:31"}
{"client_ip":"::1","level":"info","msg":"","req_method":"POST","req_uri":"/admin/schedule/finfdoctorschedule","status_code":200,"time":"2024-06-18 11:11:35"}
{"client_ip":"::1","level":"info","msg":"","req_method":"GET","req_uri":"/admin/schedule/intelligentScheduling","status_code":200,"time":"2024-06-18 11:11:39"}
{"client_ip":"::1","level":"info","msg":"","req_method":"POST","req_uri":"/admin/schedule/finfdoctorschedule","status_code":200,"time":"2024-06-18 11:11:39"}
{"client_ip":"::1","level":"info","msg":"","req_method":"POST","req_uri":"/admin/schedule/finfdoctorschedule","status_code":200,"time":"2024-06-18 11:11:52"}
{"client_ip":"::1","level":"info","msg":"","req_method":"POST","req_uri":"/appointment/getappointment","status_code":200,"time":"2024-06-18 11:11:54"}
{"client_ip":"::1","level":"info","msg":"","req_method":"POST","req_uri":"/admin/findAll","status_code":200,"time":"2024-06-18 11:12:05"}
{"client_ip":"::1","level":"info","msg":"","req_method":"POST","req_uri":"/admin/alldoctor","status_code":200,"time":"2024-06-18 11:12:05"}
{"client_ip":"::1","level":"info","msg":"","req_method":"GET","req_uri":"/patient/getimg?imageName=static/images/20240602/1717320564.png","status_code":200,"time":"2024-06-18 11:12:05"}
{"client_ip":"::1","level":"info","msg":"","req_method":"POST","req_uri":"/admin/patient/patientList","status_code":200,"time":"2024-06-18 11:12:19"}
{"client_ip":"::1","level":"info","msg":"","req_method":"GET","req_uri":"/patient/getimg?imageName=static/images/20240606/1717658865.png","status_code":200,"time":"2024-06-18 11:12:19"}
{"client_ip":"::1","level":"info","msg":"","req_method":"POST","req_uri":"/doctor/application/get","status_code":200,"time":"2024-06-18 11:12:26"}
{"client_ip":"::1","level":"info","msg":"","req_method":"POST","req_uri":"/doctor/application/get","status_code":200,"time":"2024-06-18 11:12:30"}
{"client_ip":"::1","level":"info","msg":"","req_method":"POST","req_uri":"/doctor/application/set","status_code":200,"time":"2024-06-18 11:12:39"}
{"client_ip":"::1","level":"info","msg":"","req_method":"POST","req_uri":"/doctor/application/get","status_code":200,"time":"2024-06-18 11:12:39"}
{"client_ip":"::1","level":"info","msg":"","req_method":"POST","req_uri":"/patient/genCaptcha","status_code":200,"time":"2024-06-18 11:12:54"}
{"client_ip":"::1","level":"info","msg":"","req_method":"POST","req_uri":"/doctor/register","status_code":200,"time":"2024-06-18 11:13:09"}
{"client_ip":"::1","level":"info","msg":"","req_method":"POST","req_uri":"/doctor/gtedoctorschedule","status_code":200,"time":"2024-06-18 11:13:11"}
{"client_ip":"::1","level":"info","msg":"","req_method":"POST","req_uri":"/admin/findAll","status_code":200,"time":"2024-06-18 11:13:27"}
{"client_ip":"::1","level":"info","msg":"","req_method":"POST","req_uri":"/appointment/getdoctorschedule","status_code":200,"time":"2024-06-18 11:13:27"}
{"client_ip":"::1","level":"info","msg":"","req_method":"GET","req_uri":"/patient/getimg?imageName=static/images/20240601/1717209120.png","status_code":200,"time":"2024-06-18 11:13:28"}
{"client_ip":"::1","level":"info","msg":"","req_method":"POST","req_uri":"/appointment/getdoctorschedule","status_code":200,"time":"2024-06-18 11:13:32"}
{"client_ip":"::1","level":"info","msg":"","req_method":"POST","req_uri":"/patient/genCaptcha","status_code":200,"time":"2024-06-18 11:13:42"}
{"client_ip":"::1","level":"info","msg":"","req_method":"POST","req_uri":"/patient/forgotPassword","status_code":200,"time":"2024-06-18 11:14:29"}
{"client_ip":"::1","level":"info","msg":"","req_method":"POST","req_uri":"/admin/findAll","status_code":200,"time":"2024-06-18 11:33:23"}
{"client_ip":"::1","level":"info","msg":"","req_method":"POST","req_uri":"/appointment/getdoctorschedule","status_code":200,"time":"2024-06-18 11:33:23"}
{"client_ip":"::1","level":"info","msg":"","req_method":"GET","req_uri":"/patient/getimg?imageName=static/images/20240601/1717209120.png","status_code":200,"time":"2024-06-18 11:33:23"}
{"client_ip":"::1","level":"info","msg":"","req_method":"POST","req_uri":"/patient/genCaptcha","status_code":200,"time":"2024-06-18 11:33:27"}
{"client_ip":"::1","level":"info","msg":"","req_method":"POST","req_uri":"/doctor/register","status_code":200,"time":"2024-06-18 11:33:44"}
{"client_ip":"::1","level":"info","msg":"","req_method":"GET","req_uri":"/patient/getimg?imageName=static/images/20240602/1717320564.png","status_code":200,"time":"2024-06-18 11:33:44"}
{"client_ip":"::1","level":"info","msg":"","req_method":"POST","req_uri":"/admin/findAll","status_code":200,"time":"2024-06-18 11:33:47"}
{"client_ip":"::1","level":"info","msg":"","req_method":"POST","req_uri":"/patient/doupload","status_code":200,"time":"2024-06-18 11:34:02"}
{"client_ip":"::1","level":"info","msg":"","req_method":"GET","req_uri":"/patient/getimg?imageName=static/images/20240618/1718681642.png","status_code":200,"time":"2024-06-18 11:34:02"}
{"client_ip":"::1","level":"info","msg":"","req_method":"POST","req_uri":"/doctor/update","status_code":200,"time":"2024-06-18 11:34:04"}
{"client_ip":"::1","level":"info","msg":"","req_method":"POST","req_uri":"/patient/doupload","status_code":200,"time":"2024-06-18 11:34:37"}
{"client_ip":"::1","level":"info","msg":"","req_method":"GET","req_uri":"/patient/getimg?imageName=static/images/20240618/1718681677.png","status_code":200,"time":"2024-06-18 11:34:37"}
{"client_ip":"::1","level":"info","msg":"","req_method":"POST","req_uri":"/doctor/update","status_code":200,"time":"2024-06-18 11:34:38"}
{"client_ip":"::1","level":"info","msg":"","req_method":"POST","req_uri":"/patient/doupload","status_code":200,"time":"2024-06-18 11:35:25"}
{"client_ip":"::1","level":"info","msg":"","req_method":"GET","req_uri":"/patient/getimg?imageName=static/images/20240618/1718681725.png","status_code":200,"time":"2024-06-18 11:35:25"}
{"client_ip":"::1","level":"info","msg":"","req_method":"POST","req_uri":"/doctor/update","status_code":200,"time":"2024-06-18 11:35:26"}
{"client_ip":"::1","level":"info","msg":"","req_method":"POST","req_uri":"/patient/doupload","status_code":200,"time":"2024-06-18 11:36:04"}
{"client_ip":"::1","level":"info","msg":"","req_method":"GET","req_uri":"/patient/getimg?imageName=static/images/20240618/1718681764.png","status_code":200,"time":"2024-06-18 11:36:04"}
{"client_ip":"::1","level":"info","msg":"","req_method":"POST","req_uri":"/doctor/update","status_code":200,"time":"2024-06-18 11:36:05"}
{"client_ip":"::1","level":"info","msg":"","req_method":"POST","req_uri":"/doctor/update","status_code":200,"time":"2024-06-18 11:36:24"}
{"client_ip":"::1","level":"info","msg":"","req_method":"POST","req_uri":"/patient/doupload","status_code":200,"time":"2024-06-18 11:36:59"}
{"client_ip":"::1","level":"info","msg":"","req_method":"GET","req_uri":"/patient/getimg?imageName=static/images/20240618/1718681819.png","status_code":200,"time":"2024-06-18 11:36:59"}
{"client_ip":"::1","level":"info","msg":"","req_method":"POST","req_uri":"/doctor/update","status_code":200,"time":"2024-06-18 11:37:00"}
{"client_ip":"::1","level":"info","msg":"","req_method":"POST","req_uri":"/patient/doupload","status_code":200,"time":"2024-06-18 11:38:25"}
{"client_ip":"::1","level":"info","msg":"","req_method":"GET","req_uri":"/patient/getimg?imageName=static/images/20240618/1718681905.png","status_code":200,"time":"2024-06-18 11:38:25"}
{"client_ip":"::1","level":"info","msg":"","req_method":"POST","req_uri":"/doctor/update","status_code":200,"time":"2024-06-18 11:38:26"}
{"client_ip":"::1","level":"info","msg":"","req_method":"POST","req_uri":"/patient/doupload","status_code":200,"time":"2024-06-18 11:39:02"}
{"client_ip":"::1","level":"info","msg":"","req_method":"GET","req_uri":"/patient/getimg?imageName=static/images/20240618/1718681942.png","status_code":200,"time":"2024-06-18 11:39:02"}
{"client_ip":"::1","level":"info","msg":"","req_method":"POST","req_uri":"/doctor/update","status_code":200,"time":"2024-06-18 11:39:03"}
{"client_ip":"::1","level":"info","msg":"","req_method":"POST","req_uri":"/admin/findAll","status_code":200,"time":"2024-06-18 11:39:57"}
{"client_ip":"::1","level":"info","msg":"","req_method":"POST","req_uri":"/appointment/getdoctorschedule","status_code":200,"time":"2024-06-18 11:39:57"}
{"client_ip":"::1","level":"info","msg":"","req_method":"GET","req_uri":"/patient/getimg?imageName=static/images/20240612/1718191081.png","status_code":200,"time":"2024-06-18 11:39:57"}
{"client_ip":"::1","level":"info","msg":"","req_method":"GET","req_uri":"/patient/getimg?imageName=static/images/20240618/1718681642.png","status_code":200,"time":"2024-06-18 11:39:57"}
{"client_ip":"::1","level":"info","msg":"","req_method":"GET","req_uri":"/patient/getimg?imageName=static/images/20240601/1717209120.png","status_code":200,"time":"2024-06-18 11:39:57"}
{"client_ip":"::1","level":"info","msg":"","req_method":"POST","req_uri":"/appointment/getdoctorschedule","status_code":200,"time":"2024-06-18 11:40:06"}
{"client_ip":"::1","level":"info","msg":"","req_method":"GET","req_uri":"/patient/getimg?imageName=static/images/20240618/1718681725.png","status_code":200,"time":"2024-06-18 11:40:06"}
{"client_ip":"::1","level":"info","msg":"","req_method":"GET","req_uri":"/patient/getimg?imageName=static/images/20240618/1718681677.png","status_code":200,"time":"2024-06-18 11:40:06"}
{"client_ip":"::1","level":"info","msg":"","req_method":"POST","req_uri":"/appointment/getdoctorschedule","status_code":200,"time":"2024-06-18 11:40:08"}
{"client_ip":"::1","level":"info","msg":"","req_method":"GET","req_uri":"/patient/getimg?imageName=static/images/20240618/1718681819.png","status_code":200,"time":"2024-06-18 11:40:08"}
{"client_ip":"::1","level":"info","msg":"","req_method":"GET","req_uri":"/patient/getimg?imageName=static/images/20240618/1718681905.png","status_code":200,"time":"2024-06-18 11:40:08"}
{"client_ip":"::1","level":"info","msg":"","req_method":"POST","req_uri":"/appointment/getdoctorschedule","status_code":200,"time":"2024-06-18 11:40:08"}
{"client_ip":"::1","level":"info","msg":"","req_method":"GET","req_uri":"/patient/getimg?imageName=static/images/20240602/1717320564.png","status_code":200,"time":"2024-06-18 11:40:08"}
{"client_ip":"::1","level":"info","msg":"","req_method":"POST","req_uri":"/appointment/getdoctorschedule","status_code":200,"time":"2024-06-18 11:40:15"}
{"client_ip":"::1","level":"info","msg":"","req_method":"GET","req_uri":"/patient/getimg?imageName=static/images/20240618/1718681942.png","status_code":200,"time":"2024-06-18 11:40:15"}
{"client_ip":"::1","level":"info","msg":"","req_method":"GET","req_uri":"/patient/getimg?imageName=static/images/20240618/1718681642.png","status_code":200,"time":"2024-06-18 11:40:15"}
{"client_ip":"::1","level":"info","msg":"","req_method":"POST","req_uri":"/appointment/getdoctorschedule","status_code":200,"time":"2024-06-18 11:40:25"}
{"client_ip":"::1","level":"info","msg":"","req_method":"GET","req_uri":"/patient/getimg?imageName=static/images/20240601/1717209120.png","status_code":200,"time":"2024-06-18 11:40:26"}
{"client_ip":"::1","level":"info","msg":"","req_method":"GET","req_uri":"/patient/getimg?imageName=static/images/20240612/1718191081.png","status_code":200,"time":"2024-06-18 11:41:13"}
{"client_ip":"::1","level":"info","msg":"","req_method":"POST","req_uri":"/admin/findAll","status_code":200,"time":"2024-06-18 11:41:14"}
{"client_ip":"::1","level":"info","msg":"","req_method":"POST","req_uri":"/appointment/getdoctorschedule","status_code":200,"time":"2024-06-18 11:41:14"}
{"client_ip":"::1","level":"info","msg":"","req_method":"GET","req_uri":"/patient/getimg?imageName=static/images/20240601/1717209120.png","status_code":200,"time":"2024-06-18 11:41:14"}
{"client_ip":"::1","level":"info","msg":"","req_method":"GET","req_uri":"/patient/getimg?imageName=static/images/20240618/1718681942.png","status_code":200,"time":"2024-06-18 11:41:14"}
{"client_ip":"::1","level":"info","msg":"","req_method":"GET","req_uri":"/patient/getimg?imageName=static/images/20240618/1718681642.png","status_code":200,"time":"2024-06-18 11:41:14"}
{"client_ip":"::1","level":"info","msg":"","req_method":"GET","req_uri":"/patient/getimg?imageName=static/images/20240612/1718191081.png","status_code":200,"time":"2024-06-18 11:41:41"}
{"client_ip":"::1","level":"info","msg":"","req_method":"POST","req_uri":"/admin/findAll","status_code":200,"time":"2024-06-18 11:41:42"}
{"client_ip":"::1","level":"info","msg":"","req_method":"POST","req_uri":"/appointment/getdoctorschedule","status_code":200,"time":"2024-06-18 11:41:42"}
{"client_ip":"::1","level":"info","msg":"","req_method":"GET","req_uri":"/patient/getimg?imageName=static/images/20240618/1718681819.png","status_code":200,"time":"2024-06-18 11:41:42"}
{"client_ip":"::1","level":"info","msg":"","req_method":"GET","req_uri":"/patient/getimg?imageName=static/images/20240618/1718681642.png","status_code":200,"time":"2024-06-18 11:41:42"}
{"client_ip":"::1","level":"info","msg":"","req_method":"GET","req_uri":"/patient/getimg?imageName=static/images/20240618/1718681942.png","status_code":200,"time":"2024-06-18 11:41:42"}
{"client_ip":"::1","level":"info","msg":"","req_method":"POST","req_uri":"/appointment/getdoctorschedule","status_code":200,"time":"2024-06-18 11:41:43"}
{"client_ip":"::1","level":"info","msg":"","req_method":"GET","req_uri":"/patient/getimg?imageName=static/images/20240618/1718681725.png","status_code":200,"time":"2024-06-18 11:41:43"}
{"client_ip":"::1","level":"info","msg":"","req_method":"GET","req_uri":"/patient/getimg?imageName=static/images/20240618/1718681677.png","status_code":200,"time":"2024-06-18 11:41:43"}
{"client_ip":"::1","level":"info","msg":"","req_method":"POST","req_uri":"/appointment/getdoctorschedule","status_code":200,"time":"2024-06-18 11:41:44"}
{"client_ip":"::1","level":"info","msg":"","req_method":"GET","req_uri":"/patient/getimg?imageName=static/images/20240618/1718681905.png","status_code":200,"time":"2024-06-18 11:41:44"}
{"client_ip":"::1","level":"info","msg":"","req_method":"POST","req_uri":"/appointment/getdoctorschedule","status_code":200,"time":"2024-06-18 11:41:45"}
{"client_ip":"::1","level":"info","msg":"","req_method":"GET","req_uri":"/patient/getimg?imageName=static/images/20240602/1717320564.png","status_code":200,"time":"2024-06-18 11:41:45"}
{"client_ip":"::1","level":"info","msg":"","req_method":"POST","req_uri":"/appointment/getdoctorschedule","status_code":200,"time":"2024-06-18 11:41:45"}
{"client_ip":"::1","level":"info","msg":"","req_method":"POST","req_uri":"/appointment/getdoctorschedule","status_code":200,"time":"2024-06-18 11:41:46"}
{"client_ip":"::1","level":"info","msg":"","req_method":"POST","req_uri":"/appointment/getdoctorschedule","status_code":200,"time":"2024-06-18 11:41:47"}
{"client_ip":"::1","level":"info","msg":"","req_method":"POST","req_uri":"/appointment/getdoctorschedule","status_code":200,"time":"2024-06-18 11:41:49"}
{"client_ip":"::1","level":"info","msg":"","req_method":"POST","req_uri":"/appointment/getdoctorschedule","status_code":200,"time":"2024-06-18 11:42:29"}
{"client_ip":"::1","level":"info","msg":"","req_method":"GET","req_uri":"/patient/getimg?imageName=static/images/20240618/1718681725.png","status_code":200,"time":"2024-06-18 11:42:29"}
{"client_ip":"::1","level":"info","msg":"","req_method":"GET","req_uri":"/patient/getimg?imageName=static/images/20240618/1718681677.png","status_code":200,"time":"2024-06-18 11:42:29"}
{"client_ip":"::1","level":"info","msg":"","req_method":"POST","req_uri":"/appointment/getdoctorschedule","status_code":200,"time":"2024-06-18 11:42:30"}
{"client_ip":"::1","level":"info","msg":"","req_method":"GET","req_uri":"/patient/getimg?imageName=static/images/20240618/1718681905.png","status_code":200,"time":"2024-06-18 11:42:30"}
{"client_ip":"::1","level":"info","msg":"","req_method":"POST","req_uri":"/appointment/getdoctorschedule","status_code":200,"time":"2024-06-18 11:42:31"}
{"client_ip":"::1","level":"info","msg":"","req_method":"POST","req_uri":"/appointment/getdoctorschedule","status_code":200,"time":"2024-06-18 11:42:32"}
{"client_ip":"::1","level":"info","msg":"","req_method":"POST","req_uri":"/appointment/getdoctorschedule","status_code":200,"time":"2024-06-18 11:42:37"}
{"client_ip":"::1","level":"info","msg":"","req_method":"GET","req_uri":"/patient/getimg?imageName=static/images/20240618/1718681725.png","status_code":200,"time":"2024-06-18 11:42:37"}
{"client_ip":"::1","level":"info","msg":"","req_method":"GET","req_uri":"/patient/getimg?imageName=static/images/20240618/1718681677.png","status_code":200,"time":"2024-06-18 11:42:37"}
{"client_ip":"::1","level":"info","msg":"","req_method":"POST","req_uri":"/appointment/getdoctorschedule","status_code":200,"time":"2024-06-18 11:42:38"}
{"client_ip":"::1","level":"info","msg":"","req_method":"GET","req_uri":"/patient/getimg?imageName=static/images/20240618/1718681819.png","status_code":200,"time":"2024-06-18 11:42:38"}
{"client_ip":"::1","level":"info","msg":"","req_method":"GET","req_uri":"/patient/getimg?imageName=static/images/20240618/1718681905.png","status_code":200,"time":"2024-06-18 11:42:38"}
{"client_ip":"::1","level":"info","msg":"","req_method":"POST","req_uri":"/appointment/getdoctorschedule","status_code":200,"time":"2024-06-18 11:42:38"}
{"client_ip":"::1","level":"info","msg":"","req_method":"POST","req_uri":"/appointment/getdoctorschedule","status_code":200,"time":"2024-06-18 11:42:44"}
{"client_ip":"::1","level":"info","msg":"","req_method":"POST","req_uri":"/appointment/getdoctorschedule","status_code":200,"time":"2024-06-18 11:42:46"}
{"client_ip":"::1","level":"info","msg":"","req_method":"GET","req_uri":"/patient/getimg?imageName=static/images/20240602/1717320564.png","status_code":200,"time":"2024-06-18 11:42:46"}
{"client_ip":"::1","level":"info","msg":"","req_method":"GET","req_uri":"/patient/getimg?imageName=static/images/20240618/1718681642.png","status_code":200,"time":"2024-06-18 11:42:46"}
{"client_ip":"::1","level":"info","msg":"","req_method":"POST","req_uri":"/appointment/getappointment","status_code":200,"time":"2024-06-18 11:42:51"}
{"client_ip":"::1","level":"info","msg":"","req_method":"POST","req_uri":"/patient/getbalance","status_code":200,"time":"2024-06-18 11:42:52"}
{"client_ip":"::1","level":"info","msg":"","req_method":"POST","req_uri":"/admin/findAll","status_code":200,"time":"2024-06-18 11:42:58"}
{"client_ip":"::1","level":"info","msg":"","req_method":"POST","req_uri":"/appointment/getdoctorschedule","status_code":200,"time":"2024-06-18 11:42:58"}
{"client_ip":"::1","level":"info","msg":"","req_method":"GET","req_uri":"/patient/getimg?imageName=static/images/20240618/1718681942.png","status_code":200,"time":"2024-06-18 11:42:58"}
{"client_ip":"::1","level":"info","msg":"","req_method":"GET","req_uri":"/patient/getimg?imageName=static/images/20240618/1718681819.png","status_code":200,"time":"2024-06-18 11:42:58"}
{"client_ip":"::1","level":"info","msg":"","req_method":"POST","req_uri":"/appointment/getappointment","status_code":200,"time":"2024-06-18 11:43:03"}
{"client_ip":"::1","level":"info","msg":"","req_method":"POST","req_uri":"/patient/getbalance","status_code":200,"time":"2024-06-18 11:43:04"}
{"client_ip":"::1","level":"info","msg":"","req_method":"POST","req_uri":"/doctor/gtedoctorschedule","status_code":200,"time":"2024-06-18 11:43:15"}
{"client_ip":"::1","level":"info","msg":"","req_method":"POST","req_uri":"/doctor/application/get","status_code":200,"time":"2024-06-18 11:43:17"}
{"client_ip":"::1","level":"info","msg":"","req_method":"POST","req_uri":"/appointment/getappointment","status_code":200,"time":"2024-06-18 11:43:51"}
{"client_ip":"::1","level":"info","msg":"","req_method":"POST","req_uri":"/admin/findAll","status_code":200,"time":"2024-06-18 11:43:55"}
{"client_ip":"::1","level":"info","msg":"","req_method":"POST","req_uri":"/appointment/getdoctorschedule","status_code":200,"time":"2024-06-18 11:43:55"}
{"client_ip":"::1","level":"info","msg":"","req_method":"POST","req_uri":"/doctor/application/get","status_code":200,"time":"2024-06-18 11:44:03"}
{"client_ip":"::1","level":"info","msg":"","req_method":"POST","req_uri":"/doctor/gtedoctorschedule","status_code":200,"time":"2024-06-18 11:44:03"}
{"client_ip":"::1","level":"info","msg":"","req_method":"POST","req_uri":"/admin/findAll","status_code":200,"time":"2024-06-18 11:44:04"}
{"client_ip":"::1","level":"info","msg":"","req_method":"POST","req_uri":"/appointment/getdoctorschedule","status_code":200,"time":"2024-06-18 11:50:38"}
{"client_ip":"::1","level":"info","msg":"","req_method":"GET","req_uri":"/patient/getimg?imageName=static/images/20240618/1718681725.png","status_code":200,"time":"2024-06-18 11:50:38"}
{"client_ip":"::1","level":"info","msg":"","req_method":"GET","req_uri":"/patient/getimg?imageName=static/images/20240618/1718681677.png","status_code":200,"time":"2024-06-18 11:50:38"}
{"client_ip":"::1","level":"info","msg":"","req_method":"POST","req_uri":"/appointment/getdoctorschedule","status_code":200,"time":"2024-06-18 11:50:39"}
{"client_ip":"::1","level":"info","msg":"","req_method":"GET","req_uri":"/patient/getimg?imageName=static/images/20240612/1718191081.png","status_code":200,"time":"2024-06-18 11:50:41"}
{"client_ip":"::1","level":"info","msg":"","req_method":"POST","req_uri":"/admin/findAll","status_code":200,"time":"2024-06-18 11:50:41"}
{"client_ip":"::1","level":"info","msg":"","req_method":"POST","req_uri":"/appointment/getdoctorschedule","status_code":200,"time":"2024-06-18 11:50:41"}
{"client_ip":"::1","level":"info","msg":"","req_method":"GET","req_uri":"/patient/getimg?imageName=static/images/20240618/1718681819.png","status_code":200,"time":"2024-06-18 11:50:42"}
{"client_ip":"::1","level":"info","msg":"","req_method":"GET","req_uri":"/patient/getimg?imageName=static/images/20240618/1718681942.png","status_code":200,"time":"2024-06-18 11:50:42"}
{"client_ip":"::1","level":"info","msg":"","req_method":"GET","req_uri":"/patient/getimg?imageName=static/images/20240618/1718681642.png","status_code":200,"time":"2024-06-18 11:50:42"}
{"client_ip":"::1","level":"info","msg":"","req_method":"POST","req_uri":"/appointment/getdoctorschedule","status_code":200,"time":"2024-06-18 11:50:44"}
{"client_ip":"::1","level":"info","msg":"","req_method":"GET","req_uri":"/patient/getimg?imageName=static/images/20240618/1718681725.png","status_code":200,"time":"2024-06-18 11:50:44"}
{"client_ip":"::1","level":"info","msg":"","req_method":"GET","req_uri":"/patient/getimg?imageName=static/images/20240618/1718681677.png","status_code":200,"time":"2024-06-18 11:50:44"}
{"client_ip":"::1","level":"info","msg":"","req_method":"POST","req_uri":"/appointment/getdoctorschedule","status_code":200,"time":"2024-06-18 11:50:47"}
{"client_ip":"::1","level":"info","msg":"","req_method":"GET","req_uri":"/patient/getimg?imageName=static/images/20240618/1718681905.png","status_code":200,"time":"2024-06-18 11:50:47"}
{"client_ip":"::1","level":"info","msg":"","req_method":"GET","req_uri":"/patient/getimg?imageName=static/images/20240602/1717320564.png","status_code":200,"time":"2024-06-18 11:50:47"}
{"client_ip":"::1","level":"info","msg":"","req_method":"POST","req_uri":"/appointment/getdoctorschedule","status_code":200,"time":"2024-06-18 11:50:48"}
{"client_ip":"::1","level":"info","msg":"","req_method":"POST","req_uri":"/appointment/getdoctorschedule","status_code":200,"time":"2024-06-18 11:50:49"}
{"client_ip":"::1","level":"info","msg":"","req_method":"POST","req_uri":"/appointment/getdoctorschedule","status_code":200,"time":"2024-06-18 11:50:49"}
{"client_ip":"::1","level":"info","msg":"","req_method":"POST","req_uri":"/admin/findAll","status_code":200,"time":"2024-06-18 15:11:02"}
{"client_ip":"::1","level":"info","msg":"","req_method":"POST","req_uri":"/appointment/getdoctorschedule","status_code":200,"time":"2024-06-18 15:11:02"}
{"client_ip":"::1","level":"info","msg":"","req_method":"GET","req_uri":"/patient/getimg?imageName=static/images/20240618/1718681942.png","status_code":200,"time":"2024-06-18 15:11:02"}
{"client_ip":"::1","level":"info","msg":"","req_method":"GET","req_uri":"/patient/getimg?imageName=static/images/20240618/1718681819.png","status_code":200,"time":"2024-06-18 15:11:02"}
{"client_ip":"::1","level":"info","msg":"","req_method":"GET","req_uri":"/patient/getimg?imageName=static/images/20240618/1718681642.png","status_code":200,"time":"2024-06-18 15:11:02"}
{"client_ip":"::1","level":"info","msg":"","req_method":"POST","req_uri":"/patient/getbalance","status_code":400,"time":"2024-06-18 15:11:04"}
{"client_ip":"::1","level":"info","msg":"","req_method":"POST","req_uri":"/patient/genCaptcha","status_code":200,"time":"2024-06-18 15:11:08"}
{"client_ip":"::1","level":"info","msg":"","req_method":"POST","req_uri":"/patient/register","status_code":200,"time":"2024-06-18 15:11:22"}
{"client_ip":"::1","level":"info","msg":"","req_method":"GET","req_uri":"/patient/getimg?imageName=static/images/20240612/1718191081.png","status_code":200,"time":"2024-06-18 15:11:22"}
{"client_ip":"::1","level":"info","msg":"","req_method":"POST","req_uri":"/patient/getbalance","status_code":200,"time":"2024-06-18 15:11:27"}
{"client_ip":"::1","level":"info","msg":"","req_method":"POST","req_uri":"/alipay/sandbox/tradePagePay","status_code":200,"time":"2024-06-18 15:13:45"}
{"client_ip":"::1","level":"info","msg":"","req_method":"POST","req_uri":"/alipay/sandbox/tradePagePay","status_code":200,"time":"2024-06-18 15:13:59"}
{"client_ip":"::1","level":"info","msg":"","req_method":"GET","req_uri":"/patient/getimg?imageName=static/images/20240612/1718191081.png","status_code":200,"time":"2024-06-18 15:14:49"}
{"client_ip":"::1","level":"info","msg":"","req_method":"POST","req_uri":"/patient/getbalance","status_code":200,"time":"2024-06-18 15:14:50"}
{"client_ip":"::1","level":"info","msg":"","req_method":"POST","req_uri":"/patient/genCaptcha","status_code":200,"time":"2024-06-18 15:16:05"}
{"client_ip":"::1","level":"info","msg":"","req_method":"POST","req_uri":"/doctor/register","status_code":200,"time":"2024-06-18 15:16:18"}
{"client_ip":"::1","level":"info","msg":"","req_method":"GET","req_uri":"/patient/getimg?imageName=static/images/20240618/1718681942.png","status_code":200,"time":"2024-06-18 15:16:19"}
{"client_ip":"::1","level":"info","msg":"","req_method":"POST","req_uri":"/admin/findAll","status_code":200,"time":"2024-06-18 15:16:22"}
{"client_ip":"::1","level":"info","msg":"","req_method":"GET","req_uri":"/patient/getimg?imageName=static/images/20240618/1718681942.png","status_code":200,"time":"2024-06-18 15:17:35"}
{"client_ip":"::1","level":"info","msg":"","req_method":"POST","req_uri":"/admin/findAll","status_code":200,"time":"2024-06-18 15:17:35"}
{"client_ip":"::1","level":"info","msg":"","req_method":"GET","req_uri":"/patient/getimg?imageName=static/images/20240618/1718681942.png","status_code":200,"time":"2024-06-18 15:20:50"}
{"client_ip":"::1","level":"info","msg":"","req_method":"POST","req_uri":"/admin/findAll","status_code":200,"time":"2024-06-18 15:20:50"}
{"client_ip":"::1","level":"info","msg":"","req_method":"GET","req_uri":"/patient/getimg?imageName=static/images/20240618/1718681942.png","status_code":200,"time":"2024-06-18 15:22:31"}
{"client_ip":"::1","level":"info","msg":"","req_method":"POST","req_uri":"/admin/findAll","status_code":200,"time":"2024-06-18 15:22:31"}
{"client_ip":"::1","level":"info","msg":"","req_method":"GET","req_uri":"/patient/getimg?imageName=static/images/20240618/1718681942.png","status_code":200,"time":"2024-06-18 15:22:55"}
{"client_ip":"::1","level":"info","msg":"","req_method":"POST","req_uri":"/admin/findAll","status_code":200,"time":"2024-06-18 15:22:55"}
{"client_ip":"::1","level":"info","msg":"","req_method":"POST","req_uri":"/doctor/gtedoctorschedule","status_code":200,"time":"2024-06-18 15:22:56"}
{"client_ip":"::1","level":"info","msg":"","req_method":"POST","req_uri":"/admin/findAll","status_code":200,"time":"2024-06-18 15:22:56"}
{"client_ip":"::1","level":"info","msg":"","req_method":"GET","req_uri":"/patient/getimg?imageName=static/images/20240618/1718681942.png","status_code":200,"time":"2024-06-18 15:29:06"}
{"client_ip":"::1","level":"info","msg":"","req_method":"POST","req_uri":"/admin/findAll","status_code":200,"time":"2024-06-18 15:29:07"}
{"client_ip":"::1","level":"info","msg":"","req_method":"GET","req_uri":"/patient/getimg?imageName=static/images/20240618/1718681942.png","status_code":200,"time":"2024-06-18 15:31:04"}
{"client_ip":"::1","level":"info","msg":"","req_method":"POST","req_uri":"/admin/findAll","status_code":200,"time":"2024-06-18 15:31:04"}
{"client_ip":"::1","level":"info","msg":"","req_method":"GET","req_uri":"/patient/getimg?imageName=static/images/20240618/1718681942.png","status_code":200,"time":"2024-06-18 15:31:29"}
{"client_ip":"::1","level":"info","msg":"","req_method":"POST","req_uri":"/admin/findAll","status_code":200,"time":"2024-06-18 15:31:29"}
{"client_ip":"::1","level":"info","msg":"","req_method":"GET","req_uri":"/patient/getimg?imageName=static/images/20240618/1718681942.png","status_code":200,"time":"2024-06-18 15:31:46"}
{"client_ip":"::1","level":"info","msg":"","req_method":"POST","req_uri":"/admin/findAll","status_code":200,"time":"2024-06-18 15:31:46"}
{"client_ip":"::1","level":"info","msg":"","req_method":"GET","req_uri":"/patient/getimg?imageName=static/images/20240618/1718681942.png","status_code":200,"time":"2024-06-18 15:32:29"}
{"client_ip":"::1","level":"info","msg":"","req_method":"POST","req_uri":"/admin/findAll","status_code":200,"time":"2024-06-18 15:32:29"}
{"client_ip":"::1","level":"info","msg":"","req_method":"POST","req_uri":"/patient/genCaptcha","status_code":200,"time":"2024-06-18 15:33:07"}
{"client_ip":"::1","level":"info","msg":"","req_method":"POST","req_uri":"/patient/register","status_code":200,"time":"2024-06-18 15:33:23"}
{"client_ip":"::1","level":"info","msg":"","req_method":"GET","req_uri":"/patient/getimg?imageName=static/images/20240612/1718191081.png","status_code":200,"time":"2024-06-18 15:33:23"}
{"client_ip":"::1","level":"info","msg":"","req_method":"POST","req_uri":"/patient/getbalance","status_code":200,"time":"2024-06-18 15:33:27"}
{"client_ip":"::1","level":"info","msg":"","req_method":"POST","req_uri":"/appointment/getappointment","status_code":200,"time":"2024-06-18 15:33:55"}
{"client_ip":"::1","level":"info","msg":"","req_method":"POST","req_uri":"/patient/genCaptcha","status_code":200,"time":"2024-06-18 15:34:18"}
{"client_ip":"::1","level":"info","msg":"","req_method":"POST","req_uri":"/patient/register","status_code":200,"time":"2024-06-18 15:34:30"}
{"client_ip":"::1","level":"info","msg":"","req_method":"GET","req_uri":"/patient/getimg?imageName=static/images/20240606/1717658865.png","status_code":200,"time":"2024-06-18 15:34:30"}
{"client_ip":"::1","level":"info","msg":"","req_method":"POST","req_uri":"/appointment/getappointment","status_code":200,"time":"2024-06-18 15:34:33"}
{"client_ip":"::1","level":"info","msg":"","req_method":"POST","req_uri":"/patient/getbalance","status_code":200,"time":"2024-06-18 15:34:44"}
{"client_ip":"::1","level":"info","msg":"","req_method":"POST","req_uri":"/admin/findAll","status_code":200,"time":"2024-06-18 15:34:50"}
{"client_ip":"::1","level":"info","msg":"","req_method":"POST","req_uri":"/appointment/getdoctorschedule","status_code":200,"time":"2024-06-18 15:34:50"}
{"client_ip":"::1","level":"info","msg":"","req_method":"GET","req_uri":"/patient/getimg?imageName=static/images/20240618/1718681819.png","status_code":200,"time":"2024-06-18 15:34:50"}
{"client_ip":"::1","level":"info","msg":"","req_method":"GET","req_uri":"/patient/getimg?imageName=static/images/20240618/1718681642.png","status_code":200,"time":"2024-06-18 15:34:50"}
{"client_ip":"::1","level":"info","msg":"","req_method":"POST","req_uri":"/patient/getbalance","status_code":200,"time":"2024-06-18 15:34:54"}
{"client_ip":"::1","level":"info","msg":"","req_method":"POST","req_uri":"/appointment/getappointment","status_code":200,"time":"2024-06-18 15:34:55"}
{"client_ip":"::1","level":"info","msg":"","req_method":"POST","req_uri":"/admin/findAll","status_code":200,"time":"2024-06-18 15:34:58"}
{"client_ip":"::1","level":"info","msg":"","req_method":"POST","req_uri":"/appointment/getdoctorschedule","status_code":200,"time":"2024-06-18 15:34:58"}
{"client_ip":"::1","level":"info","msg":"","req_method":"POST","req_uri":"/patient/genCaptcha","status_code":200,"time":"2024-06-18 15:35:03"}
{"client_ip":"::1","level":"info","msg":"","req_method":"POST","req_uri":"/admin/register","status_code":200,"time":"2024-06-18 15:35:17"}
{"client_ip":"::1","level":"info","msg":"","req_method":"POST","req_uri":"/admin/find","status_code":200,"time":"2024-06-18 15:35:21"}
{"client_ip":"::1","level":"info","msg":"","req_method":"POST","req_uri":"/admin/schedule/getdoctorschedule","status_code":200,"time":"2024-06-18 15:35:24"}
{"client_ip":"::1","level":"info","msg":"","req_method":"POST","req_uri":"/admin/schedule/finfdoctorschedule","status_code":200,"time":"2024-06-18 15:35:37"}
{"client_ip":"::1","level":"info","msg":"","req_method":"POST","req_uri":"/admin/schedule/finfdoctorschedule","status_code":200,"time":"2024-06-18 15:35:39"}
{"client_ip":"::1","level":"info","msg":"","req_method":"POST","req_uri":"/admin/schedule/finfdoctorschedule","status_code":200,"time":"2024-06-18 15:35:40"}
{"client_ip":"::1","level":"info","msg":"","req_method":"POST","req_uri":"/admin/schedule/finfdoctorschedule","status_code":200,"time":"2024-06-18 15:35:42"}
{"client_ip":"::1","level":"info","msg":"","req_method":"POST","req_uri":"/admin/schedule/finfdoctorschedule","status_code":200,"time":"2024-06-18 15:35:44"}
{"client_ip":"::1","level":"info","msg":"","req_method":"POST","req_uri":"/admin/find","status_code":200,"time":"2024-06-18 15:35:46"}
{"client_ip":"::1","level":"info","msg":"","req_method":"POST","req_uri":"/admin/schedule/getdoctorschedule","status_code":200,"time":"2024-06-18 15:35:47"}
{"client_ip":"::1","level":"info","msg":"","req_method":"POST","req_uri":"/admin/schedule/finfdoctorschedule","status_code":200,"time":"2024-06-18 15:35:54"}
{"client_ip":"::1","level":"info","msg":"","req_method":"POST","req_uri":"/admin/schedule/finfdoctorschedule","status_code":200,"time":"2024-06-18 15:35:55"}
{"client_ip":"::1","level":"info","msg":"","req_method":"POST","req_uri":"/admin/schedule/finfdoctorschedule","status_code":200,"time":"2024-06-18 15:35:57"}
{"client_ip":"::1","level":"info","msg":"","req_method":"POST","req_uri":"/admin/schedule/finfdoctorschedule","status_code":200,"time":"2024-06-18 15:35:57"}
{"client_ip":"::1","level":"info","msg":"","req_method":"POST","req_uri":"/admin/schedule/getdoctorschedule","status_code":200,"time":"2024-06-18 15:36:11"}
{"client_ip":"::1","level":"info","msg":"","req_method":"POST","req_uri":"/admin/schedule/finfdoctorschedule","status_code":200,"time":"2024-06-18 15:36:30"}
{"client_ip":"::1","level":"info","msg":"","req_method":"POST","req_uri":"/admin/schedule/finfdoctorschedule","status_code":200,"time":"2024-06-18 15:36:31"}
{"client_ip":"::1","level":"info","msg":"","req_method":"POST","req_uri":"/admin/findAll","status_code":200,"time":"2024-06-18 15:43:37"}
{"client_ip":"::1","level":"info","msg":"","req_method":"POST","req_uri":"/appointment/getdoctorschedule","status_code":200,"time":"2024-06-18 15:43:37"}
{"client_ip":"::1","level":"info","msg":"","req_method":"GET","req_uri":"/patient/getimg?imageName=static/images/20240618/1718681942.png","status_code":200,"time":"2024-06-18 15:43:37"}
{"client_ip":"::1","level":"info","msg":"","req_method":"GET","req_uri":"/patient/getimg?imageName=static/images/20240618/1718681819.png","status_code":200,"time":"2024-06-18 15:43:37"}
{"client_ip":"::1","level":"info","msg":"","req_method":"GET","req_uri":"/patient/getimg?imageName=static/images/20240618/1718681642.png","status_code":200,"time":"2024-06-18 15:43:37"}
{"client_ip":"::1","level":"info","msg":"","req_method":"POST","req_uri":"/admin/schedule/finfdoctorschedule","status_code":200,"time":"2024-06-18 15:44:27"}
{"client_ip":"::1","level":"info","msg":"","req_method":"POST","req_uri":"/admin/schedule/finfdoctorschedule","status_code":200,"time":"2024-06-18 15:44:32"}
{"client_ip":"::1","level":"info","msg":"","req_method":"POST","req_uri":"/admin/schedule/finfdoctorschedule","status_code":200,"time":"2024-06-18 15:44:42"}
{"client_ip":"::1","level":"info","msg":"","req_method":"POST","req_uri":"/admin/schedule/finfdoctorschedule","status_code":200,"time":"2024-06-18 15:44:43"}
{"client_ip":"::1","level":"info","msg":"","req_method":"POST","req_uri":"/admin/schedule/finfdoctorschedule","status_code":200,"time":"2024-06-18 15:44:43"}
{"client_ip":"::1","level":"info","msg":"","req_method":"POST","req_uri":"/admin/schedule/finfdoctorschedule","status_code":200,"time":"2024-06-18 15:44:44"}
{"client_ip":"::1","level":"info","msg":"","req_method":"POST","req_uri":"/admin/schedule/finfdoctorschedule","status_code":200,"time":"2024-06-18 15:44:46"}
{"client_ip":"::1","level":"info","msg":"","req_method":"POST","req_uri":"/appointment/getappointment","status_code":200,"time":"2024-06-18 15:44:50"}
{"client_ip":"::1","level":"info","msg":"","req_method":"POST","req_uri":"/admin/findAll","status_code":200,"time":"2024-06-18 15:44:55"}
{"client_ip":"::1","level":"info","msg":"","req_method":"POST","req_uri":"/admin/alldoctor","status_code":200,"time":"2024-06-18 15:44:55"}
{"client_ip":"::1","level":"info","msg":"","req_method":"GET","req_uri":"/patient/getimg?imageName=static/images/20240618/1718681942.png","status_code":200,"time":"2024-06-18 15:44:55"}
{"client_ip":"::1","level":"info","msg":"","req_method":"GET","req_uri":"/patient/getimg?imageName=static/images/20240618/1718681819.png","status_code":200,"time":"2024-06-18 15:44:55"}
{"client_ip":"::1","level":"info","msg":"","req_method":"GET","req_uri":"/patient/getimg?imageName=static/images/20240618/1718681642.png","status_code":200,"time":"2024-06-18 15:44:55"}
{"client_ip":"::1","level":"info","msg":"","req_method":"GET","req_uri":"/patient/getimg?imageName=static/images/20240618/1718681677.png","status_code":200,"time":"2024-06-18 15:44:55"}
{"client_ip":"::1","level":"info","msg":"","req_method":"POST","req_uri":"/doctor/application/get","status_code":200,"time":"2024-06-18 15:44:56"}
{"client_ip":"::1","level":"info","msg":"","req_method":"POST","req_uri":"/doctor/application/get","status_code":200,"time":"2024-06-18 15:45:24"}
{"client_ip":"::1","level":"info","msg":"","req_method":"POST","req_uri":"/doctor/application/get","status_code":200,"time":"2024-06-18 15:47:57"}
{"client_ip":"::1","level":"info","msg":"","req_method":"POST","req_uri":"/admin/patient/patientList","status_code":200,"time":"2024-06-18 15:48:13"}
{"client_ip":"::1","level":"info","msg":"","req_method":"GET","req_uri":"/patient/getimg?imageName=static/images/20240606/1717658865.png","status_code":200,"time":"2024-06-18 15:48:13"}
{"client_ip":"::1","level":"info","msg":"","req_method":"GET","req_uri":"/patient/getimg?imageName=static/images/20240612/1718191081.png","status_code":200,"time":"2024-06-18 15:48:13"}
{"client_ip":"::1","level":"info","msg":"","req_method":"POST","req_uri":"/admin/alldoctor","status_code":200,"time":"2024-06-18 15:48:20"}
{"client_ip":"::1","level":"info","msg":"","req_method":"POST","req_uri":"/admin/findAll","status_code":200,"time":"2024-06-18 15:48:20"}
{"client_ip":"::1","level":"info","msg":"","req_method":"GET","req_uri":"/patient/getimg?imageName=static/images/20240618/1718681942.png","status_code":200,"time":"2024-06-18 15:48:20"}
{"client_ip":"::1","level":"info","msg":"","req_method":"GET","req_uri":"/patient/getimg?imageName=static/images/20240618/1718681677.png","status_code":200,"time":"2024-06-18 15:48:20"}
{"client_ip":"::1","level":"info","msg":"","req_method":"GET","req_uri":"/patient/getimg?imageName=static/images/20240618/1718681819.png","status_code":200,"time":"2024-06-18 15:48:20"}
{"client_ip":"::1","level":"info","msg":"","req_method":"GET","req_uri":"/patient/getimg?imageName=static/images/20240618/1718681642.png","status_code":200,"time":"2024-06-18 15:48:20"}
{"client_ip":"::1","level":"info","msg":"","req_method":"POST","req_uri":"/appointment/getappointment","status_code":200,"time":"2024-06-18 15:48:25"}
{"client_ip":"::1","level":"info","msg":"","req_method":"POST","req_uri":"/admin/find","status_code":200,"time":"2024-06-18 15:48:27"}
{"client_ip":"::1","level":"info","msg":"","req_method":"POST","req_uri":"/admin/schedule/finfdoctorschedule","status_code":200,"time":"2024-06-18 15:48:28"}
{"client_ip":"::1","level":"info","msg":"","req_method":"POST","req_uri":"/admin/findAll","status_code":200,"time":"2024-06-18 15:48:31"}
{"client_ip":"::1","level":"info","msg":"","req_method":"POST","req_uri":"/admin/alldoctor","status_code":200,"time":"2024-06-18 15:48:32"}
{"client_ip":"::1","level":"info","msg":"","req_method":"POST","req_uri":"/admin/patient/patientList","status_code":200,"time":"2024-06-18 15:48:32"}
{"client_ip":"::1","level":"info","msg":"","req_method":"GET","req_uri":"/patient/getimg?imageName=static/images/20240606/1717658865.png","status_code":200,"time":"2024-06-18 15:48:32"}
{"client_ip":"::1","level":"info","msg":"","req_method":"GET","req_uri":"/patient/getimg?imageName=static/images/20240612/1718191081.png","status_code":200,"time":"2024-06-18 15:48:33"}
{"client_ip":"::1","level":"info","msg":"","req_method":"POST","req_uri":"/doctor/application/get","status_code":200,"time":"2024-06-18 15:48:34"}
{"client_ip":"::1","level":"info","msg":"","req_method":"POST","req_uri":"/doctor/application/set","status_code":200,"time":"2024-06-18 15:48:57"}
{"client_ip":"::1","level":"info","msg":"","req_method":"POST","req_uri":"/doctor/application/set","status_code":200,"time":"2024-06-18 15:49:00"}
{"client_ip":"39.144.168.52","level":"info","msg":"","req_method":"POST","req_uri":"/admin/findAll","status_code":200,"time":"2024-06-18 16:37:15"}
{"client_ip":"39.144.168.52","level":"info","msg":"","req_method":"POST","req_uri":"/appointment/getdoctorschedule","status_code":200,"time":"2024-06-18 16:37:15"}
{"client_ip":"::1","level":"info","msg":"","req_method":"GET","req_uri":"/patient/getimg?imageName=static/images/20240618/1718681942.png","status_code":200,"time":"2024-06-18 16:37:15"}
{"client_ip":"::1","level":"info","msg":"","req_method":"GET","req_uri":"/patient/getimg?imageName=static/images/20240618/1718681819.png","status_code":200,"time":"2024-06-18 16:37:15"}
{"client_ip":"::1","level":"info","msg":"","req_method":"GET","req_uri":"/patient/getimg?imageName=static/images/20240618/1718681642.png","status_code":200,"time":"2024-06-18 16:37:15"}
{"client_ip":"39.144.168.52","level":"info","msg":"","req_method":"POST","req_uri":"/appointment/getdoctorschedule","status_code":200,"time":"2024-06-18 16:37:29"}
{"client_ip":"::1","level":"info","msg":"","req_method":"GET","req_uri":"/patient/getimg?imageName=static/images/20240618/1718681725.png","status_code":200,"time":"2024-06-18 16:37:29"}
{"client_ip":"::1","level":"info","msg":"","req_method":"GET","req_uri":"/patient/getimg?imageName=static/images/20240618/1718681677.png","status_code":200,"time":"2024-06-18 16:37:29"}
{"client_ip":"39.144.168.52","level":"info","msg":"","req_method":"POST","req_uri":"/patient/genCaptcha","status_code":200,"time":"2024-06-18 16:38:07"}
{"client_ip":"39.144.168.52","level":"info","msg":"","req_method":"POST","req_uri":"/patient/genCaptcha","status_code":200,"time":"2024-06-18 16:38:10"}
{"client_ip":"39.144.168.52","level":"info","msg":"","req_method":"POST","req_uri":"/patient/register","status_code":200,"time":"2024-06-18 16:38:34"}
{"client_ip":"::1","level":"info","msg":"","req_method":"GET","req_uri":"/patient/getimg?imageName=static/images/20240612/1718191081.png","status_code":200,"time":"2024-06-18 16:38:34"}
{"client_ip":"::1","level":"info","msg":"","req_method":"GET","req_uri":"/patient/getimg?imageName=static/images/20240612/1718191081.png","status_code":200,"time":"2024-06-18 16:38:35"}
{"client_ip":"39.144.168.52","level":"info","msg":"","req_method":"POST","req_uri":"/appointment/getappointment","status_code":200,"time":"2024-06-18 16:38:43"}
{"client_ip":"39.144.168.52","level":"info","msg":"","req_method":"POST","req_uri":"/patient/getbalance","status_code":200,"time":"2024-06-18 16:38:45"}
{"client_ip":"39.144.168.52","level":"info","msg":"","req_method":"POST","req_uri":"/admin/findAll","status_code":200,"time":"2024-06-18 16:38:52"}
{"client_ip":"39.144.168.52","level":"info","msg":"","req_method":"POST","req_uri":"/appointment/getdoctorschedule","status_code":200,"time":"2024-06-18 16:38:52"}
{"client_ip":"::1","level":"info","msg":"","req_method":"GET","req_uri":"/patient/getimg?imageName=static/images/20240618/1718681942.png","status_code":200,"time":"2024-06-18 16:38:52"}
{"client_ip":"::1","level":"info","msg":"","req_method":"GET","req_uri":"/patient/getimg?imageName=static/images/20240618/1718681642.png","status_code":200,"time":"2024-06-18 16:38:52"}
{"client_ip":"39.144.168.52","level":"info","msg":"","req_method":"POST","req_uri":"/appointment/getdoctorschedule","status_code":200,"time":"2024-06-18 16:39:00"}
{"client_ip":"39.144.168.52","level":"info","msg":"","req_method":"POST","req_uri":"/appointment/getdoctorschedule","status_code":200,"time":"2024-06-18 16:39:03"}
{"client_ip":"39.144.168.52","level":"info","msg":"","req_method":"POST","req_uri":"/patient/getbalance","status_code":200,"time":"2024-06-18 16:40:14"}
{"client_ip":"39.144.168.52","level":"info","msg":"","req_method":"POST","req_uri":"/appointment/getappointment","status_code":200,"time":"2024-06-18 16:40:17"}
{"client_ip":"39.144.168.52","level":"info","msg":"","req_method":"POST","req_uri":"/patient/genCaptcha","status_code":200,"time":"2024-06-18 16:40:27"}
{"client_ip":"39.144.168.52","level":"info","msg":"","req_method":"POST","req_uri":"/patient/genCaptcha","status_code":200,"time":"2024-06-18 16:40:33"}
{"client_ip":"39.144.168.52","level":"info","msg":"","req_method":"POST","req_uri":"/doctor/register","status_code":200,"time":"2024-06-18 16:40:59"}
{"client_ip":"::1","level":"info","msg":"","req_method":"GET","req_uri":"/patient/getimg?imageName=static/images/20240618/1718681942.png","status_code":200,"time":"2024-06-18 16:40:59"}
{"client_ip":"39.144.168.52","level":"info","msg":"","req_method":"POST","req_uri":"/doctor/gtepatient","status_code":200,"time":"2024-06-18 16:41:01"}
{"client_ip":"39.144.168.52","level":"info","msg":"","req_method":"POST","req_uri":"/doctor/application/get","status_code":200,"time":"2024-06-18 16:41:12"}
{"client_ip":"39.144.168.52","level":"info","msg":"","req_method":"POST","req_uri":"/doctor/gtedoctorschedule","status_code":200,"time":"2024-06-18 16:41:14"}
{"client_ip":"39.144.168.52","level":"info","msg":"","req_method":"POST","req_uri":"/admin/findAll","status_code":200,"time":"2024-06-18 16:41:15"}
{"client_ip":"39.144.168.52","level":"info","msg":"","req_method":"POST","req_uri":"/patient/genCaptcha","status_code":200,"time":"2024-06-18 16:41:40"}
{"client_ip":"39.144.168.52","level":"info","msg":"","req_method":"POST","req_uri":"/admin/register","status_code":200,"time":"2024-06-18 16:41:53"}
{"client_ip":"39.144.168.52","level":"info","msg":"","req_method":"POST","req_uri":"/admin/findAll","status_code":200,"time":"2024-06-18 16:42:02"}
{"client_ip":"39.144.168.52","level":"info","msg":"","req_method":"POST","req_uri":"/admin/alldoctor","status_code":200,"time":"2024-06-18 16:42:03"}
{"client_ip":"::1","level":"info","msg":"","req_method":"GET","req_uri":"/patient/getimg?imageName=static/images/20240618/1718681642.png","status_code":200,"time":"2024-06-18 16:42:03"}
