{"client_ip":"::1","level":"info","msg":"","req_method":"POST","req_uri":"/appointment/getdoctorschedule","status_code":200,"time":"2024-05-31 09:08:26"}
{"client_ip":"::1","level":"info","msg":"","req_method":"POST","req_uri":"/appointment/getdoctorschedule","status_code":200,"time":"2024-05-31 09:08:28"}
{"client_ip":"::1","level":"info","msg":"","req_method":"POST","req_uri":"/appointment/getdoctorschedule","status_code":200,"time":"2024-05-31 09:08:34"}
{"client_ip":"::1","level":"info","msg":"","req_method":"POST","req_uri":"/admin/register","status_code":200,"time":"2024-05-31 09:08:47"}
{"client_ip":"::1","level":"info","msg":"","req_method":"POST","req_uri":"/admin/schedule/getdoctorschedule","status_code":200,"time":"2024-05-31 09:08:53"}
{"client_ip":"::1","level":"info","msg":"","req_method":"GET","req_uri":"/admin/schedule/intelligentScheduling","status_code":200,"time":"2024-05-31 09:08:59"}
{"client_ip":"::1","level":"info","msg":"","req_method":"POST","req_uri":"/admin/schedule/finfdoctorschedule","status_code":200,"time":"2024-05-31 09:08:59"}
{"client_ip":"::1","level":"info","msg":"","req_method":"POST","req_uri":"/patient/register","status_code":200,"time":"2024-05-31 09:11:44"}
{"client_ip":"::1","level":"info","msg":"","req_method":"POST","req_uri":"/appointment/getdoctorschedule","status_code":200,"time":"2024-05-31 09:11:51"}
{"client_ip":"::1","level":"info","msg":"","req_method":"POST","req_uri":"/appointment/getdoctorschedule","status_code":200,"time":"2024-05-31 09:12:04"}
{"client_ip":"::1","level":"info","msg":"","req_method":"POST","req_uri":"/appointment/getdoctorschedule","status_code":200,"time":"2024-05-31 09:20:52"}
{"client_ip":"::1","level":"info","msg":"","req_method":"POST","req_uri":"/appointment/getdoctorschedule","status_code":200,"time":"2024-05-31 09:21:14"}
{"client_ip":"::1","level":"info","msg":"","req_method":"POST","req_uri":"/appointment/getdoctorschedule","status_code":200,"time":"2024-05-31 09:25:13"}
{"client_ip":"::1","level":"info","msg":"","req_method":"POST","req_uri":"/appointment/getdoctorschedule","status_code":200,"time":"2024-05-31 09:25:19"}
{"client_ip":"::1","level":"info","msg":"","req_method":"POST","req_uri":"/appointment/getdoctorschedule","status_code":200,"time":"2024-05-31 09:25:21"}
{"client_ip":"::1","level":"info","msg":"","req_method":"POST","req_uri":"/appointment/getdoctorschedule","status_code":200,"time":"2024-05-31 09:25:21"}
{"client_ip":"::1","level":"info","msg":"","req_method":"POST","req_uri":"/appointment/getdoctorschedule","status_code":200,"time":"2024-05-31 09:25:23"}
{"client_ip":"::1","level":"info","msg":"","req_method":"POST","req_uri":"/appointment/getdoctorschedule","status_code":200,"time":"2024-05-31 09:25:24"}
{"client_ip":"::1","level":"info","msg":"","req_method":"POST","req_uri":"/appointment/getdoctorschedule","status_code":200,"time":"2024-05-31 09:25:25"}
{"client_ip":"::1","level":"info","msg":"","req_method":"POST","req_uri":"/appointment/getdoctorschedule","status_code":200,"time":"2024-05-31 09:25:26"}
{"client_ip":"::1","level":"info","msg":"","req_method":"POST","req_uri":"/appointment/getdoctorschedule","status_code":200,"time":"2024-05-31 09:25:26"}
{"client_ip":"::1","level":"info","msg":"","req_method":"POST","req_uri":"/appointment/getdoctorschedule","status_code":200,"time":"2024-05-31 09:25:27"}
{"client_ip":"::1","level":"info","msg":"","req_method":"POST","req_uri":"/appointment/getdoctorschedule","status_code":200,"time":"2024-05-31 09:25:28"}
{"client_ip":"::1","level":"info","msg":"","req_method":"POST","req_uri":"/appointment/getdoctorschedule","status_code":200,"time":"2024-05-31 09:25:31"}
{"client_ip":"::1","level":"info","msg":"","req_method":"POST","req_uri":"/appointment/getdoctorschedule","status_code":200,"time":"2024-05-31 09:25:36"}
{"client_ip":"::1","level":"info","msg":"","req_method":"POST","req_uri":"/appointment/getdoctorschedule","status_code":200,"time":"2024-05-31 09:25:51"}
{"client_ip":"::1","level":"info","msg":"","req_method":"POST","req_uri":"/appointment/getdoctorschedule","status_code":200,"time":"2024-05-31 09:25:52"}
{"client_ip":"::1","level":"info","msg":"","req_method":"POST","req_uri":"/appointment/getdoctorschedule","status_code":200,"time":"2024-05-31 09:25:55"}
{"client_ip":"::1","level":"info","msg":"","req_method":"POST","req_uri":"/appointment/getdoctorschedule","status_code":200,"time":"2024-05-31 09:26:01"}
{"client_ip":"::1","level":"info","msg":"","req_method":"POST","req_uri":"/appointment/getdoctorschedule","status_code":200,"time":"2024-05-31 09:26:03"}
{"client_ip":"::1","level":"info","msg":"","req_method":"POST","req_uri":"/appointment/getdoctorschedule","status_code":200,"time":"2024-05-31 09:28:58"}
{"client_ip":"::1","level":"info","msg":"","req_method":"POST","req_uri":"/appointment/add","status_code":200,"time":"2024-05-31 09:29:00"}
{"client_ip":"::1","level":"info","msg":"","req_method":"POST","req_uri":"/appointment/getdoctorschedule","status_code":200,"time":"2024-05-31 09:29:34"}
{"client_ip":"::1","level":"info","msg":"","req_method":"POST","req_uri":"/appointment/getdoctorschedule","status_code":200,"time":"2024-05-31 09:29:40"}
{"client_ip":"::1","level":"info","msg":"","req_method":"POST","req_uri":"/appointment/add","status_code":200,"time":"2024-05-31 09:29:42"}
{"client_ip":"::1","level":"info","msg":"","req_method":"POST","req_uri":"/appointment/getappointment","status_code":200,"time":"2024-05-31 09:29:46"}
{"client_ip":"::1","level":"info","msg":"","req_method":"POST","req_uri":"/appointment/getdoctorschedule","status_code":200,"time":"2024-05-31 09:44:31"}
{"client_ip":"::1","level":"info","msg":"","req_method":"POST","req_uri":"/appointment/getdoctorschedule","status_code":200,"time":"2024-05-31 09:44:35"}
{"client_ip":"::1","level":"info","msg":"","req_method":"POST","req_uri":"/appointment/add","status_code":200,"time":"2024-05-31 09:44:37"}
{"client_ip":"::1","level":"info","msg":"","req_method":"POST","req_uri":"/appointment/getappointment","status_code":200,"time":"2024-05-31 09:44:43"}
{"client_ip":"::1","level":"info","msg":"","req_method":"POST","req_uri":"/appointment/getdoctorschedule","status_code":200,"time":"2024-05-31 09:44:56"}
{"client_ip":"::1","level":"info","msg":"","req_method":"POST","req_uri":"/appointment/add","status_code":200,"time":"2024-05-31 09:44:58"}
{"client_ip":"::1","level":"info","msg":"","req_method":"POST","req_uri":"/appointment/getappointment","status_code":200,"time":"2024-05-31 09:45:00"}
{"client_ip":"::1","level":"info","msg":"","req_method":"POST","req_uri":"/appointment/getappointment","status_code":200,"time":"2024-05-31 09:57:01"}
{"client_ip":"::1","level":"info","msg":"","req_method":"POST","req_uri":"/appointment/getdoctorschedule","status_code":200,"time":"2024-05-31 09:57:06"}
{"client_ip":"::1","level":"info","msg":"","req_method":"POST","req_uri":"/appointment/getdoctorschedule","status_code":200,"time":"2024-05-31 09:57:11"}
{"client_ip":"::1","level":"info","msg":"","req_method":"POST","req_uri":"/appointment/add","status_code":200,"time":"2024-05-31 09:57:18"}
{"client_ip":"::1","level":"info","msg":"","req_method":"POST","req_uri":"/patient/topup","status_code":200,"time":"2024-05-31 09:57:47"}
{"client_ip":"::1","level":"info","msg":"","req_method":"POST","req_uri":"/appointment/getdoctorschedule","status_code":200,"time":"2024-05-31 09:57:54"}
{"client_ip":"::1","level":"info","msg":"","req_method":"POST","req_uri":"/appointment/getdoctorschedule","status_code":200,"time":"2024-05-31 09:57:59"}
{"client_ip":"::1","level":"info","msg":"","req_method":"POST","req_uri":"/appointment/add","status_code":200,"time":"2024-05-31 09:58:00"}
{"client_ip":"::1","level":"info","msg":"","req_method":"POST","req_uri":"/appointment/getdoctorschedule","status_code":200,"time":"2024-05-31 09:58:11"}
{"client_ip":"::1","level":"info","msg":"","req_method":"POST","req_uri":"/appointment/getappointment","status_code":200,"time":"2024-05-31 09:59:16"}
{"client_ip":"::1","level":"info","msg":"","req_method":"POST","req_uri":"/appointment/getdoctorschedule","status_code":200,"time":"2024-05-31 09:59:42"}
{"client_ip":"::1","level":"info","msg":"","req_method":"POST","req_uri":"/appointment/getdoctorschedule","status_code":200,"time":"2024-05-31 09:59:47"}
{"client_ip":"::1","level":"info","msg":"","req_method":"POST","req_uri":"/patient/topup","status_code":200,"time":"2024-05-31 10:02:22"}
{"client_ip":"::1","level":"info","msg":"","req_method":"POST","req_uri":"/appointment/getdoctorschedule","status_code":200,"time":"2024-05-31 10:02:24"}
{"client_ip":"::1","level":"info","msg":"","req_method":"POST","req_uri":"/appointment/getdoctorschedule","status_code":200,"time":"2024-05-31 10:02:28"}
{"client_ip":"::1","level":"info","msg":"","req_method":"POST","req_uri":"/appointment/add","status_code":200,"time":"2024-05-31 10:02:31"}
{"client_ip":"::1","level":"info","msg":"","req_method":"POST","req_uri":"/appointment/getdoctorschedule","status_code":200,"time":"2024-05-31 10:02:37"}
{"client_ip":"::1","level":"info","msg":"","req_method":"POST","req_uri":"/appointment/getdoctorschedule","status_code":200,"time":"2024-05-31 10:03:33"}
{"client_ip":"::1","level":"info","msg":"","req_method":"POST","req_uri":"/appointment/add","status_code":200,"time":"2024-05-31 10:03:34"}
{"client_ip":"::1","level":"info","msg":"","req_method":"POST","req_uri":"/appointment/add","status_code":200,"time":"2024-05-31 10:03:43"}
{"client_ip":"::1","level":"info","msg":"","req_method":"POST","req_uri":"/appointment/getdoctorschedule","status_code":200,"time":"2024-05-31 10:03:48"}
{"client_ip":"::1","level":"info","msg":"","req_method":"POST","req_uri":"/appointment/add","status_code":200,"time":"2024-05-31 10:03:50"}
{"client_ip":"::1","level":"info","msg":"","req_method":"POST","req_uri":"/appointment/getdoctorschedule","status_code":200,"time":"2024-05-31 10:04:42"}
{"client_ip":"::1","level":"info","msg":"","req_method":"POST","req_uri":"/appointment/add","status_code":200,"time":"2024-05-31 10:04:44"}
{"client_ip":"::1","level":"info","msg":"","req_method":"POST","req_uri":"/appointment/add","status_code":200,"time":"2024-05-31 10:04:55"}
{"client_ip":"::1","level":"info","msg":"","req_method":"POST","req_uri":"/appointment/getdoctorschedule","status_code":200,"time":"2024-05-31 10:10:13"}
{"client_ip":"::1","level":"info","msg":"","req_method":"POST","req_uri":"/appointment/add","status_code":200,"time":"2024-05-31 10:10:15"}
{"client_ip":"::1","level":"info","msg":"","req_method":"POST","req_uri":"/appointment/getdoctorschedule","status_code":201,"time":"2024-05-31 10:10:15"}
{"client_ip":"::1","level":"info","msg":"","req_method":"POST","req_uri":"/appointment/getdoctorschedule","status_code":200,"time":"2024-05-31 10:10:15"}
{"client_ip":"::1","level":"info","msg":"","req_method":"POST","req_uri":"/appointment/getdoctorschedule","status_code":200,"time":"2024-05-31 10:10:21"}
{"client_ip":"::1","level":"info","msg":"","req_method":"POST","req_uri":"/appointment/add","status_code":200,"time":"2024-05-31 10:10:25"}
{"client_ip":"::1","level":"info","msg":"","req_method":"POST","req_uri":"/appointment/getdoctorschedule","status_code":201,"time":"2024-05-31 10:10:25"}
{"client_ip":"::1","level":"info","msg":"","req_method":"POST","req_uri":"/appointment/getdoctorschedule","status_code":200,"time":"2024-05-31 10:10:25"}
{"client_ip":"::1","level":"info","msg":"","req_method":"POST","req_uri":"/patient/topup","status_code":200,"time":"2024-05-31 10:10:37"}
{"client_ip":"::1","level":"info","msg":"","req_method":"POST","req_uri":"/appointment/getdoctorschedule","status_code":200,"time":"2024-05-31 10:10:39"}
{"client_ip":"::1","level":"info","msg":"","req_method":"POST","req_uri":"/appointment/getdoctorschedule","status_code":200,"time":"2024-05-31 10:10:44"}
{"client_ip":"::1","level":"info","msg":"","req_method":"POST","req_uri":"/appointment/add","status_code":200,"time":"2024-05-31 10:10:46"}
{"client_ip":"::1","level":"info","msg":"","req_method":"POST","req_uri":"/appointment/getdoctorschedule","status_code":201,"time":"2024-05-31 10:10:46"}
{"client_ip":"::1","level":"info","msg":"","req_method":"POST","req_uri":"/appointment/getdoctorschedule","status_code":200,"time":"2024-05-31 10:10:46"}
{"client_ip":"::1","level":"info","msg":"","req_method":"POST","req_uri":"/patient/doupload","status_code":200,"time":"2024-05-31 11:39:56"}
{"client_ip":"::1","level":"info","msg":"","req_method":"GET","req_uri":"/file/upload","status_code":404,"time":"2024-05-31 11:44:04"}
{"client_ip":"::1","level":"info","msg":"","req_method":"GET","req_uri":"/favicon.ico","status_code":404,"time":"2024-05-31 11:44:05"}
{"client_ip":"::1","level":"info","msg":"","req_method":"GET","req_uri":"/static/images/20240531/1717126796.png","status_code":404,"time":"2024-05-31 14:49:34"}
{"client_ip":"::1","level":"info","msg":"","req_method":"POST","req_uri":"/appointment/getdoctorschedule","status_code":200,"time":"2024-05-31 14:56:01"}
{"client_ip":"::1","level":"info","msg":"","req_method":"POST","req_uri":"/appointment/getdoctorschedule","status_code":200,"time":"2024-05-31 14:56:07"}
{"client_ip":"::1","level":"info","msg":"","req_method":"POST","req_uri":"/patient/doupload","status_code":200,"time":"2024-05-31 15:02:50"}
{"client_ip":"::1","level":"info","msg":"","req_method":"GET","req_uri":"/patient/doupload","status_code":404,"time":"2024-05-31 15:03:07"}
{"client_ip":"::1","level":"info","msg":"","req_method":"GET","req_uri":"/patient/doupload","status_code":404,"time":"2024-05-31 15:05:31"}
{"client_ip":"::1","level":"info","msg":"","req_method":"POST","req_uri":"/patient/doupload","status_code":200,"time":"2024-05-31 15:05:57"}
{"client_ip":"::1","level":"info","msg":"","req_method":"OPTIONS","req_uri":"/patient/doupload","status_code":404,"time":"2024-05-31 15:08:04"}
{"client_ip":"::1","level":"info","msg":"","req_method":"OPTIONS","req_uri":"/patient/doupload","status_code":404,"time":"2024-05-31 15:08:29"}
{"client_ip":"::1","level":"info","msg":"","req_method":"OPTIONS","req_uri":"/file/upload","status_code":404,"time":"2024-05-31 15:09:40"}
{"client_ip":"::1","level":"info","msg":"","req_method":"OPTIONS","req_uri":"/patient/doupload","status_code":404,"time":"2024-05-31 15:12:23"}
{"client_ip":"::1","level":"info","msg":"","req_method":"GET","req_uri":"/static/images/20240531/1717126796.png","status_code":404,"time":"2024-05-31 15:16:59"}
{"client_ip":"::1","level":"info","msg":"","req_method":"GET","req_uri":"/static/images/20240531/1717126796.png","status_code":404,"time":"2024-05-31 15:17:04"}
{"client_ip":"::1","level":"info","msg":"","req_method":"POST","req_uri":"/patient/getimg?imageName=static/images/20240531/1717126796.png","status_code":200,"time":"2024-05-31 16:01:03"}
{"client_ip":"::1","level":"info","msg":"","req_method":"POST","req_uri":"/appointment/getdoctorschedule","status_code":200,"time":"2024-05-31 16:02:14"}
{"client_ip":"::1","level":"info","msg":"","req_method":"GET","req_uri":"/patient/getimg?imageName=static/images/20240531/1717126796.png","status_code":404,"time":"2024-05-31 16:03:07"}
{"client_ip":"::1","level":"info","msg":"","req_method":"GET","req_uri":"/patient/getimg?imageName=static/images/20240531/1717126796.png","status_code":404,"time":"2024-05-31 16:03:27"}
{"client_ip":"::1","level":"info","msg":"","req_method":"GET","req_uri":"/patient/getimg?imageName=static/images/20240531/1717126796.png","status_code":404,"time":"2024-05-31 16:03:55"}
{"client_ip":"::1","level":"info","msg":"","req_method":"POST","req_uri":"/patient/getimg?imageName=static/images/20240531/1717126796.png","status_code":200,"time":"2024-05-31 16:04:33"}
{"client_ip":"::1","level":"info","msg":"","req_method":"GET","req_uri":"/patient/getimg?imageName=static/images/20240531/1717126796.png","status_code":200,"time":"2024-05-31 16:05:05"}
{"client_ip":"::1","level":"info","msg":"","req_method":"GET","req_uri":"/patient/getimg?imageName=static/images/20240531/1717126796.png","status_code":200,"time":"2024-05-31 16:05:06"}
{"client_ip":"::1","level":"info","msg":"","req_method":"GET","req_uri":"/patient/getimg?imageName=static/images/20240531/1717126796.png","status_code":200,"time":"2024-05-31 16:07:53"}
{"client_ip":"::1","level":"info","msg":"","req_method":"GET","req_uri":"/patient/getimg?imageName=static/images/20240531/1717126796.png","status_code":200,"time":"2024-05-31 16:08:05"}
{"client_ip":"::1","level":"info","msg":"","req_method":"GET","req_uri":"/patient/getimg?imageName=static/images/20240531/1717126796.png","status_code":200,"time":"2024-05-31 16:08:15"}
{"client_ip":"::1","level":"info","msg":"","req_method":"GET","req_uri":"/patient/getimg?imageName=static/images/20240531/1717126796.png","status_code":200,"time":"2024-05-31 16:08:15"}
{"client_ip":"::1","level":"info","msg":"","req_method":"GET","req_uri":"/patient/getimg?imageName=static/images/20240531/1717126796.png","status_code":200,"time":"2024-05-31 16:10:38"}
{"client_ip":"::1","level":"info","msg":"","req_method":"OPTIONS","req_uri":"/patient/doupload","status_code":404,"time":"2024-05-31 16:28:54"}
{"client_ip":"::1","level":"info","msg":"","req_method":"OPTIONS","req_uri":"/patient/doupload","status_code":404,"time":"2024-05-31 16:40:16"}
{"client_ip":"::1","level":"info","msg":"","req_method":"OPTIONS","req_uri":"/patient/doupload","status_code":200,"time":"2024-05-31 16:40:41"}
{"client_ip":"::1","level":"info","msg":"","req_method":"OPTIONS","req_uri":"/patient/doupload","status_code":200,"time":"2024-05-31 16:49:54"}
{"client_ip":"::1","level":"info","msg":"","req_method":"POST","req_uri":"/patient/doupload","status_code":404,"time":"2024-05-31 16:52:22"}
{"client_ip":"::1","level":"info","msg":"","req_method":"POST","req_uri":"/patient/doupload","status_code":200,"time":"2024-05-31 16:53:15"}
{"client_ip":"::1","level":"info","msg":"","req_method":"GET","req_uri":"/patient/getimg?imageName=static/images/20240531/1717126796.png","status_code":200,"time":"2024-05-31 16:54:36"}
{"client_ip":"::1","level":"info","msg":"","req_method":"GET","req_uri":"/patient/getimg?imageName=static/images/20240531/1717126796.png","status_code":200,"time":"2024-05-31 16:54:36"}
{"client_ip":"::1","level":"info","msg":"","req_method":"POST","req_uri":"/patient/doupload","status_code":200,"time":"2024-05-31 16:54:40"}
{"client_ip":"::1","level":"info","msg":"","req_method":"GET","req_uri":"/patient/getimg?imageName=static/images/20240531/1717126796.png","status_code":200,"time":"2024-05-31 16:56:15"}
{"client_ip":"::1","level":"info","msg":"","req_method":"POST","req_uri":"/patient/doupload","status_code":200,"time":"2024-05-31 16:56:24"}
{"client_ip":"::1","level":"info","msg":"","req_method":"GET","req_uri":"/patient/getimg?imageName=static/images/20240531/1717126796.png","status_code":200,"time":"2024-05-31 16:57:34"}
{"client_ip":"::1","level":"info","msg":"","req_method":"POST","req_uri":"/patient/doupload","status_code":200,"time":"2024-05-31 16:57:38"}
{"client_ip":"::1","level":"info","msg":"","req_method":"GET","req_uri":"/patient/getimg?imageName=static/images/20240531/1717145858.png","status_code":200,"time":"2024-05-31 16:57:38"}
{"client_ip":"::1","level":"info","msg":"","req_method":"POST","req_uri":"/patient/doupload","status_code":200,"time":"2024-05-31 16:58:01"}
{"client_ip":"::1","level":"info","msg":"","req_method":"GET","req_uri":"/patient/getimg?imageName=static/images/20240531/1717145881.png","status_code":200,"time":"2024-05-31 16:58:01"}
{"client_ip":"::1","level":"info","msg":"","req_method":"GET","req_uri":"/patient/getimg?imageName=static/images/20240531/1717126796.png","status_code":200,"time":"2024-05-31 17:02:11"}
{"client_ip":"::1","level":"info","msg":"","req_method":"POST","req_uri":"/patient/update","status_code":200,"time":"2024-05-31 17:04:11"}
{"client_ip":"::1","level":"info","msg":"","req_method":"POST","req_uri":"/patient/doupload","status_code":200,"time":"2024-05-31 17:07:25"}
{"client_ip":"::1","level":"info","msg":"","req_method":"GET","req_uri":"/patient/getimg?imageName=static/images/20240531/1717146445.png","status_code":200,"time":"2024-05-31 17:07:25"}
{"client_ip":"::1","level":"info","msg":"","req_method":"GET","req_uri":"/patient/getimg?imageName=static/images/20240531/1717146445.png","status_code":200,"time":"2024-05-31 17:19:32"}
{"client_ip":"::1","level":"info","msg":"","req_method":"GET","req_uri":"/patient/getimg?imageName=static/images/20240531/1717126796.png","status_code":200,"time":"2024-05-31 17:19:32"}
{"client_ip":"::1","level":"info","msg":"","req_method":"GET","req_uri":"/patient/getimg?imageName=static/images/20240531/1717146445.png","status_code":200,"time":"2024-05-31 17:19:37"}
{"client_ip":"::1","level":"info","msg":"","req_method":"GET","req_uri":"/patient/getimg?imageName=static/images/20240531/1717126796.png","status_code":200,"time":"2024-05-31 17:19:37"}
{"client_ip":"::1","level":"info","msg":"","req_method":"POST","req_uri":"/appointment/getappointment","status_code":200,"time":"2024-05-31 17:25:08"}
{"client_ip":"::1","level":"info","msg":"","req_method":"POST","req_uri":"/appointment/getdoctorschedule","status_code":200,"time":"2024-05-31 17:25:56"}
{"client_ip":"::1","level":"info","msg":"","req_method":"POST","req_uri":"/appointment/add","status_code":200,"time":"2024-05-31 17:25:58"}
{"client_ip":"::1","level":"info","msg":"","req_method":"POST","req_uri":"/appointment/getdoctorschedule","status_code":201,"time":"2024-05-31 17:25:58"}
{"client_ip":"::1","level":"info","msg":"","req_method":"POST","req_uri":"/appointment/getdoctorschedule","status_code":200,"time":"2024-05-31 17:25:58"}
{"client_ip":"::1","level":"info","msg":"","req_method":"POST","req_uri":"/patient/topup","status_code":200,"time":"2024-05-31 17:26:07"}
{"client_ip":"::1","level":"info","msg":"","req_method":"GET","req_uri":"/patient/getimg?imageName=static/images/20240531/1717146445.png","status_code":200,"time":"2024-05-31 17:26:31"}
{"client_ip":"::1","level":"info","msg":"","req_method":"POST","req_uri":"/appointment/getdoctorschedule","status_code":200,"time":"2024-05-31 17:26:45"}
{"client_ip":"::1","level":"info","msg":"","req_method":"POST","req_uri":"/appointment/add","status_code":200,"time":"2024-05-31 17:26:47"}
{"client_ip":"::1","level":"info","msg":"","req_method":"POST","req_uri":"/appointment/getdoctorschedule","status_code":201,"time":"2024-05-31 17:26:47"}
{"client_ip":"::1","level":"info","msg":"","req_method":"POST","req_uri":"/appointment/getdoctorschedule","status_code":200,"time":"2024-05-31 17:26:47"}
{"client_ip":"::1","level":"info","msg":"","req_method":"POST","req_uri":"/appointment/add","status_code":200,"time":"2024-05-31 17:26:55"}
{"client_ip":"::1","level":"info","msg":"","req_method":"POST","req_uri":"/appointment/getdoctorschedule","status_code":201,"time":"2024-05-31 17:26:55"}
{"client_ip":"::1","level":"info","msg":"","req_method":"POST","req_uri":"/appointment/getdoctorschedule","status_code":200,"time":"2024-05-31 17:26:55"}
{"client_ip":"::1","level":"info","msg":"","req_method":"POST","req_uri":"/appointment/add","status_code":200,"time":"2024-05-31 17:26:57"}
{"client_ip":"::1","level":"info","msg":"","req_method":"POST","req_uri":"/appointment/getdoctorschedule","status_code":201,"time":"2024-05-31 17:26:57"}
{"client_ip":"::1","level":"info","msg":"","req_method":"POST","req_uri":"/appointment/getdoctorschedule","status_code":200,"time":"2024-05-31 17:26:57"}
{"client_ip":"::1","level":"info","msg":"","req_method":"POST","req_uri":"/patient/topup","status_code":200,"time":"2024-05-31 17:28:26"}
{"client_ip":"::1","level":"info","msg":"","req_method":"GET","req_uri":"/patient/getimg?imageName=static/images/20240531/1717146445.png","status_code":200,"time":"2024-05-31 21:03:41"}
{"client_ip":"::1","level":"info","msg":"","req_method":"POST","req_uri":"/appointment/getdoctorschedule","status_code":200,"time":"2024-05-31 21:03:41"}
{"client_ip":"::1","level":"info","msg":"","req_method":"POST","req_uri":"/doctor/register","status_code":200,"time":"2024-05-31 21:04:03"}
{"client_ip":"::1","level":"info","msg":"","req_method":"POST","req_uri":"/doctor/register","status_code":200,"time":"2024-05-31 21:05:42"}
{"client_ip":"::1","level":"info","msg":"","req_method":"POST","req_uri":"/doctor/register","status_code":200,"time":"2024-05-31 21:06:11"}
{"client_ip":"::1","level":"info","msg":"","req_method":"POST","req_uri":"/doctor/register","status_code":200,"time":"2024-05-31 21:06:19"}
{"client_ip":"::1","level":"info","msg":"","req_method":"POST","req_uri":"/doctor/register","status_code":200,"time":"2024-05-31 21:06:45"}
{"client_ip":"::1","level":"info","msg":"","req_method":"POST","req_uri":"/doctor/register","status_code":200,"time":"2024-05-31 21:17:22"}
{"client_ip":"::1","level":"info","msg":"","req_method":"POST","req_uri":"/doctor/register","status_code":200,"time":"2024-05-31 21:20:24"}
{"client_ip":"::1","level":"info","msg":"","req_method":"POST","req_uri":"/doctor/register","status_code":401,"time":"2024-05-31 21:29:31"}
{"client_ip":"::1","level":"info","msg":"","req_method":"POST","req_uri":"/doctor/register","status_code":200,"time":"2024-05-31 21:29:50"}
{"client_ip":"::1","level":"info","msg":"","req_method":"POST","req_uri":"/doctor/register","status_code":200,"time":"2024-05-31 21:33:00"}
