{"client_ip":"::1","level":"info","msg":"","req_method":"POST","req_uri":"/admin/schedule/finfdoctorschedule","status_code":200,"time":"2024-06-24 00:19:00"}
{"client_ip":"::1","level":"info","msg":"","req_method":"POST","req_uri":"/admin/schedule/finfdoctorschedule","status_code":401,"time":"2024-06-24 00:21:48"}
{"client_ip":"::1","level":"info","msg":"","req_method":"POST","req_uri":"/admin/schedule/finfdoctorschedule","status_code":401,"time":"2024-06-24 00:22:01"}
{"client_ip":"::1","level":"info","msg":"","req_method":"GET","req_uri":"/admin/schedule/finfdoctorschedule","status_code":404,"time":"2024-06-24 00:22:03"}
{"client_ip":"::1","level":"info","msg":"","req_method":"POST","req_uri":"/patient/genCaptcha","status_code":200,"time":"2024-06-24 00:22:14"}
{"client_ip":"::1","level":"info","msg":"","req_method":"POST","req_uri":"/patient/genCaptcha","status_code":200,"time":"2024-06-24 00:22:30"}
{"client_ip":"::1","level":"info","msg":"","req_method":"POST","req_uri":"/admin/register","status_code":200,"time":"2024-06-24 00:22:38"}
{"client_ip":"::1","level":"info","msg":"","req_method":"POST","req_uri":"/admin/find","status_code":200,"time":"2024-06-24 00:22:42"}
{"client_ip":"::1","level":"info","msg":"","req_method":"POST","req_uri":"/admin/find","status_code":200,"time":"2024-06-24 00:23:43"}
{"client_ip":"::1","level":"info","msg":"","req_method":"POST","req_uri":"/admin/findAll","status_code":200,"time":"2024-06-24 00:26:07"}
{"client_ip":"::1","level":"info","msg":"","req_method":"POST","req_uri":"/appointment/getdoctorschedule","status_code":200,"time":"2024-06-24 00:26:07"}
{"client_ip":"::1","level":"info","msg":"","req_method":"POST","req_uri":"/patient/genCaptcha","status_code":200,"time":"2024-06-24 00:26:11"}
{"client_ip":"::1","level":"info","msg":"","req_method":"POST","req_uri":"/admin/register","status_code":200,"time":"2024-06-24 00:26:32"}
{"client_ip":"::1","level":"info","msg":"","req_method":"POST","req_uri":"/admin/find","status_code":200,"time":"2024-06-24 00:28:13"}
{"client_ip":"::1","level":"info","msg":"","req_method":"POST","req_uri":"/admin/find","status_code":200,"time":"2024-06-24 00:28:26"}
{"client_ip":"::1","level":"info","msg":"","req_method":"POST","req_uri":"/admin/update","status_code":200,"time":"2024-06-24 00:28:48"}
{"client_ip":"::1","level":"info","msg":"","req_method":"POST","req_uri":"/admin/find","status_code":200,"time":"2024-06-24 00:28:48"}
{"client_ip":"::1","level":"info","msg":"","req_method":"POST","req_uri":"/admin/delete","status_code":200,"time":"2024-06-24 00:28:57"}
{"client_ip":"::1","level":"info","msg":"","req_method":"POST","req_uri":"/admin/find","status_code":200,"time":"2024-06-24 00:28:57"}
{"client_ip":"::1","level":"info","msg":"","req_method":"POST","req_uri":"/admin/find","status_code":200,"time":"2024-06-24 00:29:04"}
{"client_ip":"::1","level":"info","msg":"","req_method":"POST","req_uri":"/admin/find","status_code":200,"time":"2024-06-24 00:29:15"}
{"client_ip":"::1","level":"info","msg":"","req_method":"POST","req_uri":"/admin/add","status_code":200,"time":"2024-06-24 00:29:28"}
{"client_ip":"::1","level":"info","msg":"","req_method":"POST","req_uri":"/admin/find","status_code":200,"time":"2024-06-24 00:29:28"}
{"client_ip":"::1","level":"info","msg":"","req_method":"POST","req_uri":"/admin/schedule/finfdoctorschedule","status_code":200,"time":"2024-06-24 00:35:39"}
{"client_ip":"::1","level":"info","msg":"","req_method":"POST","req_uri":"/admin/schedule/finfdoctorschedule","status_code":200,"time":"2024-06-24 00:35:55"}
{"client_ip":"::1","level":"info","msg":"","req_method":"POST","req_uri":"/admin/schedule/finfdoctorschedule","status_code":200,"time":"2024-06-24 00:43:16"}
{"client_ip":"::1","level":"info","msg":"","req_method":"POST","req_uri":"/admin/schedule/finfdoctorschedule","status_code":200,"time":"2024-06-24 00:44:17"}
{"client_ip":"::1","level":"info","msg":"","req_method":"POST","req_uri":"/admin/schedule/setdoctorschedule","status_code":200,"time":"2024-06-24 00:44:30"}
{"client_ip":"::1","level":"info","msg":"","req_method":"POST","req_uri":"/admin/schedule/finfdoctorschedule","status_code":200,"time":"2024-06-24 00:44:30"}
{"client_ip":"::1","level":"info","msg":"","req_method":"POST","req_uri":"/admin/schedule/deletedoctorschedule","status_code":200,"time":"2024-06-24 00:44:41"}
{"client_ip":"::1","level":"info","msg":"","req_method":"POST","req_uri":"/admin/schedule/finfdoctorschedule","status_code":200,"time":"2024-06-24 00:44:41"}
{"client_ip":"::1","level":"info","msg":"","req_method":"POST","req_uri":"/admin/schedule/deletedoctorschedules","status_code":200,"time":"2024-06-24 00:44:51"}
{"client_ip":"::1","level":"info","msg":"","req_method":"POST","req_uri":"/admin/schedule/finfdoctorschedule","status_code":200,"time":"2024-06-24 00:44:51"}
{"client_ip":"::1","level":"info","msg":"","req_method":"POST","req_uri":"/admin/schedule/adddoctorschedule","status_code":201,"time":"2024-06-24 00:45:16"}
{"client_ip":"::1","level":"info","msg":"","req_method":"POST","req_uri":"/admin/schedule/finfdoctorschedule","status_code":200,"time":"2024-06-24 00:45:16"}
{"client_ip":"::1","level":"info","msg":"","req_method":"POST","req_uri":"/admin/schedule/adddoctorschedule","status_code":201,"time":"2024-06-24 00:45:24"}
{"client_ip":"::1","level":"info","msg":"","req_method":"POST","req_uri":"/admin/schedule/finfdoctorschedule","status_code":200,"time":"2024-06-24 00:45:24"}
{"client_ip":"::1","level":"info","msg":"","req_method":"POST","req_uri":"/admin/schedule/adddoctorschedule","status_code":201,"time":"2024-06-24 00:45:36"}
{"client_ip":"::1","level":"info","msg":"","req_method":"POST","req_uri":"/admin/schedule/finfdoctorschedule","status_code":200,"time":"2024-06-24 00:45:36"}
{"client_ip":"::1","level":"info","msg":"","req_method":"POST","req_uri":"/admin/schedule/finfdoctorschedule","status_code":200,"time":"2024-06-24 00:47:25"}
