{"client_ip":"::1","level":"info","msg":"","req_method":"POST","req_uri":"/appointment/getdoctorschedule","status_code":200,"time":"2024-06-01 08:46:42"}
{"client_ip":"::1","level":"info","msg":"","req_method":"POST","req_uri":"/appointment/getdoctorschedule","status_code":201,"time":"2024-06-01 08:46:45"}
{"client_ip":"::1","level":"info","msg":"","req_method":"POST","req_uri":"/appointment/getdoctorschedule","status_code":200,"time":"2024-06-01 08:46:45"}
{"client_ip":"::1","level":"info","msg":"","req_method":"POST","req_uri":"/doctor/register","status_code":200,"time":"2024-06-01 08:47:18"}
{"client_ip":"::1","level":"info","msg":"","req_method":"POST","req_uri":"/patient/doupload","status_code":200,"time":"2024-06-01 08:54:01"}
{"client_ip":"::1","level":"info","msg":"","req_method":"GET","req_uri":"/patient/getimg?imageName=static/images/20240601/1717203241.png","status_code":200,"time":"2024-06-01 08:54:01"}
{"client_ip":"::1","level":"info","msg":"","req_method":"POST","req_uri":"/patient/doupload","status_code":200,"time":"2024-06-01 08:57:53"}
{"client_ip":"::1","level":"info","msg":"","req_method":"GET","req_uri":"/patient/getimg?imageName=static/images/20240601/1717203473.png","status_code":200,"time":"2024-06-01 08:57:53"}
{"client_ip":"::1","level":"info","msg":"","req_method":"GET","req_uri":"/patient/getimg?imageName=static/images/20240601/1717203473.png","status_code":200,"time":"2024-06-01 08:57:57"}
{"client_ip":"::1","level":"info","msg":"","req_method":"POST","req_uri":"/doctor/update","status_code":401,"time":"2024-06-01 08:57:59"}
{"client_ip":"::1","level":"info","msg":"","req_method":"POST","req_uri":"/patient/register","status_code":200,"time":"2024-06-01 09:49:10"}
{"client_ip":"::1","level":"info","msg":"","req_method":"GET","req_uri":"/patient/getimg?imageName=static/images/20240531/1717126796.png","status_code":200,"time":"2024-06-01 09:49:10"}
{"client_ip":"::1","level":"info","msg":"","req_method":"GET","req_uri":"/patient/getimg?imageName=static/images/20240531/1717126796.png","status_code":200,"time":"2024-06-01 09:49:11"}
{"client_ip":"::1","level":"info","msg":"","req_method":"POST","req_uri":"/appointment/getdoctorschedule","status_code":200,"time":"2024-06-01 09:49:16"}
{"client_ip":"::1","level":"info","msg":"","req_method":"POST","req_uri":"/appointment/getdoctorschedule","status_code":200,"time":"2024-06-01 09:51:16"}
{"client_ip":"::1","level":"info","msg":"","req_method":"POST","req_uri":"/doctor/register","status_code":200,"time":"2024-06-01 09:55:36"}
{"client_ip":"::1","level":"info","msg":"","req_method":"POST","req_uri":"/patient/doupload","status_code":200,"time":"2024-06-01 09:55:44"}
{"client_ip":"::1","level":"info","msg":"","req_method":"GET","req_uri":"/patient/getimg?imageName=static/images/20240601/1717206944.png","status_code":200,"time":"2024-06-01 09:55:44"}
{"client_ip":"::1","level":"info","msg":"","req_method":"POST","req_uri":"/doctor/update","status_code":401,"time":"2024-06-01 09:55:47"}
{"client_ip":"::1","level":"info","msg":"","req_method":"POST","req_uri":"/doctor/register","status_code":200,"time":"2024-06-01 09:58:06"}
{"client_ip":"::1","level":"info","msg":"","req_method":"POST","req_uri":"/patient/doupload","status_code":200,"time":"2024-06-01 09:58:18"}
{"client_ip":"::1","level":"info","msg":"","req_method":"GET","req_uri":"/patient/getimg?imageName=static/images/20240601/1717207098.png","status_code":200,"time":"2024-06-01 09:58:18"}
{"client_ip":"::1","level":"info","msg":"","req_method":"POST","req_uri":"/doctor/update","status_code":401,"time":"2024-06-01 09:58:20"}
{"client_ip":"::1","level":"info","msg":"","req_method":"GET","req_uri":"/patient/getimg?imageName=static/images/20240601/1717207098.png","status_code":200,"time":"2024-06-01 09:58:22"}
{"client_ip":"::1","level":"info","msg":"","req_method":"POST","req_uri":"/patient/doupload","status_code":200,"time":"2024-06-01 10:00:32"}
{"client_ip":"::1","level":"info","msg":"","req_method":"GET","req_uri":"/patient/getimg?imageName=static/images/20240601/1717207232.png","status_code":200,"time":"2024-06-01 10:00:32"}
{"client_ip":"::1","level":"info","msg":"","req_method":"GET","req_uri":"/patient/getimg?imageName=static/images/20240601/1717207232.png","status_code":200,"time":"2024-06-01 10:00:32"}
{"client_ip":"::1","level":"info","msg":"","req_method":"POST","req_uri":"/doctor/update","status_code":401,"time":"2024-06-01 10:00:34"}
{"client_ip":"::1","level":"info","msg":"","req_method":"POST","req_uri":"/doctor/update","status_code":401,"time":"2024-06-01 10:04:48"}
{"client_ip":"::1","level":"info","msg":"","req_method":"POST","req_uri":"/doctor/update","status_code":200,"time":"2024-06-01 10:07:44"}
{"client_ip":"::1","level":"info","msg":"","req_method":"POST","req_uri":"/doctor/update","status_code":200,"time":"2024-06-01 10:09:48"}
{"client_ip":"::1","level":"info","msg":"","req_method":"POST","req_uri":"/patient/doupload","status_code":200,"time":"2024-06-01 10:11:22"}
{"client_ip":"::1","level":"info","msg":"","req_method":"GET","req_uri":"/patient/getimg?imageName=static/images/20240601/1717207882.png","status_code":200,"time":"2024-06-01 10:11:22"}
{"client_ip":"::1","level":"info","msg":"","req_method":"GET","req_uri":"/patient/getimg?imageName=static/images/20240601/1717207882.png","status_code":200,"time":"2024-06-01 10:11:22"}
{"client_ip":"::1","level":"info","msg":"","req_method":"POST","req_uri":"/doctor/update","status_code":200,"time":"2024-06-01 10:11:23"}
{"client_ip":"::1","level":"info","msg":"","req_method":"POST","req_uri":"/patient/doupload","status_code":200,"time":"2024-06-01 10:12:29"}
{"client_ip":"::1","level":"info","msg":"","req_method":"GET","req_uri":"/patient/getimg?imageName=static/images/20240601/1717207949.png","status_code":200,"time":"2024-06-01 10:12:29"}
{"client_ip":"::1","level":"info","msg":"","req_method":"POST","req_uri":"/doctor/update","status_code":200,"time":"2024-06-01 10:12:31"}
{"client_ip":"::1","level":"info","msg":"","req_method":"POST","req_uri":"/patient/doupload","status_code":200,"time":"2024-06-01 10:18:25"}
{"client_ip":"::1","level":"info","msg":"","req_method":"GET","req_uri":"/patient/getimg?imageName=static/images/20240601/1717208305.png","status_code":200,"time":"2024-06-01 10:18:25"}
{"client_ip":"::1","level":"info","msg":"","req_method":"POST","req_uri":"/doctor/update","status_code":200,"time":"2024-06-01 10:18:26"}
{"client_ip":"::1","level":"info","msg":"","req_method":"GET","req_uri":"/patient/getimg?imageName=static/images/20240601/1717208305.png","status_code":200,"time":"2024-06-01 10:18:38"}
{"client_ip":"::1","level":"info","msg":"","req_method":"POST","req_uri":"/doctor/update","status_code":200,"time":"2024-06-01 10:28:52"}
{"client_ip":"::1","level":"info","msg":"","req_method":"POST","req_uri":"/patient/doupload","status_code":200,"time":"2024-06-01 10:32:00"}
{"client_ip":"::1","level":"info","msg":"","req_method":"GET","req_uri":"/patient/getimg?imageName=static/images/20240601/1717209120.png","status_code":200,"time":"2024-06-01 10:32:00"}
{"client_ip":"::1","level":"info","msg":"","req_method":"GET","req_uri":"/patient/getimg?imageName=static/images/20240601/1717209120.png","status_code":200,"time":"2024-06-01 10:32:00"}
{"client_ip":"::1","level":"info","msg":"","req_method":"POST","req_uri":"/doctor/update","status_code":200,"time":"2024-06-01 10:32:01"}
{"client_ip":"::1","level":"info","msg":"","req_method":"POST","req_uri":"/doctor/update","status_code":200,"time":"2024-06-01 10:32:25"}
{"client_ip":"::1","level":"info","msg":"","req_method":"POST","req_uri":"/doctor/update","status_code":401,"time":"2024-06-01 10:32:38"}
{"client_ip":"::1","level":"info","msg":"","req_method":"POST","req_uri":"/appointment/getdoctorschedule","status_code":200,"time":"2024-06-01 10:36:47"}
{"client_ip":"::1","level":"info","msg":"","req_method":"POST","req_uri":"/appointment/getdoctorschedule","status_code":201,"time":"2024-06-01 10:36:49"}
{"client_ip":"::1","level":"info","msg":"","req_method":"POST","req_uri":"/appointment/getdoctorschedule","status_code":200,"time":"2024-06-01 10:36:49"}
{"client_ip":"::1","level":"info","msg":"","req_method":"POST","req_uri":"/appointment/getappointment","status_code":400,"time":"2024-06-01 10:36:53"}
{"client_ip":"::1","level":"info","msg":"","req_method":"POST","req_uri":"/appointment/getappointment","status_code":400,"time":"2024-06-01 10:36:58"}
{"client_ip":"::1","level":"info","msg":"","req_method":"POST","req_uri":"/admin/register","status_code":200,"time":"2024-06-01 10:37:56"}
{"client_ip":"::1","level":"info","msg":"","req_method":"POST","req_uri":"/admin/findAll","status_code":401,"time":"2024-06-01 10:38:01"}
{"client_ip":"::1","level":"info","msg":"","req_method":"POST","req_uri":"/admin/schedule/getdoctorschedule","status_code":200,"time":"2024-06-01 10:38:35"}
{"client_ip":"::1","level":"info","msg":"","req_method":"POST","req_uri":"/admin/findAll","status_code":401,"time":"2024-06-01 10:38:43"}
{"client_ip":"::1","level":"info","msg":"","req_method":"POST","req_uri":"/appointment/getappointment","status_code":200,"time":"2024-06-01 10:38:49"}
{"client_ip":"::1","level":"info","msg":"","req_method":"POST","req_uri":"/admin/register","status_code":200,"time":"2024-06-01 10:41:15"}
{"client_ip":"::1","level":"info","msg":"","req_method":"POST","req_uri":"/admin/findAll","status_code":200,"time":"2024-06-01 10:41:18"}
{"client_ip":"::1","level":"info","msg":"","req_method":"POST","req_uri":"/admin/schedule/getdoctorschedule","status_code":200,"time":"2024-06-01 10:41:20"}
{"client_ip":"::1","level":"info","msg":"","req_method":"POST","req_uri":"/admin/findAll","status_code":200,"time":"2024-06-01 10:41:23"}
{"client_ip":"::1","level":"info","msg":"","req_method":"POST","req_uri":"/admin/update","status_code":200,"time":"2024-06-01 10:41:28"}
{"client_ip":"::1","level":"info","msg":"","req_method":"POST","req_uri":"/admin/findAll","status_code":200,"time":"2024-06-01 10:41:28"}
{"client_ip":"::1","level":"info","msg":"","req_method":"POST","req_uri":"/admin/update","status_code":200,"time":"2024-06-01 10:41:35"}
{"client_ip":"::1","level":"info","msg":"","req_method":"POST","req_uri":"/admin/findAll","status_code":200,"time":"2024-06-01 10:41:35"}
{"client_ip":"::1","level":"info","msg":"","req_method":"POST","req_uri":"/doctor/add","status_code":200,"time":"2024-06-01 11:30:27"}
{"client_ip":"::1","level":"info","msg":"","req_method":"POST","req_uri":"/doctor/delete","status_code":401,"time":"2024-06-01 11:51:07"}
{"client_ip":"::1","level":"info","msg":"","req_method":"POST","req_uri":"/doctor/delete","status_code":401,"time":"2024-06-01 11:53:13"}
{"client_ip":"::1","level":"info","msg":"","req_method":"POST","req_uri":"/doctor/add","status_code":200,"time":"2024-06-01 11:55:07"}
{"client_ip":"::1","level":"info","msg":"","req_method":"POST","req_uri":"/doctor/add","status_code":400,"time":"2024-06-01 11:55:09"}
{"client_ip":"::1","level":"info","msg":"","req_method":"POST","req_uri":"/doctor/delete","status_code":401,"time":"2024-06-01 11:55:26"}
{"client_ip":"::1","level":"info","msg":"","req_method":"POST","req_uri":"/patient/register","status_code":200,"time":"2024-06-01 14:33:17"}
{"client_ip":"::1","level":"info","msg":"","req_method":"GET","req_uri":"/patient/getimg?imageName=static/images/20240531/1717126796.png","status_code":200,"time":"2024-06-01 14:33:17"}
{"client_ip":"::1","level":"info","msg":"","req_method":"POST","req_uri":"/appointment/getdoctorschedule","status_code":200,"time":"2024-06-01 14:33:20"}
{"client_ip":"::1","level":"info","msg":"","req_method":"POST","req_uri":"/appointment/getappointment","status_code":200,"time":"2024-06-01 14:33:29"}
{"client_ip":"::1","level":"info","msg":"","req_method":"POST","req_uri":"/appointment/setappointment","status_code":200,"time":"2024-06-01 14:33:38"}
{"client_ip":"::1","level":"info","msg":"","req_method":"POST","req_uri":"/appointment/getappointment","status_code":200,"time":"2024-06-01 14:33:38"}
{"client_ip":"::1","level":"info","msg":"","req_method":"GET","req_uri":"/patient/getimg?imageName=static/images/20240531/1717126796.png","status_code":200,"time":"2024-06-01 14:33:45"}
{"client_ip":"::1","level":"info","msg":"","req_method":"POST","req_uri":"/appointment/getappointment","status_code":200,"time":"2024-06-01 14:35:34"}
{"client_ip":"::1","level":"info","msg":"","req_method":"POST","req_uri":"/appointment/setappointment","status_code":200,"time":"2024-06-01 14:35:40"}
{"client_ip":"::1","level":"info","msg":"","req_method":"POST","req_uri":"/appointment/getappointment","status_code":200,"time":"2024-06-01 14:35:40"}
{"client_ip":"::1","level":"info","msg":"","req_method":"POST","req_uri":"/appointment/setappointment","status_code":200,"time":"2024-06-01 14:35:52"}
{"client_ip":"::1","level":"info","msg":"","req_method":"POST","req_uri":"/appointment/setappointment","status_code":200,"time":"2024-06-01 14:35:56"}
{"client_ip":"::1","level":"info","msg":"","req_method":"POST","req_uri":"/appointment/getappointment","status_code":200,"time":"2024-06-01 14:35:56"}
{"client_ip":"::1","level":"info","msg":"","req_method":"POST","req_uri":"/appointment/getappointment","status_code":200,"time":"2024-06-01 14:43:46"}
{"client_ip":"::1","level":"info","msg":"","req_method":"POST","req_uri":"/appointment/setappointment","status_code":200,"time":"2024-06-01 14:44:12"}
{"client_ip":"::1","level":"info","msg":"","req_method":"POST","req_uri":"/appointment/getappointment","status_code":200,"time":"2024-06-01 14:44:12"}
{"client_ip":"::1","level":"info","msg":"","req_method":"POST","req_uri":"/appointment/getappointment","status_code":200,"time":"2024-06-01 15:11:47"}
{"client_ip":"::1","level":"info","msg":"","req_method":"GET","req_uri":"/patient/getimg?imageName=static/images/20240531/1717126796.png","status_code":200,"time":"2024-06-01 15:11:47"}
{"client_ip":"::1","level":"info","msg":"","req_method":"POST","req_uri":"/doctor/gtepatient","status_code":400,"time":"2024-06-01 16:10:56"}
{"client_ip":"::1","level":"info","msg":"","req_method":"POST","req_uri":"/doctor/gtepatient","status_code":200,"time":"2024-06-01 16:11:09"}
{"client_ip":"::1","level":"info","msg":"","req_method":"POST","req_uri":"/doctor/gtepatient","status_code":200,"time":"2024-06-01 16:12:27"}
{"client_ip":"::1","level":"info","msg":"","req_method":"POST","req_uri":"/doctor/gtepatient","status_code":200,"time":"2024-06-01 16:14:07"}
{"client_ip":"::1","level":"info","msg":"","req_method":"POST","req_uri":"/doctor/gtepatient","status_code":200,"time":"2024-06-01 16:15:36"}
{"client_ip":"::1","level":"info","msg":"","req_method":"POST","req_uri":"/doctor/gtepatient","status_code":200,"time":"2024-06-01 16:15:55"}
{"client_ip":"::1","level":"info","msg":"","req_method":"POST","req_uri":"/doctor/gtepatient","status_code":200,"time":"2024-06-01 16:17:16"}
{"client_ip":"::1","level":"info","msg":"","req_method":"POST","req_uri":"/doctor/gtepatient","status_code":200,"time":"2024-06-01 16:17:52"}
{"client_ip":"::1","level":"info","msg":"","req_method":"POST","req_uri":"/doctor/gtepatient","status_code":200,"time":"2024-06-01 16:18:31"}
{"client_ip":"::1","level":"info","msg":"","req_method":"POST","req_uri":"/doctor/gtepatient","status_code":200,"time":"2024-06-01 16:18:59"}
{"client_ip":"::1","level":"info","msg":"","req_method":"POST","req_uri":"/doctor/gtepatient","status_code":200,"time":"2024-06-01 16:19:17"}
{"client_ip":"::1","level":"info","msg":"","req_method":"POST","req_uri":"/doctor/gtepatient","status_code":200,"time":"2024-06-01 16:19:26"}
{"client_ip":"::1","level":"info","msg":"","req_method":"POST","req_uri":"/doctor/gtepatient","status_code":200,"time":"2024-06-01 16:25:04"}
{"client_ip":"::1","level":"info","msg":"","req_method":"POST","req_uri":"/doctor/gtepatient","status_code":200,"time":"2024-06-01 16:26:08"}
{"client_ip":"::1","level":"info","msg":"","req_method":"POST","req_uri":"/doctor/gtepatient","status_code":200,"time":"2024-06-01 16:26:53"}
{"client_ip":"::1","level":"info","msg":"","req_method":"POST","req_uri":"/doctor/gtepatient","status_code":200,"time":"2024-06-01 16:27:27"}
{"client_ip":"::1","level":"info","msg":"","req_method":"POST","req_uri":"/doctor/gtepatient","status_code":200,"time":"2024-06-01 16:27:53"}
{"client_ip":"::1","level":"info","msg":"","req_method":"POST","req_uri":"/doctor/gtepatient","status_code":200,"time":"2024-06-01 16:29:29"}
{"client_ip":"::1","level":"info","msg":"","req_method":"POST","req_uri":"/doctor/gtepatient","status_code":200,"time":"2024-06-01 16:40:57"}
{"client_ip":"::1","level":"info","msg":"","req_method":"POST","req_uri":"/doctor/gtepatient","status_code":200,"time":"2024-06-01 16:41:26"}
{"client_ip":"::1","level":"info","msg":"","req_method":"POST","req_uri":"/doctor/gtepatient","status_code":200,"time":"2024-06-01 16:41:43"}
{"client_ip":"::1","level":"info","msg":"","req_method":"POST","req_uri":"/doctor/setappointment","status_code":200,"time":"2024-06-01 17:01:08"}
{"client_ip":"::1","level":"info","msg":"","req_method":"POST","req_uri":"/doctor/setappointment","status_code":200,"time":"2024-06-01 17:02:08"}
